0  5.235 -1.342  2.234
1  5.235  1.343  2.245
2  5.235  0.723  2.245
3  5.235 -0.025  2.244
4  5.235  0.784  2.251
5  5.235  2.646  2.264
6  5.235  3.219  2.280
7  5.235  4.696  2.303
8  5.235  6.329  2.331
9  5.235  6.293  2.357
10  5.235  7.633  2.393
11  5.235  8.166  2.432
12  5.235  8.239  2.467
13  5.235  8.096  2.501
14  5.235  7.285  2.529
15  5.235  6.188  2.553
16  5.235  6.425  2.580
17  5.235  5.706  2.603
18  5.235  4.547  2.620
19  5.235  4.358  2.642
20  5.235  4.596  2.662
21  5.235  4.049  2.676
22  5.235  3.604  2.690
23  5.235  3.408  2.705
24  5.235  3.471  2.718
25  5.235  3.403  2.732
26  5.235  3.897  2.750
27  5.235  2.734  2.761
28  5.235  3.417  2.782
29  5.235  6.048  2.812
30  5.235  5.966  2.834
31  5.235  5.143  2.853
32  5.235  6.463  2.883
33  5.235  6.112  2.907
34  5.235  6.971  2.936
35  5.235  6.250  2.959
36  5.235  5.965  2.983
37  5.235  6.277  3.008
38  5.235  5.279  3.029
39  5.235  5.317  3.052
40  5.235  4.762  3.071
41  5.235  4.606  3.091
42  5.235  4.529  3.109
43  5.235  3.853  3.125
44  5.235  4.149  3.144
45  5.235  3.663  3.160
46  5.235  4.140  3.179
47  5.235  4.697  3.199
48  5.235  5.293  3.220
49  5.235  3.887  3.235
50  5.235  4.718  3.258
51  5.235  4.311  3.278
52  5.235  4.898  3.301
53  5.235  4.382  3.322
54  5.235  5.480  3.349
55  5.235  5.941  3.374
56  5.235  6.527  3.400
57  5.235  6.269  3.423
58  5.235  5.442  3.443
59  5.235  5.097  3.466
60  5.235  4.924  3.485
61  5.235  5.523  3.510
62  5.235  4.121  3.525
63  5.235  4.139  3.544
64  5.235  4.055  3.564
65  5.235  2.895  3.578
66  5.235  5.360  3.607
67  5.235  4.133  3.623
68  5.235  4.131  3.643
69  5.235  4.652  3.665
70  5.235  5.261  3.686
71  5.235  5.221  3.706
72  5.235  5.418  3.728
73  5.235  5.627  3.749
74  5.235  4.799  3.767
75  5.235  5.087  3.790
76  5.235  4.727  3.809
77  5.235  4.670  3.829
78  5.235  5.431  3.854
79  5.235  4.973  3.873
80  5.235  4.842  3.894
81  5.235  4.879  3.916
82  5.235  6.013  3.942
83  5.235  5.146  3.960
84  5.235  5.391  3.982
85  5.235  5.447  4.005
86  5.235  4.580  4.022
87  5.235  5.189  4.046
88  5.235  4.878  4.065
89  5.235  5.495  4.090
90  5.235  3.409  4.102
91  5.235  3.173  4.122
92  5.235  5.474  4.151
93  5.235  3.693  4.163
94  5.235  3.935  4.183
95  5.235  3.813  4.203
96  5.235  5.747  4.232
97  5.235  5.668  4.252
98  5.235  5.393  4.272
99  5.235  5.430  4.294
100  5.235  5.049  4.315
101  5.235  5.066  4.338
102  5.235  4.689  4.358
103  5.235  4.667  4.378
104  5.235  5.427  4.401
105  5.235  4.816  4.420
106  5.235  4.345  4.438
107  5.235  5.292  4.462
108  5.235  5.517  4.484
109  5.235  4.822  4.503
110  5.235  4.861  4.523
111  5.235  4.663  4.542
112  5.235  4.961  4.565
113  5.235  4.562  4.585
114  5.235  5.683  4.611
115  5.235  4.819  4.628
116  5.235  4.846  4.651
117  5.235  5.187  4.674
118  5.235  4.505  4.693
119  5.235  4.742  4.715
120  5.235  4.173  4.734
121  5.235  6.013  4.763
122  5.235  4.316  4.776
123  5.235  4.434  4.798
124  5.235  4.338  4.818
125  5.235  4.704  4.839
126  5.235  5.194  4.861
127  5.235  4.528  4.880
128  5.235  5.130  4.901
129  5.235  5.108  4.922
130  5.235  4.743  4.940
131  5.235  5.707  4.967
132  5.235  5.017  4.984
133  5.235  5.548  5.008
134  5.235  4.566  5.025
135  5.235  4.842  5.048
136  5.235  3.920  5.065
137  5.235  4.973  5.091
138  5.235  5.895  5.115
139  5.235  5.146  5.135
140  5.235  5.905  5.161
141  5.235  5.725  5.181
142  5.235  3.930  5.195
143  5.235  5.094  5.220
144  5.235  4.504  5.240
145  5.235  4.655  5.261
146  5.235  5.081  5.282
147  5.235  4.337  5.300
148  5.235  4.613  5.321
149  5.235  3.739  5.337
150  5.235  4.511  5.360
151  5.235  4.671  5.381
152  5.235  4.969  5.403
153  5.235  5.082  5.424
154  5.235  4.522  5.443
155  5.235  5.688  5.468
156  5.235  4.924  5.487
157  5.235  4.808  5.507
158  5.235  4.959  5.529
159  5.235  5.737  5.554
160  5.235  5.508  5.576
161  5.235  5.070  5.595
162  5.235  5.658  5.620
163  5.235  5.075  5.638
164  5.235  5.814  5.664
165  5.235  3.943  5.678
166  5.235  4.125  5.699
167  5.235  3.972  5.717
168  5.235  4.828  5.741
169  5.235  3.833  5.757
170  5.235  3.829  5.776
171  5.235  4.733  5.800
172  5.235  4.815  5.822
173  5.235  4.723  5.842
174  5.235  4.424  5.862
175  5.235  4.871  5.886
176  5.235  5.418  5.909
177  5.235  6.118  5.934
178  5.235  4.829  5.948
179  5.235  4.715  5.967
180  5.235  4.641  5.989
181  5.235  5.260  6.011
182  5.235  5.240  6.033
183  5.235  5.108  6.056
184  5.235  5.018  6.076
185  5.235  5.216  6.099
186  5.235  5.309  6.121
187  5.235  5.029  6.140
188  5.235  5.630  6.165
189  5.235  4.510  6.181
190  5.235  4.674  6.201
191  5.235  5.074  6.224
192  5.235  4.744  6.244
193  0.000  5.001  6.267
194  0.000  4.071  6.283
195  0.000  4.500  6.303
196  0.000  2.384  6.310
197  0.000  2.216  6.320
198  0.000  1.366  6.323
199  0.000 -0.374  6.320
200  0.000 -1.132  6.316
201  0.000 -0.805  6.315
202  0.000 -1.719  6.310
203  0.000 -1.050  6.307
204  0.000 -0.923  6.303
205  0.000 -1.471  6.297
206  0.000 -0.292  6.298
207  0.000 -0.411  6.293
208  0.000 -0.378  6.291
209  0.000 -0.411  6.290
210  0.000 -0.529  6.287
211  0.000  0.052  6.289
212  0.000  0.635  6.291
213  0.000  0.760  6.293
214  0.000  0.592  6.293
215  0.000  0.878  6.295
216  0.000 -0.003  6.293
217  0.000  0.926  6.297
218  0.000  0.592  6.296
219  0.000  0.775  6.297
220  0.000  0.024  6.294
221  0.000 -0.148  6.294
222  0.000  0.206  6.295
223  0.000 -0.035  6.294
224  0.000  0.134  6.295
225  0.000 -0.146  6.293
226  0.000  0.578  6.296
227  0.000  0.847  6.297
228  0.000  0.056  6.294
229  0.000  0.233  6.295
230  0.000  0.401  6.296
231  0.000 -0.701  6.292
232  0.000  0.088  6.295
233  0.000  0.092  6.295
234  0.000 -0.240  6.293
235  0.000  0.476  6.296
236  0.000  0.012  6.295
237  0.000 -0.604  6.292
238  0.000  0.604  6.296
239  0.000  0.790  6.297
240  0.000  0.773  6.297
241  0.000  0.756  6.297
242  0.000 -0.767  6.291
243  0.000 -0.707  6.292
244  0.000 -0.179  6.293
245  0.000  0.240  6.296
246  0.000 -0.526  6.292
247  0.000 -0.043  6.294
248  0.000 -0.199  6.294
249  0.000  0.332  6.296
250  0.000  1.097  6.300
251  0.000 -0.772  6.291
252  0.000 -0.336  6.293
253  0.000  0.413  6.296
254  0.000 -0.363  6.293
255  0.000 -1.176  6.290
256 -7.470  0.679  6.297
257 -7.470 -1.152  6.290
258 -7.470 -1.819  6.283
259 -7.470 -2.668  6.273
260 -7.470 -6.132  6.242
261 -7.470 -10.142  6.192
262 -7.470 -9.870  6.151
263 -7.470 -6.651  6.127
264 -7.470 -5.153  6.109
265 -7.470 -5.431  6.083
266 -7.470 -6.336  6.053
267 -7.470 -7.625  6.017
268 -7.470 -7.308  5.986
269 -7.470 -7.211  5.955
270 -7.470 -8.566  5.918
271 -7.470 -8.398  5.885
272 -7.470 -7.480  5.853
273 -7.470 -8.448  5.815
274 -7.470 -8.802  5.779
275 -7.470 -7.610  5.749
276 -7.470 -7.268  5.717
277 -7.470 -7.330  5.683
278 -7.470 -7.463  5.650
279 -7.470 -7.199  5.620
280 -7.470 -7.541  5.590
281 -7.470 -5.879  5.569
282 -7.470 -7.066  5.536
283 -7.470 -6.484  5.510
284 -7.470 -6.889  5.482
285 -7.470 -5.849  5.460
286 -7.470 -6.570  5.430
287 -7.470 -5.043  5.408
288 -7.470 -5.928  5.378
289 -7.470 -6.734  5.346
290 -7.470 -6.841  5.316
291 -7.470 -7.340  5.283
292 -7.470 -8.492  5.246
293 -7.470 -7.728  5.219
294 -7.470 -7.735  5.187
295 -7.470 -7.556  5.156
296 -7.470 -8.032  5.122
297 -7.470 -7.984  5.091
298 -7.470 -7.882  5.061
299 -7.470 -7.343  5.033
300 -7.470 -7.480  5.003
301 -7.470 -5.867  4.979
302 -7.470 -6.975  4.944
303 -7.470 -6.757  4.915
304 -7.470 -6.557  4.887
305 -7.470 -6.912  4.855
306 -7.470 -6.853  4.828
307 -7.470 -7.399  4.796
308 -7.470 -6.504  4.771
309 -7.470 -7.0010  4.739
310 -7.470 -7.498  4.708
311 -7.470 -6.856  4.681
312 -7.470 -7.032  4.651
313 -7.470 -7.004  4.620
314 -7.470 -7.612  4.587
315 -7.470 -6.836  4.559
316 -7.470 -6.625  4.530
317 -7.470 -7.065  4.499
318 -7.470 -6.427  4.470
319 -7.470 -7.939  4.433
320 -7.470 -7.031  4.407
321 -7.470 -6.879  4.377
322 -7.470 -6.909  4.348
323 -7.470 -6.554  4.318
324 -7.470 -6.938  4.286
325 -7.470 -7.063  4.256
326 -7.470 -7.640  4.223
327 -7.470 -7.456  4.194
328 -7.470 -6.056  4.171
329 -7.470 -6.035  4.144
330 -7.470 -7.870  4.106
331 -7.470 -5.912  4.084
332 -7.470 -6.392  4.053
333 -7.470 -5.576  4.029
334 -7.470 -7.168  3.994
335 -7.470 -6.650  3.966
336 -7.470 -7.849  3.930
337 -7.470 -6.869  3.903
338 -7.470 -7.682  3.870
339 -7.470 -7.395  3.840
340 -7.470 -7.689  3.808
341 -7.470 -6.884  3.781
342 -7.470 -8.246  3.745
343 -7.470 -7.180  3.719
344 -7.470 -6.958  3.689
345 -7.470 -7.168  3.658
346 -7.470 -7.313  3.627
347 -7.470 -6.925  3.600
348 -7.470 -6.230  3.573
349 -7.470 -6.857  3.541
350 -7.470 -6.782  3.512
351 -7.470 -7.124  3.483
352 -7.470 -6.991  3.456
353 -7.470 -7.116  3.426
354 -7.470 -6.861  3.398
355 -7.470 -7.479  3.367
356 -7.470 -7.557  3.336
357 -7.470 -7.300  3.308
358 -7.470 -8.034  3.274
359 -7.470 -6.678  3.248
360 -7.470 -7.844  3.211
361 -7.470 -7.113  3.183
362 -7.470 -8.061  3.148
363 -7.470 -7.547  3.118
364 -7.470 -7.633  3.087
365 -7.470 -8.0100  3.055
366 -7.470 -7.357  3.026
367 -7.470 -6.473  2.999
368 -7.470 -6.429  2.970
369 -7.470 -7.432  2.939
370 -7.470 -6.116  2.916
371 -7.470 -6.807  2.885
372 -7.470 -6.514  2.857
373 -7.470 -6.723  2.827
374 -7.470 -6.953  2.796
375 -7.470 -6.967  2.767
376 -7.470 -7.667  2.733
377 -7.470 -7.328  2.704
378 -7.470 -7.373  2.673
379 -7.470 -7.237  2.643
380 -7.470 -7.204  2.613
381 -7.470 -7.496  2.580
382 -7.470 -7.841  2.549
383 -7.470 -7.244  2.521
384 -7.470 -7.110  2.491
385 -7.470 -6.483  2.464
386 -7.470 -5.837  2.438
387 -7.470 -7.032  2.405
388 -7.470 -8.060  2.371
389 -7.470 -7.062  2.346
390 -7.470 -7.909  2.310
391 -7.470 -7.422  2.284
392 -7.470 -7.169  2.255
393 -7.470 -8.535  2.222
394 -7.470 -7.228  2.195
395 -7.470 -7.306  2.165
396 -7.470 -7.446  2.133
397 -7.470 -7.237  2.103
398 -7.470 -6.820  2.075
399 -7.470 -6.743  2.045
400 -7.470 -6.991  2.017
401 -7.470 -6.092  1.991
402 -7.470 -6.678  1.960
403 -7.470 -6.578  1.932
404 -7.470 -6.659  1.902
405 -7.470 -7.231  1.870
406 -7.470 -6.471  1.843
407 -7.470 -6.218  1.814
408 -7.470 -7.389  1.778
409 -7.470 -6.734  1.749
410 -7.470 -8.228  1.714
411 -7.470 -6.593  1.688
412 -7.470 -7.439  1.654
413 -7.470 -8.318  1.619
414 -7.470 -7.365  1.593
415 -7.470 -7.241  1.563
416 -7.470 -5.932  1.540
417 -7.470 -6.770  1.507
418 -7.470 -6.958  1.477
419 -7.470 -6.802  1.449
420 -7.470 -6.901  1.418
421 -7.470 -5.831  1.393
422 -7.470 -6.466  1.363
423 -7.470 -6.776  1.333
424 -7.470 -7.144  1.302
425 -7.470 -7.344  1.271
426 -7.470 -5.796  1.247
427 -7.470 -8.317  1.207
428 -7.470 -8.031  1.176
429 -7.470 -6.983  1.149
430 -7.470 -7.721  1.113
431 -7.470 -7.335  1.085
432 -7.470 -6.574  1.056
433 -7.470 -7.496  1.023
434 -7.470 -7.472  0.993
435 -7.470 -7.231  0.964
436 -7.470 -7.811  0.932
437 -7.470 -6.424  0.909
438 -7.470 -6.336  0.881
439 -7.470 -6.968  0.850
440 -7.470 -6.923  0.821
441 -7.470 -6.989  0.791
442 -7.470 -6.322  0.765
443 -7.470 -6.866  0.732
444 -7.470 -7.480  0.701
445 -7.470 -6.230  0.676
446 -7.470 -7.075  0.643
447 -7.470 -8.208  0.608
448 -7.470 -7.642  0.580
449 -7.470 -6.847  0.553
450 -7.470 -7.156  0.520
451 -7.470 -7.057  0.490
452 -7.470 -6.970  0.460
453 -7.470 -6.716  0.432
454 -7.470 -6.770  0.402
455 -7.470 -7.198  0.373
456 -7.470 -7.798  0.340
457 -7.470 -6.698  0.316
458 -7.470 -7.479  0.283
459 -7.470 -6.931  0.254
460 -7.470 -7.262  0.223
461 -7.470 -6.714  0.195
462 -7.470 -7.041  0.164
463 -7.470 -6.745  0.135
464 -7.470 -7.542  0.103
465 -7.470 -7.333  0.072
466 -7.470 -6.497  0.046
467 -7.470 -6.575  0.016
468 -7.470 -6.548 -0.012
469 -7.470 -7.380 -0.045
470 -7.470 -7.152 -0.073
471 -7.470 -7.863 -0.108
472 -7.470 -7.108 -0.137
473 -7.470 -7.450 -0.167
474 -7.470 -7.108 -0.196
475 -7.470 -7.080 -0.224
476 -7.470 -6.827 -0.253
477 -7.470 -7.189 -0.283
478 -7.470 -7.195 -0.313
479 -7.470 -6.556 -0.340
480 -7.470 -7.335 -0.375
481 -7.470 -6.942 -0.402
482 -7.470 -6.571 -0.432
483 -7.470 -7.405 -0.465
484 -7.470 -6.826 -0.493
485 -7.470 -7.015 -0.524
486 -7.470 -6.880 -0.553
487 -7.470 -6.988 -0.583
488 -7.470 -5.848 -0.608
489 -7.470 -7.567 -0.645
490 -7.470 -7.286 -0.674
491 -7.470 -7.282 -0.703
492 -7.470 -7.384 -0.733
493 -7.470 -7.340 -0.763
494 -7.470 -7.212 -0.794
495 -7.470 -7.362 -0.826
496 -7.470 -6.774 -0.853
497 -7.470 -6.415 -0.881
498 -7.470 -6.351 -0.910
499 -7.470 -6.423 -0.940
500 -7.470 -7.035 -0.973
501 -7.470 -7.668 -1.006
502 -7.470 -6.961 -1.033
503 -7.470 -6.529 -1.063
504 -7.470 -5.965 -1.089
505 -7.470 -7.601 -1.126
506 -7.470 -6.448 -1.151
507 -7.470 -6.659 -1.180
508 -7.470 -6.731 -1.210
509 -7.470 -6.711 -1.239
510 -7.470 -7.750 -1.271
511 -7.470 -7.420 -1.300
512 -7.470 -7.086 -1.329
513 -7.470 -8.209 -1.364
514 -7.470 -6.778 -1.389
515 -7.470 -7.185 -1.420
516 -7.470 -7.817 -1.454
517 -7.470 -7.264 -1.483
518 -7.470 -6.004 -1.509
519 -7.470 -6.638 -1.542
520 -7.470 -6.524 -1.572
521 -7.470 -6.846 -1.603
522 -7.470 -6.675 -1.632
523 -7.470 -6.498 -1.661
524 -7.470 -8.403 -1.698
525 -7.470 -6.140 -1.718
526 -7.470 -6.622 -1.750
527 -7.470 -6.731 -1.779
528 -7.470 -7.616 -1.811
529 -7.470 -5.835 -1.833
530 -7.470 -5.971 -1.864
531 -7.470 -7.732 -1.902
532 -7.470 -6.820 -1.930
533 -7.470 -7.906 -1.965
534 -7.470 -7.472 -1.996
535 -7.470 -7.615 -2.027
536 -7.470 -6.623 -2.053
537 -7.470 -7.588 -2.086
538 -7.470 -6.091 -2.109
539 -7.470 -7.384 -2.142
540 -7.470 -6.394 -2.167
541 -7.470 -7.283 -2.199
542 -7.470 -7.208 -2.228
543 -7.470 -7.225 -2.258
544 -7.470 -6.166 -2.283
545 -7.470 -7.086 -2.315
546 -7.470 -6.565 -2.345
547 -7.470 -6.877 -2.376
548 -7.470 -7.725 -2.410
549 -7.470 -7.255 -2.439
550 -7.470 -6.580 -2.466
551 -7.470 -7.308 -2.499
552 -7.470 -7.420 -2.531
553 -7.470 -6.938 -2.558
554 -7.470 -7.794 -2.593
555 -7.470 -7.524 -2.623
556 -7.470 -7.405 -2.653
557 -7.470 -7.606 -2.682
558 -7.470 -6.168 -2.706
559 -7.470 -7.020 -2.739
560 -7.470 -7.014 -2.767
561 -7.470 -6.258 -2.793
562 -7.470 -6.655 -2.822
563 -7.470 -7.468 -2.853
564 -7.470 -6.231 -2.877
565 -7.470 -7.916 -2.913
566 -7.470 -7.095 -2.940
567 -7.470 -6.965 -2.969
568 -7.470 -7.824 -3.002
569 -7.470 -7.707 -3.034
570 -7.470 -7.640 -3.064
571 -7.470 -8.087 -3.098
572 -7.470 -7.601 -3.129
573 -7.470 -5.431 -3.151
574 -7.470 -7.565 -3.190
575 -7.470 -6.854 -3.219
576 -7.470 -7.763 -3.254
577 -7.470 -6.855 -3.281
578 -7.470 -7.479 -3.311
579 -7.470 -6.858 -3.337
580 -7.470 -6.287 -3.364
581 -7.470 -7.591 -3.397
582 -7.470 -7.0100 -3.425
583 -7.470 -7.152 -3.452
584 -7.470 -7.725 -3.485
585 -7.470 -7.226 -3.514
586 -7.470 -7.153 -3.543
587 -7.470 -7.014 -3.573
588 -7.470 -5.568 -3.597
589 -7.470 -7.832 -3.635
590 -7.470 -6.194 -3.659
591 -7.470 -8.379 -3.696
592 -7.470 -7.167 -3.723
593 -7.470 -7.383 -3.755
594 -7.470 -7.356 -3.785
595 -7.470 -6.361 -3.811
596 -7.470 -6.876 -3.842
597 -7.470 -7.358 -3.873
598 -7.470 -7.032 -3.903
599 -7.470 -6.163 -3.930
600 -7.470 -7.450 -3.965
601 -7.470 -6.011 -3.990
602 -7.470 -7.146 -4.025
603 -7.470 -6.065 -4.047
604 -7.470 -7.175 -4.083
605 -7.470 -8.076 -4.117
606 -7.470 -7.251 -4.145
607 -7.470 -7.389 -4.174
608 -7.470 -7.495 -4.204
609 -7.470 -6.661 -4.230
610 -7.470 -7.241 -4.262
611 -7.470 -6.942 -4.290
612 -7.470 -6.524 -4.318
613 -7.470 -7.295 -4.351
614 -7.470 -6.508 -4.376
615 -7.470 -7.191 -4.407
616 -7.470 -6.961 -4.437
617 -7.470 -7.019 -4.467
618 -7.470 -7.544 -4.501
619 -7.470 -7.025 -4.529
620 -7.470 -7.495 -4.562
621 -7.470 -7.462 -4.592
622 -7.470 -7.501 -4.624
623 -7.470 -6.152 -4.650
624 -7.470 -7.962 -4.687
625 -7.470 -7.120 -4.713
626 -7.470 -7.227 -4.743
627 -7.470 -7.304 -4.772
628 -7.470 -7.113 -4.802
629 -7.470 -6.375 -4.828
630 -7.470 -7.321 -4.861
631 -7.470 -7.156 -4.888
632 -7.470 -6.540 -4.914
633 -7.470 -6.541 -4.944
634 -7.470 -7.236 -4.976
635 -7.470 -7.158 -5.006
636 -7.470 -6.500 -5.035
637 -7.470 -7.409 -5.067
638 -7.470 -7.725 -5.0100
639 -7.470 -6.958 -5.128
640 -7.470 -7.689 -5.163
641 -7.470 -7.418 -5.192
642 -7.470 -8.307 -5.226
643 -7.470 -7.361 -5.253
644 -7.470 -6.658 -5.279
645 -7.470 -7.502 -5.312
646 -7.470 -6.775 -5.339
647 -7.470 -6.537 -5.367
648 -7.470 -7.439 -5.400
649 -7.470 -6.928 -5.427
650 -7.470 -6.467 -5.453
651 -7.470 -7.069 -5.485
652 -7.470 -8.487 -5.520
653 -7.470 -6.700 -5.544
654 -7.470 -7.556 -5.576
655 -7.470 -6.533 -5.602
656 -7.470 -6.952 -5.635
657 -7.470 -6.643 -5.663
658 -7.470 -7.601 -5.697
659 -7.470 -7.728 -5.729
660 -7.470 -6.747 -5.757
661 -7.470 -6.576 -5.785
662 -7.470 -7.778 -5.820
663 -7.470 -7.515 -5.849
664 -7.470 -6.972 -5.876
665 -7.470 -7.080 -5.905
666 -7.470 -6.960 -5.934
667 -7.470 -5.339 -5.957
668 -7.470 -7.120 -5.994
669 -7.470 -7.804 -6.024
670 -7.470 -7.650 -6.055
671 -7.470 -6.961 -6.083
672 -7.470 -6.897 -6.112
673 -7.470 -6.898 -6.143
674 -7.470 -7.350 -6.174
675 -7.470 -7.649 -6.205
676 -7.470 -7.259 -6.234
677  0.000 -6.033 -6.259
678  0.000 -6.998 -6.293
679  0.000 -4.991 -6.310
680  0.000 -4.211 -6.328
681  0.000 -3.217 -6.341
682  0.000 -1.065 -6.340
683  0.000  0.434 -6.332
684  0.000  1.198 -6.323
685  0.000  0.616 -6.321
686  0.000  1.604 -6.316
687  0.000  0.359 -6.317
688  0.000  0.885 -6.310
689  0.000 -0.400 -6.312
690  0.000  1.422 -6.300
691  0.000  1.182 -6.293
692  0.000  0.806 -6.288
693  0.000  1.860 -6.280
694  0.000  1.875 -6.274
695  0.000  0.625 -6.277
696  0.000 -0.139 -6.278
697  0.000 -0.445 -6.280
698  0.000 -0.251 -6.280
699  0.000 -1.061 -6.287
700  0.000 -0.947 -6.287
701  0.000 -1.323 -6.292
702  0.000 -0.404 -6.290
703  0.000 -0.351 -6.291
704  0.000  0.195 -6.291
705  0.000 -0.336 -6.293
706  0.000 -0.262 -6.294
707  0.000 -0.136 -6.293
708  0.000 -0.375 -6.294
709  0.000  0.023 -6.293
710  0.000  0.273 -6.291
711  0.000 -0.050 -6.293
712  0.000  0.439 -6.290
713  0.000 -0.196 -6.293
714  0.000 -0.013 -6.292
715  0.000 -0.082 -6.293
716  0.000 -0.175 -6.293
717  0.000  1.065 -6.288
718  0.000 -0.095 -6.292
719  0.000  0.536 -6.290
720  0.000  0.552 -6.290
721  0.000 -0.363 -6.293
722  0.000 -0.091 -6.293
723  0.000 -0.308 -6.294
724  0.000  0.122 -6.291
725  0.000  0.638 -6.290
726  0.000 -0.042 -6.293
727  0.000  0.089 -6.291
728  0.000  0.088 -6.291
729  0.000 -0.170 -6.293
730  0.000  2.019 -6.285
731  0.000  0.306 -6.291
732  0.000 -0.210 -6.293
733  0.000  1.072 -6.289
734  0.000 -0.210 -6.292
735  0.000  0.773 -6.289
736  0.000 -0.165 -6.292
737  0.000 -0.562 -6.294
738  0.000  0.003 -6.292
739  0.000  0.263 -6.290
740  11.693  0.761 -6.288
741  11.693  0.980 -6.288
742  11.693  1.714 -6.279
743  11.693  5.252 -6.249
744  11.693  9.040 -6.208
745  11.693  10.707 -6.159
746  11.693  12.603 -6.102
747  11.693  13.369 -6.043
748  11.693  13.240 -5.986
749  11.693  11.263 -5.940
750  11.693  11.917 -5.889
751  11.693  11.211 -5.846
752  11.693  11.133 -5.799
753  11.693  11.723 -5.747
754  11.693  11.134 -5.701
755  11.693  12.389 -5.648
756  11.693  11.833 -5.600
757  11.693  10.819 -5.556
758  11.693  10.062 -5.514
759  11.693  12.568 -5.455
760  11.693  13.489 -5.396
761  11.693  13.403 -5.340
762  11.693  12.870 -5.289
763  11.693  11.359 -5.246
764  11.693  11.046 -5.203
765  11.693  11.131 -5.156
766  11.693  10.489 -5.112
767  11.693  11.770 -5.064
768  11.693  10.349 -5.028
769  11.693  10.546 -4.984
770  11.693  9.837 -4.943
771  11.693  10.335 -4.898
772  11.693  11.063 -4.854
773  11.693  11.149 -4.809
774  11.693  11.594 -4.759
775  11.693  11.602 -4.709
776  11.693  11.444 -4.661
777  11.693  11.538 -4.613
778  11.693  10.877 -4.567
779  11.693  12.386 -4.512
780  11.693  12.063 -4.464
781  11.693  11.294 -4.417
782  11.693  11.492 -4.371
783  11.693  11.009 -4.325
784  11.693  10.536 -4.280
785  11.693  11.053 -4.232
786  11.693  10.298 -4.187
787  11.693  10.483 -4.142
788  11.693  10.498 -4.095
789  11.693  10.757 -4.049
790  11.693  10.570 -4.005
791  11.693  11.262 -3.958
792  11.693  11.031 -3.912
793  11.693  10.614 -3.867
794  11.693  11.260 -3.818
795  11.693  10.316 -3.774
796  11.693  11.349 -3.723
797  11.693  11.038 -3.678
798  11.693  11.935 -3.627
799  11.693  11.723 -3.579
800  11.693  10.888 -3.535
801  11.693  11.440 -3.485
802  11.693  10.811 -3.442
803  11.693  11.990 -3.390
804  11.693  11.583 -3.344
805  11.693  10.232 -3.301
806  11.693  11.031 -3.252
807  11.693  10.987 -3.205
808  11.693  11.396 -3.156
809  11.693  11.040 -3.111
810  11.693  10.485 -3.067
811  11.693  10.882 -3.021
812  11.693  11.663 -2.973
813  11.693  10.783 -2.929
814  11.693  10.671 -2.882
815  11.693  10.984 -2.834
816  11.693  10.732 -2.787
817  11.693  10.993 -2.739
818  11.693  11.089 -2.691
819  11.693  11.352 -2.642
820  11.693  11.547 -2.594
821  11.693  10.764 -2.550
822  11.693  11.428 -2.499
823  11.693  11.539 -2.452
824  11.693  10.893 -2.408
825  11.693  10.653 -2.364
826  11.693  10.864 -2.319
827  11.693  11.199 -2.271
828  11.693  10.862 -2.226
829  11.693  10.477 -2.181
830  11.693  12.059 -2.129
831  11.693  10.865 -2.088
832  11.693  11.378 -2.040
833  11.693  11.032 -1.994
834  11.693  11.520 -1.945
835  11.693  11.269 -1.898
836  11.693  11.258 -1.850
837  11.693  11.152 -1.804
838  11.693  11.663 -1.754
839  11.693  10.770 -1.711
840  11.693  10.918 -1.663
841  11.693  11.608 -1.613
842  11.693  11.329 -1.566
843  11.693  11.053 -1.519
844  11.693  11.135 -1.472
845  11.693  10.948 -1.428
846  11.693  11.016 -1.380
847  11.693  11.750 -1.331
848  11.693  11.205 -1.286
849  11.693  10.588 -1.242
850  11.693  10.893 -1.194
851  11.693  10.663 -1.148
852  11.693  12.167 -1.096
853  11.693  10.473 -1.056
854  11.693  11.702 -1.005
855  11.693  10.165 -0.964
856  11.693  11.588 -0.911
857  11.693  11.680 -0.864
858  11.693  10.628 -0.822
859  11.693  10.491 -0.776
860  11.693  9.960 -0.732
861  11.693  11.256 -0.680
862  11.693  10.900 -0.633
863  11.693  10.907 -0.587
864  11.693  10.668 -0.542
865  11.693  11.199 -0.493
866  11.693  11.108 -0.447
867  11.693  11.846 -0.396
868  11.693  11.604 -0.350
869  11.693  10.345 -0.309
870  11.693  10.823 -0.261
871  11.693  10.309 -0.214
872  11.693  11.124 -0.164
873  11.693  10.760 -0.118
874  11.693  11.708 -0.069
875  11.693  11.431 -0.022
876  11.693  10.816  0.023
877  11.693  11.149  0.072
878  11.693  12.135  0.121
879  11.693  10.717  0.162
880  11.693  11.663  0.212
881  11.693  10.633  0.254
882  11.693  9.828  0.296
883  11.693  10.685  0.346
884  11.693  11.454  0.395
885  11.693  10.918  0.441
886  11.693  10.628  0.488
887  11.693  11.179  0.537
888  11.693  10.944  0.582
889  11.693  11.815  0.632
890  11.693  12.001  0.682
891  11.693  11.103  0.725
892  11.693  9.832  0.766
893  11.693  10.845  0.816
894  11.693  11.356  0.865
895  11.693  10.687  0.908
896  11.693  10.642  0.956
897  11.693  10.117  1.000
898  11.693  10.380  1.047
899  11.693  11.418  1.097
900  11.693  12.268  1.149
901  11.693  11.625  1.194
902  11.693  11.191  1.237
903  11.693  10.640  1.282
904  11.693  10.861  1.329
905  11.693  11.393  1.379
906  11.693  11.482  1.426
907  11.693  12.181  1.476
908  11.693  11.343  1.520
909  11.693  11.471  1.570
910  11.693  11.083  1.616
911  11.693  11.115  1.662
912  11.693  10.497  1.707
913  11.693  10.887  1.753
914  11.693  11.169  1.802
915  11.693  10.612  1.846
916  11.693  10.131  1.889
917  11.693  10.252  1.935
918  11.693  11.128  1.984
919  11.693  11.688  2.034
920  11.693  11.522  2.080
921  11.693  11.326  2.126
922  11.693  11.889  2.175
923  11.693  11.107  2.220
924  11.693  11.658  2.269
925  11.693  11.501  2.317
926  11.693  10.791  2.361
927  11.693  10.600  2.407
928  11.693  11.382  2.457
929  11.693  10.335  2.501
930  11.693  9.892  2.545
931  11.693  11.101  2.593
932  11.693  10.415  2.636
933  11.693  10.872  2.686
934  11.693  11.174  2.735
935  11.693  11.033  2.779
936  11.693  10.255  2.823
937  11.693  11.360  2.873
938  11.693  10.717  2.919
939  11.693  11.352  2.969
940  11.693  11.089  3.015
941  11.693  10.948  3.062
942  11.693  11.455  3.112
943  11.693  11.570  3.162
944  11.693  10.072  3.202
945  11.693  10.877  3.252
946  11.693  11.478  3.301
947  11.693  11.188  3.347
948  11.693  11.322  3.393
949  11.693  11.112  3.439
950  11.693  11.224  3.485
951  11.693  10.468  3.529
952  11.693  10.737  3.577
953  11.693  11.171  3.626
954  11.693  11.763  3.675
955  11.693  10.859  3.719
956  11.693  11.025  3.766
957  11.693  11.219  3.814
958  11.693  10.192  3.857
959  11.693  11.384  3.907
960  11.693  11.537  3.954
961  11.693  10.915  3.999
962  11.693  11.277  4.048
963  11.693  10.578  4.091
964  11.693  10.209  4.136
965  11.693  11.337  4.186
966  11.693  12.0010  4.236
967  11.693  11.273  4.279
968  11.693  11.304  4.326
969  11.693  10.406  4.369
970  11.693  11.023  4.417
971  11.693  11.165  4.465
972  11.693  10.836  4.511
973  11.693  11.011  4.559
974  11.693  10.961  4.605
975  11.693  11.747  4.654
976  11.693  10.942  4.700
977  11.693  11.474  4.749
978  11.693  11.438  4.797
979  11.693  10.293  4.839
980  11.693  11.239  4.890
981  11.693  11.464  4.938
982  11.693  11.608  4.987
983  11.693  10.879  5.031
984  11.693  11.320  5.079
985  11.693  11.073  5.123
986  11.693  11.249  5.170
987  11.693  10.685  5.214
988  11.693  10.005  5.256
989  11.693  11.003  5.305
990  11.693  10.823  5.352
991  11.693  11.067  5.401
992  11.693  10.474  5.444
993  11.693  10.177  5.490
994  11.693  11.306  5.542
995  11.693  11.425  5.590
996  11.693  12.093  5.641
997  11.693  11.565  5.687
998  11.693  11.719  5.734
999  11.693  11.491  5.780
1000  11.693  10.467  5.823
1001  11.693  10.538  5.871
1002  11.693  11.069  5.918
1003  11.693  10.497  5.962
1004  11.693  10.750  6.008
1005  11.693  12.167  6.062
1006  11.693  10.562  6.102
1007  11.693  10.395  6.148
1008  11.693  10.814  6.196
1009  11.693  12.144  6.247
1010  0.000  11.833  6.293
1011  0.000  10.174  6.333
1012  0.000  7.721  6.363
1013  0.000  4.168  6.375
1014  0.000 -1.523  6.356
1015  0.000 -3.498  6.335
1016  0.000  1.790  6.352
1017  0.000  3.205  6.371
1018  0.000  1.649  6.375
1019  0.000 -2.225  6.359
1020  0.000 -3.390  6.339
1021  0.000 -0.806  6.341
1022  0.000  1.851  6.354
1023  0.000  1.577  6.358
1024  0.000  0.174  6.354
1025  0.000  0.434  6.355
1026  0.000 -1.573  6.345
1027  0.000 -1.154  6.345
1028  0.000  0.765  6.351
1029  0.000 -0.734  6.343
1030  0.000 -0.439  6.340
1031  0.000 -0.389  6.336
1032  0.000 -0.994  6.331
1033  0.000 -0.196  6.333
1034  0.000 -0.113  6.332
1035  0.000 -0.290  6.330
1036  0.000 -0.002  6.332
1037  0.000 -0.358  6.329
1038  0.000 -0.510  6.330
1039  0.000  0.394  6.336
1040  0.000  0.582  6.336
1041  0.000  0.432  6.336
1042  0.000  0.579  6.337
1043  0.000 -0.401  6.333
1044  0.000 -0.152  6.335
1045  0.000  0.084  6.335
1046  0.000 -0.286  6.333
1047  0.000 -0.056  6.333
1048  0.000 -0.072  6.333
1049  0.000 -0.142  6.334
1050  0.000 -0.137  6.334
1051  0.000 -0.510  6.332
1052  0.000  0.192  6.336
1053  0.000  0.543  6.337
1054  0.000 -0.316  6.333
1055  0.000  0.056  6.334
1056  0.000  0.529  6.336
1057  0.000  0.768  6.337
1058  0.000  0.895  6.337
1059  0.000 -0.070  6.334
1060  0.000 -0.375  6.333
1061  0.000  0.976  6.339
1062  0.000 -1.527  6.329
1063  0.000  0.741  6.336
1064  0.000  0.268  6.334
1065  0.000 -0.361  6.332
1066  0.000 -0.322  6.334
1067  0.000  0.320  6.336
1068  0.000  0.207  6.336
1069  0.000 -0.135  6.334
1070  0.000 -0.434  6.333
1071  0.000  0.532  6.336
1072  0.000  1.232  6.339
1073 -14.599  0.088  6.335
1074 -14.599  0.458  6.336
1075 -14.599 -3.129  6.315
1076 -14.599 -8.357  6.270
1077 -14.599 -16.596  6.183
1078 -14.599 -19.094  6.095
1079 -14.599 -15.181  6.036
1080 -14.599 -8.094  6.014
1081 -14.599 -8.905  5.976
1082 -14.599 -14.399  5.903
1083 -14.599 -20.292  5.805
1084 -14.599 -15.329  5.749
1085 -14.599 -11.187  5.708
1086 -14.599 -11.876  5.656
1087 -14.599 -10.664  5.613
1088 -14.599 -12.340  5.559
1089 -14.599 -17.335  5.475
1090 -14.599 -18.421  5.397
1091 -14.599 -12.930  5.352
1092 -14.599 -11.241  5.306
1093 -14.599 -13.301  5.244
1094 -14.599 -13.516  5.187
1095 -14.599 -13.382  5.130
1096 -14.599 -13.064  5.072
1097 -14.599 -14.451  5.008
1098 -14.599 -14.515  4.947
1099 -14.599 -14.809  4.882
1100 -14.599 -15.409  4.817
1101 -14.599 -14.481  4.756
1102 -14.599 -13.887  4.694
1103 -14.599 -14.863  4.628
1104 -14.599 -14.973  4.563
1105 -14.599 -14.785  4.504
1106 -14.599 -13.700  4.448
1107 -14.599 -13.782  4.389
1108 -14.599 -14.071  4.329
1109 -14.599 -12.447  4.279
1110 -14.599 -13.082  4.221
1111 -14.599 -13.067  4.167
1112 -14.599 -13.971  4.109
1113 -14.599 -12.546  4.058
1114 -14.599 -14.070  3.998
1115 -14.599 -12.259  3.950
1116 -14.599 -13.666  3.887
1117 -14.599 -13.532  3.829
1118 -14.599 -13.688  3.772
1119 -14.599 -13.699  3.713
1120 -14.599 -14.121  3.650
1121 -14.599 -15.060  3.586
1122 -14.599 -14.812  3.527
1123 -14.599 -13.493  3.473
1124 -14.599 -14.025  3.411
1125 -14.599 -14.840  3.347
1126 -14.599 -13.772  3.292
1127 -14.599 -15.098  3.229
1128 -14.599 -13.482  3.176
1129 -14.599 -13.588  3.119
1130 -14.599 -13.473  3.060
1131 -14.599 -14.146  2.998
1132 -14.599 -13.873  2.941
1133 -14.599 -13.176  2.886
1134 -14.599 -13.472  2.828
1135 -14.599 -13.013  2.771
1136 -14.599 -13.657  2.711
1137 -14.599 -13.706  2.653
1138 -14.599 -14.002  2.593
1139 -14.599 -14.085  2.536
1140 -14.599 -14.068  2.476
1141 -14.599 -13.950  2.419
1142 -14.599 -14.767  2.356
1143 -14.599 -14.252  2.299
1144 -14.599 -12.685  2.247
1145 -14.599 -14.512  2.181
1146 -14.599 -13.801  2.123
1147 -14.599 -14.022  2.063
1148 -14.599 -12.733  2.0010
1149 -14.599 -14.025  1.948
1150 -14.599 -13.568  1.892
1151 -14.599 -13.751  1.833
1152 -14.599 -13.896  1.775
1153 -14.599 -13.913  1.718
1154 -14.599 -14.104  1.659
1155 -14.599 -14.406  1.598
1156 -14.599 -13.598  1.543
1157 -14.599 -14.424  1.482
1158 -14.599 -14.453  1.421
1159 -14.599 -13.399  1.366
1160 -14.599 -14.108  1.305
1161 -14.599 -13.229  1.250
1162 -14.599 -13.438  1.193
1163 -14.599 -13.823  1.131
1164 -14.599 -13.017  1.076
1165 -14.599 -13.451  1.017
1166 -14.599 -14.428  0.956
1167 -14.599 -13.875  0.898
1168 -14.599 -14.449  0.839
1169 -14.599 -14.611  0.780
1170 -14.599 -14.759  0.719
1171 -14.599 -13.913  0.664
1172 -14.599 -12.939  0.609
1173 -14.599 -13.442  0.549
1174 -14.599 -14.664  0.486
1175 -14.599 -13.571  0.432
1176 -14.599 -13.504  0.374
1177 -14.599 -14.455  0.313
1178 -14.599 -13.061  0.259
1179 -14.599 -14.224  0.197
1180 -14.599 -13.863  0.141
1181 -14.599 -14.511  0.079
1182 -14.599 -13.109  0.026
1183 -14.599 -14.115 -0.035
1184 -14.599 -14.280 -0.093
1185 -14.599 -14.332 -0.154
1186 -14.599 -15.251 -0.215
1187 -14.599 -12.387 -0.263
1188 -14.599 -14.128 -0.329
1189 -14.599 -12.916 -0.383
1190 -14.599 -13.278 -0.444
1191 -14.599 -13.918 -0.504
1192 -14.599 -13.169 -0.558
1193 -14.599 -14.732 -0.625
1194 -14.599 -13.144 -0.675
1195 -14.599 -13.615 -0.734
1196 -14.599 -13.754 -0.793
1197 -14.599 -14.174 -0.854
1198 -14.599 -12.963 -0.908
1199 -14.599 -13.897 -0.971
1200 -14.599 -13.954 -1.030
1201 -14.599 -14.470 -1.090
1202 -14.599 -13.536 -1.146
1203 -14.599 -13.357 -1.202
1204 -14.599 -13.225 -1.260
1205 -14.599 -12.846 -1.316
1206 -14.599 -14.020 -1.379
1207 -14.599 -13.737 -1.435
1208 -14.599 -13.798 -1.494
1209 -14.599 -13.208 -1.550
1210 -14.599 -13.851 -1.610
1211 -14.599 -14.425 -1.673
1212 -14.599 -14.936 -1.734
1213 -14.599 -13.399 -1.787
1214 -14.599 -14.199 -1.849
1215 -14.599 -13.811 -1.906
1216 -14.599 -14.145 -1.966
1217 -14.599 -14.067 -2.025
1218 -14.599 -13.917 -2.083
1219 -14.599 -13.565 -2.139
1220 -14.599 -14.098 -2.200
1221 -14.599 -12.936 -2.253
1222 -14.599 -13.209 -2.312
1223 -14.599 -14.047 -2.374
1224 -14.599 -14.053 -2.432
1225 -14.599 -14.164 -2.488
1226 -14.599 -12.856 -2.541
1227 -14.599 -13.954 -2.603
1228 -14.599 -13.856 -2.663
1229 -14.599 -14.246 -2.723
1230 -14.599 -13.750 -2.778
1231 -14.599 -13.674 -2.836
1232 -14.599 -13.133 -2.893
1233 -14.599 -12.422 -2.948
1234 -14.599 -13.794 -3.011
1235 -14.599 -14.551 -3.073
1236 -14.599 -13.907 -3.130
1237 -14.599 -13.061 -3.184
1238 -14.599 -14.394 -3.248
1239 -14.599 -14.262 -3.309
1240 -14.599 -14.259 -3.366
1241 -14.599 -14.581 -3.426
1242 -14.599 -13.633 -3.483
1243 -14.599 -14.167 -3.543
1244 -14.599 -13.235 -3.599
1245 -14.599 -13.337 -3.657
1246 -14.599 -13.608 -3.715
1247 -14.599 -13.367 -3.773
1248 -14.599 -13.054 -3.829
1249 -14.599 -14.156 -3.892
1250 -14.599 -13.422 -3.949
1251 -14.599 -13.907 -4.009
1252 -14.599 -14.048 -4.065
1253 -14.599 -14.126 -4.125
1254 -14.599 -13.666 -4.182
1255 -14.599 -13.726 -4.241
1256 -14.599 -13.213 -4.298
1257 -14.599 -12.986 -4.355
1258 -14.599 -13.633 -4.415
1259 -14.599 -13.897 -4.476
1260 -14.599 -14.104 -4.533
1261 -14.599 -13.821 -4.590
1262 -14.599 -14.252 -4.651
1263 -14.599 -13.943 -4.707
1264 -14.599 -14.243 -4.766
1265 -14.599 -14.196 -4.825
1266 -14.599 -13.978 -4.885
1267 -14.599 -13.623 -4.942
1268 -14.599 -13.160 -4.998
1269 -14.599 -13.688 -5.058
1270 -14.599 -13.502 -5.115
1271 -14.599 -14.143 -5.177
1272 -14.599 -13.036 -5.230
1273 -14.599 -13.713 -5.291
1274 -14.599 -13.955 -5.352
1275 -14.599 -13.756 -5.409
1276 -14.599 -13.655 -5.466
1277 -14.599 -14.381 -5.527
1278 -14.599 -13.117 -5.582
1279 -14.599 -13.588 -5.640
1280 -14.599 -14.069 -5.700
1281 -14.599 -14.219 -5.759
1282 -14.599 -14.486 -5.820
1283 -14.599 -14.253 -5.877
1284 -14.599 -12.990 -5.930
1285 -14.599 -14.458 -5.994
1286 -14.599 -13.842 -6.050
1287 -14.599 -13.105 -6.106
1288 -14.599 -14.023 -6.168
1289 -14.599 -14.177 -6.228
1290  0.000 -13.357 -6.283
1291  0.000 -14.217 -6.345
1292  0.000 -10.497 -6.380
1293  0.000 -4.677 -6.389
1294  0.000  0.384 -6.375
1295  0.000  1.168 -6.369
1296  0.000  0.649 -6.370
1297  0.000  0.089 -6.372
1298  0.000  0.250 -6.369
1299  0.000 -0.718 -6.373
1300  0.000 -0.355 -6.373
1301  0.000 -0.616 -6.377
1302  0.000  0.526 -6.372
1303  0.000  1.828 -6.366
1304  0.000  1.514 -6.362
1305  0.000  2.156 -6.352
1306  0.000  1.161 -6.351
1307  0.000  0.273 -6.349
1308  0.000  0.544 -6.344
1309  0.000  0.497 -6.340
1310  0.000  0.510 -6.337
1311  0.000  1.033 -6.330
1312  0.000  0.562 -6.329
1313  0.000  0.518 -6.327
1314  0.000  0.385 -6.326
1315  0.000  0.072 -6.326
1316  0.000  0.517 -6.325
1317  0.000 -0.046 -6.327
1318  0.000 -0.319 -6.329
1319  0.000 -0.512 -6.330
1320  0.000 -0.174 -6.330
1321  0.000 -0.840 -6.334
1322  0.000 -0.601 -6.334
1323  0.000 -0.123 -6.333
1324  0.000  0.075 -6.332
1325  0.000  0.235 -6.333
1326  0.000  0.479 -6.331
1327  0.000  0.006 -6.333
1328  0.000 -1.027 -6.338
1329  0.000 -0.171 -6.335
1330  0.000 -0.994 -6.337
1331  0.000 -0.568 -6.336
1332  0.000 -0.158 -6.335
1333  0.000  0.423 -6.332
1334  0.000  0.737 -6.331
1335  0.000  0.385 -6.332
1336  0.000  1.479 -6.328
1337  0.000  1.189 -6.329
1338  0.000  0.677 -6.330
1339  0.000  0.817 -6.330
1340  0.000  0.901 -6.330
1341  0.000  0.863 -6.329
1342  0.000  0.016 -6.333
1343  0.000 -0.635 -6.336
1344  0.000 -0.412 -6.336
1345  0.000  0.026 -6.334
1346  0.000 -0.173 -6.333
1347  0.000  0.106 -6.333
1348  0.000  0.358 -6.332
1349  0.000  0.718 -6.330
1350  0.000  0.851 -6.329
1351  0.000  0.686 -6.331
1352  0.000 -0.289 -6.335
1353  17.043  1.004 -6.329
1354  17.043  0.778 -6.329
1355  17.043  4.134 -6.307
1356  17.043  9.891 -6.254
1357  17.043  16.380 -6.171
1358  17.043  18.121 -6.092
1359  17.043  18.917 -6.011
1360  17.043  17.839 -5.937
1361  17.043  15.759 -5.872
1362  17.043  15.067 -5.808
1363  17.043  14.496 -5.747
1364  17.043  14.272 -5.684
1365  17.043  14.572 -5.621
1366  17.043  14.502 -5.559
1367  17.043  15.843 -5.488
1368  17.043  16.126 -5.420
1369  17.043  18.030 -5.340
1370  17.043  17.479 -5.266
1371  17.043  18.001 -5.189
1372  17.043  17.893 -5.114
1373  17.043  16.925 -5.045
1374  17.043  15.764 -4.978
1375  17.043  18.651 -4.894
1376  17.043  18.327 -4.819
1377  17.043  17.301 -4.749
1378  17.043  17.410 -4.677
1379  17.043  16.242 -4.611
1380  17.043  16.681 -4.539
1381  17.043  15.767 -4.476
1382  17.043  15.511 -4.412
1383  17.043  14.476 -4.352
1384  17.043  15.431 -4.283
1385  17.043  15.595 -4.218
1386  17.043  14.713 -4.156
1387  17.043  15.957 -4.087
1388  17.043  14.976 -4.026
1389  17.043  16.934 -3.951
1390  17.043  15.344 -3.890
1391  17.043  17.224 -3.814
1392  17.043  16.653 -3.746
1393  17.043  17.122 -3.677
1394  17.043  15.831 -3.614
1395  17.043  17.195 -3.537
1396  17.043  15.912 -3.472
1397  17.043  16.540 -3.399
1398  17.043  16.560 -3.328
1399  17.043  16.206 -3.260
1400  17.043  16.004 -3.190
1401  17.043  15.437 -3.123
1402  17.043  16.794 -3.050
1403  17.043  16.560 -2.984
1404  17.043  15.877 -2.920
1405  17.043  16.669 -2.849
1406  17.043  14.780 -2.790
1407  17.043  15.487 -2.720
1408  17.043  15.790 -2.651
1409  17.043  15.976 -2.583
1410  17.043  16.539 -2.513
1411  17.043  15.694 -2.446
1412  17.043  15.928 -2.377
1413  17.043  15.707 -2.311
1414  17.043  17.684 -2.235
1415  17.043  15.474 -2.174
1416  17.043  16.410 -2.103
1417  17.043  15.446 -2.038
1418  17.043  16.251 -1.968
1419  17.043  15.943 -1.902
1420  17.043  16.277 -1.833
1421  17.043  16.226 -1.764
1422  17.043  15.552 -1.698
1423  17.043  16.764 -1.626
1424  17.043  16.790 -1.556
1425  17.043  16.211 -1.490
1426  17.043  15.915 -1.423
1427  17.043  16.094 -1.354
1428  17.043  16.685 -1.283
1429  17.043  16.031 -1.217
1430  17.043  16.109 -1.148
1431  17.043  16.323 -1.080
1432  17.043  16.218 -1.012
1433  17.043  16.527 -0.943
1434  17.043  15.961 -0.876
1435  17.043  15.834 -0.809
1436  17.043  16.006 -0.741
1437  17.043  16.483 -0.671
1438  17.043  16.588 -0.602
1439  17.043  16.321 -0.536
1440  17.043  15.718 -0.470
1441  17.043  16.834 -0.397
1442  17.043  15.839 -0.334
1443  17.043  15.948 -0.266
1444  17.043  16.116 -0.197
1445  17.043  15.683 -0.130
1446  17.043  17.381 -0.055
1447  17.043  16.749  0.013
1448  17.043  17.221  0.082
1449  17.043  16.669  0.149
1450  17.043  16.023  0.214
1451  17.043  15.940  0.284
1452  17.043  14.845  0.346
1453  17.043  15.857  0.418
1454  17.043  15.834  0.486
1455  17.043  15.775  0.553
1456  17.043  16.850  0.625
1457  17.043  15.693  0.689
1458  17.043  15.064  0.753
1459  17.043  16.603  0.827
1460  17.043  16.476  0.895
1461  17.043  16.511  0.965
1462  17.043  15.594  1.029
1463  17.043  16.132  1.099
1464  17.043  15.751  1.167
1465  17.043  15.595  1.234
1466  17.043  15.783  1.304
1467  17.043  16.435  1.375
1468  17.043  16.300  1.444
1469  17.043  16.290  1.510
1470  17.043  16.255  1.580
1471  17.043  16.028  1.649
1472  17.043  15.941  1.715
1473  17.043  16.635  1.784
1474  17.043  15.809  1.849
1475  17.043  15.141  1.914
1476  17.043  15.977  1.984
1477  17.043  16.203  2.054
1478  17.043  15.400  2.117
1479  17.043  16.198  2.189
1480  17.043  15.931  2.256
1481  17.043  16.486  2.327
1482  17.043  15.606  2.393
1483  17.043  15.607  2.463
1484  17.043  15.937  2.531
1485  17.043  16.373  2.600
1486  17.043  15.523  2.663
1487  17.043  16.899  2.738
1488  17.043  15.594  2.801
1489  17.043  15.565  2.869
1490  17.043  16.217  2.939
1491  17.043  15.603  3.006
1492  17.043  14.655  3.071
1493  17.043  16.649  3.147
1494  17.043  15.967  3.212
1495  17.043  15.672  3.280
1496  17.043  16.247  3.351
1497  17.043  15.252  3.416
1498  17.043  15.567  3.486
1499  17.043  16.343  3.558
1500  17.043  17.169  3.630
1501  17.043  15.535  3.693
1502  17.043  16.760  3.766
1503  17.043  16.495  3.834
1504  17.043  15.740  3.898
1505  17.043  16.904  3.969
1506  17.043  15.673  4.032
1507  17.043  16.344  4.103
1508  17.043  15.744  4.167
1509  17.043  16.084  4.236
1510  17.043  16.260  4.305
1511  17.043  15.921  4.370
1512  17.043  15.803  4.437
1513  17.043  16.116  4.506
1514  17.043  16.249  4.576
1515  17.043  16.366  4.644
1516  17.043  16.203  4.712
1517  17.043  16.129  4.782
1518  17.043  16.398  4.851
1519  17.043  16.293  4.920
1520  17.043  16.522  4.990
1521  17.043  15.614  5.056
1522  17.043  15.817  5.125
1523  17.043  15.847  5.194
1524  17.043  15.630  5.260
1525  17.043  15.985  5.329
1526  17.043  16.329  5.398
1527  17.043  15.663  5.463
1528  17.043  15.661  5.530
1529  17.043  16.321  5.601
1530  17.043  15.904  5.667
1531  17.043  16.697  5.737
1532  17.043  16.718  5.804
1533  17.043  16.098  5.870
1534  17.043  16.605  5.941
1535  17.043  15.439  6.004
1536  17.043  16.320  6.076
1537  17.043  17.136  6.148
1538  17.043  15.717  6.212
1539  0.000  16.784  6.286
1540  0.000  15.597  6.351
1541  0.000  10.747  6.389
1542  0.000  2.052  6.384
1543  0.000 -5.328  6.346
1544  0.000 -3.465  6.333
1545  0.000  3.759  6.362
1546  0.000  5.152  6.389
1547  0.000  0.009  6.382
1548  0.000 -4.129  6.357
1549  0.000 -5.092  6.333
1550  0.000  2.277  6.356
1551  0.000  3.185  6.372
1552  0.000  2.234  6.381
1553  0.000 -0.358  6.375
1554  0.000 -4.595  6.345
1555  0.000 -1.196  6.344
1556  0.000  1.931  6.359
1557  0.000  1.505  6.363
1558  0.000  1.220  6.368
1559  0.000 -0.503  6.363
1560  0.000 -0.652  6.359
1561  0.000 -0.401  6.359
1562  0.000 -0.673  6.355
1563  0.000 -0.742  6.350
1564  0.000 -0.489  6.347
1565  0.000 -1.076  6.343
1566  0.000 -0.452  6.343
1567  0.000 -0.329  6.339
1568  0.000  0.330  6.339
1569  0.000  0.005  6.337
1570  0.000  0.568  6.339
1571  0.000 -0.365  6.335
1572  0.000  0.394  6.338
1573  0.000  1.083  6.343
1574  0.000 -0.225  6.339
1575  0.000 -0.939  6.337
1576  0.000  0.598  6.343
1577  0.000 -0.450  6.339
1578  0.000  0.627  6.343
1579  0.000 -0.537  6.339
1580  0.000 -0.410  6.339
1581  0.000  0.172  6.341
1582  0.000 -1.033  6.337
1583  0.000 -0.523  6.339
1584  0.000  0.996  6.346
1585  0.000 -0.766  6.339
1586  0.000  0.612  6.345
1587  0.000  0.092  6.342
1588  0.000 -0.357  6.340
1589  0.000  0.639  6.344
1590  0.000 -0.128  6.341
1591  0.000 -0.375  6.339
1592  0.000  0.773  6.344
1593  0.000  0.003  6.341
1594  0.000  0.371  6.343
1595  0.000  0.157  6.342
1596  0.000 -0.483  6.339
1597  0.000  0.388  6.343
1598  0.000  0.220  6.343
1599  0.000 -0.044  6.342
1600  0.000  1.091  6.346
1601  0.000  0.843  6.345
1602 -19.216  1.005  6.346
1603 -19.216 -1.336  6.336
1604 -19.216 -5.112  6.311
1605 -19.216 -13.206  6.241
1606 -19.216 -23.387  6.119
1607 -19.216 -24.471  6.013
1608 -19.216 -18.002  5.948
1609 -19.216 -12.771  5.905
1610 -19.216 -14.088  5.846
1611 -19.216 -17.175  5.767
1612 -19.216 -22.899  5.658
1613 -19.216 -22.179  5.562
1614 -19.216 -15.786  5.505
1615 -19.216 -12.916  5.460
1616 -19.216 -16.776  5.381
1617 -19.216 -21.502  5.281
1618 -19.216 -23.005  5.179
1619 -19.216 -18.927  5.105
1620 -19.216 -13.554  5.062
1621 -19.216 -15.046  4.997
1622 -19.216 -19.187  4.907
1623 -19.216 -21.574  4.812
1624 -19.216 -22.386  4.716
1625 -19.216 -17.399  4.653
1626 -19.216 -15.693  4.591
1627 -19.216 -18.778  4.509
1628 -19.216 -18.915  4.430
1629 -19.216 -19.600  4.345
1630 -19.216 -19.232  4.262
1631 -19.216 -17.238  4.192
1632 -19.216 -17.685  4.117
1633 -19.216 -18.707  4.037
1634 -19.216 -19.086  3.956
1635 -19.216 -19.692  3.871
1636 -19.216 -17.784  3.799
1637 -19.216 -17.548  3.726
1638 -19.216 -18.741  3.646
1639 -19.216 -17.434  3.576
1640 -19.216 -18.074  3.499
1641 -19.216 -18.489  3.421
1642 -19.216 -19.328  3.340
1643 -19.216 -18.261  3.268
1644 -19.216 -18.983  3.187
1645 -19.216 -16.911  3.119
1646 -19.216 -19.698  3.029
1647 -19.216 -18.562  2.955
1648 -19.216 -18.887  2.876
1649 -19.216 -18.917  2.797
1650 -19.216 -19.114  2.717
1651 -19.216 -17.772  2.643
1652 -19.216 -17.541  2.567
1653 -19.216 -18.718  2.485
1654 -19.216 -17.907  2.412
1655 -19.216 -18.153  2.332
1656 -19.216 -17.892  2.256
1657 -19.216 -18.275  2.179
1658 -19.216 -17.696  2.105
1659 -19.216 -17.851  2.029
1660 -19.216 -18.094  1.954
1661 -19.216 -17.623  1.881
1662 -19.216 -17.854  1.803
1663 -19.216 -18.092  1.727
1664 -19.216 -18.549  1.649
1665 -19.216 -18.257  1.571
1666 -19.216 -18.305  1.496
1667 -19.216 -18.595  1.415
1668 -19.216 -18.786  1.334
1669 -19.216 -17.923  1.260
1670 -19.216 -19.081  1.178
1671 -19.216 -17.677  1.106
1672 -19.216 -18.148  1.028
1673 -19.216 -17.979  0.952
1674 -19.216 -17.859  0.878
1675 -19.216 -18.956  0.796
1676 -19.216 -18.394  0.720
1677 -19.216 -17.722  0.646
1678 -19.216 -17.466  0.571
1679 -19.216 -18.309  0.491
1680 -19.216 -18.382  0.414
1681 -19.216 -17.735  0.342
1682 -19.216 -17.204  0.268
1683 -19.216 -17.988  0.189
1684 -19.216 -18.000  0.110
1685 -19.216 -17.812  0.034
1686 -19.216 -18.882 -0.045
1687 -19.216 -18.288 -0.120
1688 -19.216 -19.372 -0.204
1689 -19.216 -17.372 -0.273
1690 -19.216 -19.572 -0.358
1691 -19.216 -18.250 -0.430
1692 -19.216 -17.559 -0.504
1693 -19.216 -18.319 -0.584
1694 -19.216 -17.719 -0.659
1695 -19.216 -18.005 -0.737
1696 -19.216 -19.694 -0.820
1697 -19.216 -18.303 -0.894
1698 -19.216 -17.790 -0.967
1699 -19.216 -18.244 -1.047
1700 -19.216 -18.889 -1.127
1701 -19.216 -17.247 -1.196
1702 -19.216 -18.031 -1.274
1703 -19.216 -18.268 -1.352
1704 -19.216 -17.666 -1.425
1705 -19.216 -17.928 -1.504
1706 -19.216 -17.182 -1.579
1707 -19.216 -18.940 -1.661
1708 -19.216 -18.358 -1.738
1709 -19.216 -17.807 -1.811
1710 -19.216 -18.531 -1.892
1711 -19.216 -19.762 -1.975
1712 -19.216 -18.608 -2.048
1713 -19.216 -17.791 -2.121
1714 -19.216 -18.397 -2.200
1715 -19.216 -17.885 -2.276
1716 -19.216 -18.092 -2.351
1717 -19.216 -19.419 -2.435
1718 -19.216 -17.089 -2.501
1719 -19.216 -18.887 -2.583
1720 -19.216 -17.890 -2.656
1721 -19.216 -17.728 -2.732
1722 -19.216 -18.233 -2.810
1723 -19.216 -18.438 -2.888
1724 -19.216 -17.617 -2.962
1725 -19.216 -18.377 -3.041
1726 -19.216 -17.704 -3.114
1727 -19.216 -19.094 -3.195
1728 -19.216 -18.462 -3.270
1729 -19.216 -19.203 -3.353
1730 -19.216 -17.172 -3.421
1731 -19.216 -18.503 -3.505
1732 -19.216 -19.364 -3.587
1733 -19.216 -18.206 -3.660
1734 -19.216 -17.519 -3.732
1735 -19.216 -18.454 -3.815
1736 -19.216 -17.991 -3.889
1737 -19.216 -18.926 -3.970
1738 -19.216 -18.972 -4.047
1739 -19.216 -17.998 -4.119
1740 -19.216 -18.272 -4.197
1741 -19.216 -18.179 -4.274
1742 -19.216 -17.507 -4.348
1743 -19.216 -17.923 -4.424
1744 -19.216 -18.191 -4.501
1745 -19.216 -18.869 -4.579
1746 -19.216 -17.740 -4.653
1747 -19.216 -17.343 -4.728
1748 -19.216 -18.787 -4.809
1749 -19.216 -18.271 -4.885
1750 -19.216 -18.817 -4.964
1751 -19.216 -18.163 -5.039
1752 -19.216 -17.739 -5.115
1753 -19.216 -17.874 -5.194
1754 -19.216 -18.011 -5.270
1755 -19.216 -17.976 -5.345
1756 -19.216 -17.942 -5.423
1757 -19.216 -18.246 -5.500
1758 -19.216 -18.281 -5.579
1759 -19.216 -17.483 -5.651
1760 -19.216 -18.219 -5.730
1761 -19.216 -18.233 -5.806
1762 -19.216 -17.664 -5.881
1763 -19.216 -17.201 -5.956
1764 -19.216 -18.215 -6.036
1765 -19.216 -19.021 -6.117
1766 -19.216 -17.146 -6.186
1767  0.000 -18.495 -6.270
1768  0.000 -16.431 -6.336
1769  0.000 -13.084 -6.388
1770  0.000 -5.609 -6.399
1771  0.000  0.521 -6.382
1772  0.000  1.273 -6.372
1773  0.000  1.374 -6.364
1774  0.000  0.034 -6.369
1775  0.000 -2.206 -6.380
1776  0.000 -0.294 -6.376
1777  0.000 -0.170 -6.377
1778  0.000 -1.706 -6.385
1779  0.000  0.750 -6.375
1780  0.000  0.394 -6.372
1781  0.000  0.809 -6.367
1782  0.000  1.599 -6.360
1783  0.000 -0.740 -6.367
1784  0.000  0.650 -6.362
1785  0.000  1.264 -6.359
1786  0.000  1.294 -6.351
1787  0.000  1.386 -6.342
1788  0.000  2.094 -6.335
1789  0.000  0.834 -6.334
1790  0.000  0.863 -6.331
1791  0.000  0.000 -6.333
1792  0.000 -0.332 -6.331
1793  0.000  1.044 -6.324
1794  0.000 -0.290 -6.329
1795  0.000  0.501 -6.326
1796  0.000  0.695 -6.326
1797  0.000 -0.451 -6.333
1798  0.000 -0.809 -6.334
1799  0.000  0.296 -6.330
1800  0.000  0.188 -6.331
1801  0.000  0.184 -6.330
1802  0.000 -0.719 -6.334
1803  0.000  1.113 -6.327
1804  0.000 -0.601 -6.334
1805  0.000 -0.488 -6.335
1806  0.000 -0.865 -6.336
1807  0.000 -0.336 -6.335
1808  0.000 -0.025 -6.333
1809  0.000 -0.296 -6.335
1810  0.000 -0.602 -6.336
1811  0.000  0.118 -6.333
1812  0.000 -0.157 -6.334
1813  0.000 -0.438 -6.335
1814  0.000 -0.836 -6.337
1815  0.000 -0.770 -6.338
1816  0.000  0.753 -6.332
1817  0.000 -0.102 -6.335
1818  0.000 -0.105 -6.333
1819  0.000 -0.132 -6.334
1820  0.000 -0.430 -6.336
1821  0.000  0.156 -6.333
1822  0.000 -0.058 -6.335
1823  0.000 -0.059 -6.335
1824  0.000  0.233 -6.333
1825  0.000  0.348 -6.333
1826  0.000 -0.130 -6.334
1827  0.000  0.381 -6.331
1828  0.000 -0.819 -6.336
1829  0.000  0.884 -6.329
1830  21.205  0.025 -6.333
1831  21.205  1.287 -6.329
1832  21.205  6.208 -6.296
1833  21.205  13.522 -6.226
1834  21.205  21.226 -6.119
1835  21.205  22.692 -6.023
1836  21.205  23.897 -5.919
1837  21.205  22.906 -5.825
1838  21.205  18.910 -5.749
1839  21.205  17.942 -5.675
1840  21.205  17.556 -5.602
1841  21.205  16.279 -5.536
1842  21.205  17.699 -5.459
1843  21.205  22.701 -5.355
1844  21.205  23.825 -5.249
1845  21.205  22.143 -5.160
1846  21.205  20.496 -5.075
1847  21.205  18.826 -4.999
1848  21.205  19.190 -4.917
1849  21.205  21.978 -4.821
1850  21.205  22.445 -4.727
1851  21.205  20.706 -4.644
1852  21.205  20.540 -4.558
1853  21.205  19.436 -4.477
1854  21.205  20.260 -4.391
1855  21.205  19.585 -4.311
1856  21.205  19.733 -4.226
1857  21.205  22.317 -4.127
1858  21.205  21.953 -4.033
1859  21.205  21.590 -3.941
1860  21.205  21.757 -3.850
1861  21.205  21.729 -3.762
1862  21.205  19.910 -3.684
1863  21.205  19.168 -3.604
1864  21.205  19.194 -3.519
1865  21.205  18.261 -3.441
1866  21.205  19.124 -3.356
1867  21.205  19.325 -3.273
1868  21.205  18.068 -3.196
1869  21.205  19.194 -3.110
1870  21.205  19.243 -3.028
1871  21.205  19.489 -2.945
1872  21.205  20.040 -2.858
1873  21.205  20.097 -2.774
1874  21.205  19.881 -2.689
1875  21.205  19.991 -2.600
1876  21.205  20.698 -2.511
1877  21.205  20.684 -2.424
1878  21.205  19.348 -2.343
1879  21.205  20.665 -2.251
1880  21.205  19.958 -2.168
1881  21.205  20.528 -2.081
1882  21.205  21.545 -1.991
1883  21.205  18.716 -1.919
1884  21.205  19.223 -1.833
1885  21.205  19.573 -1.748
1886  21.205  19.536 -1.665
1887  21.205  19.108 -1.583
1888  21.205  20.003 -1.496
1889  21.205  19.787 -1.412
1890  21.205  20.053 -1.328
1891  21.205  19.952 -1.243
1892  21.205  20.693 -1.156
1893  21.205  20.484 -1.071
1894  21.205  19.888 -0.987
1895  21.205  20.702 -0.898
1896  21.205  19.749 -0.816
1897  21.205  20.337 -0.729
1898  21.205  20.711 -0.641
1899  21.205  21.059 -0.555
1900  21.205  19.450 -0.478
1901  21.205  19.223 -0.393
1902  21.205  19.572 -0.309
1903  21.205  20.142 -0.223
1904  21.205  20.215 -0.137
1905  21.205  20.451 -0.052
1906  21.205  18.956  0.028
1907  21.205  19.863  0.115
1908  21.205  20.573  0.202
1909  21.205  20.532  0.288
1910  21.205  19.947  0.370
1911  21.205  19.400  0.454
1912  21.205  19.901  0.541
1913  21.205  19.663  0.625
1914  21.205  20.411  0.714
1915  21.205  19.767  0.796
1916  21.205  20.339  0.882
1917  21.205  19.615  0.965
1918  21.205  19.310  1.047
1919  21.205  19.881  1.134
1920  21.205  19.249  1.216
1921  21.205  20.077  1.304
1922  21.205  20.199  1.390
1923  21.205  20.134  1.474
1924  21.205  20.944  1.563
1925  21.205  21.364  1.651
1926  21.205  19.253  1.728
1927  21.205  20.380  1.817
1928  21.205  19.310  1.899
1929  21.205  19.377  1.981
1930  21.205  20.405  2.070
1931  21.205  18.682  2.149
1932  21.205  20.658  2.241
1933  21.205  19.338  2.319
1934  21.205  20.996  2.409
1935  21.205  20.413  2.493
1936  21.205  20.290  2.577
1937  21.205  19.780  2.659
1938  21.205  20.102  2.745
1939  21.205  19.604  2.829
1940  21.205  19.450  2.912
1941  21.205  20.026  3.000
1942  21.205  19.817  3.083
1943  21.205  20.556  3.173
1944  21.205  20.042  3.256
1945  21.205  20.746  3.343
1946  21.205  19.981  3.426
1947  21.205  20.129  3.512
1948  21.205  19.588  3.597
1949  21.205  21.398  3.690
1950  21.205  20.290  3.770
1951  21.205  19.465  3.851
1952  21.205  19.588  3.934
1953  21.205  20.356  4.021
1954  21.205  19.897  4.105
1955  21.205  19.266  4.186
1956  21.205  20.645  4.276
1957  21.205  20.032  4.359
1958  21.205  19.188  4.440
1959  21.205  19.973  4.527
1960  21.205  20.767  4.614
1961  21.205  20.487  4.698
1962  21.205  20.050  4.782
1963  21.205  20.039  4.868
1964  21.205  20.365  4.954
1965  21.205  20.522  5.042
1966  21.205  20.204  5.123
1967  21.205  20.229  5.209
1968  21.205  20.064  5.292
1969  21.205  20.183  5.378
1970  21.205  19.289  5.459
1971  21.205  20.008  5.545
1972  21.205  19.980  5.630
1973  21.205  19.653  5.714
1974  21.205  19.173  5.796
1975  21.205  20.178  5.885
1976  21.205  18.956  5.965
1977  21.205  20.701  6.056
1978  21.205  19.786  6.138
1979  21.205  19.884  6.223
1980  0.000  19.895  6.309
1981  0.000  20.501  6.396
1982  0.000  12.837  6.435
1983  0.000  1.599  6.424
1984  0.000 -5.758  6.385
1985  0.000 -4.281  6.366
1986  0.000  4.072  6.402
1987  0.000  6.282  6.437
1988  0.000  0.388  6.430
1989  0.000 -4.242  6.402
1990  0.000 -5.182  6.375
1991  0.000  1.273  6.389
1992  0.000  2.743  6.406
1993  0.000  3.902  6.423
1994  0.000 -0.075  6.416
1995  0.000 -2.372  6.402
1996  0.000 -2.900  6.385
1997  0.000 -0.072  6.391
1998  0.000  1.497  6.401
1999  0.000  2.797  6.417
2000  0.000 -0.981  6.409
2001  0.000 -1.656  6.404
2002  0.000 -1.808  6.393
2003  0.000  0.073  6.395
2004  0.000  0.599  6.399
2005  0.000 -0.587  6.397
2006  0.000 -0.190  6.399
2007  0.000 -0.441  6.396
2008  0.000 -0.926  6.393
2009  0.000 -0.431  6.392
2010  0.000 -1.356  6.385
2011  0.000 -1.298  6.382
2012  0.000 -0.911  6.379
2013  0.000 -1.508  6.373
2014  0.000  0.368  6.379
2015  0.000 -1.021  6.372
2016  0.000  0.415  6.376
2017  0.000  0.721  6.376
2018  0.000  0.056  6.374
2019  0.000 -0.582  6.372
2020  0.000  0.335  6.377
2021  0.000 -0.425  6.374
2022  0.000 -0.066  6.376
2023  0.000  0.711  6.379
2024  0.000 -0.687  6.375
2025  0.000  0.562  6.380
2026  0.000 -0.348  6.376
2027  0.000  0.815  6.381
2028  0.000 -0.048  6.378
2029  0.000 -0.546  6.376
2030  0.000  0.098  6.379
2031  0.000 -1.025  6.374
2032  0.000 -0.148  6.377
2033  0.000  0.680  6.381
2034  0.000  0.185  6.380
2035  0.000 -0.816  6.375
2036  0.000  0.931  6.382
2037  0.000 -0.280  6.377
2038  0.000  0.244  6.379
2039  0.000 -0.140  6.378
2040  0.000 -0.345  6.378
2041  0.000  0.261  6.379
2042  0.000 -0.655  6.376
2043 -23.064  0.675  6.381
2044 -23.064 -0.868  6.375
2045 -23.064 -6.344  6.339
2046 -23.064 -18.235  6.241
2047 -23.064 -26.780  6.108
2048 -23.064 -27.465  5.986
2049 -23.064 -21.223  5.906
2050 -23.064 -14.776  5.859
2051 -23.064 -17.223  5.784
2052 -23.064 -21.920  5.684
2053 -23.064 -28.280  5.548
2054 -23.064 -26.764  5.434
2055 -23.064 -18.712  5.368
2056 -23.064 -17.504  5.299
2057 -23.064 -20.562  5.210
2058 -23.064 -23.866  5.107
2059 -23.064 -25.530  4.996
2060 -23.064 -24.424  4.891
2061 -23.064 -19.124  4.823
2062 -23.064 -18.589  4.749
2063 -23.064 -19.592  4.662
2064 -23.064 -24.947  4.544
2065 -23.064 -24.830  4.434
2066 -23.064 -20.290  4.350
2067 -23.064 -19.392  4.269
2068 -23.064 -17.916  4.200
2069 -23.064 -20.826  4.109
2070 -23.064 -25.931  3.989
2071 -23.064 -25.976  3.876
2072 -23.064 -22.617  3.787
2073 -23.064 -21.387  3.709
2074 -23.064 -19.169  3.634
2075 -23.064 -22.442  3.533
2076 -23.064 -22.942  3.435
2077 -23.064 -24.210  3.328
2078 -23.064 -22.442  3.237
2079 -23.064 -21.192  3.154
2080 -23.064 -20.423  3.072
2081 -23.064 -21.767  2.978
2082 -23.064 -23.704  2.873
2083 -23.064 -23.422  2.774
2084 -23.064 -21.012  2.690
2085 -23.064 -20.178  2.603
2086 -23.064 -22.162  2.504
2087 -23.064 -20.767  2.419
2088 -23.064 -22.488  2.321
2089 -23.064 -20.090  2.236
2090 -23.064 -22.620  2.132
2091 -23.064 -22.394  2.039
2092 -23.064 -22.603  1.944
2093 -23.064 -22.629  1.849
2094 -23.064 -22.267  1.756
2095 -23.064 -21.761  1.664
2096 -23.064 -21.309  1.572
2097 -23.064 -21.372  1.479
2098 -23.064 -21.743  1.385
2099 -23.064 -20.967  1.296
2100 -23.064 -21.158  1.203
2101 -23.064 -21.978  1.107
2102 -23.064 -20.549  1.022
2103 -23.064 -21.552  0.929
2104 -23.064 -22.154  0.836
2105 -23.064 -21.458  0.747
2106 -23.064 -20.990  0.658
2107 -23.064 -20.980  0.566
2108 -23.064 -22.416  0.468
2109 -23.064 -21.712  0.378
2110 -23.064 -22.041  0.287
2111 -23.064 -21.908  0.194
2112 -23.064 -21.682  0.102
2113 -23.064 -22.710  0.005
2114 -23.064 -21.940 -0.084
2115 -23.064 -21.680 -0.175
2116 -23.064 -21.009 -0.265
2117 -23.064 -22.470 -0.364
2118 -23.064 -21.956 -0.457
2119 -23.064 -21.340 -0.547
2120 -23.064 -22.461 -0.644
2121 -23.064 -21.174 -0.733
2122 -23.064 -21.511 -0.826
2123 -23.064 -21.835 -0.920
2124 -23.064 -20.777 -1.007
2125 -23.064 -22.042 -1.105
2126 -23.064 -21.503 -1.195
2127 -23.064 -21.457 -1.286
2128 -23.064 -22.108 -1.380
2129 -23.064 -21.229 -1.468
2130 -23.064 -22.636 -1.567
2131 -23.064 -21.391 -1.653
2132 -23.064 -22.247 -1.748
2133 -23.064 -20.880 -1.834
2134 -23.064 -21.489 -1.928
2135 -23.064 -22.419 -2.026
2136 -23.064 -21.379 -2.113
2137 -23.064 -22.266 -2.208
2138 -23.064 -22.083 -2.300
2139 -23.064 -21.873 -2.393
2140 -23.064 -22.135 -2.487
2141 -23.064 -22.052 -2.579
2142 -23.064 -21.218 -2.666
2143 -23.064 -21.965 -2.761
2144 -23.064 -21.589 -2.851
2145 -23.064 -20.979 -2.941
2146 -23.064 -20.219 -3.029
2147 -23.064 -21.769 -3.127
2148 -23.064 -22.167 -3.220
2149 -23.064 -22.286 -3.314
2150 -23.064 -22.133 -3.406
2151 -23.064 -22.319 -3.499
2152 -23.064 -22.611 -3.594
2153 -23.064 -21.642 -3.682
2154 -23.064 -23.061 -3.781
2155 -23.064 -20.697 -3.865
2156 -23.064 -21.964 -3.962
2157 -23.064 -20.884 -4.050
2158 -23.064 -22.157 -4.149
2159 -23.064 -22.133 -4.242
2160 -23.064 -21.619 -4.331
2161 -23.064 -21.021 -4.420
2162 -23.064 -20.948 -4.513
2163 -23.064 -22.112 -4.609
2164 -23.064 -22.146 -4.700
2165 -23.064 -21.516 -4.788
2166 -23.064 -21.785 -4.883
2167 -23.064 -22.725 -4.979
2168 -23.064 -20.998 -5.064
2169 -23.064 -22.751 -5.164
2170 -23.064 -22.098 -5.253
2171 -23.064 -21.534 -5.343
2172 -23.064 -22.316 -5.440
2173 -23.064 -21.459 -5.528
2174 -23.064 -20.823 -5.619
2175 -23.064 -22.074 -5.714
2176 -23.064 -21.412 -5.805
2177 -23.064 -20.806 -5.893
2178 -23.064 -22.110 -5.990
2179 -23.064 -21.551 -6.080
2180 -23.064 -21.691 -6.174
2181  0.000 -21.454 -6.267
2182  0.000 -20.778 -6.353
2183  0.000 -14.908 -6.409
2184  0.000 -4.060 -6.408
2185  0.000  3.092 -6.382
2186  0.000  0.498 -6.382
2187  0.000 -0.593 -6.385
2188  0.000 -0.050 -6.388
2189  0.000  1.323 -6.380
2190  0.000  0.123 -6.384
2191  0.000 -1.807 -6.397
2192  0.000 -0.274 -6.395
2193  0.000  1.138 -6.391
2194  0.000 -0.040 -6.392
2195  0.000  0.430 -6.387
2196  0.000  1.894 -6.376
2197  0.000  2.080 -6.369
2198  0.000  0.931 -6.369
2199  0.000  1.237 -6.364
2200  0.000  1.674 -6.358
2201  0.000  0.604 -6.358
2202  0.000  0.226 -6.359
2203  0.000  0.029 -6.360
2204  0.000  0.107 -6.362
2205  0.000 -0.685 -6.366
2206  0.000  1.122 -6.359
2207  0.000  0.019 -6.359
2208  0.000  1.152 -6.350
2209  0.000 -0.088 -6.352
2210  0.000  0.393 -6.349
2211  0.000 -0.868 -6.354
2212  0.000  0.727 -6.350
2213  0.000 -0.522 -6.356
2214  0.000  1.441 -6.346
2215  0.000  0.665 -6.346
2216  0.000 -0.537 -6.351
2217  0.000 -0.539 -6.349
2218  0.000  0.614 -6.344
2219  0.000 -0.466 -6.349
2220  0.000 -0.346 -6.349
2221  0.000  1.313 -6.342
2222  0.000 -0.589 -6.349
2223  0.000  0.451 -6.345
2224  0.000  0.515 -6.346
2225  0.000  0.582 -6.346
2226  0.000 -1.675 -6.355
2227  0.000 -0.169 -6.349
2228  0.000  0.366 -6.346
2229  0.000 -0.974 -6.351
2230  0.000 -0.344 -6.349
2231  0.000  0.462 -6.345
2232  0.000  0.537 -6.344
2233  0.000  0.509 -6.344
2234  0.000 -0.152 -6.347
2235  0.000  0.125 -6.346
2236  0.000  0.195 -6.346
2237  0.000 -0.329 -6.349
2238  0.000  1.182 -6.343
2239  0.000 -1.061 -6.352
2240  0.000  0.168 -6.347
2241  0.000 -0.272 -6.349
2242  0.000  0.585 -6.345
2243  0.000 -0.617 -6.349
2244  24.818 -0.168 -6.349
2245  24.818  1.422 -6.342
2246  24.818  6.838 -6.303
2247  24.818  18.112 -6.205
2248  24.818  24.651 -6.085
2249  24.818  28.131 -5.958
2250  24.818  26.802 -5.848
2251  24.818  24.896 -5.744
2252  24.818  21.789 -5.657
2253  24.818  20.074 -5.577
2254  24.818  19.338 -5.497
2255  24.818  19.754 -5.413
2256  24.818  25.497 -5.294
2257  24.818  27.861 -5.171
2258  24.818  27.915 -5.052
2259  24.818  22.600 -4.967
2260  24.818  22.274 -4.873
2261  24.818  22.725 -4.773
2262  24.818  23.607 -4.668
2263  24.818  23.476 -4.569
2264  24.818  22.418 -4.478
2265  24.818  23.855 -4.372
2266  24.818  23.986 -4.269
2267  24.818  23.426 -4.167
2268  24.818  23.181 -4.069
2269  24.818  24.539 -3.969
2270  24.818  23.517 -3.873
2271  24.818  22.650 -3.776
2272  24.818  23.133 -3.673
2273  24.818  23.301 -3.573
2274  24.818  23.670 -3.471
2275  24.818  24.023 -3.369
2276  24.818  24.984 -3.264
2277  24.818  23.395 -3.167
2278  24.818  27.541 -3.041
2279  24.818  25.785 -2.939
2280  24.818  25.647 -2.830
2281  24.818  21.429 -2.745
2282  24.818  23.229 -2.643
2283  24.818  24.259 -2.539
2284  24.818  23.265 -2.442
2285  24.818  23.048 -2.347
2286  24.818  22.995 -2.251
2287  24.818  23.337 -2.152
2288  24.818  22.251 -2.061
2289  24.818  23.316 -1.961
2290  24.818  22.305 -1.871
2291  24.818  23.920 -1.770
2292  24.818  22.150 -1.681
2293  24.818  23.537 -1.578
2294  24.818  24.293 -1.474
2295  24.818  23.282 -1.379
2296  24.818  24.145 -1.274
2297  24.818  23.583 -1.175
2298  24.818  23.298 -1.076
2299  24.818  24.740 -0.970
2300  24.818  24.412 -0.869
2301  24.818  24.180 -0.770
2302  24.818  24.408 -0.668
2303  24.818  23.347 -0.571
2304  24.818  23.324 -0.474
2305  24.818  23.251 -0.373
2306  24.818  23.410 -0.275
2307  24.818  23.693 -0.176
2308  24.818  22.763 -0.081
2309  24.818  22.682  0.016
2310  24.818  23.858  0.120
2311  24.818  24.177  0.220
2312  24.818  23.525  0.316
2313  24.818  22.812  0.411
2314  24.818  23.453  0.513
2315  24.818  23.324  0.613
2316  24.818  23.822  0.714
2317  24.818  25.0100  0.818
2318  24.818  24.976  0.918
2319  24.818  22.870  1.009
2320  24.818  22.951  1.109
2321  24.818  25.412  1.218
2322  24.818  22.923  1.308
2323  24.818  24.271  1.415
2324  24.818  22.534  1.508
2325  24.818  23.081  1.609
2326  24.818  22.792  1.707
2327  24.818  23.525  1.808
2328  24.818  22.874  1.905
2329  24.818  23.920  2.008
2330  24.818  23.316  2.105
2331  24.818  22.903  2.203
2332  24.818  24.338  2.305
2333  24.818  23.063  2.399
2334  24.818  23.438  2.501
2335  24.818  22.306  2.595
2336  24.818  23.580  2.697
2337  24.818  22.567  2.793
2338  24.818  24.595  2.899
2339  24.818  23.667  2.996
2340  24.818  22.860  3.092
2341  24.818  23.303  3.194
2342  24.818  23.609  3.294
2343  24.818  24.348  3.397
2344  24.818  22.565  3.490
2345  24.818  24.464  3.597
2346  24.818  23.155  3.694
2347  24.818  25.383  3.802
2348  24.818  23.556  3.895
2349  24.818  23.428  3.992
2350  24.818  24.122  4.096
2351  24.818  22.038  4.187
2352  24.818  23.191  4.289
2353  24.818  22.314  4.385
2354  24.818  24.076  4.489
2355  24.818  22.637  4.582
2356  24.818  23.667  4.685
2357  24.818  23.818  4.785
2358  24.818  23.851  4.885
2359  24.818  23.909  4.984
2360  24.818  23.236  5.081
2361  24.818  23.143  5.180
2362  24.818  23.592  5.281
2363  24.818  24.295  5.381
2364  24.818  23.555  5.478
2365  24.818  23.610  5.579
2366  24.818  23.224  5.677
2367  24.818  23.489  5.777
2368  24.818  23.456  5.876
2369  24.818  23.073  5.974
2370  24.818  24.051  6.076
2371  24.818  23.360  6.173
2372  0.000  23.416  6.272
2373  0.000  22.261  6.366
2374  0.000  16.289  6.424
2375  0.000  3.409  6.412
2376  0.000 -7.536  6.356
2377  0.000 -3.962  6.340
2378  0.000  5.688  6.382
2379  0.000  7.495  6.420
2380  0.000 -1.040  6.401
2381  0.000 -7.036  6.356
2382  0.000 -1.723  6.355
2383  0.000  5.294  6.391
2384  0.000  3.005  6.403
2385  0.000 -2.600  6.385
2386  0.000 -4.093  6.362
2387  0.000  0.016  6.368
2388  0.000  4.544  6.395
2389  0.000  0.181  6.389
2390  0.000 -2.065  6.375
2391  0.000 -1.988  6.362
2392  0.000  1.672  6.372
2393  0.000  1.854  6.382
2394  0.000 -0.792  6.373
2395  0.000 -2.765  6.359
2396  0.000 -1.431  6.357
2397  0.000  1.757  6.367
2398  0.000  1.632  6.372
2399  0.000 -0.102  6.366
2400  0.000 -2.367  6.354
2401  0.000  1.446  6.367
2402  0.000  1.686  6.371
2403  0.000  0.990  6.371
2404  0.000  0.533  6.371
2405  0.000 -1.317  6.361
2406  0.000  1.032  6.369
2407  0.000  0.451  6.369
2408  0.000  0.527  6.373
2409  0.000 -0.530  6.369
2410  0.000 -0.483  6.368
2411  0.000 -0.518  6.366
2412  0.000 -0.617  6.365
2413  0.000 -0.558  6.362
2414  0.000 -0.763  6.359
2415  0.000 -0.339  6.359
2416  0.000 -0.412  6.356
2417  0.000 -0.168  6.356
2418  0.000  1.011  6.359
2419  0.000 -1.178  6.350
2420  0.000  0.029  6.356
2421  0.000  0.720  6.358
2422  0.000 -0.252  6.354
2423  0.000  0.242  6.357
2424  0.000 -0.059  6.356
2425  0.000  0.936  6.360
2426  0.000 -0.170  6.356
2427  0.000 -0.370  6.355
2428  0.000 -0.769  6.353
2429  0.000  0.130  6.356
2430  0.000 -0.107  6.356
2431  0.000  0.126  6.356
2432  0.000 -0.757  6.353
2433  0.000  0.320  6.356
2434  0.000 -0.678  6.353
2435 -26.485  1.205  6.362
2436 -26.485 -1.566  6.348
2437 -26.485 -8.104  6.308
2438 -26.485 -21.504  6.193
2439 -26.485 -32.928  6.030
2440 -26.485 -32.327  5.892
2441 -26.485 -23.489  5.807
2442 -26.485 -14.588  5.764
2443 -26.485 -20.176  5.673
2444 -26.485 -29.605  5.528
2445 -26.485 -31.633  5.387
2446 -26.485 -26.625  5.280
2447 -26.485 -19.635  5.208
2448 -26.485 -20.157  5.121
2449 -26.485 -24.930  5.008
2450 -26.485 -29.358  4.871
2451 -26.485 -26.974  4.760
2452 -26.485 -23.913  4.665
2453 -26.485 -23.367  4.573
2454 -26.485 -25.058  4.465
2455 -26.485 -27.626  4.345
2456 -26.485 -26.346  4.236
2457 -26.485 -23.511  4.140
2458 -26.485 -23.770  4.043
2459 -26.485 -23.975  3.942
2460 -26.485 -27.168  3.819
2461 -26.485 -27.463  3.700
2462 -26.485 -23.828  3.605
2463 -26.485 -21.003  3.522
2464 -26.485 -24.906  3.413
2465 -26.485 -29.165  3.281
2466 -26.485 -28.141  3.163
2467 -26.485 -25.592  3.059
2468 -26.485 -22.347  2.968
2469 -26.485 -22.459  2.873
2470 -26.485 -24.101  2.771
2471 -26.485 -28.207  2.643
2472 -26.485 -28.138  2.525
2473 -26.485 -26.040  2.418
2474 -26.485 -24.055  2.325
2475 -26.485 -22.632  2.232
2476 -26.485 -24.386  2.126
2477 -26.485 -26.886  2.008
2478 -26.485 -25.468  1.903
2479 -26.485 -24.460  1.802
2480 -26.485 -24.504  1.699
2481 -26.485 -24.543  1.596
2482 -26.485 -25.373  1.488
2483 -26.485 -25.987  1.377
2484 -26.485 -24.499  1.275
2485 -26.485 -27.005  1.155
2486 -26.485 -25.270  1.053
2487 -26.485 -25.830  0.942
2488 -26.485 -25.639  0.835
2489 -26.485 -25.592  0.726
2490 -26.485 -25.141  0.618
2491 -26.485 -25.717  0.509
2492 -26.485 -24.575  0.406
2493 -26.485 -24.950  0.302
2494 -26.485 -25.764  0.192
2495 -26.485 -26.480  0.084
2496 -26.485 -24.177 -0.013
2497 -26.485 -23.738 -0.115
2498 -26.485 -25.777 -0.227
2499 -26.485 -24.096 -0.325
2500 -26.485 -24.993 -0.434
2501 -26.485 -23.911 -0.535
2502 -26.485 -25.382 -0.644
2503 -26.485 -24.763 -0.748
2504 -26.485 -25.036 -0.856
2505 -26.485 -25.335 -0.964
2506 -26.485 -26.182 -1.075
2507 -26.485 -24.445 -1.176
2508 -26.485 -24.304 -1.281
2509 -26.485 -25.454 -1.392
2510 -26.485 -24.973 -1.495
2511 -26.485 -25.310 -1.604
2512 -26.485 -25.726 -1.711
2513 -26.485 -25.705 -1.817
2514 -26.485 -25.003 -1.920
2515 -26.485 -24.582 -2.026
2516 -26.485 -24.302 -2.129
2517 -26.485 -24.637 -2.235
2518 -26.485 -23.112 -2.334
2519 -26.485 -25.726 -2.451
2520 -26.485 -23.876 -2.550
2521 -26.485 -24.034 -2.655
2522 -26.485 -25.691 -2.766
2523 -26.485 -25.559 -2.869
2524 -26.485 -25.269 -2.974
2525 -26.485 -24.631 -3.076
2526 -26.485 -25.186 -3.185
2527 -26.485 -24.825 -3.290
2528 -26.485 -25.707 -3.399
2529 -26.485 -24.812 -3.502
2530 -26.485 -25.613 -3.613
2531 -26.485 -23.967 -3.712
2532 -26.485 -26.015 -3.827
2533 -26.485 -24.930 -3.930
2534 -26.485 -24.539 -4.034
2535 -26.485 -25.168 -4.142
2536 -26.485 -25.401 -4.249
2537 -26.485 -25.020 -4.355
2538 -26.485 -25.685 -4.462
2539 -26.485 -25.083 -4.566
2540 -26.485 -24.376 -4.667
2541 -26.485 -24.563 -4.772
2542 -26.485 -25.356 -4.881
2543 -26.485 -25.803 -4.989
2544 -26.485 -25.219 -5.092
2545 -26.485 -25.252 -5.200
2546 -26.485 -23.824 -5.298
2547 -26.485 -24.940 -5.407
2548 -26.485 -25.656 -5.514
2549 -26.485 -23.298 -5.612
2550 -26.485 -24.911 -5.725
2551 -26.485 -24.295 -5.826
2552 -26.485 -23.147 -5.928
2553 -26.485 -26.163 -6.047
2554 -26.485 -26.151 -6.158
2555  0.000 -24.660 -6.259
2556  0.000 -23.551 -6.356
2557  0.000 -16.127 -6.412
2558  0.000 -4.320 -6.408
2559  0.000  0.026 -6.395
2560  0.000  1.418 -6.382
2561  0.000  0.092 -6.383
2562  0.000 -1.262 -6.392
2563  0.000  0.220 -6.389
2564  0.000  0.579 -6.386
2565  0.000  0.278 -6.386
2566  0.000 -0.730 -6.393
2567  0.000 -0.173 -6.393
2568  0.000  1.485 -6.387
2569  0.000  0.696 -6.382
2570  0.000  0.167 -6.382
2571  0.000  0.095 -6.382
2572  0.000 -0.425 -6.385
2573  0.000  0.425 -6.382
2574  0.000 -0.107 -6.384
2575  0.000  2.623 -6.366
2576  0.000  2.296 -6.359
2577  0.000  0.759 -6.357
2578  0.000  1.095 -6.350
2579  0.000  0.441 -6.349
2580  0.000  1.557 -6.340
2581  0.000  1.479 -6.335
2582  0.000  1.263 -6.333
2583  0.000  0.383 -6.336
2584  0.000 -0.372 -6.339
2585  0.000 -0.443 -6.340
2586  0.000 -0.339 -6.340
2587  0.000 -0.352 -6.339
2588  0.000  0.296 -6.336
2589  0.000 -0.418 -6.340
2590  0.000  0.115 -6.339
2591  0.000 -0.748 -6.344
2592  0.000 -1.110 -6.346
2593  0.000 -0.419 -6.345
2594  0.000 -0.276 -6.345
2595  0.000 -0.961 -6.348
2596  0.000 -0.127 -6.346
2597  0.000 -0.041 -6.346
2598  0.000 -0.251 -6.347
2599  0.000  1.599 -6.339
2600  0.000  0.042 -6.346
2601  0.000  0.065 -6.345
2602  0.000  0.262 -6.344
2603  0.000  0.798 -6.343
2604  0.000  0.571 -6.343
2605  0.000 -0.695 -6.349
2606  0.000 -1.0010 -6.349
2607  0.000 -0.572 -6.348
2608  0.000  0.661 -6.343
2609  0.000  0.309 -6.345
2610  0.000 -0.257 -6.347
2611  0.000 -0.754 -6.349
2612  0.000  0.065 -6.346
2613  0.000  1.639 -6.339
2614  0.000  0.337 -6.344
2615  0.000 -0.009 -6.346
2616  0.000  0.335 -6.345
2617  0.000  0.174 -6.345
2618  28.082 -0.444 -6.348
2619  28.082  1.083 -6.339
2620  28.082  7.767 -6.297
2621  28.082  20.597 -6.185
2622  28.082  28.720 -6.046
2623  28.082  31.779 -5.907
2624  28.082  31.115 -5.777
2625  28.082  27.500 -5.668
2626  28.082  24.131 -5.572
2627  28.082  22.182 -5.483
2628  28.082  21.978 -5.392
2629  28.082  23.996 -5.286
2630  28.082  29.523 -5.150
2631  28.082  31.298 -5.011
2632  28.082  30.617 -4.881
2633  28.082  26.425 -4.779
2634  28.082  25.688 -4.674
2635  28.082  25.852 -4.565
2636  28.082  24.631 -4.461
2637  28.082  25.189 -4.355
2638  28.082  25.512 -4.247
2639  28.082  28.674 -4.119
2640  28.082  28.521 -3.999
2641  28.082  28.443 -3.878
2642  28.082  26.109 -3.772
2643  28.082  26.179 -3.661
2644  28.082  26.374 -3.548
2645  28.082  26.675 -3.436
2646  28.082  26.866 -3.321
2647  28.082  26.609 -3.208
2648  28.082  26.810 -3.094
2649  28.082  27.183 -2.979
2650  28.082  27.359 -2.864
2651  28.082  25.545 -2.758
2652  28.082  27.983 -2.635
2653  28.082  26.243 -2.526
2654  28.082  28.096 -2.406
2655  28.082  25.530 -2.304
2656  28.082  30.130 -2.165
2657  28.082  28.740 -2.047
2658  28.082  27.842 -1.931
2659  28.082  25.487 -1.826
2660  28.082  25.645 -1.721
2661  28.082  26.928 -1.604
2662  28.082  27.058 -1.494
2663  28.082  26.330 -1.382
2664  28.082  27.672 -1.266
2665  28.082  25.758 -1.163
2666  28.082  26.539 -1.048
2667  28.082  27.810 -0.932
2668  28.082  25.843 -0.830
2669  28.082  25.526 -0.723
2670  28.082  26.230 -0.609
2671  28.082  25.362 -0.504
2672  28.082  26.770 -0.388
2673  28.082  26.017 -0.280
2674  28.082  26.209 -0.167
2675  28.082  27.075 -0.052
2676  28.082  26.755  0.061
2677  28.082  25.705  0.171
2678  28.082  27.809  0.293
2679  28.082  25.958  0.400
2680  28.082  28.365  0.523
2681  28.082  26.060  0.628
2682  28.082  27.456  0.746
2683  28.082  26.636  0.856
2684  28.082  26.781  0.970
2685  28.082  25.979  1.079
2686  28.082  26.892  1.193
2687  28.082  26.561  1.303
2688  28.082  26.725  1.415
2689  28.082  26.580  1.528
2690  28.082  26.335  1.639
2691  28.082  26.399  1.751
2692  28.082  26.531  1.864
2693  28.082  26.396  1.975
2694  28.082  26.562  2.088
2695  28.082  25.564  2.196
2696  28.082  25.729  2.309
2697  28.082  26.507  2.424
2698  28.082  27.027  2.539
2699  28.082  25.905  2.645
2700  28.082  27.436  2.763
2701  28.082  25.998  2.869
2702  28.082  27.051  2.985
2703  28.082  27.406  3.099
2704  28.082  27.491  3.213
2705  28.082  26.102  3.320
2706  28.082  26.889  3.437
2707  28.082  26.308  3.548
2708  28.082  26.343  3.662
2709  28.082  26.066  3.775
2710  28.082  26.849  3.890
2711  28.082  25.611  3.998
2712  28.082  26.277  4.113
2713  28.082  26.233  4.223
2714  28.082  27.274  4.340
2715  28.082  26.848  4.450
2716  28.082  25.822  4.557
2717  28.082  25.137  4.664
2718  28.082  27.121  4.786
2719  28.082  26.029  4.893
2720  28.082  26.800  5.0010
2721  28.082  25.889  5.119
2722  28.082  26.631  5.233
2723  28.082  27.066  5.347
2724  28.082  26.239  5.456
2725  28.082  26.226  5.568
2726  28.082  27.120  5.684
2727  28.082  25.227  5.789
2728  28.082  26.919  5.908
2729  28.082  25.866  6.015
2730  28.082  26.739  6.130
2731  28.082  26.448  6.242
2732  0.000  27.528  6.359
2733  0.000  25.586  6.465
2734  0.000  17.800  6.529
2735  0.000  0.946  6.501
2736  0.000 -8.776  6.442
2737  0.000 -4.074  6.431
2738  0.000  5.130  6.471
2739  0.000  7.892  6.517
2740  0.000 -0.352  6.509
2741  0.000 -7.862  6.461
2742  0.000 -4.866  6.442
2743  0.000  0.967  6.455
2744  0.000  6.614  6.494
2745  0.000  3.270  6.502
2746  0.000 -1.150  6.487
2747  0.000 -3.336  6.467
2748  0.000 -1.496  6.462
2749  0.000  2.572  6.482
2750  0.000  1.046  6.486
2751  0.000 -0.990  6.481
2752  0.000 -1.373  6.472
2753  0.000  1.066  6.480
2754  0.000  1.466  6.486
2755  0.000 -0.449  6.480
2756  0.000 -0.303  6.475
2757  0.000  1.188  6.478
2758  0.000  0.319  6.478
2759  0.000  1.977  6.489
2760  0.000 -0.468  6.481
2761  0.000 -0.835  6.476
2762  0.000 -0.802  6.477
2763  0.000 -1.155  6.475
2764  0.000 -0.667  6.475
2765  0.000 -1.794  6.466
2766  0.000 -0.758  6.466
2767  0.000  0.005  6.464
2768  0.000 -1.181  6.455
2769  0.000 -0.641  6.454
2770  0.000 -0.088  6.453
2771  0.000 -0.340  6.448
2772  0.000 -0.512  6.445
2773  0.000  1.363  6.451
2774  0.000 -0.392  6.445
2775  0.000  0.430  6.448
2776  0.000 -0.301  6.446
2777  0.000  2.051  6.457
2778  0.000  0.296  6.451
2779  0.000  0.839  6.454
2780  0.000  0.198  6.454
2781  0.000 -0.219  6.452
2782  0.000  0.292  6.454
2783  0.000  0.025  6.454
2784  0.000  0.500  6.456
2785  0.000  1.225  6.458
2786  0.000  0.543  6.456
2787  0.000  0.755  6.456
2788  0.000  0.187  6.454
2789  0.000 -0.808  6.450
2790  0.000 -0.015  6.454
2791  0.000  0.127  6.454
2792  0.000  0.521  6.456
2793  0.000  0.398  6.455
2794  0.000  0.502  6.456
2795 -29.626  0.173  6.454
2796 -29.626 -1.089  6.448
2797 -29.626 -9.579  6.395
2798 -29.626 -26.282  6.252
2799 -29.626 -35.413  6.082
2800 -29.626 -34.087  5.935
2801 -29.626 -25.803  5.838
2802 -29.626 -18.979  5.774
2803 -29.626 -20.899  5.687
2804 -29.626 -33.385  5.523
2805 -29.626 -35.948  5.365
2806 -29.626 -30.995  5.240
2807 -29.626 -23.408  5.154
2808 -29.626 -21.182  5.069
2809 -29.626 -26.603  4.947
2810 -29.626 -34.423  4.782
2811 -29.626 -31.844  4.648
2812 -29.626 -24.758  4.555
2813 -29.626 -22.465  4.467
2814 -29.626 -27.641  4.343
2815 -29.626 -32.570  4.193
2816 -29.626 -30.145  4.067
2817 -29.626 -25.830  3.964
2818 -29.626 -23.677  3.868
2819 -29.626 -28.301  3.742
2820 -29.626 -31.725  3.600
2821 -29.626 -27.595  3.491
2822 -29.626 -24.346  3.397
2823 -29.626 -27.858  3.273
2824 -29.626 -32.714  3.127
2825 -29.626 -32.160  2.991
2826 -29.626 -26.205  2.890
2827 -29.626 -24.210  2.791
2828 -29.626 -26.799  2.672
2829 -29.626 -28.129  2.550
2830 -29.626 -31.015  2.410
2831 -29.626 -28.621  2.291
2832 -29.626 -25.902  2.190
2833 -29.626 -26.222  2.080
2834 -29.626 -26.441  1.965
2835 -29.626 -30.636  1.827
2836 -29.626 -31.154  1.695
2837 -29.626 -27.331  1.584
2838 -29.626 -27.029  1.469
2839 -29.626 -27.153  1.353
2840 -29.626 -26.773  1.238
2841 -29.626 -28.887  1.112
2842 -29.626 -28.762  0.990
2843 -29.626 -27.927  0.871
2844 -29.626 -27.508  0.753
2845 -29.626 -28.130  0.633
2846 -29.626 -30.336  0.503
2847 -29.626 -27.175  0.397
2848 -29.626 -28.368  0.273
2849 -29.626 -27.578  0.158
2850 -29.626 -29.031  0.032
2851 -29.626 -28.736 -0.087
2852 -29.626 -28.031 -0.203
2853 -29.626 -28.086 -0.322
2854 -29.626 -28.583 -0.444
2855 -29.626 -26.681 -0.556
2856 -29.626 -28.352 -0.681
2857 -29.626 -27.129 -0.795
2858 -29.626 -28.433 -0.918
2859 -29.626 -28.397 -1.038
2860 -29.626 -27.627 -1.154
2861 -29.626 -28.370 -1.274
2862 -29.626 -28.137 -1.391
2863 -29.626 -28.398 -1.510
2864 -29.626 -28.138 -1.627
2865 -29.626 -27.219 -1.741
2866 -29.626 -26.979 -1.859
2867 -29.626 -28.776 -1.984
2868 -29.626 -26.998 -2.094
2869 -29.626 -27.883 -2.215
2870 -29.626 -27.608 -2.333
2871 -29.626 -28.409 -2.455
2872 -29.626 -28.218 -2.573
2873 -29.626 -27.338 -2.687
2874 -29.626 -27.640 -2.807
2875 -29.626 -27.989 -2.926
2876 -29.626 -28.258 -3.045
2877 -29.626 -27.554 -3.161
2878 -29.626 -28.741 -3.284
2879 -29.626 -27.661 -3.397
2880 -29.626 -28.999 -3.521
2881 -29.626 -28.319 -3.639
2882 -29.626 -28.305 -3.756
2883 -29.626 -28.871 -3.878
2884 -29.626 -29.151 -3.998
2885 -29.626 -28.374 -4.114
2886 -29.626 -28.835 -4.235
2887 -29.626 -28.309 -4.351
2888 -29.626 -27.592 -4.467
2889 -29.626 -29.188 -4.594
2890 -29.626 -27.637 -4.707
2891 -29.626 -27.735 -4.824
2892 -29.626 -28.031 -4.944
2893 -29.626 -28.327 -5.062
2894 -29.626 -27.413 -5.178
2895 -29.626 -27.699 -5.296
2896 -29.626 -26.961 -5.411
2897 -29.626 -28.045 -5.531
2898 -29.626 -27.994 -5.650
2899 -29.626 -27.925 -5.766
2900 -29.626 -28.175 -5.885
2901 -29.626 -28.027 -6.002
2902 -29.626 -28.508 -6.122
2903 -29.626 -27.598 -6.237
2904  0.000 -27.481 -6.356
2905  0.000 -25.296 -6.464
2906  0.000 -17.864 -6.533
2907  0.000 -4.485 -6.527
2908  0.000  1.867 -6.505
2909  0.000  0.666 -6.505
2910  0.000  0.942 -6.499
2911  0.000  2.238 -6.487
2912  0.000  0.481 -6.489
2913  0.000 -1.607 -6.501
2914  0.000 -1.949 -6.511
2915  0.000 -1.793 -6.519
2916  0.000  1.254 -6.506
2917  0.000  2.598 -6.493
2918  0.000  1.340 -6.489
2919  0.000  1.127 -6.485
2920  0.000  0.704 -6.484
2921  0.000  0.885 -6.481
2922  0.000 -0.809 -6.489
2923  0.000 -0.686 -6.490
2924  0.000 -0.363 -6.490
2925  0.000  0.145 -6.487
2926  0.000 -0.114 -6.488
2927  0.000 -0.472 -6.491
2928  0.000 -0.111 -6.488
2929  0.000  1.305 -6.481
2930  0.000  2.267 -6.473
2931  0.000  1.059 -6.470
2932  0.000  2.033 -6.458
2933  0.000  0.580 -6.458
2934  0.000 -0.576 -6.461
2935  0.000  0.458 -6.458
2936  0.000  0.693 -6.454
2937  0.000  0.774 -6.450
2938  0.000 -0.383 -6.453
2939  0.000 -0.520 -6.455
2940  0.000 -0.195 -6.454
2941  0.000 -0.220 -6.455
2942  0.000  0.410 -6.452
2943  0.000 -0.541 -6.458
2944  0.000 -0.085 -6.458
2945  0.000 -0.066 -6.459
2946  0.000  0.635 -6.457
2947  0.000 -0.466 -6.461
2948  0.000 -0.604 -6.462
2949  0.000 -1.011 -6.464
2950  0.000  1.067 -6.456
2951  0.000 -0.483 -6.463
2952  0.000 -0.439 -6.462
2953  0.000  0.680 -6.457
2954  0.000  0.674 -6.458
2955  0.000 -0.445 -6.461
2956  0.000  1.139 -6.454
2957  0.000  0.090 -6.460
2958  0.000  0.685 -6.456
2959  0.000  0.349 -6.459
2960  0.000 -0.947 -6.464
2961  0.000  0.520 -6.458
2962  0.000 -0.241 -6.461
2963  0.000 -0.219 -6.461
2964  0.000 -0.075 -6.461
2965  0.000 -0.187 -6.461
2966  0.000  0.401 -6.460
2967  31.127  0.342 -6.459
2968  31.127  1.806 -6.452
2969  31.127  9.896 -6.401
2970  31.127  22.964 -6.280
2971  31.127  31.940 -6.126
2972  31.127  34.944 -5.971
2973  31.127  33.771 -5.829
2974  31.127  31.675 -5.698
2975  31.127  27.357 -5.591
2976  31.127  23.949 -5.498
2977  31.127  24.019 -5.396
2978  31.127  27.412 -5.274
2979  31.127  31.497 -5.133
2980  31.127  35.673 -4.975
2981  31.127  33.339 -4.835
2982  31.127  30.882 -4.706
2983  31.127  27.623 -4.596
2984  31.127  26.986 -4.484
2985  31.127  29.068 -4.359
2986  31.127  26.240 -4.254
2987  31.127  28.455 -4.130
2988  31.127  31.308 -3.992
2989  31.127  33.355 -3.844
2990  31.127  31.313 -3.713
2991  31.127  26.563 -3.610
2992  31.127  28.160 -3.484
2993  31.127  30.555 -3.351
2994  31.127  30.281 -3.223
2995  31.127  29.859 -3.097
2996  31.127  28.907 -2.979
2997  31.127  29.633 -2.853
2998  31.127  29.628 -2.727
2999  31.127  29.562 -2.601