0  5.235  0.044 -1.337
1  5.235  0.490 -1.335
2  5.235  0.536 -1.333
3  5.235  2.332 -1.322
4  5.235  2.942 -1.311
5  5.235  3.241 -1.297
6  5.235  5.111 -1.274
7  5.235  4.516 -1.257
8  5.235  5.272 -1.231
9  5.235  6.385 -1.202
10  5.235  6.674 -1.175
11  5.235  7.002 -1.145
12  5.235  7.430 -1.116
13  5.235  6.653 -1.090
14  5.235  6.058 -1.066
15  5.235  6.887 -1.039
16  5.235  5.678 -1.019
17  5.235  5.601 -0.997
18  5.235  5.680 -0.973
19  5.235  4.906 -0.954
20  5.235  5.213 -0.934
21  5.235  3.694 -0.921
22  5.235  5.630 -0.896
23  5.235  4.588 -0.882
24  5.235  4.453 -0.864
25  5.235  4.019 -0.849
26  5.235  5.471 -0.824
27  5.235  4.634 -0.808
28  5.235  4.269 -0.790
29  5.235  4.674 -0.768
30  5.235  4.302 -0.749
31  5.235  5.608 -0.722
32  5.235  4.916 -0.703
33  5.235  4.793 -0.681
34  5.235  5.533 -0.655
35  5.235  5.161 -0.634
36  5.235  6.093 -0.607
37  5.235  5.155 -0.589
38  5.235  5.404 -0.567
39  5.235  5.187 -0.547
40  5.235  4.942 -0.528
41  5.235  5.176 -0.506
42  5.235  5.652 -0.483
43  5.235  4.957 -0.467
44  5.235  4.272 -0.448
45  5.235  5.927 -0.420
46  5.235  4.876 -0.403
47  5.235  5.055 -0.383
48  5.235  5.625 -0.360
49  5.235  4.417 -0.344
50  5.235  5.269 -0.320
51  5.235  4.850 -0.300
52  5.235  4.647 -0.280
53  5.235  5.987 -0.252
54  5.235  4.888 -0.235
55  5.235  4.583 -0.213
56  5.235  5.125 -0.190
57  5.235  3.876 -0.172
58  5.235  4.680 -0.148
59  5.235  4.135 -0.131
60  5.235  4.028 -0.112
61  5.235  4.526 -0.092
62  5.235  3.612 -0.077
63  5.235  4.907 -0.052
64  5.235  4.396 -0.036
65  5.235  4.769 -0.015
66  5.235  5.437  0.009
67  5.235  5.068  0.029
68  5.235  4.351  0.048
69  5.235  5.422  0.074
70  5.235  6.238  0.0100
71  5.235  5.811  0.121
72  5.235  5.818  0.144
73  5.235  4.140  0.160
74  5.235  5.046  0.187
75  5.235  5.680  0.211
76  5.235  5.585  0.234
77  5.235  4.529  0.251
78  5.235  5.839  0.277
79  5.235  4.997  0.295
80  5.235  3.322  0.307
81  5.235  4.996  0.333
82  5.235  4.210  0.348
83  5.235  3.973  0.366
84  5.235  4.239  0.386
85  5.235  3.854  0.402
86  5.235  4.409  0.424
87  5.235  4.278  0.444
88  5.235  5.175  0.469
89  5.235  5.375  0.491
90  5.235  5.133  0.511
91  5.235  5.181  0.533
92  5.235  5.414  0.556
93  5.235  4.894  0.576
94  5.235  5.542  0.601
95  5.235  4.977  0.620
96  5.235  5.809  0.648
97  5.235  4.045  0.664
98  5.235  5.275  0.693
99  5.235  5.319  0.715
100  5.235  5.049  0.735
101  5.235  4.457  0.755
102  5.235  5.358  0.780
103  5.235  4.093  0.793
104  5.235  3.820  0.812
105  5.235  3.867  0.831
106  5.235  4.443  0.852
107  5.235  5.171  0.874
108  5.235  4.766  0.892
109  5.235  4.775  0.912
110  5.235  4.371  0.931
111  5.235  5.856  0.957
112  5.235  4.645  0.972
113  5.235  5.374  0.996
114  5.235  4.878  1.016
115  5.235  5.332  1.040
116  5.235  5.348  1.062
117  5.235  5.294  1.084
118  5.235  6.062  1.110
119  5.235  5.563  1.130
120  5.235  5.184  1.152
121  5.235  4.602  1.171
122  5.235  5.155  1.194
123  5.235  5.331  1.216
124  5.235  4.886  1.234
125  5.235  4.746  1.255
126  5.235  4.493  1.273
127  5.235  5.404  1.297
128  5.235  5.052  1.316
129  5.235  4.950  1.336
130  5.235  4.035  1.352
131  5.235  5.989  1.380
132  5.235  4.293  1.395
133  5.235  4.017  1.414
134  5.235  4.919  1.437
135  5.235  4.109  1.455
136  5.235  4.720  1.478
137  5.235  5.378  1.500
138  5.235  5.317  1.520
139  5.235  5.118  1.540
140  5.235  4.848  1.561
141  5.235  4.991  1.584
142  5.235  5.494  1.607
143  5.235  5.616  1.629
144  5.235  4.687  1.648
145  5.235  4.797  1.670
146  5.235  5.486  1.695
147  5.235  6.067  1.721
148  5.235  5.464  1.740
149  5.235  5.118  1.759
150  5.235  5.167  1.780
151  5.235  4.848  1.800
152  5.235  5.141  1.823
153  5.235  4.884  1.842
154  5.235  5.340  1.865
155  5.235  4.712  1.882
156  5.235  4.531  1.902
157  5.235  5.216  1.922
158  5.235  4.209  1.937
159  5.235  5.387  1.961
160  5.235  3.992  1.977
161  5.235  5.057  2.001
162  5.235  4.990  2.021
163  5.235  5.480  2.044
164  5.235  5.670  2.067
165  5.235  4.920  2.086
166  5.235  5.681  2.110
167  5.235  4.778  2.128
168  5.235  5.503  2.154
169  5.235  5.451  2.177
170  5.235  4.917  2.198
171  5.235  5.215  2.221
172  5.235  6.160  2.247
173  5.235  5.401  2.265
174  5.235  5.445  2.287
175  5.235  4.578  2.304
176  5.235  4.426  2.325
177  5.235  4.700  2.345
178  5.235  4.178  2.361
179  5.235  4.418  2.382
180  5.235  5.139  2.404
181  5.235  4.582  2.422
182  5.235  4.903  2.443
183  5.235  5.143  2.465
184  5.235  5.510  2.488
185  5.235  5.140  2.508
186  5.235  4.586  2.528
187  5.235  4.640  2.547
188  5.235  4.492  2.567
189  5.235  4.522  2.587
190  5.235  5.301  2.612
191  5.235  5.587  2.634
192  5.235  4.495  2.652
193  5.235  5.526  2.679
194  5.235  5.551  2.700
195  5.235  4.753  2.720
196  5.235  4.980  2.743
197  5.235  5.996  2.768
198  5.235  5.390  2.788
199  5.235  3.887  2.803
200  5.235  3.958  2.823
201  5.235  5.135  2.847
202  5.235  4.248  2.865
203  5.235  4.371  2.886
204  5.235  4.778  2.908
205  5.235  3.833  2.925
206  5.235  5.404  2.952
207  5.235  4.910  2.969
208  5.235  4.562  2.988
209  5.235  3.286  3.002
210  5.235  5.266  3.030
211  5.235  4.497  3.046
212  5.235  5.521  3.070
213  5.235  5.708  3.091
214  5.235  4.588  3.109
215  5.235  4.401  3.129
216  5.235  5.426  3.156
217  5.235  4.819  3.177
218  5.235  5.393  3.201
219  5.235  4.878  3.222
220  5.235  4.996  3.244
221  5.235  6.803  3.275
222  5.235  6.654  3.295
223  5.235  4.643  3.309
224  5.235  4.052  3.330
225  5.235  5.566  3.357
226  5.235  5.628  3.378
227  5.235  3.646  3.390
228  5.235  5.023  3.416
229  5.235  5.482  3.438
230  5.235  4.115  3.452
231  5.235  4.601  3.473
232  5.235  4.120  3.491
233  5.235  5.311  3.514
234  5.235  4.549  3.531
235  5.235  4.161  3.548
236  5.235  5.125  3.572
237  5.235  4.419  3.591
238  5.235  6.240  3.620
239  5.235  4.501  3.635
240  5.235  5.202  3.660
241  5.235  4.542  3.680
242  5.235  5.233  3.703
243  5.235  5.277  3.724
244  5.235  6.009  3.749
245  5.235  5.335  3.769
246  5.235  5.051  3.790
247  5.235  4.174  3.809
248  5.235  4.731  3.833
249  5.235  5.390  3.858
250  5.235  5.018  3.877
251  5.235  4.283  3.895
252  5.235  4.637  3.917
253  5.235  4.375  3.937
254  5.235  4.414  3.957
255  5.235  4.555  3.976
256  5.235  4.363  3.995
257  5.235  4.752  4.017
258  5.235  3.927  4.033
259  5.235  3.835  4.054
260  5.235  4.289  4.077
261  5.235  4.842  4.099
262  5.235  4.996  4.121
263  5.235  3.834  4.137
264  5.235  4.812  4.162
265  5.235  5.471  4.187
266  5.235  6.160  4.212
267  5.235  4.331  4.227
268  5.235  5.372  4.253
269  5.235  5.065  4.274
270  5.235  5.612  4.299
271  5.235  5.424  4.321
272  5.235  4.447  4.338
273  5.235  5.270  4.361
274  5.235  4.474  4.377
275  5.235  4.484  4.396
276  5.235  4.510  4.416
277  5.235  5.825  4.441
278  5.235  4.997  4.459
279  5.235  5.733  4.483
280  5.235  4.762  4.501
281  5.235  3.609  4.516
282  5.235  4.998  4.542
283  5.235  4.611  4.561
284  5.235  5.833  4.586
285  5.235  4.641  4.603
286  5.235  5.026  4.624
287  5.235  4.463  4.644
288  5.235  4.362  4.664
289  5.235  4.777  4.686
290  5.235  4.747  4.707
291  5.235  4.373  4.726
292  5.235  4.800  4.750
293  5.235  4.667  4.772
294  5.235  5.567  4.797
295  5.235  4.777  4.815
296  5.235  5.294  4.840
297  5.235  4.670  4.860
298  5.235  5.287  4.884
299  5.235  5.256  4.905
300  5.235  4.748  4.925
301  5.235  2.828  4.936
302  5.235  5.708  4.969
303  5.235  5.454  4.990
304  5.235  5.292  5.0010
305  5.235  4.782  5.029
306  5.235  4.934  5.048
307  5.235  5.029  5.067
308  5.235  5.352  5.087
309  5.235  4.539  5.103
310  5.235  4.507  5.123
311  5.235  4.502  5.143
312  5.235  5.520  5.168
313  5.235  4.085  5.184
314  5.235  5.492  5.210
315  5.235  4.893  5.230
316  5.235  5.718  5.256
317  5.235  5.151  5.274
318  5.235  5.201  5.297
319  5.235  5.880  5.322
320  5.235  5.028  5.342
321  5.235  5.089  5.364
322  5.235  5.632  5.388
323  5.235  4.958  5.408
324  5.235  4.701  5.428
325  5.235  4.538  5.450
326  5.235  5.589  5.474
327  5.235  4.846  5.491
328  5.235  4.249  5.509
329  5.235  4.811  5.530
330  5.235  4.201  5.546
331  5.235  5.601  5.571
332  5.235  4.081  5.584
333  5.235  4.779  5.607
334  5.235  4.592  5.626
335  5.235  5.243  5.650
336  5.235  5.355  5.672
337  5.235  5.270  5.693
338  5.235  5.248  5.714
339  5.235  4.929  5.735
340  5.235  6.405  5.763
341  5.235  5.369  5.782
342  5.235  5.335  5.805
343  5.235  4.680  5.825
344  5.235  5.461  5.849
345  5.235  5.500  5.872
346  5.235  4.766  5.891
347  5.235  5.366  5.915
348  5.235  3.928  5.928
349  5.235  4.152  5.948
350  5.235  5.498  5.974
351  5.235  3.675  5.987
352  5.235  4.394  6.009
353  5.235  5.217  6.033
354  5.235  4.670  6.051
355  5.235  4.993  6.073
356  5.235  5.238  6.095
357  5.235  4.628  6.112
358  5.235  4.581  6.132
359  5.235  5.085  6.155
360  5.235  4.812  6.174
361  5.235  4.912  6.194
362  5.235  5.595  6.217
363  5.235  5.532  6.238
364  0.000  5.177  6.258
365  0.000  5.248  6.279
366  0.000  3.567  6.293
367  0.000  3.192  6.307
368  0.000  2.485  6.317
369  0.000  1.345  6.320
370  0.000  0.430  6.320
371  0.000 -0.455  6.314
372  0.000  0.282  6.316
373  0.000  0.309  6.313
374  0.000 -1.461  6.301
375  0.000 -0.898  6.299
376  0.000 -0.954  6.294
377  0.000 -1.148  6.289
378  0.000 -2.001  6.280
379  0.000 -0.123  6.283
380  0.000 -1.340  6.276
381  0.000  0.273  6.280
382  0.000 -0.805  6.276
383  0.000 -0.164  6.277
384  0.000  0.046  6.280
385  0.000  0.026  6.280
386  0.000  1.574  6.288
387  0.000  0.490  6.285
388  0.000  1.535  6.290
389  0.000  0.210  6.287
390  0.000  0.777  6.290
391  0.000 -0.042  6.288
392  0.000 -0.437  6.287
393  0.000 -0.009  6.287
394  0.000  0.512  6.290
395  0.000  0.232  6.289
396  0.000 -0.122  6.287
397  0.000 -0.313  6.287
398  0.000 -0.786  6.285
399  0.000  0.138  6.288
400  0.000  0.207  6.288
401  0.000  0.223  6.289
402  0.000 -0.623  6.287
403  0.000 -0.416  6.286
404  0.000  0.451  6.288
405  0.000  0.253  6.288
406  0.000  0.252  6.288
407  0.000 -0.029  6.287
408  0.000  0.202  6.287
409  0.000  0.059  6.287
410  0.000  0.303  6.288
411  0.000 -0.158  6.287
412  0.000  1.012  6.291
413  0.000  0.904  6.291
414  0.000 -0.276  6.287
415  0.000 -0.209  6.287
416  0.000 -0.223  6.286
417  0.000  0.266  6.289
418  0.000  0.452  6.289
419  0.000 -0.143  6.287
420  0.000  0.682  6.290
421  0.000  0.697  6.290
422  0.000  0.600  6.290
423  0.000 -0.475  6.285
424  0.000 -0.047  6.287
425  0.000  0.878  6.291
426  0.000  0.474  6.290
427 -8.962 -0.375  6.287
428 -8.962 -0.152  6.288
429 -8.962 -0.495  6.282
430 -8.962 -3.954  6.257
431 -8.962 -8.736  6.212
432 -8.962 -10.398  6.164
433 -8.962 -10.665  6.115
434 -8.962 -6.891  6.095
435 -8.962 -5.541  6.073
436 -8.962 -9.366  6.028
437 -8.962 -8.181  5.997
438 -8.962 -9.339  5.955
439 -8.962 -8.831  5.919
440 -8.962 -9.368  5.878
441 -8.962 -9.772  5.839
442 -8.962 -9.101  5.803
443 -8.962 -9.408  5.761
444 -8.962 -9.878  5.718
445 -8.962 -9.593  5.678
446 -8.962 -9.473  5.635
447 -8.962 -9.200  5.596
448 -8.962 -9.742  5.555
449 -8.962 -8.460  5.521
450 -8.962 -8.358  5.485
451 -8.962 -8.054  5.451
452 -8.962 -8.340  5.414
453 -8.962 -8.504  5.380
454 -8.962 -7.715  5.350
455 -8.962 -6.754  5.323
456 -8.962 -7.570  5.289
457 -8.962 -7.797  5.256
458 -8.962 -8.607  5.219
459 -8.962 -8.418  5.186
460 -8.962 -7.790  5.154
461 -8.962 -8.473  5.117
462 -8.962 -9.102  5.078
463 -8.962 -8.397  5.043
464 -8.962 -8.031  5.006
465 -8.962 -8.890  4.963
466 -8.962 -7.414  4.934
467 -8.962 -8.448  4.890
468 -8.962 -9.587  4.847
469 -8.962 -9.032  4.812
470 -8.962 -8.992  4.774
471 -8.962 -7.093  4.746
472 -8.962 -8.846  4.703
473 -8.962 -7.518  4.672
474 -8.962 -8.592  4.633
475 -8.962 -8.241  4.601
476 -8.962 -9.025  4.563
477 -8.962 -8.405  4.530
478 -8.962 -7.643  4.499
479 -8.962 -8.455  4.463
480 -8.962 -8.075  4.429
481 -8.962 -8.232  4.394
482 -8.962 -8.150  4.357
483 -8.962 -7.517  4.325
484 -8.962 -8.347  4.284
485 -8.962 -8.205  4.252
486 -8.962 -9.189  4.210
487 -8.962 -9.272  4.172
488 -8.962 -9.291  4.135
489 -8.962 -8.363  4.101
490 -8.962 -9.220  4.061
491 -8.962 -8.351  4.028
492 -8.962 -9.364  3.987
493 -8.962 -8.870  3.953
494 -8.962 -8.046  3.920
495 -8.962 -9.311  3.880
496 -8.962 -8.104  3.848
497 -8.962 -8.919  3.810
498 -8.962 -8.538  3.776
499 -8.962 -6.807  3.750
500 -8.962 -7.705  3.713
501 -8.962 -8.111  3.676
502 -8.962 -8.145  3.640
503 -8.962 -7.348  3.607
504 -8.962 -9.080  3.564
505 -8.962 -8.548  3.530
506 -8.962 -8.856  3.490
507 -8.962 -9.067  3.451
508 -8.962 -8.572  3.416
509 -8.962 -7.466  3.383
510 -8.962 -9.233  3.341
511 -8.962 -7.903  3.311
512 -8.962 -9.313  3.269
513 -8.962 -8.501  3.238
514 -8.962 -8.203  3.206
515 -8.962 -7.367  3.172
516 -8.962 -7.808  3.136
517 -8.962 -8.311  3.0100
518 -8.962 -8.329  3.064
519 -8.962 -8.117  3.029
520 -8.962 -10.218  2.984
521 -8.962 -9.181  2.950
522 -8.962 -9.101  2.914
523 -8.962 -8.262  2.881
524 -8.962 -7.695  2.848
525 -8.962 -9.039  2.807
526 -8.962 -9.407  2.768
527 -8.962 -8.098  2.736
528 -8.962 -8.163  2.702
529 -8.962 -8.367  2.666
530 -8.962 -9.038  2.628
531 -8.962 -8.570  2.593
532 -8.962 -8.874  2.555
533 -8.962 -8.187  2.522
534 -8.962 -8.146  2.487
535 -8.962 -8.306  2.452
536 -8.962 -7.262  2.421
537 -8.962 -8.372  2.380
538 -8.962 -8.846  2.342
539 -8.962 -8.548  2.307
540 -8.962 -8.513  2.271
541 -8.962 -8.130  2.236
542 -8.962 -8.759  2.197
543 -8.962 -8.150  2.165
544 -8.962 -9.187  2.126
545 -8.962 -8.742  2.092
546 -8.962 -8.666  2.056
547 -8.962 -8.235  2.023
548 -8.962 -9.173  1.984
549 -8.962 -7.972  1.953
550 -8.962 -7.902  1.916
551 -8.962 -8.624  1.876
552 -8.962 -8.919  1.838
553 -8.962 -8.225  1.805
554 -8.962 -7.436  1.774
555 -8.962 -9.163  1.731
556 -8.962 -7.931  1.699
557 -8.962 -7.562  1.665
558 -8.962 -8.952  1.625
559 -8.962 -8.136  1.592
560 -8.962 -8.252  1.554
561 -8.962 -8.054  1.520
562 -8.962 -8.488  1.482
563 -8.962 -9.245  1.444
564 -8.962 -8.428  1.410
565 -8.962 -8.455  1.374
566 -8.962 -8.283  1.338
567 -8.962 -8.476  1.303
568 -8.962 -9.262  1.264
569 -8.962 -8.885  1.229
570 -8.962 -9.137  1.192
571 -8.962 -7.686  1.161
572 -8.962 -7.123  1.129
573 -8.962 -7.320  1.093
574 -8.962 -9.168  1.051
575 -8.962 -9.098  1.014
576 -8.962 -8.876  0.980
577 -8.962 -7.616  0.950
578 -8.962 -8.124  0.911
579 -8.962 -7.440  0.878
580 -8.962 -8.821  0.838
581 -8.962 -8.903  0.801
582 -8.962 -8.022  0.766
583 -8.962 -8.637  0.730
584 -8.962 -8.866  0.693
585 -8.962 -8.461  0.658
586 -8.962 -7.822  0.625
587 -8.962 -9.016  0.584
588 -8.962 -7.788  0.553
589 -8.962 -8.851  0.514
590 -8.962 -9.519  0.474
591 -8.962 -8.500  0.443
592 -8.962 -8.907  0.406
593 -8.962 -8.326  0.372
594 -8.962 -9.384  0.331
595 -8.962 -9.510  0.292
596 -8.962 -7.848  0.263
597 -8.962 -8.170  0.227
598 -8.962 -8.545  0.190
599 -8.962 -7.592  0.158
600 -8.962 -9.137  0.115
601 -8.962 -7.138  0.087
602 -8.962 -8.383  0.048
603 -8.962 -7.515  0.016
604 -8.962 -8.838 -0.026
605 -8.962 -8.141 -0.058
606 -8.962 -8.345 -0.094
607 -8.962 -8.862 -0.133
608 -8.962 -8.865 -0.170
609 -8.962 -8.956 -0.207
610 -8.962 -9.502 -0.246
611 -8.962 -9.009 -0.279
612 -8.962 -7.504 -0.308
613 -8.962 -8.483 -0.348
614 -8.962 -8.522 -0.383
615 -8.962 -9.238 -0.421
616 -8.962 -7.483 -0.449
617 -8.962 -8.045 -0.485
618 -8.962 -7.867 -0.520
619 -8.962 -9.058 -0.561
620 -8.962 -8.894 -0.595
621 -8.962 -8.834 -0.631
622 -8.962 -7.939 -0.663
623 -8.962 -8.194 -0.701
624 -8.962 -7.887 -0.737
625 -8.962 -9.146 -0.779
626 -8.962 -9.059 -0.816
627 -8.962 -9.186 -0.853
628 -8.962 -8.662 -0.888
629 -8.962 -8.413 -0.924
630 -8.962 -8.982 -0.961
631 -8.962 -7.988 -0.991
632 -8.962 -8.426 -1.028
633 -8.962 -9.114 -1.066
634 -8.962 -8.462 -1.099
635 -8.962 -8.486 -1.135
636 -8.962 -8.979 -1.171
637 -8.962 -8.912 -1.207
638 -8.962 -7.965 -1.240
639 -8.962 -9.342 -1.283
640 -8.962 -7.666 -1.312
641 -8.962 -6.109 -1.339
642 -8.962 -9.287 -1.389
643 -8.962 -8.492 -1.423
644 -8.962 -9.328 -1.462
645 -8.962 -8.133 -1.495
646 -8.962 -9.371 -1.535
647 -8.962 -8.752 -1.568
648 -8.962 -8.966 -1.604
649 -8.962 -8.842 -1.641
650 -8.962 -8.495 -1.674
651 -8.962 -8.785 -1.712
652 -8.962 -8.553 -1.748
653 -8.962 -8.199 -1.784
654 -8.962 -8.119 -1.819
655 -8.962 -8.074 -1.853
656 -8.962 -8.808 -1.892
657 -8.962 -8.677 -1.927
658 -8.962 -8.770 -1.963
659 -8.962 -8.241 -1.996
660 -8.962 -7.541 -2.027
661 -8.962 -7.857 -2.063
662 -8.962 -7.864 -2.097
663 -8.962 -8.002 -2.135
664 -8.962 -8.836 -2.174
665 -8.962 -8.881 -2.210
666 -8.962 -9.681 -2.251
667 -8.962 -8.838 -2.284
668 -8.962 -8.465 -2.320
669 -8.962 -8.549 -2.356
670 -8.962 -9.335 -2.398
671 -8.962 -8.433 -2.430
672 -8.962 -8.347 -2.466
673 -8.962 -8.597 -2.502
674 -8.962 -8.327 -2.537
675 -8.962 -8.657 -2.573
676 -8.962 -8.747 -2.609
677 -8.962 -8.615 -2.644
678 -8.962 -8.035 -2.679
679 -8.962 -8.229 -2.714
680 -8.962 -8.058 -2.748
681 -8.962 -9.273 -2.788
682 -8.962 -8.960 -2.823
683 -8.962 -9.036 -2.860
684 -8.962 -8.403 -2.893
685 -8.962 -8.946 -2.930
686 -8.962 -8.280 -2.962
687 -8.962 -9.116 -3.002
688 -8.962 -8.640 -3.035
689 -8.962 -8.555 -3.072
690 -8.962 -9.222 -3.112
691 -8.962 -8.113 -3.143
692 -8.962 -8.729 -3.181
693 -8.962 -8.863 -3.217
694 -8.962 -7.806 -3.249
695 -8.962 -8.530 -3.287
696 -8.962 -10.443 -3.333
697 -8.962 -7.909 -3.360
698 -8.962 -9.250 -3.401
699 -8.962 -9.631 -3.438
700 -8.962 -8.551 -3.471
701 -8.962 -8.581 -3.505
702 -8.962 -8.037 -3.538
703 -8.962 -8.506 -3.574
704 -8.962 -7.774 -3.607
705 -8.962 -8.360 -3.643
706 -8.962 -8.665 -3.680
707 -8.962 -8.545 -3.716
708 -8.962 -8.314 -3.751
709 -8.962 -8.767 -3.788
710 -8.962 -7.903 -3.821
711 -8.962 -8.986 -3.861
712 -8.962 -8.891 -3.898
713 -8.962 -8.270 -3.932
714 -8.962 -8.585 -3.970
715 -8.962 -9.231 -4.0010
716 -8.962 -7.999 -4.043
717 -8.962 -8.294 -4.079
718 -8.962 -8.599 -4.115
719 -8.962 -9.114 -4.151
720 -8.962 -8.209 -4.183
721 -8.962 -7.745 -4.217
722 -8.962 -8.197 -4.252
723 -8.962 -9.229 -4.294
724 -8.962 -8.943 -4.326
725 -8.962 -9.764 -4.366
726 -8.962 -8.143 -4.396
727 -8.962 -9.619 -4.439
728 -8.962 -8.008 -4.468
729 -8.962 -7.603 -4.501
730 -8.962 -7.793 -4.538
731 -8.962 -8.614 -4.578
732 -8.962 -8.506 -4.615
733 -8.962 -8.113 -4.650
734 -8.962 -8.811 -4.689
735 -8.962 -8.976 -4.724
736 -8.962 -7.514 -4.755
737 -8.962 -8.252 -4.794
738 -8.962 -8.461 -4.831
739 -8.962 -8.027 -4.865
740 -8.962 -8.376 -4.902
741 -8.962 -8.0010 -4.937
742 -8.962 -9.361 -4.979
743 -8.962 -8.536 -5.012
744 -8.962 -8.123 -5.046
745 -8.962 -7.939 -5.081
746 -8.962 -8.310 -5.117
747 -8.962 -8.383 -5.154
748 -8.962 -8.330 -5.187
749 -8.962 -8.858 -5.224
750 -8.962 -9.283 -5.262
751 -8.962 -8.275 -5.295
752 -8.962 -7.731 -5.329
753 -8.962 -9.234 -5.369
754 -8.962 -7.414 -5.398
755 -8.962 -9.167 -5.441
756 -8.962 -8.348 -5.475
757 -8.962 -9.559 -5.516
758 -8.962 -9.056 -5.550
759 -8.962 -8.762 -5.585
760 -8.962 -8.477 -5.620
761 -8.962 -7.593 -5.652
762 -8.962 -8.376 -5.691
763 -8.962 -7.626 -5.723
764 -8.962 -8.854 -5.762
765 -8.962 -8.099 -5.796
766 -8.962 -9.060 -5.835
767 -8.962 -8.733 -5.871
768 -8.962 -8.565 -5.905
769 -8.962 -8.989 -5.945
770 -8.962 -8.699 -5.980
771 -8.962 -8.986 -6.019
772 -8.962 -8.028 -6.050
773 -8.962 -9.183 -6.090
774 -8.962 -7.828 -6.120
775 -8.962 -8.246 -6.158
776 -8.962 -7.904 -6.191
777 -8.962 -9.045 -6.231
778  0.000 -8.897 -6.266
779  0.000 -8.302 -6.299
780  0.000 -6.114 -6.323
781  0.000 -5.025 -6.343
782  0.000 -3.179 -6.355
783  0.000 -0.606 -6.353
784  0.000  0.735 -6.349
785  0.000  1.184 -6.343
786  0.000  1.654 -6.337
787  0.000  0.873 -6.335
788  0.000  1.392 -6.326
789  0.000  1.858 -6.315
790  0.000  2.0100 -6.308
791  0.000  1.974 -6.302
792  0.000 -0.314 -6.306
793  0.000  1.036 -6.300
794  0.000  1.952 -6.289
795  0.000  1.499 -6.285
796  0.000 -0.250 -6.287
797  0.000 -0.051 -6.286
798  0.000 -0.288 -6.287
799  0.000 -0.181 -6.287
800  0.000  0.181 -6.287
801  0.000 -0.989 -6.295
802  0.000 -1.109 -6.298
803  0.000 -1.129 -6.301
804  0.000 -0.093 -6.300
805  0.000 -0.097 -6.303
806  0.000 -0.434 -6.306
807  0.000  0.098 -6.304
808  0.000  0.536 -6.303
809  0.000  0.069 -6.303
810  0.000 -1.170 -6.307
811  0.000  1.244 -6.296
812  0.000  0.522 -6.300
813  0.000 -0.119 -6.303
814  0.000 -0.305 -6.303
815  0.000 -0.201 -6.303
816  0.000 -0.682 -6.306
817  0.000 -0.146 -6.303
818  0.000  0.330 -6.301
819  0.000  0.348 -6.300
820  0.000 -0.355 -6.303
821  0.000  0.451 -6.301
822  0.000 -0.431 -6.303
823  0.000 -0.338 -6.303
824  0.000  0.859 -6.299
825  0.000 -0.625 -6.305
826  0.000  0.517 -6.300
827  0.000  0.220 -6.301
828  0.000 -0.614 -6.303
829  0.000  0.322 -6.300
830  0.000 -0.079 -6.303
831  0.000 -0.610 -6.305
832  0.000  1.106 -6.298
833  0.000 -0.300 -6.303
834  0.000 -1.063 -6.306
835  0.000  0.250 -6.301
836  0.000  0.168 -6.302
837  0.000 -0.181 -6.302
838  0.000  0.056 -6.301
839  0.000  0.364 -6.301
840  0.000  0.381 -6.301
841  12.575  0.275 -6.300
842  12.575  1.144 -6.296
843  12.575  2.386 -6.286
844  12.575  6.103 -6.254
845  12.575  9.375 -6.208
846  12.575  14.561 -6.137
847  12.575  13.980 -6.079
848  12.575  15.285 -6.011
849  12.575  13.368 -5.960
850  12.575  11.242 -5.921
851  12.575  11.096 -5.875
852  12.575  11.815 -5.823
853  12.575  12.290 -5.767
854  12.575  11.865 -5.716
855  12.575  13.189 -5.658
856  12.575  12.679 -5.605
857  12.575  12.038 -5.556
858  12.575  11.385 -5.510
859  12.575  13.751 -5.444
860  12.575  12.496 -5.392
861  12.575  13.598 -5.332
862  12.575  12.462 -5.282
863  12.575  12.422 -5.229
864  12.575  12.050 -5.176
865  12.575  11.550 -5.127
866  12.575  11.229 -5.079
867  12.575  11.372 -5.031
868  12.575  10.176 -4.987
869  12.575  11.276 -4.936
870  12.575  10.942 -4.891
871  12.575  11.207 -4.845
872  12.575  10.254 -4.801
873  12.575  11.515 -4.749
874  12.575  11.301 -4.700
875  12.575  11.889 -4.647
876  12.575  12.117 -4.597
877  12.575  12.632 -4.544
878  12.575  12.906 -4.490
879  12.575  12.862 -4.437
880  12.575  12.205 -4.385
881  12.575  11.649 -4.336
882  12.575  12.904 -4.279
883  12.575  12.942 -4.227
884  12.575  11.438 -4.181
885  12.575  12.029 -4.130
886  12.575  11.599 -4.081
887  12.575  12.132 -4.028
888  12.575  11.817 -3.981
889  12.575  11.344 -3.934
890  12.575  12.365 -3.882
891  12.575  11.646 -3.834
892  12.575  10.648 -3.789
893  12.575  10.524 -3.742
894  12.575  11.781 -3.688
895  12.575  12.243 -3.635
896  12.575  12.049 -3.585
897  12.575  12.479 -3.531
898  12.575  11.338 -3.485
899  12.575  12.574 -3.429
900  12.575  12.829 -3.375
901  12.575  12.054 -3.327
902  12.575  11.495 -3.278
903  12.575  12.636 -3.224
904  12.575  11.476 -3.177
905  12.575  12.044 -3.126
906  12.575  11.838 -3.077
907  12.575  11.303 -3.030
908  12.575  11.984 -2.978
909  12.575  11.292 -2.929
910  12.575  12.303 -2.874
911  12.575  11.738 -2.827
912  12.575  11.491 -2.778
913  12.575  12.036 -2.727
914  12.575  12.647 -2.675
915  12.575  12.399 -2.624
916  12.575  12.175 -2.576
917  12.575  11.616 -2.528
918  12.575  12.181 -2.476
919  12.575  12.600 -2.422
920  12.575  11.999 -2.373
921  12.575  12.656 -2.320
922  12.575  11.358 -2.275
923  12.575  11.843 -2.224
924  12.575  11.733 -2.174
925  12.575  11.468 -2.126
926  12.575  12.050 -2.073
927  12.575  11.955 -2.022
928  12.575  11.735 -1.971
929  12.575  11.290 -1.924
930  12.575  11.532 -1.874
931  12.575  12.609 -1.819
932  12.575  11.869 -1.770
933  12.575  11.751 -1.720
934  12.575  12.748 -1.666
935  12.575  11.988 -1.619
936  12.575  11.561 -1.570
937  12.575  11.951 -1.520
938  12.575  11.994 -1.468
939  12.575  11.854 -1.418
940  12.575  11.780 -1.369
941  12.575  13.002 -1.315
942  12.575  12.187 -1.266
943  12.575  10.979 -1.221
944  12.575  11.772 -1.168
945  12.575  11.803 -1.117
946  12.575  12.225 -1.064
947  12.575  12.202 -1.013
948  12.575  12.738 -0.963
949  12.575  11.232 -0.919
950  12.575  11.573 -0.865
951  12.575  12.297 -0.812
952  12.575  11.724 -0.763
953  12.575  12.188 -0.711
954  12.575  11.542 -0.662
955  12.575  11.738 -0.612
956  12.575  11.461 -0.564
957  12.575  12.393 -0.510
958  12.575  11.270 -0.464
959  12.575  11.962 -0.410
960  12.575  11.911 -0.359
961  12.575  11.802 -0.311
962  12.575  11.622 -0.262
963  12.575  12.019 -0.210
964  12.575  12.252 -0.158
965  12.575  11.474 -0.111
966  12.575  11.836 -0.061
967  12.575  11.930 -0.013
968  12.575  14.012  0.046
969  12.575  10.844  0.085
970  12.575  11.772  0.138
971  12.575  11.846  0.189
972  12.575  12.899  0.243
973  12.575  13.150  0.296
974  12.575  11.408  0.341
975  12.575  11.719  0.391
976  12.575  12.782  0.447
977  12.575  11.675  0.493
978  12.575  12.151  0.547
979  12.575  11.714  0.593
980  12.575  12.430  0.645
981  12.575  12.570  0.695
982  12.575  11.117  0.741
983  12.575  12.843  0.799
984  12.575  12.000  0.848
985  12.575  11.576  0.897
986  12.575  11.804  0.948
987  12.575  11.399  0.996
988  12.575  12.350  1.050
989  12.575  12.349  1.099
990  12.575  11.880  1.149
991  12.575  11.891  1.199
992  12.575  11.105  1.245
993  12.575  11.569  1.296
994  12.575  11.911  1.347
995  12.575  12.534  1.402
996  12.575  12.179  1.450
997  12.575  11.181  1.496
998  12.575  11.555  1.546
999  12.575  12.811  1.602
1000  12.575  12.188  1.650
1001  12.575  11.387  1.697
1002  12.575  12.126  1.749
1003  12.575  13.332  1.806
1004  12.575  11.856  1.851
1005  12.575  12.327  1.904
1006  12.575  11.283  1.951
1007  12.575  12.689  2.008
1008  12.575  12.171  2.057
1009  12.575  11.372  2.105
1010  12.575  12.087  2.158
1011  12.575  11.702  2.205
1012  12.575  12.536  2.259
1013  12.575  11.826  2.305
1014  12.575  12.613  2.358
1015  12.575  11.312  2.402
1016  12.575  11.671  2.453
1017  12.575  11.794  2.504
1018  12.575  11.359  2.552
1019  12.575  12.582  2.606
1020  12.575  11.796  2.653
1021  12.575  12.445  2.708
1022  12.575  12.070  2.757
1023  12.575  11.418  2.806
1024  12.575  11.751  2.857
1025  12.575  12.040  2.909
1026  12.575  11.672  2.960
1027  12.575  11.678  3.008
1028  12.575  12.287  3.061
1029  12.575  11.744  3.109
1030  12.575  11.790  3.161
1031  12.575  11.785  3.210
1032  12.575  13.114  3.266
1033  12.575  11.661  3.310
1034  12.575  12.006  3.362
1035  12.575  12.310  3.414
1036  12.575  12.759  3.466
1037  12.575  11.400  3.512
1038  12.575  12.333  3.566
1039  12.575  11.323  3.613
1040  12.575  11.722  3.663
1041  12.575  11.070  3.710
1042  12.575  11.764  3.762
1043  12.575  11.777  3.813
1044  12.575  10.237  3.857
1045  12.575  11.612  3.912
1046  12.575  12.493  3.966
1047  12.575  11.764  4.013
1048  12.575  11.331  4.061
1049  12.575  11.493  4.111
1050  12.575  12.389  4.165
1051  12.575  11.152  4.210
1052  12.575  12.133  4.266
1053  12.575  12.613  4.320
1054  12.575  12.051  4.369
1055  12.575  11.973  4.419
1056  12.575  12.722  4.473
1057  12.575  11.775  4.521
1058  12.575  12.020  4.572
1059  12.575  10.963  4.619
1060  12.575  11.242  4.669
1061  12.575  11.584  4.720
1062  12.575  12.427  4.772
1063  12.575  11.088  4.817
1064  12.575  11.614  4.869
1065  12.575  11.685  4.920
1066  12.575  12.300  4.969
1067  12.575  11.416  5.018
1068  12.575  12.099  5.071
1069  12.575  11.551  5.119
1070  12.575  11.794  5.172
1071  12.575  11.353  5.222
1072  12.575  11.037  5.270
1073  12.575  12.995  5.328
1074  12.575  11.991  5.375
1075  12.575  12.143  5.427
1076  12.575  10.892  5.474
1077  12.575  12.472  5.530
1078  12.575  11.462  5.576
1079  12.575  12.513  5.631
1080  12.575  11.543  5.676
1081  12.575  11.260  5.724
1082  12.575  11.739  5.776
1083  12.575  14.222  5.836
1084  12.575  11.784  5.877
1085  12.575  12.256  5.928
1086  12.575  11.677  5.975
1087  12.575  11.441  6.024
1088  12.575  13.448  6.083
1089  12.575  11.676  6.128
1090  12.575  11.803  6.178
1091  12.575  11.759  6.228
1092  0.000  11.765  6.280
1093  0.000  11.507  6.328
1094  0.000  9.127  6.362
1095  0.000  2.686  6.366
1096  0.000 -3.244  6.343
1097  0.000 -3.021  6.330
1098  0.000  2.171  6.347
1099  0.000  4.164  6.371
1100  0.000  0.822  6.369
1101  0.000 -4.302  6.342
1102  0.000 -2.900  6.331
1103  0.000  1.228  6.346
1104  0.000  1.641  6.354
1105  0.000  0.741  6.355
1106  0.000 -0.601  6.351
1107  0.000 -0.148  6.352
1108  0.000 -0.003  6.352
1109  0.000 -0.695  6.346
1110  0.000 -1.192  6.342
1111  0.000 -1.556  6.336
1112  0.000 -1.861  6.329
1113  0.000 -1.830  6.324
1114  0.000  0.828  6.331
1115  0.000 -1.357  6.318
1116  0.000  0.284  6.323
1117  0.000  0.022  6.322
1118  0.000 -0.553  6.319
1119  0.000 -0.255  6.321
1120  0.000  0.139  6.322
1121  0.000  0.950  6.326
1122  0.000  0.290  6.326
1123  0.000  0.391  6.328
1124  0.000  0.610  6.329
1125  0.000  1.118  6.333
1126  0.000 -0.627  6.325
1127  0.000 -0.506  6.326
1128  0.000 -0.102  6.326
1129  0.000  0.263  6.328
1130  0.000  0.724  6.330
1131  0.000 -0.250  6.327
1132  0.000  0.277  6.329
1133  0.000  0.393  6.330
1134  0.000 -0.209  6.327
1135  0.000 -0.102  6.328
1136  0.000 -0.144  6.327
1137  0.000 -0.608  6.326
1138  0.000  0.450  6.330
1139  0.000 -0.933  6.324
1140  0.000  0.087  6.329
1141  0.000  0.316  6.329
1142  0.000  0.312  6.329
1143  0.000  0.620  6.331
1144  0.000 -0.105  6.328
1145  0.000 -0.291  6.327
1146  0.000  0.240  6.329
1147  0.000 -0.562  6.325
1148  0.000  0.495  6.329
1149  0.000  0.690  6.329
1150  0.000  1.019  6.331
1151  0.000  0.510  6.329
1152  0.000 -0.052  6.328
1153  0.000  0.079  6.328
1154  0.000  0.494  6.331
1155 -15.315 -1.036  6.323
1156 -15.315  0.572  6.330
1157 -15.315 -3.638  6.305
1158 -15.315 -10.112  6.250
1159 -15.315 -17.380  6.158
1160 -15.315 -19.175  6.069
1161 -15.315 -13.223  6.023
1162 -15.315 -8.074  6.000
1163 -15.315 -10.485  5.954
1164 -15.315 -18.254  5.862
1165 -15.315 -20.242  5.770
1166 -15.315 -14.522  5.717
1167 -15.315 -11.412  5.678
1168 -15.315 -11.883  5.626
1169 -15.315 -15.111  5.554
1170 -15.315 -15.646  5.487
1171 -15.315 -15.540  5.421
1172 -15.315 -14.427  5.365
1173 -15.315 -13.209  5.312
1174 -15.315 -14.065  5.250
1175 -15.315 -15.651  5.179
1176 -15.315 -16.615  5.106
1177 -15.315 -15.825  5.039
1178 -15.315 -13.588  4.985
1179 -15.315 -13.865  4.924
1180 -15.315 -14.750  4.861
1181 -15.315 -14.260  4.802
1182 -15.315 -15.473  4.734
1183 -15.315 -14.135  4.677
1184 -15.315 -14.591  4.614
1185 -15.315 -15.091  4.548
1186 -15.315 -15.445  4.482
1187 -15.315 -14.116  4.426
1188 -15.315 -14.747  4.361
1189 -15.315 -14.406  4.298
1190 -15.315 -14.402  4.236
1191 -15.315 -14.570  4.173
1192 -15.315 -15.303  4.108
1193 -15.315 -15.139  4.048
1194 -15.315 -13.311  3.996
1195 -15.315 -13.831  3.933
1196 -15.315 -13.866  3.874
1197 -15.315 -14.305  3.811
1198 -15.315 -14.298  3.752
1199 -15.315 -14.815  3.691
1200 -15.315 -13.988  3.633
1201 -15.315 -15.441  3.564
1202 -15.315 -14.000  3.508
1203 -15.315 -14.677  3.443
1204 -15.315 -13.855  3.385
1205 -15.315 -13.783  3.325
1206 -15.315 -14.235  3.262
1207 -15.315 -14.521  3.198
1208 -15.315 -14.648  3.136
1209 -15.315 -13.882  3.077
1210 -15.315 -14.445  3.015
1211 -15.315 -14.299  2.953
1212 -15.315 -14.234  2.891
1213 -15.315 -13.725  2.833
1214 -15.315 -15.260  2.765
1215 -15.315 -13.895  2.709
1216 -15.315 -15.008  2.646
1217 -15.315 -14.411  2.585
1218 -15.315 -14.768  2.521
1219 -15.315 -14.095  2.463
1220 -15.315 -14.007  2.403
1221 -15.315 -14.357  2.341
1222 -15.315 -14.228  2.281
1223 -15.315 -14.149  2.220
1224 -15.315 -14.487  2.158
1225 -15.315 -14.269  2.097
1226 -15.315 -14.291  2.035
1227 -15.315 -13.895  1.976
1228 -15.315 -14.665  1.910
1229 -15.315 -15.074  1.846
1230 -15.315 -14.553  1.787
1231 -15.315 -15.026  1.724
1232 -15.315 -14.769  1.665
1233 -15.315 -14.297  1.604
1234 -15.315 -14.244  1.544
1235 -15.315 -14.147  1.484
1236 -15.315 -14.672  1.421
1237 -15.315 -15.345  1.356
1238 -15.315 -13.637  1.302
1239 -15.315 -14.180  1.239
1240 -15.315 -15.236  1.173
1241 -15.315 -15.131  1.112
1242 -15.315 -14.161  1.054
1243 -15.315 -14.419  0.993
1244 -15.315 -14.631  0.928
1245 -15.315 -14.002  0.871
1246 -15.315 -15.457  0.803
1247 -15.315 -15.464  0.743
1248 -15.315 -14.428  0.686
1249 -15.315 -14.850  0.623
1250 -15.315 -14.450  0.564
1251 -15.315 -14.407  0.504
1252 -15.315 -14.670  0.441
1253 -15.315 -14.496  0.381
1254 -15.315 -14.444  0.319
1255 -15.315 -14.345  0.256
1256 -15.315 -15.485  0.192
1257 -15.315 -14.700  0.134
1258 -15.315 -15.419  0.069
1259 -15.315 -14.335  0.011
1260 -15.315 -14.190 -0.049
1261 -15.315 -15.895 -0.117
1262 -15.315 -13.912 -0.171
1263 -15.315 -14.651 -0.237
1264 -15.315 -13.667 -0.293
1265 -15.315 -14.149 -0.356
1266 -15.315 -14.223 -0.420
1267 -15.315 -15.271 -0.483
1268 -15.315 -13.189 -0.536
1269 -15.315 -15.263 -0.606
1270 -15.315 -14.447 -0.664
1271 -15.315 -14.246 -0.723
1272 -15.315 -14.200 -0.783
1273 -15.315 -14.539 -0.845
1274 -15.315 -13.910 -0.903
1275 -15.315 -14.482 -0.965
1276 -15.315 -14.030 -1.024
1277 -15.315 -15.182 -1.089
1278 -15.315 -13.848 -1.146
1279 -15.315 -14.663 -1.210
1280 -15.315 -14.791 -1.274
1281 -15.315 -14.503 -1.335
1282 -15.315 -14.628 -1.396
1283 -15.315 -15.159 -1.461
1284 -15.315 -15.052 -1.524
1285 -15.315 -13.558 -1.579
1286 -15.315 -14.728 -1.645
1287 -15.315 -15.084 -1.708
1288 -15.315 -14.073 -1.766
1289 -15.315 -13.852 -1.827
1290 -15.315 -15.197 -1.892
1291 -15.315 -15.193 -1.955
1292 -15.315 -13.583 -2.008
1293 -15.315 -13.732 -2.068
1294 -15.315 -14.980 -2.136
1295 -15.315 -13.347 -2.190
1296 -15.315 -14.114 -2.255
1297 -15.315 -15.188 -2.320
1298 -15.315 -14.427 -2.378
1299 -15.315 -14.641 -2.439
1300 -15.315 -13.989 -2.498
1301 -15.315 -13.643 -2.556
1302 -15.315 -15.358 -2.623
1303 -15.315 -15.167 -2.685
1304 -15.315 -14.165 -2.743
1305 -15.315 -14.161 -2.804
1306 -15.315 -14.866 -2.870
1307 -15.315 -14.268 -2.929
1308 -15.315 -14.825 -2.992
1309 -15.315 -13.817 -3.051
1310 -15.315 -15.271 -3.118
1311 -15.315 -13.756 -3.174
1312 -15.315 -14.475 -3.237
1313 -15.315 -14.243 -3.298
1314 -15.315 -13.956 -3.360
1315 -15.315 -13.932 -3.419
1316 -15.315 -14.249 -3.479
1317 -15.315 -14.927 -3.544
1318 -15.315 -13.854 -3.601
1319 -15.315 -15.147 -3.666
1320 -15.315 -14.812 -3.726
1321 -15.315 -15.043 -3.790
1322 -15.315 -14.705 -3.850
1323 -15.315 -14.021 -3.907
1324 -15.315 -14.669 -3.972
1325 -15.315 -14.931 -4.034
1326 -15.315 -14.585 -4.096
1327 -15.315 -13.989 -4.154
1328 -15.315 -15.280 -4.220
1329 -15.315 -14.274 -4.279
1330 -15.315 -15.282 -4.341
1331 -15.315 -14.960 -4.404
1332 -15.315 -14.600 -4.465
1333 -15.315 -14.480 -4.524
1334 -15.315 -14.616 -4.585
1335 -15.315 -14.861 -4.648
1336 -15.315 -14.337 -4.707
1337 -15.315 -14.150 -4.766
1338 -15.315 -13.936 -4.825
1339 -15.315 -15.118 -4.894
1340 -15.315 -14.387 -4.952
1341 -15.315 -14.802 -5.013
1342 -15.315 -13.820 -5.072
1343 -15.315 -15.301 -5.141
1344 -15.315 -14.472 -5.197
1345 -15.315 -15.196 -5.261
1346 -15.315 -14.746 -5.322
1347 -15.315 -15.349 -5.385
1348 -15.315 -14.213 -5.441
1349 -15.315 -14.452 -5.504
1350 -15.315 -14.712 -5.565
1351 -15.315 -14.143 -5.623
1352 -15.315 -13.896 -5.683
1353 -15.315 -14.094 -5.744
1354 -15.315 -14.893 -5.809
1355 -15.315 -13.948 -5.867
1356 -15.315 -14.005 -5.928
1357 -15.315 -15.686 -5.998
1358 -15.315 -13.540 -6.051
1359 -15.315 -15.072 -6.119
1360 -15.315 -14.014 -6.176
1361 -15.315 -15.171 -6.243
1362  0.000 -15.257 -6.306
1363  0.000 -14.104 -6.362
1364  0.000 -9.552 -6.399
1365  0.000 -5.701 -6.418
1366  0.000 -1.029 -6.416
1367  0.000  1.658 -6.405
1368  0.000  3.120 -6.390
1369  0.000  2.342 -6.384
1370  0.000  0.126 -6.392
1371  0.000 -1.309 -6.402
1372  0.000 -0.964 -6.405
1373  0.000 -0.403 -6.404
1374  0.000  0.948 -6.397
1375  0.000  0.959 -6.392
1376  0.000  1.852 -6.385
1377  0.000  1.236 -6.382
1378  0.000  1.023 -6.382
1379  0.000  0.821 -6.379
1380  0.000  0.450 -6.378
1381  0.000  1.523 -6.370
1382  0.000  1.992 -6.360
1383  0.000  1.907 -6.351
1384  0.000  2.438 -6.341
1385  0.000  0.332 -6.345
1386  0.000  0.669 -6.339
1387  0.000  0.487 -6.338
1388  0.000 -1.115 -6.343
1389  0.000 -1.351 -6.346
1390  0.000  0.240 -6.343
1391  0.000 -0.595 -6.348
1392  0.000 -0.421 -6.351
1393  0.000 -0.401 -6.354
1394  0.000 -0.043 -6.357
1395  0.000 -0.552 -6.360
1396  0.000  0.924 -6.357
1397  0.000 -0.000 -6.362
1398  0.000  0.128 -6.362
1399  0.000  0.029 -6.365
1400  0.000  0.553 -6.361
1401  0.000 -0.648 -6.366
1402  0.000  0.058 -6.363
1403  0.000  0.559 -6.360
1404  0.000  0.523 -6.361
1405  0.000  1.162 -6.358
1406  0.000 -0.892 -6.366
1407  0.000  0.181 -6.361
1408  0.000 -0.322 -6.363
1409  0.000 -0.416 -6.362
1410  0.000  0.327 -6.360
1411  0.000 -0.449 -6.363
1412  0.000 -0.897 -6.366
1413  0.000  0.231 -6.361
1414  0.000  0.057 -6.361
1415  0.000  0.215 -6.360
1416  0.000  0.566 -6.359
1417  0.000  0.104 -6.361
1418  0.000 -0.811 -6.366
1419  0.000  1.090 -6.358
1420  0.000 -0.014 -6.362
1421  0.000  0.625 -6.359
1422  0.000  0.055 -6.360
1423  0.000 -0.434 -6.363
1424  0.000  0.610 -6.360
1425  17.671 -0.085 -6.362
1426  17.671  0.111 -6.359
1427  17.671  3.899 -6.336
1428  17.671  11.917 -6.270
1429  17.671  18.018 -6.184
1430  17.671  18.499 -6.105
1431  17.671  20.730 -6.011
1432  17.671  18.868 -5.933
1433  17.671  15.529 -5.872
1434  17.671  14.729 -5.812
1435  17.671  15.085 -5.750
1436  17.671  15.726 -5.683
1437  17.671  17.678 -5.603
1438  17.671  17.794 -5.524
1439  17.671  17.613 -5.450
1440  17.671  17.067 -5.382
1441  17.671  15.997 -5.317
1442  17.671  17.348 -5.238
1443  17.671  18.691 -5.154
1444  17.671  17.505 -5.084
1445  17.671  16.338 -5.020
1446  17.671  17.676 -4.944
1447  17.671  17.840 -4.863
1448  17.671  16.970 -4.791
1449  17.671  15.974 -4.723
1450  17.671  17.331 -4.647
1451  17.671  16.833 -4.581
1452  17.671  17.773 -4.506
1453  17.671  16.826 -4.437
1454  17.671  16.762 -4.368
1455  17.671  16.547 -4.299
1456  17.671  16.226 -4.230
1457  17.671  17.572 -4.154
1458  17.671  16.603 -4.087
1459  17.671  17.032 -4.014
1460  17.671  17.030 -3.943
1461  17.671  16.850 -3.873
1462  17.671  16.966 -3.802
1463  17.671  16.162 -3.736
1464  17.671  16.134 -3.666
1465  17.671  17.139 -3.591
1466  17.671  17.162 -3.518
1467  17.671  16.619 -3.452
1468  17.671  17.804 -3.376
1469  17.671  16.378 -3.311
1470  17.671  16.689 -3.239
1471  17.671  16.008 -3.169
1472  17.671  17.992 -3.090
1473  17.671  16.771 -3.024
1474  17.671  16.689 -2.952
1475  17.671  17.199 -2.880
1476  17.671  16.668 -2.811
1477  17.671  16.820 -2.740
1478  17.671  17.035 -2.669
1479  17.671  17.077 -2.597
1480  17.671  15.832 -2.534
1481  17.671  16.479 -2.461
1482  17.671  16.103 -2.393
1483  17.671  17.751 -2.317
1484  17.671  16.774 -2.251
1485  17.671  15.633 -2.185
1486  17.671  16.678 -2.109
1487  17.671  16.998 -2.037
1488  17.671  17.389 -1.964
1489  17.671  17.482 -1.892
1490  17.671  17.396 -1.821
1491  17.671  17.162 -1.749
1492  17.671  16.965 -1.681
1493  17.671  16.731 -1.612
1494  17.671  16.139 -1.544
1495  17.671  16.666 -1.471
1496  17.671  16.979 -1.400
1497  17.671  14.046 -1.341
1498  17.671  16.724 -1.259
1499  17.671  16.215 -1.189
1500  17.671  16.581 -1.118
1501  17.671  16.905 -1.043
1502  17.671  16.663 -0.974
1503  17.671  17.944 -0.900
1504  17.671  16.128 -0.836
1505  17.671  17.172 -0.760
1506  17.671  17.775 -0.687
1507  17.671  16.811 -0.620
1508  17.671  16.869 -0.549
1509  17.671  16.448 -0.481
1510  17.671  16.985 -0.407
1511  17.671  16.499 -0.339
1512  17.671  17.017 -0.266
1513  17.671  17.095 -0.194
1514  17.671  16.197 -0.128
1515  17.671  15.874 -0.059
1516  17.671  16.586  0.012
1517  17.671  15.604  0.078
1518  17.671  16.347  0.151
1519  17.671  17.163  0.225
1520  17.671  16.856  0.296
1521  17.671  16.318  0.364
1522  17.671  17.201  0.438
1523  17.671  17.015  0.509
1524  17.671  17.178  0.581
1525  17.671  16.355  0.649
1526  17.671  16.784  0.722
1527  17.671  16.494  0.792
1528  17.671  16.886  0.865
1529  17.671  17.396  0.938
1530  17.671  15.957  1.003
1531  17.671  17.064  1.078
1532  17.671  16.379  1.145
1533  17.671  17.208  1.217
1534  17.671  16.250  1.283
1535  17.671  16.991  1.358
1536  17.671  16.029  1.425
1537  17.671  16.406  1.496
1538  17.671  17.229  1.570
1539  17.671  17.281  1.641
1540  17.671  16.627  1.709
1541  17.671  17.350  1.781
1542  17.671  16.752  1.851
1543  17.671  16.710  1.922
1544  17.671  17.376  1.995
1545  17.671  17.031  2.065
1546  17.671  16.678  2.133
1547  17.671  16.533  2.204
1548  17.671  17.676  2.281
1549  17.671  16.307  2.346
1550  17.671  15.797  2.415
1551  17.671  16.438  2.488
1552  17.671  15.891  2.557
1553  17.671  17.084  2.632
1554  17.671  17.431  2.705
1555  17.671  16.518  2.771
1556  17.671  15.900  2.839
1557  17.671  17.534  2.916
1558  17.671  16.354  2.982
1559  17.671  16.256  3.051
1560  17.671  16.727  3.123
1561  17.671  17.153  3.194
1562  17.671  15.404  3.259
1563  17.671  17.156  3.337
1564  17.671  17.294  3.410
1565  17.671  16.211  3.477
1566  17.671  17.057  3.550
1567  17.671  16.658  3.619
1568  17.671  16.648  3.691
1569  17.671  16.550  3.761
1570  17.671  16.285  3.831
1571  17.671  16.613  3.903
1572  17.671  16.865  3.974
1573  17.671  15.978  4.041
1574  17.671  16.679  4.113
1575  17.671  16.471  4.183
1576  17.671  17.019  4.256
1577  17.671  16.928  4.327
1578  17.671  15.884  4.392
1579  17.671  16.290  4.464
1580  17.671  17.079  4.539
1581  17.671  16.633  4.607
1582  17.671  16.679  4.677
1583  17.671  16.899  4.749
1584  17.671  17.165  4.822
1585  17.671  15.868  4.887
1586  17.671  18.784  4.968
1587  17.671  17.064  5.034
1588  17.671  16.692  5.103
1589  17.671  16.283  5.173
1590  17.671  16.784  5.246
1591  17.671  16.157  5.313
1592  17.671  16.782  5.387
1593  17.671  15.424  5.454
1594  17.671  17.176  5.532
1595  17.671  16.530  5.600
1596  17.671  17.287  5.674
1597  17.671  16.740  5.741
1598  17.671  17.439  5.814
1599  17.671  16.909  5.883
1600  17.671  16.669  5.954
1601  17.671  16.772  6.024
1602  17.671  16.950  6.095
1603  17.671  16.440  6.163
1604  17.671  16.847  6.235
1605  0.000  17.266  6.306
1606  0.000  15.474  6.369
1607  0.000  12.553  6.418
1608  0.000  2.438  6.408
1609  0.000 -4.883  6.371
1610  0.000 -1.634  6.366
1611  0.000  4.937  6.401
1612  0.000  5.589  6.431
1613  0.000 -1.822  6.412
1614  0.000 -7.738  6.368
1615  0.000 -3.765  6.359
1616  0.000  4.167  6.394
1617  0.000  4.329  6.414
1618  0.000 -0.566  6.405
1619  0.000 -4.911  6.375
1620  0.000 -1.932  6.373
1621  0.000  2.187  6.392
1622  0.000  1.606  6.398
1623  0.000  1.311  6.400
1624  0.000 -0.288  6.395
1625  0.000 -1.043  6.391
1626  0.000  0.484  6.396
1627  0.000 -1.201  6.386
1628  0.000 -0.271  6.386
1629  0.000 -2.353  6.372
1630  0.000 -1.293  6.370
1631  0.000 -0.957  6.367
1632  0.000 -1.902  6.358
1633  0.000 -0.388  6.360
1634  0.000 -0.679  6.356
1635  0.000 -0.401  6.355
1636  0.000  0.327  6.359
1637  0.000 -0.176  6.356
1638  0.000 -0.358  6.358
1639  0.000  1.055  6.363
1640  0.000  0.248  6.362
1641  0.000 -0.000  6.364
1642  0.000  0.722  6.369
1643  0.000 -0.041  6.368
1644  0.000 -0.386  6.368
1645  0.000  0.135  6.372
1646  0.000 -0.542  6.369
1647  0.000 -0.567  6.369
1648  0.000  0.195  6.372
1649  0.000  0.351  6.372
1650  0.000 -0.042  6.369
1651  0.000  0.440  6.371
1652  0.000  0.055  6.369
1653  0.000 -0.147  6.369
1654  0.000 -0.509  6.368
1655  0.000  1.213  6.374
1656  0.000  0.153  6.369
1657  0.000 -0.711  6.367
1658  0.000  0.227  6.370
1659  0.000  0.059  6.369
1660  0.000 -0.537  6.367
1661  0.000  0.938  6.372
1662  0.000  0.364  6.371
1663  0.000  0.199  6.370
1664  0.000 -0.084  6.369
1665  0.000 -0.319  6.368
1666  0.000 -0.647  6.367
1667  0.000  0.620  6.372
1668 -19.792 -0.871  6.366
1669 -19.792 -1.144  6.363
1670 -19.792 -5.204  6.336
1671 -19.792 -15.510  6.253
1672 -19.792 -24.354  6.132
1673 -19.792 -23.425  6.030
1674 -19.792 -16.906  5.971
1675 -19.792 -11.465  5.938
1676 -19.792 -16.701  5.862
1677 -19.792 -24.403  5.741
1678 -19.792 -22.053  5.648
1679 -19.792 -17.806  5.582
1680 -19.792 -13.259  5.537
1681 -19.792 -17.266  5.458
1682 -19.792 -21.087  5.362
1683 -19.792 -20.935  5.271
1684 -19.792 -19.217  5.191
1685 -19.792 -16.739  5.124
1686 -19.792 -18.061  5.046
1687 -19.792 -19.433  4.963
1688 -19.792 -19.748  4.880
1689 -19.792 -18.791  4.802
1690 -19.792 -19.267  4.719
1691 -19.792 -17.704  4.647
1692 -19.792 -20.602  4.558
1693 -19.792 -22.222  4.461
1694 -19.792 -19.500  4.384
1695 -19.792 -17.817  4.312
1696 -19.792 -17.753  4.234
1697 -19.792 -19.169  4.148
1698 -19.792 -20.032  4.064
1699 -19.792 -18.943  3.985
1700 -19.792 -18.187  3.907
1701 -19.792 -18.333  3.829
1702 -19.792 -18.347  3.751
1703 -19.792 -17.430  3.676
1704 -19.792 -18.438  3.593
1705 -19.792 -18.891  3.513
1706 -19.792 -18.369  3.433
1707 -19.792 -17.984  3.355
1708 -19.792 -18.982  3.272
1709 -19.792 -20.397  3.187
1710 -19.792 -18.462  3.114
1711 -19.792 -19.058  3.032
1712 -19.792 -18.990  2.952
1713 -19.792 -17.845  2.877
1714 -19.792 -18.482  2.797
1715 -19.792 -18.657  2.717
1716 -19.792 -18.445  2.639
1717 -19.792 -18.098  2.561
1718 -19.792 -18.634  2.479
1719 -19.792 -18.566  2.401
1720 -19.792 -18.982  2.321
1721 -19.792 -18.718  2.242
1722 -19.792 -17.896  2.169
1723 -19.792 -19.123  2.086
1724 -19.792 -18.548  2.009
1725 -19.792 -19.181  1.926
1726 -19.792 -18.392  1.849
1727 -19.792 -18.648  1.770
1728 -19.792 -18.298  1.692
1729 -19.792 -19.362  1.607
1730 -19.792 -18.460  1.530
1731 -19.792 -19.460  1.448
1732 -19.792 -18.903  1.369
1733 -19.792 -19.052  1.290
1734 -19.792 -19.245  1.211
1735 -19.792 -18.033  1.134
1736 -19.792 -18.516  1.055
1737 -19.792 -17.738  0.979
1738 -19.792 -18.677  0.896
1739 -19.792 -18.031  0.820
1740 -19.792 -19.269  0.736
1741 -19.792 -18.305  0.660
1742 -19.792 -16.748  0.589
1743 -19.792 -18.673  0.502
1744 -19.792 -18.841  0.423
1745 -19.792 -17.962  0.348
1746 -19.792 -19.474  0.263
1747 -19.792 -18.362  0.187
1748 -19.792 -18.922  0.105
1749 -19.792 -18.699  0.025
1750 -19.792 -18.200 -0.052
1751 -19.792 -19.208 -0.135
1752 -19.792 -18.023 -0.212
1753 -19.792 -18.336 -0.291
1754 -19.792 -18.579 -0.370
1755 -19.792 -19.157 -0.452
1756 -19.792 -17.268 -0.523
1757 -19.792 -19.407 -0.612
1758 -19.792 -18.923 -0.688
1759 -19.792 -18.382 -0.765
1760 -19.792 -18.688 -0.844
1761 -19.792 -18.246 -0.920
1762 -19.792 -18.473 -0.999
1763 -19.792 -17.486 -1.074
1764 -19.792 -19.148 -1.161
1765 -19.792 -18.183 -1.236
1766 -19.792 -18.739 -1.317
1767 -19.792 -18.337 -1.394
1768 -19.792 -19.539 -1.480
1769 -19.792 -18.985 -1.559
1770 -19.792 -18.121 -1.634
1771 -19.792 -19.140 -1.719
1772 -19.792 -18.251 -1.796
1773 -19.792 -18.795 -1.876
1774 -19.792 -18.920 -1.957
1775 -19.792 -18.176 -2.032
1776 -19.792 -19.534 -2.114
1777 -19.792 -19.694 -2.196
1778 -19.792 -16.981 -2.264
1779 -19.792 -19.112 -2.352
1780 -19.792 -17.636 -2.424
1781 -19.792 -18.031 -2.504
1782 -19.792 -19.806 -2.590
1783 -19.792 -19.263 -2.666
1784 -19.792 -19.417 -2.747
1785 -19.792 -19.116 -2.825
1786 -19.792 -19.506 -2.907
1787 -19.792 -18.842 -2.983
1788 -19.792 -19.323 -3.064
1789 -19.792 -18.880 -3.143
1790 -19.792 -18.996 -3.222
1791 -19.792 -18.209 -3.298
1792 -19.792 -18.874 -3.380
1793 -19.792 -18.580 -3.459
1794 -19.792 -18.900 -3.538
1795 -19.792 -19.093 -3.619
1796 -19.792 -18.850 -3.696
1797 -19.792 -18.770 -3.775
1798 -19.792 -18.311 -3.852
1799 -19.792 -19.017 -3.935
1800 -19.792 -19.526 -4.015
1801 -19.792 -18.930 -4.092
1802 -19.792 -18.120 -4.167
1803 -19.792 -18.808 -4.249
1804 -19.792 -18.593 -4.328
1805 -19.792 -19.174 -4.411
1806 -19.792 -18.240 -4.487
1807 -19.792 -18.508 -4.566
1808 -19.792 -19.668 -4.651
1809 -19.792 -18.055 -4.723
1810 -19.792 -19.124 -4.805
1811 -19.792 -19.137 -4.885
1812 -19.792 -18.112 -4.962
1813 -19.792 -18.485 -5.041
1814 -19.792 -18.854 -5.123
1815 -19.792 -18.920 -5.202
1816 -19.792 -19.420 -5.283
1817 -19.792 -18.881 -5.359
1818 -19.792 -18.835 -5.437
1819 -19.792 -16.992 -5.509
1820 -19.792 -19.684 -5.599
1821 -19.792 -18.335 -5.674
1822 -19.792 -17.837 -5.750
1823 -19.792 -19.420 -5.835
1824 -19.792 -18.720 -5.911
1825 -19.792 -19.698 -5.995
1826 -19.792 -18.492 -6.070
1827 -19.792 -18.772 -6.150
1828 -19.792 -18.923 -6.231
1829  0.000 -18.487 -6.309
1830  0.000 -18.367 -6.386
1831  0.000 -14.739 -6.441
1832  0.000 -6.137 -6.452
1833  0.000  1.557 -6.430
1834  0.000  2.195 -6.418
1835  0.000  0.845 -6.417
1836  0.000 -1.805 -6.428
1837  0.000  0.305 -6.422
1838  0.000 -1.235 -6.430
1839  0.000 -1.227 -6.436
1840  0.000  0.772 -6.429
1841  0.000  1.776 -6.422
1842  0.000  0.219 -6.423
1843  0.000  0.103 -6.422
1844  0.000  0.539 -6.420
1845  0.000  2.001 -6.412
1846  0.000 -0.171 -6.416
1847  0.000  1.177 -6.408
1848  0.000  0.971 -6.405
1849  0.000  0.707 -6.402
1850  0.000 -0.040 -6.403
1851  0.000 -0.358 -6.405
1852  0.000 -0.641 -6.405
1853  0.000 -0.350 -6.404
1854  0.000  2.364 -6.389
1855  0.000  3.291 -6.374
1856  0.000  2.591 -6.367
1857  0.000  1.247 -6.364
1858  0.000 -0.563 -6.368
1859  0.000  0.261 -6.362
1860  0.000 -0.029 -6.361
1861  0.000 -0.158 -6.364
1862  0.000  0.019 -6.366
1863  0.000 -0.954 -6.372
1864  0.000 -0.739 -6.375
1865  0.000 -0.746 -6.380
1866  0.000 -0.737 -6.383
1867  0.000 -0.419 -6.386
1868  0.000 -0.692 -6.391
1869  0.000 -0.332 -6.392
1870  0.000 -0.212 -6.392
1871  0.000  0.254 -6.390
1872  0.000 -0.677 -6.392
1873  0.000  0.488 -6.387
1874  0.000  1.158 -6.384
1875  0.000 -0.174 -6.387
1876  0.000 -0.062 -6.387
1877  0.000 -0.240 -6.386
1878  0.000 -0.011 -6.385
1879  0.000 -1.359 -6.391
1880  0.000  0.456 -6.384
1881  0.000  0.231 -6.384
1882  0.000  0.445 -6.383
1883  0.000 -0.403 -6.386
1884  0.000 -1.292 -6.390
1885  0.000  0.043 -6.385
1886  0.000 -0.367 -6.386
1887  0.000  0.215 -6.384
1888  0.000  0.561 -6.383
1889  0.000  0.006 -6.385
1890  0.000 -0.154 -6.385
1891  0.000  0.739 -6.381
1892  21.746 -0.365 -6.386
1893  21.746  0.909 -6.380
1894  21.746  5.707 -6.349
1895  21.746  14.941 -6.269
1896  21.746  22.146 -6.158
1897  21.746  24.226 -6.051
1898  21.746  24.856 -5.943
1899  21.746  22.368 -5.852
1900  21.746  19.766 -5.770
1901  21.746  17.110 -5.703
1902  21.746  19.103 -5.622
1903  21.746  20.272 -5.536
1904  21.746  21.204 -5.444
1905  21.746  21.510 -5.350
1906  21.746  23.607 -5.246
1907  21.746  20.661 -5.165
1908  21.746  18.511 -5.088
1909  21.746  18.357 -5.013
1910  21.746  19.966 -4.927
1911  21.746  21.776 -4.828
1912  21.746  23.041 -4.727
1913  21.746  20.561 -4.642
1914  21.746  19.123 -4.564
1915  21.746  19.861 -4.477
1916  21.746  21.423 -4.384
1917  21.746  22.324 -4.289
1918  21.746  21.338 -4.200
1919  21.746  20.973 -4.113
1920  21.746  20.602 -4.030
1921  21.746  22.199 -3.930
1922  21.746  21.382 -3.840
1923  21.746  21.958 -3.745
1924  21.746  20.391 -3.662
1925  21.746  20.908 -3.574
1926  21.746  18.571 -3.498
1927  21.746  20.869 -3.405
1928  21.746  20.122 -3.320
1929  21.746  19.887 -3.235
1930  21.746  20.536 -3.148
1931  21.746  20.208 -3.064
1932  21.746  21.148 -2.974
1933  21.746  20.253 -2.889
1934  21.746  19.748 -2.804
1935  21.746  20.399 -2.716
1936  21.746  21.715 -2.623
1937  21.746  21.377 -2.537
1938  21.746  20.096 -2.456
1939  21.746  19.384 -2.372
1940  21.746  20.993 -2.280
1941  21.746  20.411 -2.194
1942  21.746  20.841 -2.108
1943  21.746  21.327 -2.017
1944  21.746  20.050 -1.934
1945  21.746  19.731 -1.849
1946  21.746  20.079 -1.761
1947  21.746  21.287 -1.668
1948  21.746  19.621 -1.588
1949  21.746  20.335 -1.497
1950  21.746  19.990 -1.412
1951  21.746  19.267 -1.330
1952  21.746  20.296 -1.237
1953  21.746  21.433 -1.147
1954  21.746  20.364 -1.063
1955  21.746  19.636 -0.978
1956  21.746  21.457 -0.884
1957  21.746  20.612 -0.799
1958  21.746  20.344 -0.713
1959  21.746  19.796 -0.627
1960  21.746  20.292 -0.540
1961  21.746  20.449 -0.452
1962  21.746  21.282 -0.361
1963  21.746  19.505 -0.282
1964  21.746  20.531 -0.190
1965  21.746  20.130 -0.105
1966  21.746  20.455 -0.018
1967  21.746  20.665  0.069
1968  21.746  20.749  0.155
1969  21.746  21.069  0.244
1970  21.746  19.898  0.327
1971  21.746  21.392  0.420
1972  21.746  20.331  0.503
1973  21.746  19.870  0.589
1974  21.746  20.908  0.680
1975  21.746  21.614  0.770
1976  21.746  20.900  0.854
1977  21.746  20.892  0.941
1978  21.746  21.205  1.029
1979  21.746  20.628  1.113
1980  21.746  20.274  1.199
1981  21.746  20.214  1.284
1982  21.746  21.783  1.378
1983  21.746  19.907  1.458
1984  21.746  20.430  1.543
1985  21.746  19.799  1.628
1986  21.746  21.265  1.720
1987  21.746  20.765  1.805
1988  21.746  20.698  1.893
1989  21.746  19.391  1.975
1990  21.746  21.253  2.070
1991  21.746  20.686  2.156
1992  21.746  21.399  2.246
1993  21.746  20.240  2.330
1994  21.746  20.950  2.420
1995  21.746  21.038  2.508
1996  21.746  19.486  2.587
1997  21.746  20.776  2.679
1998  21.746  20.302  2.765
1999  21.746  20.324  2.851
2000  21.746  20.721  2.939
2001  21.746  20.364  3.025
2002  21.746  21.071  3.113
2003  21.746  19.557  3.195
2004  21.746  20.764  3.287
2005  21.746  21.016  3.375
2006  21.746  21.167  3.462
2007  21.746  20.533  3.548
2008  21.746  20.898  3.637
2009  21.746  20.035  3.720
2010  21.746  19.906  3.806
2011  21.746  20.461  3.894
2012  21.746  19.987  3.978
2013  21.746  19.928  4.064
2014  21.746  19.886  4.149
2015  21.746  21.680  4.242
2016  21.746  20.862  4.326
2017  21.746  19.382  4.407
2018  21.746  20.858  4.499
2019  21.746  21.119  4.588
2020  21.746  19.677  4.667
2021  21.746  21.147  4.760
2022  21.746  20.820  4.848
2023  21.746  20.200  4.931
2024  21.746  20.346  5.020
2025  21.746  21.248  5.111
2026  21.746  22.182  5.203
2027  21.746  20.525  5.285
2028  21.746  20.0010  5.368
2029  21.746  20.459  5.458
2030  21.746  20.320  5.543
2031  21.746  21.330  5.634
2032  21.746  20.286  5.716
2033  21.746  21.290  5.806
2034  21.746  21.0010  5.893
2035  21.746  20.054  5.976
2036  21.746  21.540  6.067
2037  21.746  20.256  6.150
2038  21.746  20.049  6.234
2039  0.000  20.452  6.322
2040  0.000  19.177  6.402
2041  0.000  14.841  6.458
2042  0.000  3.986  6.458
2043  0.000 -4.052  6.425
2044  0.000 -3.522  6.409
2045  0.000  3.478  6.438
2046  0.000  6.189  6.471
2047  0.000  0.371  6.465
2048  0.000 -6.826  6.422
2049  0.000 -3.767  6.408
2050  0.000  2.337  6.428
2051  0.000  4.023  6.447
2052  0.000  1.572  6.448
2053  0.000 -1.002  6.436
2054  0.000 -1.796  6.425
2055  0.000  1.160  6.435
2056  0.000 -0.341  6.429
2057  0.000 -1.112  6.422
2058  0.000 -1.391  6.417
2059  0.000 -2.265  6.407
2060  0.000 -1.095  6.405
2061  0.000 -0.134  6.402
2062  0.000 -2.060  6.387
2063  0.000 -0.664  6.389
2064  0.000 -1.648  6.380
2065  0.000 -0.238  6.385
2066  0.000  0.411  6.387
2067  0.000  0.368  6.387
2068  0.000  0.051  6.389
2069  0.000 -0.003  6.392
2070  0.000 -0.955  6.390
2071  0.000  1.138  6.399
2072  0.000  0.183  6.400
2073  0.000  2.447  6.413
2074  0.000  0.131  6.408
2075  0.000 -0.822  6.406
2076  0.000  0.636  6.412
2077  0.000 -0.828  6.406
2078  0.000  1.231  6.414
2079  0.000 -1.012  6.404
2080  0.000 -0.036  6.409
2081  0.000  0.419  6.408
2082  0.000  0.768  6.411
2083  0.000  1.520  6.412
2084  0.000 -0.059  6.405
2085  0.000  0.131  6.405
2086  0.000  0.124  6.406
2087  0.000 -0.540  6.404
2088  0.000 -0.778  6.403
2089  0.000  0.274  6.406
2090  0.000 -0.643  6.403
2091  0.000 -0.332  6.405
2092  0.000 -0.385  6.405
2093  0.000 -0.032  6.405
2094  0.000  0.435  6.407
2095  0.000 -0.758  6.404
2096  0.000  0.191  6.407
2097  0.000 -0.485  6.405
2098  0.000 -0.961  6.402
2099  0.000 -0.457  6.404
2100  0.000 -0.199  6.404
2101  0.000 -0.143  6.405
2102 -23.579  0.232  6.407
2103 -23.579 -0.059  6.405
2104 -23.579 -7.926  6.361
2105 -23.579 -19.533  6.260
2106 -23.579 -29.516  6.117
2107 -23.579 -28.908  5.995
2108 -23.579 -18.043  5.938
2109 -23.579 -13.481  5.893
2110 -23.579 -19.993  5.798
2111 -23.579 -28.415  5.661
2112 -23.579 -26.980  5.546
2113 -23.579 -20.594  5.467
2114 -23.579 -16.344  5.404
2115 -23.579 -18.926  5.321
2116 -23.579 -24.187  5.207
2117 -23.579 -25.309  5.095
2118 -23.579 -25.476  4.985
2119 -23.579 -19.746  4.910
2120 -23.579 -22.056  4.814
2121 -23.579 -20.487  4.731
2122 -23.579 -21.053  4.644
2123 -23.579 -23.515  4.539
2124 -23.579 -25.024  4.426
2125 -23.579 -23.017  4.332
2126 -23.579 -18.936  4.259
2127 -23.579 -20.589  4.173
2128 -23.579 -23.170  4.071
2129 -23.579 -25.559  3.956
2130 -23.579 -24.340  3.856
2131 -23.579 -21.205  3.770
2132 -23.579 -18.954  3.693
2133 -23.579 -22.814  3.589
2134 -23.579 -22.866  3.494
2135 -23.579 -24.631  3.387
2136 -23.579 -22.814  3.294
2137 -23.579 -22.350  3.201
2138 -23.579 -21.873  3.109
2139 -23.579 -22.623  3.011
2140 -23.579 -23.243  2.912
2141 -23.579 -22.324  2.821
2142 -23.579 -23.183  2.722
2143 -23.579 -21.142  2.633
2144 -23.579 -22.504  2.531
2145 -23.579 -22.588  2.435
2146 -23.579 -23.404  2.334
2147 -23.579 -22.952  2.241
2148 -23.579 -22.326  2.149
2149 -23.579 -22.330  2.054
2150 -23.579 -22.564  1.959
2151 -23.579 -22.125  1.866
2152 -23.579 -22.628  1.770
2153 -23.579 -21.928  1.680
2154 -23.579 -21.755  1.587
2155 -23.579 -21.968  1.494
2156 -23.579 -21.992  1.399
2157 -23.579 -22.611  1.301
2158 -23.579 -22.463  1.211
2159 -23.579 -22.671  1.115
2160 -23.579 -22.188  1.024
2161 -23.579 -21.784  0.931
2162 -23.579 -22.103  0.834
2163 -23.579 -21.761  0.742
2164 -23.579 -23.148  0.640
2165 -23.579 -21.237  0.556
2166 -23.579 -22.204  0.457
2167 -23.579 -22.017  0.364
2168 -23.579 -23.788  0.260
2169 -23.579 -22.427  0.171
2170 -23.579 -23.413  0.074
2171 -23.579 -21.705 -0.016
2172 -23.579 -22.503 -0.112
2173 -23.579 -23.019 -0.210
2174 -23.579 -21.073 -0.296
2175 -23.579 -22.956 -0.398
2176 -23.579 -21.839 -0.488
2177 -23.579 -22.870 -0.587
2178 -23.579 -22.211 -0.679
2179 -23.579 -22.008 -0.771
2180 -23.579 -22.939 -0.869
2181 -23.579 -20.556 -0.953
2182 -23.579 -21.566 -1.049
2183 -23.579 -22.538 -1.146
2184 -23.579 -22.211 -1.239
2185 -23.579 -22.239 -1.334
2186 -23.579 -21.567 -1.425
2187 -23.579 -23.278 -1.528
2188 -23.579 -22.096 -1.619
2189 -23.579 -23.871 -1.719
2190 -23.579 -22.580 -1.811
2191 -23.579 -21.426 -1.900
2192 -23.579 -22.862 -2.000
2193 -23.579 -22.025 -2.091
2194 -23.579 -23.107 -2.189
2195 -23.579 -21.055 -2.277
2196 -23.579 -22.800 -2.376
2197 -23.579 -22.270 -2.471
2198 -23.579 -20.970 -2.557
2199 -23.579 -22.419 -2.656
2200 -23.579 -22.512 -2.752
2201 -23.579 -22.326 -2.846
2202 -23.579 -22.301 -2.941
2203 -23.579 -22.280 -3.034
2204 -23.579 -22.215 -3.129
2205 -23.579 -21.407 -3.219
2206 -23.579 -23.143 -3.321
2207 -23.579 -21.729 -3.411
2208 -23.579 -21.824 -3.505
2209 -23.579 -22.573 -3.601
2210 -23.579 -21.612 -3.691
2211 -23.579 -23.347 -3.793
2212 -23.579 -22.664 -3.885
2213 -23.579 -23.298 -3.982
2214 -23.579 -22.373 -4.072
2215 -23.579 -22.403 -4.165
2216 -23.579 -22.912 -4.262
2217 -23.579 -22.195 -4.354
2218 -23.579 -22.902 -4.453
2219 -23.579 -21.116 -4.539
2220 -23.579 -22.431 -4.638
2221 -23.579 -21.533 -4.730
2222 -23.579 -22.523 -4.828
2223 -23.579 -22.008 -4.922
2224 -23.579 -21.896 -5.014
2225 -23.579 -23.107 -5.114
2226 -23.579 -21.248 -5.201
2227 -23.579 -21.334 -5.296
2228 -23.579 -22.503 -5.395
2229 -23.579 -22.306 -5.487
2230 -23.579 -22.070 -5.582
2231 -23.579 -22.057 -5.675
2232 -23.579 -22.377 -5.770
2233 -23.579 -21.887 -5.861
2234 -23.579 -22.488 -5.957
2235 -23.579 -22.360 -6.053
2236 -23.579 -21.387 -6.142
2237 -23.579 -22.560 -6.243
2238  0.000 -22.612 -6.336
2239  0.000 -21.862 -6.427
2240  0.000 -16.660 -6.489
2241  0.000 -6.091 -6.497
2242  0.000  2.985 -6.467
2243  0.000  3.395 -6.449
2244  0.000  1.586 -6.447
2245  0.000 -0.179 -6.453
2246  0.000 -1.439 -6.463
2247  0.000 -1.783 -6.471
2248  0.000 -0.556 -6.471
2249  0.000  1.114 -6.468
2250  0.000  2.659 -6.454
2251  0.000  1.703 -6.450
2252  0.000  0.906 -6.447
2253  0.000 -1.053 -6.454
2254  0.000  0.518 -6.448
2255  0.000 -0.199 -6.450
2256  0.000 -0.569 -6.453
2257  0.000 -0.760 -6.457
2258  0.000 -1.646 -6.464
2259  0.000  0.611 -6.455
2260  0.000  1.367 -6.450
2261  0.000 -0.309 -6.456
2262  0.000  2.271 -6.442
2263  0.000  2.183 -6.433
2264  0.000  2.080 -6.425
2265  0.000  1.950 -6.418
2266  0.000  1.171 -6.418
2267  0.000  0.707 -6.415
2268  0.000 -0.409 -6.415
2269  0.000  0.042 -6.412
2270  0.000  0.778 -6.410
2271  0.000 -0.342 -6.415
2272  0.000 -0.964 -6.419
2273  0.000 -0.213 -6.420
2274  0.000 -1.063 -6.425
2275  0.000 -0.580 -6.425
2276  0.000 -0.539 -6.428
2277  0.000 -1.0100 -6.431
2278  0.000  0.749 -6.425
2279  0.000  0.168 -6.428
2280  0.000 -0.224 -6.428
2281  0.000  0.658 -6.425
2282  0.000  0.422 -6.426
2283  0.000  0.609 -6.425
2284  0.000  0.140 -6.427
2285  0.000 -0.767 -6.431
2286  0.000  1.269 -6.422
2287  0.000 -0.306 -6.428
2288  0.000  0.225 -6.427
2289  0.000 -0.625 -6.430
2290  0.000  0.271 -6.427
2291  0.000 -0.154 -6.428
2292  0.000 -0.920 -6.430
2293  0.000  0.689 -6.425
2294  0.000  0.148 -6.427
2295  0.000  0.541 -6.425
2296  0.000 -0.101 -6.427
2297  0.000  0.210 -6.426
2298  0.000  0.182 -6.426
2299  0.000  0.082 -6.425
2300  0.000 -0.108 -6.428
2301  25.316  0.102 -6.427
2302  25.316  0.341 -6.425
2303  25.316  6.683 -6.385
2304  25.316  19.916 -6.279
2305  25.316  26.507 -6.154
2306  25.316  28.140 -6.028
2307  25.316  28.841 -5.901
2308  25.316  26.899 -5.792
2309  25.316  22.826 -5.705
2310  25.316  19.845 -5.628
2311  25.316  21.451 -5.535
2312  25.316  22.863 -5.436
2313  25.316  24.412 -5.329
2314  25.316  28.874 -5.195
2315  25.316  26.226 -5.088
2316  25.316  20.755 -5.012
2317  25.316  20.221 -4.930
2318  25.316  22.465 -4.828
2319  25.316  24.240 -4.721
2320  25.316  25.078 -4.613
2321  25.316  25.621 -4.505
2322  25.316  24.200 -4.405
2323  25.316  24.193 -4.302
2324  25.316  26.167 -4.189
2325  25.316  25.967 -4.083
2326  25.316  26.448 -3.973
2327  25.316  24.504 -3.872
2328  25.316  22.573 -3.778
2329  25.316  23.787 -3.673
2330  25.316  24.632 -3.566
2331  25.316  23.596 -3.468
2332  25.316  24.720 -3.364
2333  25.316  22.498 -3.271
2334  25.316  23.086 -3.170
2335  25.316  23.384 -3.069
2336  25.316  25.034 -2.961
2337  25.316  24.667 -2.858
2338  25.316  23.528 -2.761
2339  25.316  24.543 -2.653
2340  25.316  23.426 -2.557
2341  25.316  22.268 -2.458
2342  25.316  24.023 -2.350
2343  25.316  23.336 -2.251
2344  25.316  23.452 -2.149
2345  25.316  23.321 -2.049
2346  25.316  23.960 -1.946
2347  25.316  24.210 -1.845
2348  25.316  24.037 -1.744
2349  25.316  22.998 -1.649
2350  25.316  24.019 -1.544
2351  25.316  23.654 -1.445
2352  25.316  23.426 -1.344
2353  25.316  24.432 -1.237
2354  25.316  23.838 -1.139
2355  25.316  23.967 -1.037
2356  25.316  24.360 -0.934
2357  25.316  24.532 -0.832
2358  25.316  23.872 -0.730
2359  25.316  23.969 -0.628
2360  25.316  23.476 -0.529
2361  25.316  24.168 -0.424
2362  25.316  25.245 -0.319
2363  25.316  23.463 -0.223
2364  25.316  23.251 -0.122
2365  25.316  22.509 -0.025
2366  25.316  23.474  0.078
2367  25.316  23.593  0.178
2368  25.316  23.806  0.279
2369  25.316  24.036  0.380
2370  25.316  24.009  0.482
2371  25.316  24.035  0.583
2372  25.316  24.586  0.687
2373  25.316  24.358  0.790
2374  25.316  23.379  0.886
2375  25.316  23.706  0.989
2376  25.316  23.308  1.089
2377  25.316  24.094  1.194
2378  25.316  23.416  1.292
2379  25.316  24.264  1.397
2380  25.316  23.173  1.493
2381  25.316  23.171  1.593
2382  25.316  25.074  1.702
2383  25.316  23.487  1.797
2384  25.316  23.546  1.899
2385  25.316  23.735  1.998
2386  25.316  24.350  2.104
2387  25.316  24.484  2.205
2388  25.316  24.618  2.309
2389  25.316  24.241  2.409
2390  25.316  23.752  2.508
2391  25.316  23.173  2.606
2392  25.316  24.185  2.711
2393  25.316  24.483  2.816
2394  25.316  23.870  2.914
2395  25.316  23.496  3.015
2396  25.316  23.558  3.116
2397  25.316  23.693  3.218
2398  25.316  23.870  3.320
2399  25.316  24.498  3.425
2400  25.316  24.057  3.525
2401  25.316  24.097  3.624
2402  25.316  22.531  3.720
2403  25.316  24.613  3.828
2404  25.316  23.495  3.926
2405  25.316  24.042  4.029
2406  25.316  23.499  4.127
2407  25.316  23.327  4.227
2408  25.316  24.104  4.332
2409  25.316  24.612  4.436
2410  25.316  24.149  4.533
2411  25.316  23.218  4.630
2412  25.316  23.612  4.730
2413  25.316  23.561  4.833
2414  25.316  24.674  4.938
2415  25.316  23.627  5.037
2416  25.316  23.904  5.138
2417  25.316  24.052  5.242
2418  25.316  23.810  5.342
2419  25.316  25.752  5.453
2420  25.316  22.948  5.546
2421  25.316  24.169  5.651
2422  25.316  24.401  5.753
2423  25.316  24.401  5.855
2424  25.316  23.597  5.954
2425  25.316  24.358  6.057
2426  25.316  22.942  6.154
2427  0.000  23.493  6.253
2428  0.000  23.192  6.352
2429  0.000  15.500  6.405
2430  0.000  0.809  6.382
2431  0.000 -7.350  6.331
2432  0.000 -3.041  6.323
2433  0.000  8.245  6.380
2434  0.000  8.581  6.424
2435  0.000 -3.722  6.389
2436  0.000 -8.992  6.336
2437  0.000 -5.025  6.317
2438  0.000  5.583  6.361
2439  0.000  7.133  6.399
2440  0.000  2.284  6.403
2441  0.000 -7.613  6.352
2442  0.000 -6.711  6.324
2443  0.000  1.764  6.350
2444  0.000  5.339  6.383
2445  0.000  1.749  6.389
2446  0.000 -2.673  6.369
2447  0.000 -2.649  6.357
2448  0.000 -1.398  6.352
2449  0.000  2.157  6.369
2450  0.000  1.873  6.375
2451  0.000  0.207  6.370
2452  0.000 -2.136  6.356
2453  0.000 -0.946  6.356
2454  0.000  0.552  6.362
2455  0.000 -0.325  6.359
2456  0.000 -1.136  6.352
2457  0.000 -0.429  6.353
2458  0.000 -0.434  6.352
2459  0.000 -0.587  6.348
2460  0.000 -1.160  6.343
2461  0.000 -0.556  6.343
2462  0.000 -0.026  6.341
2463  0.000 -0.391  6.338
2464  0.000  0.516  6.341
2465  0.000  0.282  6.340
2466  0.000  0.434  6.340
2467  0.000  0.654  6.342
2468  0.000  0.445  6.342
2469  0.000 -0.049  6.340
2470  0.000  0.061  6.341
2471  0.000 -0.745  6.338
2472  0.000  0.052  6.341
2473  0.000 -0.736  6.338
2474  0.000  0.012  6.340
2475  0.000  0.184  6.341
2476  0.000  0.092  6.340
2477  0.000 -0.621  6.338
2478  0.000  0.920  6.345
2479  0.000 -0.307  6.341
2480  0.000  0.449  6.345
2481  0.000 -0.317  6.340
2482  0.000  0.742  6.344
2483  0.000  0.613  6.343
2484  0.000  0.062  6.341
2485  0.000 -0.605  6.339
2486  0.000 -0.105  6.341
2487  0.000 -0.593  6.339
2488  0.000  0.293  6.343
2489  0.000  0.403  6.343
2490 -26.965  1.143  6.346
2491 -26.965 -0.132  6.341
2492 -26.965 -9.469  6.287
2493 -26.965 -22.746  6.168
2494 -26.965 -34.534  5.997
2495 -26.965 -32.591  5.860
2496 -26.965 -20.993  5.793
2497 -26.965 -14.635  5.747
2498 -26.965 -22.088  5.645
2499 -26.965 -31.930  5.490
2500 -26.965 -35.122  5.331
2501 -26.965 -25.511  5.237
2502 -26.965 -16.328  5.184
2503 -26.965 -19.662  5.102
2504 -26.965 -28.629  4.970
2505 -26.965 -34.413  4.815
2506 -26.965 -31.007  4.687
2507 -26.965 -22.072  4.611
2508 -26.965 -17.090  4.552
2509 -26.965 -23.387  4.443
2510 -26.965 -32.235  4.290
2511 -26.965 -30.515  4.163
2512 -26.965 -24.750  4.067
2513 -26.965 -19.115  3.995
2514 -26.965 -24.101  3.886
2515 -26.965 -29.509  3.754
2516 -26.965 -28.614  3.635
2517 -26.965 -26.027  3.530
2518 -26.965 -23.387  3.439
2519 -26.965 -26.339  3.326
2520 -26.965 -27.120  3.211
2521 -26.965 -26.303  3.104
2522 -26.965 -25.395  2.998
2523 -26.965 -26.166  2.887
2524 -26.965 -23.740  2.791
2525 -26.965 -25.910  2.681
2526 -26.965 -26.756  2.570
2527 -26.965 -27.237  2.455
2528 -26.965 -26.552  2.345
2529 -26.965 -25.032  2.240
2530 -26.965 -24.192  2.136
2531 -26.965 -25.322  2.021
2532 -26.965 -25.708  1.911
2533 -26.965 -25.242  1.801
2534 -26.965 -26.246  1.686
2535 -26.965 -26.470  1.576
2536 -26.965 -25.490  1.471
2537 -26.965 -26.008  1.358
2538 -26.965 -25.227  1.251
2539 -26.965 -25.961  1.140
2540 -26.965 -26.113  1.031
2541 -26.965 -25.389  0.926
2542 -26.965 -24.799  0.820
2543 -26.965 -25.535  0.712
2544 -26.965 -24.221  0.610
2545 -26.965 -25.075  0.502
2546 -26.965 -25.136  0.395
2547 -26.965 -25.912  0.286
2548 -26.965 -25.346  0.180
2549 -26.965 -24.236  0.077
2550 -26.965 -25.084 -0.033
2551 -26.965 -26.201 -0.145
2552 -26.965 -24.478 -0.248
2553 -26.965 -25.665 -0.361
2554 -26.965 -25.617 -0.469
2555 -26.965 -25.565 -0.577
2556 -26.965 -26.040 -0.689
2557 -26.965 -25.961 -0.796
2558 -26.965 -25.743 -0.904
2559 -26.965 -25.135 -1.009
2560 -26.965 -24.950 -1.114
2561 -26.965 -24.744 -1.221
2562 -26.965 -25.559 -1.333
2563 -26.965 -26.023 -1.442
2564 -26.965 -25.604 -1.549
2565 -26.965 -25.575 -1.656
2566 -26.965 -24.990 -1.762
2567 -26.965 -24.375 -1.867
2568 -26.965 -26.315 -1.984
2569 -26.965 -25.426 -2.088
2570 -26.965 -25.204 -2.196
2571 -26.965 -25.793 -2.307
2572 -26.965 -25.052 -2.409
2573 -26.965 -25.710 -2.520
2574 -26.965 -24.908 -2.624
2575 -26.965 -24.895 -2.732
2576 -26.965 -27.332 -2.849
2577 -26.965 -24.711 -2.947
2578 -26.965 -25.561 -3.057
2579 -26.965 -25.513 -3.166
2580 -26.965 -24.950 -3.271
2581 -26.965 -25.552 -3.381
2582 -26.965 -24.950 -3.485
2583 -26.965 -25.860 -3.599
2584 -26.965 -25.269 -3.705
2585 -26.965 -25.272 -3.815
2586 -26.965 -25.067 -3.921
2587 -26.965 -25.178 -4.030
2588 -26.965 -25.069 -4.136
2589 -26.965 -25.714 -4.246
2590 -26.965 -25.883 -4.354
2591 -26.965 -26.729 -4.466
2592 -26.965 -23.616 -4.560
2593 -26.965 -25.533 -4.676
2594 -26.965 -24.531 -4.781
2595 -26.965 -26.605 -4.896
2596 -26.965 -26.408 -5.006
2597 -26.965 -25.292 -5.107
2598 -26.965 -24.584 -5.214
2599 -26.965 -25.819 -5.327
2600 -26.965 -25.148 -5.432
2601 -26.965 -25.410 -5.539
2602 -26.965 -25.141 -5.647
2603 -26.965 -23.770 -5.749
2604 -26.965 -26.082 -5.864
2605 -26.965 -25.213 -5.967
2606 -26.965 -26.490 -6.079
2607 -26.965 -26.542 -6.188
2608  0.000 -25.763 -6.293
2609  0.000 -24.561 -6.397
2610  0.000 -16.770 -6.459
2611  0.000 -8.107 -6.479
2612  0.000  2.281 -6.446
2613  0.000  4.047 -6.421
2614  0.000  1.476 -6.418
2615  0.000 -0.941 -6.423
2616  0.000 -1.232 -6.429
2617  0.000 -3.009 -6.445
2618  0.000 -1.497 -6.450
2619  0.000  1.571 -6.438
2620  0.000  3.304 -6.420
2621  0.000  0.378 -6.423
2622  0.000 -0.937 -6.429
2623  0.000 -1.728 -6.438
2624  0.000 -0.792 -6.439
2625  0.000 -0.475 -6.441
2626  0.000  1.327 -6.431
2627  0.000  0.398 -6.430
2628  0.000  0.589 -6.425
2629  0.000  0.046 -6.422
2630  0.000  1.316 -6.412
2631  0.000  1.613 -6.407
2632  0.000  1.484 -6.403
2633  0.000  0.063 -6.405
2634  0.000  0.302 -6.403
2635  0.000 -0.182 -6.407
2636  0.000  0.172 -6.406
2637  0.000  1.571 -6.393
2638  0.000  1.034 -6.388
2639  0.000  1.735 -6.379
2640  0.000 -1.304 -6.389
2641  0.000 -0.856 -6.389
2642  0.000 -0.624 -6.389
2643  0.000  0.578 -6.385
2644  0.000 -0.681 -6.390
2645  0.000  0.983 -6.385
2646  0.000  0.253 -6.388
2647  0.000 -0.082 -6.389
2648  0.000 -0.740 -6.393
2649  0.000  0.006 -6.391
2650  0.000 -0.752 -6.395
2651  0.000  0.014 -6.392
2652  0.000 -0.125 -6.392
2653  0.000  0.419 -6.390
2654  0.000  0.080 -6.392
2655  0.000 -0.638 -6.393
2656  0.000  0.589 -6.389
2657  0.000  0.255 -6.391
2658  0.000  0.669 -6.389
2659  0.000 -0.492 -6.394
2660  0.000  0.310 -6.390
2661  0.000  0.465 -6.389
2662  0.000 -0.783 -6.395
2663  0.000 -0.052 -6.392
2664  0.000 -0.724 -6.395
2665  0.000  1.210 -6.388
2666  0.000  1.387 -6.385
2667  0.000 -0.509 -6.393
2668  0.000 -0.046 -6.392
2669  0.000  0.161 -6.391
2670  0.000 -0.767 -6.394
2671  28.544 -0.514 -6.394
2672  28.544  0.771 -6.388
2673  28.544  8.342 -6.341
2674  28.544  21.227 -6.227
2675  28.544  30.635 -6.078
2676  28.544  32.324 -5.940
2677  28.544  32.959 -5.796
2678  28.544  29.473 -5.678
2679  28.544  26.016 -5.576
2680  28.544  23.367 -5.488
2681  28.544  21.355 -5.404
2682  28.544  25.666 -5.284
2683  28.544  32.924 -5.131
2684  28.544  30.735 -5.003
2685  28.544  27.341 -4.895
2686  28.544  23.654 -4.804
2687  28.544  24.404 -4.697
2688  28.544  25.481 -4.585
2689  28.544  26.675 -4.469
2690  28.544  28.250 -4.344
2691  28.544  27.771 -4.225
2692  28.544  28.698 -4.101
2693  28.544  27.476 -3.989
2694  28.544  26.638 -3.877
2695  28.544  25.690 -3.771
2696  28.544  27.142 -3.655
2697  28.544  28.528 -3.534
2698  28.544  28.712 -3.410
2699  28.544  28.933 -3.288
2700  28.544  26.896 -3.177
2701  28.544  26.952 -3.062
2702  28.544  28.154 -2.940
2703  28.544  28.180 -2.824
2704  28.544  26.067 -2.718
2705  28.544  26.043 -2.607
2706  28.544  26.075 -2.500
2707  28.544  26.924 -2.387
2708  28.544  27.450 -2.268
2709  28.544  26.840 -2.156
2710  28.544  27.108 -2.040
2711  28.544  27.610 -1.923
2712  28.544  27.858 -1.806
2713  28.544  27.063 -1.691
2714  28.544  26.575 -1.580
2715  28.544  26.955 -1.461
2716  28.544  27.309 -1.343
2717  28.544  26.698 -1.229
2718  28.544  27.604 -1.110
2719  28.544  26.781 -0.999
2720  28.544  26.845 -0.885
2721  28.544  28.282 -0.762
2722  28.544  26.906 -0.655
2723  28.544  26.455 -0.542
2724  28.544  26.639 -0.428
2725  28.544  26.567 -0.315
2726  28.544  26.312 -0.203
2727  28.544  27.233 -0.086
2728  28.544  26.117  0.020
2729  28.544  25.690  0.131
2730  28.544  26.763  0.250
2731  28.544  26.590  0.362
2732  28.544  28.137  0.483
2733  28.544  27.190  0.595
2734  28.544  28.532  0.715
2735  28.544  26.813  0.825
2736  28.544  26.661  0.938
2737  28.544  27.546  1.056
2738  28.544  28.021  1.175
2739  28.544  25.418  1.279
2740  28.544  27.725  1.402
2741  28.544  26.061  1.508
2742  28.544  26.865  1.624
2743  28.544  26.970  1.738
2744  28.544  26.863  1.852
2745  28.544  27.094  1.966
2746  28.544  26.223  2.077
2747  28.544  26.759  2.192
2748  28.544  26.488  2.304
2749  28.544  27.125  2.422
2750  28.544  27.068  2.534
2751  28.544  27.324  2.649
2752  28.544  27.347  2.766
2753  28.544  27.161  2.880
2754  28.544  27.822  2.998
2755  28.544  26.724  3.109
2756  28.544  26.741  3.224
2757  28.544  27.281  3.340
2758  28.544  28.230  3.459
2759  28.544  27.221  3.570
2760  28.544  27.700  3.686
2761  28.544  26.640  3.795
2762  28.544  26.823  3.910
2763  28.544  25.931  4.019
2764  28.544  26.225  4.132
2765  28.544  26.873  4.246
2766  28.544  27.872  4.363
2767  28.544  26.339  4.471
2768  28.544  27.692  4.593
2769  28.544  27.106  4.703
2770  28.544  25.520  4.810
2771  28.544  27.125  4.930
2772  28.544  26.645  5.045
2773  28.544  26.938  5.160
2774  28.544  27.672  5.279
2775  28.544  27.142  5.391
2776  28.544  27.286  5.508
2777  28.544  26.521  5.619
2778  28.544  26.518  5.734
2779  28.544  26.430  5.849
2780  28.544  26.474  5.964
2781  28.544  28.591  6.086
2782  28.544  25.352  6.188
2783  0.000  26.825  6.306
2784  0.000  24.990  6.411
2785  0.000  18.618  6.479
2786  0.000  1.160  6.450
2787  0.000 -8.869  6.392
2788  0.000 -3.955  6.379
2789  0.000  8.634  6.438
2790  0.000  11.670  6.501
2791  0.000 -1.877  6.473
2792  0.000 -12.113  6.398
2793  0.000 -11.352  6.351
2794  0.000  5.116  6.405
2795  0.000  12.047  6.476
2796  0.000  5.147  6.487
2797  0.000 -9.210  6.420
2798  0.000 -12.033  6.358
2799  0.000  1.493  6.389
2800  0.000  8.007  6.444
2801  0.000  3.872  6.456
2802  0.000 -0.802  6.445
2803  0.000 -5.046  6.415
2804  0.000 -4.197  6.397
2805  0.000  2.980  6.422
2806  0.000  4.164  6.444
2807  0.000 -0.849  6.431
2808  0.000 -1.655  6.425
2809  0.000 -1.319  6.421
2810  0.000  0.203  6.424
2811  0.000  0.253  6.427
2812  0.000  0.174  6.428
2813  0.000 -1.664  6.420
2814  0.000 -1.400  6.415
2815  0.000 -1.129  6.412
2816  0.000 -1.011  6.408
2817  0.000  0.245  6.410
2818  0.000 -0.593  6.402
2819  0.000 -0.822  6.397
2820  0.000  0.307  6.399
2821  0.000 -0.890  6.392
2822  0.000  0.014  6.394
2823  0.000  0.682  6.395
2824  0.000  0.536  6.395
2825  0.000  0.497  6.395
2826  0.000  0.617  6.398
2827  0.000  0.506  6.399
2828  0.000  0.682  6.400
2829  0.000  0.414  6.401
2830  0.000  0.335  6.401
2831  0.000  0.099  6.400
2832  0.000 -0.194  6.399
2833  0.000 -0.513  6.397
2834  0.000  0.924  6.402
2835  0.000 -0.582  6.396
2836  0.000  0.664  6.402
2837  0.000  0.163  6.401
2838  0.000 -0.394  6.398
2839  0.000  0.806  6.403
2840  0.000 -0.657  6.396
2841  0.000  0.416  6.400
2842  0.000  0.032  6.399
2843  0.000  0.039  6.399
2844  0.000 -0.840  6.397
2845  0.000  0.430  6.401
2846 -30.072  0.371  6.402
2847 -30.072 -1.320  6.393
2848 -30.072 -9.266  6.343
2849 -30.072 -25.731  6.204
2850 -30.072 -38.407  6.014
2851 -30.072 -35.907  5.861
2852 -30.072 -22.596  5.790
2853 -30.072 -13.711  5.754
2854 -30.072 -25.592  5.628
2855 -30.072 -38.575  5.438
2856 -30.072 -39.605  5.263
2857 -30.072 -27.909  5.161
2858 -30.072 -14.857  5.123
2859 -30.072 -18.810  5.043
2860 -30.072 -36.073  4.859
2861 -30.072 -43.091  4.657
2862 -30.072 -29.950  4.552
2863 -30.072 -18.546  4.493
2864 -30.072 -17.162  4.427
2865 -30.072 -29.899  4.279
2866 -30.072 -40.431  4.085
2867 -30.072 -34.983  3.941
2868 -30.072 -21.890  3.872
2869 -30.072 -18.534  3.801
2870 -30.072 -26.690  3.673
2871 -30.072 -37.323  3.493
2872 -30.072 -34.081  3.352
2873 -30.072 -24.408  3.268
2874 -30.072 -21.674  3.186
2875 -30.072 -26.665  3.065
2876 -30.072 -36.142  2.895
2877 -30.072 -31.633  2.767
2878 -30.072 -25.124  2.669
2879 -30.072 -23.439  2.575
2880 -30.072 -28.846  2.446
2881 -30.072 -30.826  2.310
2882 -30.072 -30.710  2.177
2883 -30.072 -27.849  2.064
2884 -30.072 -25.840  1.962
2885 -30.072 -27.852  1.840
2886 -30.072 -27.836  1.719
2887 -30.072 -30.978  1.582
2888 -30.072 -30.184  1.454
2889 -30.072 -27.245  1.342
2890 -30.072 -27.079  1.225
2891 -30.072 -27.851  1.104
2892 -30.072 -28.668  0.981
2893 -30.072 -29.207  0.858
2894 -30.072 -28.607  0.740
2895 -30.072 -28.896  0.615
2896 -30.072 -28.903  0.494
2897 -30.072 -28.744  0.370
2898 -30.072 -29.312  0.245
2899 -30.072 -28.917  0.125
2900 -30.072 -28.524  0.005
2901 -30.072 -28.122 -0.115
2902 -30.072 -29.326 -0.240
2903 -30.072 -27.984 -0.355
2904 -30.072 -29.262 -0.481
2905 -30.072 -28.946 -0.601
2906 -30.072 -27.557 -0.715
2907 -30.072 -27.781 -0.835
2908 -30.072 -28.089 -0.956
2909 -30.072 -27.762 -1.073
2910 -30.072 -27.429 -1.190
2911 -30.072 -28.426 -1.313
2912 -30.072 -27.733 -1.429
2913 -30.072 -28.710 -1.553
2914 -30.072 -27.093 -1.668
2915 -30.072 -28.513 -1.793
2916 -30.072 -28.883 -1.917
2917 -30.072 -28.610 -2.037
2918 -30.072 -28.127 -2.156
2919 -30.072 -28.945 -2.279
2920 -30.072 -28.961 -2.402
2921 -30.072 -28.348 -2.521
2922 -30.072 -29.154 -2.643
2923 -30.072 -27.885 -2.758
2924 -30.072 -29.602 -2.885
2925 -30.072 -27.530 -2.997
2926 -30.072 -29.447 -3.124
2927 -30.072 -27.870 -3.240
2928 -30.072 -28.433 -3.361
2929 -30.072 -27.770 -3.477
2930 -30.072 -29.299 -3.603
2931 -30.072 -28.357 -3.719
2932 -30.072 -28.224 -3.838
2933 -30.072 -27.730 -3.957
2934 -30.072 -28.852 -4.081
2935 -30.072 -27.992 -4.197
2936 -30.072 -28.551 -4.321
2937 -30.072 -28.794 -4.442
2938 -30.072 -28.113 -4.561
2939 -30.072 -28.035 -4.681
2940 -30.072 -28.172 -4.803
2941 -30.072 -28.952 -4.927
2942 -30.072 -28.370 -5.046
2943 -30.072 -28.466 -5.167
2944 -30.072 -27.930 -5.285
2945 -30.072 -27.479 -5.404
2946 -30.072 -28.426 -5.527
2947 -30.072 -28.897 -5.649
2948 -30.072 -27.442 -5.762
2949 -30.072 -28.364 -5.887
2950 -30.072 -28.498 -6.006
2951 -30.072 -28.200 -6.124
2952 -30.072 -28.255 -6.244
2953  0.000 -28.594 -6.366
2954  0.000 -27.297 -6.481
2955  0.000 -19.040 -6.550
2956  0.000 -4.794 -6.546
2957  0.000  3.406 -6.511
2958  0.000  3.739 -6.491
2959  0.000  1.337 -6.489
2960  0.000 -0.126 -6.495
2961  0.000 -1.818 -6.509
2962  0.000 -2.028 -6.519
2963  0.000 -0.902 -6.520
2964  0.000  2.122 -6.505
2965  0.000  1.898 -6.497
2966  0.000 -0.529 -6.502
2967  0.000 -1.452 -6.507
2968  0.000 -1.479 -6.512
2969  0.000  0.013 -6.510
2970  0.000  0.516 -6.509
2971  0.000  1.191 -6.503
2972  0.000 -0.254 -6.504
2973  0.000 -0.827 -6.507
2974  0.000  0.694 -6.501
2975  0.000  1.526 -6.494
2976  0.000  0.885 -6.491
2977  0.000  0.480 -6.489
2978  0.000  0.227 -6.489
2979  0.000  0.457 -6.486
2980  0.000  0.098 -6.488
2981  0.000 -0.139 -6.491
2982  0.000 -0.926 -6.495
2983  0.000 -0.027 -6.493
2984  0.000 -0.681 -6.497
2985  0.000  0.254 -6.494
2986  0.000  0.049 -6.495
2987  0.000  0.527 -6.492
2988  0.000  1.415 -6.487
2989  0.000  3.516 -6.472
2990  0.000  2.909 -6.459
2991  0.000  2.867 -6.445
2992  0.000 -0.121 -6.451
2993  0.000 -1.171 -6.461
2994  0.000 -0.472 -6.460
2995  0.000 -0.069 -6.456
2996  0.000 -0.567 -6.456
2997  0.000 -0.248 -6.455
2998  0.000  0.250 -6.455
2999  0.000 -0.388 -6.460