0  5.235 -0.023 -0.001
1  5.235 -0.023 -0.001
2  5.235 -0.026 -0.002
3  5.235 -0.026 -0.002
4  5.235  0.152 -0.001
5  5.235  0.152 -0.001
6  5.235  1.447  0.004
7  5.235  1.447  0.004
8  5.235  2.136  0.019
9  5.235  2.136  0.019
10  5.235  2.787  0.038
11  5.235  2.787  0.038
12  5.235  2.759  0.060
13  5.235  2.759  0.060
14  5.235  2.451  0.081
15  5.235  2.451  0.081
16  5.235  2.167  0.0100
17  5.235  2.167  0.0100
18  5.235  1.998  0.116
19  5.235  1.998  0.116
20  5.235  1.992  0.132
21  5.235  1.992  0.132
22  5.235  2.057  0.149
23  5.235  2.057  0.149
24  5.235  2.092  0.165
25  5.235  2.092  0.165
26  5.235  2.052  0.182
27  5.235  2.052  0.182
28  5.235  2.238  0.199
29  5.235  2.238  0.199
30  5.235  2.312  0.217
31  5.235  2.312  0.217
32  5.235  2.303  0.236
33  5.235  2.303  0.236
34  5.235  2.176  0.254
35  5.235  2.176  0.254
36  5.235  2.195  0.271
37  5.235  2.195  0.271
38  5.235  2.123  0.288
39  5.235  2.123  0.288
40  5.235  2.094  0.305
41  5.235  2.094  0.305
42  5.235  2.151  0.322
43  5.235  2.151  0.322
44  5.235  2.275  0.340
45  5.235  2.275  0.340
46  5.235  2.280  0.358
47  5.235  2.280  0.358
48  5.235  2.086  0.376
49  5.235  2.086  0.376
50  5.235  1.957  0.392
51  5.235  1.957  0.392
52  5.235  1.931  0.407
53  5.235  1.931  0.407
54  5.235  1.969  0.423
55  5.235  1.969  0.423
56  5.235  2.124  0.439
57  5.235  2.124  0.439
58  5.235  2.286  0.457
59  5.235  2.286  0.457
60  5.235  2.321  0.475
61  5.235  2.321  0.475
62  5.235  2.265  0.494
63  5.235  2.265  0.494
64  5.235  2.122  0.511
65  5.235  2.122  0.511
66  5.235  2.058  0.528
67  5.235  2.058  0.528
68  5.235  2.039  0.544
69  5.235  2.039  0.544
70  5.235  2.054  0.561
71  5.235  2.054  0.561
72  5.235  2.062  0.577
73  5.235  2.062  0.577
74  5.235  2.073  0.594
75  5.235  2.073  0.594
76  5.235  2.127  0.611
77  5.235  2.127  0.611
78  5.235  2.247  0.628
79  5.235  2.247  0.628
80  5.235  2.351  0.646
81  5.235  2.351  0.646
82  5.235  2.230  0.665
83  5.235  2.230  0.665
84  5.235  2.178  0.682
85  5.235  2.178  0.682
86  0.000  2.226  0.700
87  0.000  2.226  0.700
88  0.000  2.265  0.718
89  0.000  2.265  0.718
90  0.000  1.839  0.734
91  0.000  1.839  0.734
92  0.000  1.001  0.746
93  0.000  1.001  0.746
94  0.000 -0.058  0.750
95  0.000 -0.058  0.750
96  0.000 -0.497  0.747
97  0.000 -0.497  0.747
98  0.000 -0.631  0.743
99  0.000 -0.631  0.743
100  0.000 -0.434  0.739
101  0.000 -0.434  0.739
102  0.000  0.022  0.737
103  0.000  0.022  0.737
104  0.000  0.014  0.737
105  0.000  0.014  0.737
106  0.000  0.054  0.737
107  0.000  0.054  0.737
108  0.000  0.090  0.738
109  0.000  0.090  0.738
110  0.000  0.041  0.738
111  0.000  0.041  0.738
112  0.000  0.013  0.739
113  0.000  0.013  0.739
114  0.000 -0.020  0.739
115  0.000 -0.020  0.739
116  0.000 -0.030  0.738
117  0.000 -0.030  0.738
118  0.000 -0.006  0.738
119  0.000 -0.006  0.738
120  0.000  0.008  0.738
121  0.000  0.008  0.738
122  0.000  0.006  0.738
123  0.000  0.006  0.738
124  0.000  0.016  0.738
125  0.000  0.016  0.738
126  0.000 -0.015  0.738
127  0.000 -0.015  0.738
128  0.000  0.005  0.738
129  0.000  0.005  0.738
130  0.000 -0.0010  0.738
131  0.000 -0.0010  0.738
132  0.000 -0.015  0.738
133  0.000 -0.015  0.738
134  0.000  0.003  0.738
135  0.000  0.003  0.738
136  0.000 -0.017  0.738
137  0.000 -0.017  0.738
138  0.000  0.022  0.738
139  0.000  0.022  0.738
140  0.000 -0.031  0.738
141  0.000 -0.031  0.738
142  0.000 -0.008  0.738
143  0.000 -0.008  0.738
144  0.000 -0.016  0.738
145  0.000 -0.016  0.738
146  0.000 -0.007  0.738
147  0.000 -0.007  0.738
148  0.000 -0.006  0.738
149 -7.576 -0.006  0.738
150 -7.576  0.004  0.738
151 -7.576  0.004  0.738
152 -7.576 -0.030  0.738
153 -7.576 -0.030  0.738
154 -7.576 -0.926  0.734
155 -7.576 -0.926  0.734
156 -7.576 -1.666  0.723
157 -7.576 -1.666  0.723
158 -7.576 -2.478  0.707
159 -7.576 -2.478  0.707
160 -7.576 -2.938  0.685
161 -7.576 -2.938  0.685
162 -7.576 -3.255  0.660
163 -7.576 -3.255  0.660
164 -7.576 -3.299  0.634
165 -7.576 -3.299  0.634
166 -7.576 -3.256  0.608
167 -7.576 -3.256  0.608
168 -7.576 -3.006  0.583
169 -7.576 -3.006  0.583
170 -7.576 -2.867  0.559
171 -7.576 -2.867  0.559
172 -7.576 -2.949  0.536
173 -7.576 -2.949  0.536
174 -7.576 -3.040  0.512
175 -7.576 -3.040  0.512
176 -7.576 -3.109  0.488
177 -7.576 -3.109  0.488
178 -7.576 -3.128  0.463
179 -7.576 -3.128  0.463
180 -7.576 -3.225  0.437
181 -7.576 -3.225  0.437
182 -7.576 -3.276  0.411
183 -7.576 -3.276  0.411
184 -7.576 -3.134  0.386
185 -7.576 -3.134  0.386
186 -7.576 -3.072  0.361
187 -7.576 -3.072  0.361
188 -7.576 -3.171  0.336
189 -7.576 -3.171  0.336
190 -7.576 -3.226  0.310
191 -7.576 -3.226  0.310
192 -7.576 -3.138  0.285
193 -7.576 -3.138  0.285
194 -7.576 -3.135  0.260
195 -7.576 -3.135  0.260
196 -7.576 -3.109  0.235
197 -7.576 -3.109  0.235
198 -7.576 -3.176  0.210
199 -7.576 -3.176  0.210
200 -7.576 -3.190  0.184
201 -7.576 -3.190  0.184
202 -7.576 -3.103  0.159
203 -7.576 -3.103  0.159
204 -7.576 -3.171  0.134
205 -7.576 -3.171  0.134
206 -7.576 -3.176  0.108
207 -7.576 -3.176  0.108
208 -7.576 -3.151  0.083
209 -7.576 -3.151  0.083
210 -7.576 -3.186  0.058
211 -7.576 -3.186  0.058
212 -7.576 -3.232  0.032
213 -7.576 -3.232  0.032
214 -7.576 -3.146  0.007
215 -7.576 -3.146  0.007
216 -7.576 -3.205 -0.018
217 -7.576 -3.205 -0.018
218 -7.576 -3.121 -0.043
219 -7.576 -3.121 -0.043
220 -7.576 -3.186 -0.068
221 -7.576 -3.186 -0.068
222 -7.576 -3.031 -0.093
223 -7.576 -3.031 -0.093
224 -7.576 -3.033 -0.118
225 -7.576 -3.033 -0.118
226 -7.576 -3.060 -0.142
227 -7.576 -3.060 -0.142
228 -7.576 -3.196 -0.167
229 -7.576 -3.196 -0.167
230 -7.576 -3.207 -0.193
231 -7.576 -3.207 -0.193
232 -7.576 -3.299 -0.219
233 -7.576 -3.299 -0.219
234 -7.576 -3.337 -0.245
235 -7.576 -3.337 -0.245
236 -7.576 -3.060 -0.271
237 -7.576 -3.060 -0.271
238 -7.576 -2.928 -0.295
239 -7.576 -2.928 -0.295
240 -7.576 -3.012 -0.318
241 -7.576 -3.012 -0.318
242 -7.576 -3.107 -0.343
243 -7.576 -3.107 -0.343
244 -7.576 -3.210 -0.368
245 -7.576 -3.210 -0.368
246 -7.576 -3.366 -0.394
247 -7.576 -3.366 -0.394
248 -7.576 -3.405 -0.421
249 -7.576 -3.405 -0.421
250 -7.576 -3.357 -0.448
251 -7.576 -3.357 -0.448
252 -7.576 -3.109 -0.474
253 -7.576 -3.109 -0.474
254 -7.576 -2.741 -0.498
255 -7.576 -2.741 -0.498
256 -7.576 -2.774 -0.520
257 -7.576 -2.774 -0.520
258 -7.576 -2.843 -0.542
259 -7.576 -2.843 -0.542
260 -7.576 -3.076 -0.566
261 -7.576 -3.076 -0.566
262 -7.576 -3.333 -0.592
263 -7.576 -3.333 -0.592
264 -7.576 -3.418 -0.619
265 -7.576 -3.418 -0.619
266 -7.576 -3.327 -0.646
267 -7.576 -3.327 -0.646
268 -7.576 -3.151 -0.671
269 -7.576 -3.151 -0.671
270 -7.576 -2.983 -0.696
271 -7.576 -2.983 -0.696
272  0.000 -2.894 -0.720
273  0.000 -2.894 -0.720
274  0.000 -3.059 -0.743
275  0.000 -3.059 -0.743
276  0.000 -2.661 -0.766
277  0.000 -2.661 -0.766
278  0.000 -1.287 -0.782
279  0.000 -1.287 -0.782
280  0.000 -0.309 -0.788
281  0.000 -0.309 -0.788
282  0.000  0.428 -0.788
283  0.000  0.428 -0.788
284  0.000  0.481 -0.784
285  0.000  0.481 -0.784
286  0.000  0.369 -0.781
287  0.000  0.369 -0.781
288  0.000  0.041 -0.779
289  0.000  0.041 -0.779
290  0.000 -0.052 -0.779
291  0.000 -0.052 -0.779
292  0.000 -0.020 -0.780
293  0.000 -0.020 -0.780
294  0.000 -0.011 -0.780
295  0.000 -0.011 -0.780
296  0.000  0.006 -0.780
297  0.000  0.006 -0.780
298  0.000  0.026 -0.780
299  0.000  0.026 -0.780
300  0.000  0.022 -0.779
301  0.000  0.022 -0.779
302  0.000  0.003 -0.779
303  0.000  0.003 -0.779
304  0.000  0.006 -0.779
305  0.000  0.006 -0.779
306  0.000 -0.006 -0.779
307  0.000 -0.006 -0.779
308  0.000 -0.041 -0.779
309  0.000 -0.041 -0.779
310  0.000 -0.005 -0.780
311  0.000 -0.005 -0.780
312  0.000  0.016 -0.780
313  0.000  0.016 -0.780
314  0.000 -0.015 -0.780
315  0.000 -0.015 -0.780
316  0.000  0.012 -0.780
317  0.000  0.012 -0.780
318  0.000 -0.008 -0.780
319  0.000 -0.008 -0.780
320  0.000 -0.013 -0.780
321  0.000 -0.013 -0.780
322  0.000 -0.024 -0.780
323  0.000 -0.024 -0.780
324  0.000 -0.005 -0.781
325  0.000 -0.005 -0.781
326  0.000 -0.001 -0.781
327  0.000 -0.001 -0.781
328  0.000 -0.002 -0.781
329  0.000 -0.002 -0.781
330  0.000  0.0010 -0.781
331  0.000  0.0010 -0.781
332  0.000 -0.004 -0.781
333  0.000 -0.004 -0.781
334  0.000  0.005 -0.781
335  10.498  0.005 -0.781
336  10.498 -0.017 -0.781
337  10.498 -0.017 -0.781
338  10.498  0.161 -0.780
339  10.498  0.161 -0.780
340  10.498  0.868 -0.776
341  10.498  0.868 -0.776
342  10.498  1.842 -0.765
343  10.498  1.842 -0.765
344  10.498  2.164 -0.749
345  10.498  2.164 -0.749
346  10.498  2.616 -0.730
347  10.498  2.616 -0.730
348  10.498  3.452 -0.706
349  10.498  3.452 -0.706
350  10.498  3.716 -0.677
351  10.498  3.716 -0.677
352  10.498  4.176 -0.645
353  10.498  4.176 -0.645
354  10.498  3.928 -0.613
355  10.498  3.928 -0.613
356  10.498  3.370 -0.584
357  10.498  3.370 -0.584
358  10.498  3.174 -0.558
359  10.498  3.174 -0.558
360  10.498  3.220 -0.532
361  10.498  3.220 -0.532
362  10.498  3.524 -0.505
363  10.498  3.524 -0.505
364  10.498  3.834 -0.476
365  10.498  3.834 -0.476
366  10.498  4.007 -0.444
367  10.498  4.007 -0.444
368  10.498  4.095 -0.412
369  10.498  4.095 -0.412
370  10.498  3.962 -0.380
371  10.498  3.962 -0.380
372  10.498  3.955 -0.348
373  10.498  3.955 -0.348
374  10.498  3.987 -0.316
375  10.498  3.987 -0.316
376  10.498  3.948 -0.284
377  10.498  3.948 -0.284
378  10.498  3.952 -0.253
379  10.498  3.952 -0.253
380  10.498  4.021 -0.221
381  10.498  4.021 -0.221
382  10.498  4.163 -0.188
383  10.498  4.163 -0.188
384  10.498  4.397 -0.154
385  10.498  4.397 -0.154
386  10.498  4.427 -0.119
387  10.498  4.427 -0.119
388  10.498  4.338 -0.084
389  10.498  4.338 -0.084
390  10.498  4.321 -0.049
391  10.498  4.321 -0.049
392  10.498  4.304 -0.014
393  10.498  4.304 -0.014
394  10.498  4.273  0.019
395  10.498  4.273  0.019
396  10.498  4.312  0.053
397  10.498  4.312  0.053
398  10.498  4.210  0.087
399  10.498  4.210  0.087
400  10.498  4.240  0.121
401  10.498  4.240  0.121
402  10.498  4.272  0.155
403  10.498  4.272  0.155
404  10.498  4.371  0.190
405  10.498  4.371  0.190
406  10.498  4.491  0.225
407  10.498  4.491  0.225
408  10.498  4.270  0.260
409  10.498  4.270  0.260
410  10.498  4.084  0.294
411  10.498  4.084  0.294
412  10.498  4.139  0.327
413  10.498  4.139  0.327
414  10.498  4.253  0.360
415  10.498  4.253  0.360
416  10.498  4.388  0.395
417  10.498  4.388  0.395
418  10.498  4.418  0.430
419  10.498  4.418  0.430
420  10.498  4.248  0.465
421  10.498  4.248  0.465
422  10.498  4.261  0.499
423  10.498  4.261  0.499
424  10.498  4.303  0.533
425  10.498  4.303  0.533
426  10.498  4.523  0.568
427  10.498  4.523  0.568
428  10.498  4.517  0.604
429  10.498  4.517  0.604
430  10.498  4.371  0.640
431  10.498  4.371  0.640
432  10.498  4.202  0.674
433  10.498  4.202  0.674
434  0.000  4.126  0.708
435  0.000  4.126  0.708
436  0.000  4.218  0.741
437  0.000  4.218  0.741
438  0.000  3.921  0.774
439  0.000  3.921  0.774
440  0.000  2.685  0.800
441  0.000  2.685  0.800
442  0.000  1.700  0.817
443  0.000  1.700  0.817
444  0.000  0.554  0.827
445  0.000  0.554  0.827
446  0.000 -0.229  0.828
447  0.000 -0.229  0.828
448  0.000 -0.530  0.825
449  0.000 -0.530  0.825
450  0.000 -0.478  0.821
451  0.000 -0.478  0.821
452  0.000 -0.292  0.818
453  0.000 -0.292  0.818
454  0.000  0.014  0.817
455  0.000  0.014  0.817
456  0.000  0.058  0.817
457  0.000  0.058  0.817
458  0.000  0.092  0.818
459  0.000  0.092  0.818
460  0.000  0.031  0.818
461  0.000  0.031  0.818
462  0.000 -0.021  0.818
463  0.000 -0.021  0.818
464  0.000 -0.001  0.818
465  0.000 -0.001  0.818
466  0.000 -0.017  0.818
467  0.000 -0.017  0.818
468  0.000 -0.041  0.818
469  0.000 -0.041  0.818
470  0.000  0.000  0.818
471  0.000  0.000  0.818
472  0.000  0.006  0.818
473  0.000  0.006  0.818
474  0.000 -0.019  0.818
475  0.000 -0.019  0.818
476  0.000  0.036  0.818
477  0.000  0.036  0.818
478  0.000  0.003  0.818
479  0.000  0.003  0.818
480  0.000  0.018  0.818
481  0.000  0.018  0.818
482  0.000 -0.033  0.818
483  0.000 -0.033  0.818
484  0.000 -0.018  0.818
485  0.000 -0.018  0.818
486  0.000 -0.018  0.817
487  0.000 -0.018  0.817
488  0.000  0.007  0.817
489  0.000  0.007  0.817
490  0.000 -0.003  0.817
491  0.000 -0.003  0.817
492  0.000  0.008  0.817
493  0.000  0.008  0.817
494  0.000  0.015  0.818
495  0.000  0.015  0.818
496  0.000 -0.025  0.818
497 -13.042 -0.025  0.818
498 -13.042  0.007  0.817
499 -13.042  0.007  0.817
500 -13.042 -0.215  0.817
501 -13.042 -0.215  0.817
502 -13.042 -0.966  0.812
503 -13.042 -0.966  0.812
504 -13.042 -1.843  0.801
505 -13.042 -1.843  0.801
506 -13.042 -2.284  0.784
507 -13.042 -2.284  0.784
508 -13.042 -2.736  0.764
509 -13.042 -2.736  0.764
510 -13.042 -3.629  0.739
511 -13.042 -3.629  0.739
512 -13.042 -4.004  0.708
513 -13.042 -4.004  0.708
514 -13.042 -4.591  0.674
515 -13.042 -4.591  0.674
516 -13.042 -4.729  0.636
517 -13.042 -4.729  0.636
518 -13.042 -4.919  0.598
519 -13.042 -4.919  0.598
520 -13.042 -5.004  0.558
521 -13.042 -5.004  0.558
522 -13.042 -5.197  0.517
523 -13.042 -5.197  0.517
524 -13.042 -5.071  0.476
525 -13.042 -5.071  0.476
526 -13.042 -5.168  0.435
527 -13.042 -5.168  0.435
528 -13.042 -5.007  0.395
529 -13.042 -5.007  0.395
530 -13.042 -5.208  0.354
531 -13.042 -5.208  0.354
532 -13.042 -5.419  0.311
533 -13.042 -5.419  0.311
534 -13.042 -5.516  0.267
535 -13.042 -5.516  0.267
536 -13.042 -5.637  0.223
537 -13.042 -5.637  0.223
538 -13.042 -5.511  0.178
539 -13.042 -5.511  0.178
540 -13.042 -5.521  0.134
541 -13.042 -5.521  0.134
542 -13.042 -5.435  0.090
543 -13.042 -5.435  0.090
544 -13.042 -5.443  0.047
545 -13.042 -5.443  0.047
546 -13.042 -5.342  0.004
547 -13.042 -5.342  0.004
548 -13.042 -5.335 -0.038
549 -13.042 -5.335 -0.038
550 -13.042 -5.280 -0.081
551 -13.042 -5.280 -0.081
552 -13.042 -5.271 -0.123
553 -13.042 -5.271 -0.123
554 -13.042 -5.269 -0.165
555 -13.042 -5.269 -0.165
556 -13.042 -5.433 -0.208
557 -13.042 -5.433 -0.208
558 -13.042 -5.309 -0.251
559 -13.042 -5.309 -0.251
560 -13.042 -5.310 -0.293
561 -13.042 -5.310 -0.293
562 -13.042 -5.387 -0.336
563 -13.042 -5.387 -0.336
564 -13.042 -5.508 -0.380
565 -13.042 -5.508 -0.380
566 -13.042 -5.493 -0.424
567 -13.042 -5.493 -0.424
568 -13.042 -5.208 -0.466
569 -13.042 -5.208 -0.466
570 -13.042 -5.124 -0.508
571 -13.042 -5.124 -0.508
572 -13.042 -5.249 -0.549
573 -13.042 -5.249 -0.549
574 -13.042 -5.407 -0.592
575 -13.042 -5.407 -0.592
576 -13.042 -5.440 -0.635
577 -13.042 -5.440 -0.635
578 -13.042 -5.288 -0.678
579 -13.042 -5.288 -0.678
580  0.000 -5.358 -0.721
581  0.000 -5.358 -0.721
582  0.000 -5.474 -0.764
583  0.000 -5.474 -0.764
584  0.000 -4.824 -0.805
585  0.000 -4.824 -0.805
586  0.000 -3.928 -0.840
587  0.000 -3.928 -0.840
588  0.000 -2.696 -0.867
589  0.000 -2.696 -0.867
590  0.000 -1.778 -0.884
591  0.000 -1.778 -0.884
592  0.000 -0.667 -0.894
593  0.000 -0.667 -0.894
594  0.000 -0.074 -0.897
595  0.000 -0.074 -0.897
596  0.000  0.358 -0.896
597  0.000  0.358 -0.896
598  0.000  0.426 -0.893
599  0.000  0.426 -0.893
600  0.000  0.265 -0.890
601  0.000  0.265 -0.890
602  0.000 -0.043 -0.889
603  0.000 -0.043 -0.889
604  0.000 -0.055 -0.890
605  0.000 -0.055 -0.890
606  0.000 -0.024 -0.890
607  0.000 -0.024 -0.890
608  0.000  0.002 -0.890
609  0.000  0.002 -0.890
610  0.000  0.021 -0.890
611  0.000  0.021 -0.890
612  0.000  0.036 -0.890
613  0.000  0.036 -0.890
614  0.000  0.026 -0.890
615  0.000  0.026 -0.890
616  0.000 -0.017 -0.889
617  0.000 -0.017 -0.889
618  0.000 -0.024 -0.890
619  0.000 -0.024 -0.890
620  0.000 -0.027 -0.890
621  0.000 -0.027 -0.890
622  0.000  0.014 -0.890
623  0.000  0.014 -0.890
624  0.000  0.040 -0.890
625  0.000  0.040 -0.890
626  0.000  0.028 -0.889
627  0.000  0.028 -0.889
628  0.000 -0.021 -0.889
629  0.000 -0.021 -0.889
630  0.000 -0.027 -0.890
631  0.000 -0.027 -0.890
632  0.000  0.009 -0.890
633  0.000  0.009 -0.890
634  0.000 -0.021 -0.890
635  0.000 -0.021 -0.890
636  0.000  0.020 -0.890
637  0.000  0.020 -0.890
638  0.000  0.013 -0.890
639  0.000  0.013 -0.890
640  0.000  0.043 -0.889
641  0.000  0.043 -0.889
642  0.000  0.002 -0.889
643  15.336  0.002 -0.889
644  15.336  0.021 -0.889
645  15.336  0.021 -0.889
646  15.336  0.052 -0.889
647  15.336  0.052 -0.889
648  15.336  0.959 -0.885
649  15.336  0.959 -0.885
650  15.336  1.679 -0.874
651  15.336  1.679 -0.874
652  15.336  2.134 -0.859
653  15.336  2.134 -0.859
654  15.336  2.693 -0.840
655  15.336  2.693 -0.840
656  15.336  3.769 -0.814
657  15.336  3.769 -0.814
658  15.336  4.271 -0.782
659  15.336  4.271 -0.782
660  15.336  4.787 -0.746
661  15.336  4.787 -0.746
662  15.336  5.033 -0.706
663  15.336  5.033 -0.706
664  15.336  5.080 -0.666
665  15.336  5.080 -0.666
666  15.336  5.385 -0.624
667  15.336  5.385 -0.624
668  15.336  5.424 -0.581
669  15.336  5.424 -0.581
670  15.336  5.225 -0.538
671  15.336  5.225 -0.538
672  15.336  5.155 -0.497
673  15.336  5.155 -0.497
674  15.336  5.205 -0.455
675  15.336  5.205 -0.455
676  15.336  5.222 -0.413
677  15.336  5.222 -0.413
678  15.336  5.303 -0.371
679  15.336  5.303 -0.371
680  15.336  5.439 -0.328
681  15.336  5.439 -0.328
682  15.336  5.521 -0.285
683  15.336  5.521 -0.285
684  15.336  5.608 -0.240
685  15.336  5.608 -0.240
686  15.336  5.707 -0.195
687  15.336  5.707 -0.195
688  15.336  5.722 -0.149
689  15.336  5.722 -0.149
690  15.336  5.635 -0.104
691  15.336  5.635 -0.104
692  15.336  5.627 -0.059
693  15.336  5.627 -0.059
694  15.336  5.825 -0.013
695  15.336  5.825 -0.013
696  15.336  5.934  0.033
697  15.336  5.934  0.033
698  15.336  5.813  0.080
699  15.336  5.813  0.080
700  15.336  5.849  0.127
701  15.336  5.849  0.127
702  15.336  6.122  0.175
703  15.336  6.122  0.175
704  15.336  6.254  0.224
705  15.336  6.254  0.224
706  15.336  6.295  0.275
707  15.336  6.295  0.275
708  15.336  6.252  0.325
709  15.336  6.252  0.325
710  15.336  6.484  0.376
711  15.336  6.484  0.376
712  15.336  6.375  0.427
713  15.336  6.375  0.427
714  15.336  6.177  0.477
715  15.336  6.177  0.477
716  15.336  6.320  0.527
717  15.336  6.320  0.527
718  15.336  6.378  0.578
719  15.336  6.378  0.578
720  15.336  6.350  0.629
721  15.336  6.350  0.629
722  15.336  6.065  0.678
723  15.336  6.065  0.678
724  0.000  6.088  0.727
725  0.000  6.088  0.727
726  0.000  6.178  0.776
727  0.000  6.178  0.776
728  0.000  5.585  0.823
729  0.000  5.585  0.823
730  0.000  3.828  0.861
731  0.000  3.828  0.861
732  0.000  2.442  0.886
733  0.000  2.442  0.886
734  0.000  1.072  0.900
735  0.000  1.072  0.900
736  0.000 -0.265  0.903
737  0.000 -0.265  0.903
738  0.000 -0.624  0.900
739  0.000 -0.624  0.900
740  0.000 -0.526  0.895
741  0.000 -0.526  0.895
742  0.000 -0.181  0.892
743  0.000 -0.181  0.892
744  0.000  0.171  0.892
745  0.000  0.171  0.892
746  0.000  0.171  0.894
747  0.000  0.171  0.894
748  0.000  0.104  0.895
749  0.000  0.104  0.895
750  0.000  0.015  0.895
751  0.000  0.015  0.895
752  0.000 -0.025  0.895
753  0.000 -0.025  0.895
754  0.000 -0.071  0.895
755  0.000 -0.071  0.895
756  0.000 -0.078  0.894
757  0.000 -0.078  0.894
758  0.000 -0.107  0.893
759  0.000 -0.107  0.893
760  0.000 -0.048  0.893
761  0.000 -0.048  0.893
762  0.000 -0.026  0.892
763  0.000 -0.026  0.892
764  0.000  0.052  0.893
765  0.000  0.052  0.893
766  0.000  0.031  0.893
767  0.000  0.031  0.893
768  0.000 -0.016  0.893
769  0.000 -0.016  0.893
770  0.000 -0.026  0.893
771  0.000 -0.026  0.893
772  0.000 -0.005  0.893
773  0.000 -0.005  0.893
774  0.000  0.003  0.893
775  0.000  0.003  0.893
776  0.000  0.020  0.893
777  0.000  0.020  0.893
778  0.000  0.001  0.893
779  0.000  0.001  0.893
780  0.000 -0.001  0.893
781  0.000 -0.001  0.893
782  0.000 -0.030  0.893
783  0.000 -0.030  0.893
784  0.000 -0.057  0.892
785  0.000 -0.057  0.892
786  0.000 -0.014  0.892
787 -17.598 -0.014  0.892
788 -17.598 -0.012  0.892
789 -17.598 -0.012  0.892
790 -17.598 -0.342  0.892
791 -17.598 -0.342  0.892
792 -17.598 -1.420  0.885
793 -17.598 -1.420  0.885
794 -17.598 -2.288  0.870
795 -17.598 -2.288  0.870
796 -17.598 -2.758  0.850
797 -17.598 -2.758  0.850
798 -17.598 -3.149  0.826
799 -17.598 -3.149  0.826
800 -17.598 -4.178  0.797
801 -17.598 -4.178  0.797
802 -17.598 -4.561  0.762
803 -17.598 -4.561  0.762
804 -17.598 -4.742  0.725
805 -17.598 -4.742  0.725
806 -17.598 -5.167  0.685
807 -17.598 -5.167  0.685
808 -17.598 -5.811  0.641
809 -17.598 -5.811  0.641
810 -17.598 -6.169  0.593
811 -17.598 -6.169  0.593
812 -17.598 -6.157  0.544
813 -17.598 -6.157  0.544
814 -17.598 -6.097  0.495
815 -17.598 -6.097  0.495
816 -17.598 -6.015  0.446
817 -17.598 -6.015  0.446
818 -17.598 -6.162  0.398
819 -17.598 -6.162  0.398
820 -17.598 -6.118  0.348
821 -17.598 -6.118  0.348
822 -17.598 -6.287  0.299
823 -17.598 -6.287  0.299
824 -17.598 -6.464  0.248
825 -17.598 -6.464  0.248
826 -17.598 -6.595  0.196
827 -17.598 -6.595  0.196
828 -17.598 -6.878  0.142
829 -17.598 -6.878  0.142
830 -17.598 -6.986  0.086
831 -17.598 -6.986  0.086
832 -17.598 -7.290  0.029
833 -17.598 -7.290  0.029
834 -17.598 -7.437 -0.029
835 -17.598 -7.437 -0.029
836 -17.598 -7.354 -0.088
837 -17.598 -7.354 -0.088
838 -17.598 -7.259 -0.146
839 -17.598 -7.259 -0.146
840 -17.598 -7.261 -0.205
841 -17.598 -7.261 -0.205
842 -17.598 -7.191 -0.262
843 -17.598 -7.191 -0.262
844 -17.598 -7.086 -0.319
845 -17.598 -7.086 -0.319
846 -17.598 -7.097 -0.376
847 -17.598 -7.097 -0.376
848 -17.598 -7.164 -0.433
849 -17.598 -7.164 -0.433
850 -17.598 -6.935 -0.490
851 -17.598 -6.935 -0.490
852 -17.598 -6.967 -0.545
853 -17.598 -6.967 -0.545
854 -17.598 -7.318 -0.602
855 -17.598 -7.318 -0.602
856 -17.598 -7.379 -0.661
857 -17.598 -7.379 -0.661
858  0.000 -7.255 -0.720
859  0.000 -7.255 -0.720
860  0.000 -7.348 -0.778
861  0.000 -7.348 -0.778
862  0.000 -6.767 -0.835
863  0.000 -6.767 -0.835
864  0.000 -5.623 -0.884
865  0.000 -5.623 -0.884
866  0.000 -4.642 -0.925
867  0.000 -4.642 -0.925
868  0.000 -3.675 -0.959
869  0.000 -3.675 -0.959
870  0.000 -2.399 -0.983
871  0.000 -2.399 -0.983
872  0.000 -1.476 -0.998
873  0.000 -1.476 -0.998
874  0.000 -0.219 -1.005
875  0.000 -0.219 -1.005
876  0.000  0.179 -1.005
877  0.000  0.179 -1.005
878  0.000  0.410 -1.003
879  0.000  0.410 -1.003
880  0.000  0.375 -1.000
881  0.000  0.375 -1.000
882  0.000  0.156 -0.998
883  0.000  0.156 -0.998
884  0.000 -0.007 -0.997
885  0.000 -0.007 -0.997
886  0.000 -0.053 -0.997
887  0.000 -0.053 -0.997
888  0.000 -0.006 -0.998
889  0.000 -0.006 -0.998
890  0.000 -0.031 -0.998
891  0.000 -0.031 -0.998
892  0.000  0.021 -0.998
893  0.000  0.021 -0.998
894  0.000  0.064 -0.997
895  0.000  0.064 -0.997
896  0.000  0.029 -0.997
897  0.000  0.029 -0.997
898  0.000  0.001 -0.997
899  0.000  0.001 -0.997
900  0.000 -0.029 -0.997
901  0.000 -0.029 -0.997
902  0.000 -0.030 -0.997
903  0.000 -0.030 -0.997
904  0.000 -0.014 -0.997
905  0.000 -0.014 -0.997
906  0.000  0.004 -0.997
907  0.000  0.004 -0.997
908  0.000  0.021 -0.997
909  0.000  0.021 -0.997
910  0.000  0.019 -0.997
911  0.000  0.019 -0.997
912  0.000  0.014 -0.997
913  0.000  0.014 -0.997
914  0.000 -0.028 -0.997
915  0.000 -0.028 -0.997
916  0.000 -0.011 -0.997
917  0.000 -0.011 -0.997
918  0.000 -0.020 -0.997
919  0.000 -0.020 -0.997
920  0.000 -0.001 -0.997
921  19.703 -0.001 -0.997
922  19.703  0.005 -0.997
923  19.703  0.005 -0.997
924  19.703  0.305 -0.997
925  19.703  0.305 -0.997
926  19.703  1.047 -0.992
927  19.703  1.047 -0.992
928  19.703  1.757 -0.980
929  19.703  1.757 -0.980
930  19.703  2.022 -0.965
931  19.703  2.022 -0.965
932  19.703  2.637 -0.947
933  19.703  2.637 -0.947
934  19.703  3.745 -0.921
935  19.703  3.745 -0.921
936  19.703  3.943 -0.890
937  19.703  3.943 -0.890
938  19.703  4.966 -0.855
939  19.703  4.966 -0.855
940  19.703  5.881 -0.811
941  19.703  5.881 -0.811
942  19.703  6.107 -0.763
943  19.703  6.107 -0.763
944  19.703  6.225 -0.714
945  19.703  6.225 -0.714
946  19.703  6.471 -0.663
947  19.703  6.471 -0.663
948  19.703  6.548 -0.611
949  19.703  6.548 -0.611
950  19.703  6.681 -0.558
951  19.703  6.681 -0.558
952  19.703  6.681 -0.505
953  19.703  6.681 -0.505
954  19.703  6.590 -0.452
955  19.703  6.590 -0.452
956  19.703  6.669 -0.399
957  19.703  6.669 -0.399
958  19.703  6.539 -0.346
959  19.703  6.539 -0.346
960  19.703  6.484 -0.294
961  19.703  6.484 -0.294
962  19.703  6.715 -0.241
963  19.703  6.715 -0.241
964  19.703  6.579 -0.188
965  19.703  6.579 -0.188
966  19.703  6.706 -0.135
967  19.703  6.706 -0.135
968  19.703  7.003 -0.080
969  19.703  7.003 -0.080
970  19.703  6.923 -0.024
971  19.703  6.923 -0.024
972  19.703  7.040  0.031
973  19.703  7.040  0.031
974  19.703  7.130  0.087
975  19.703  7.130  0.087
976  19.703  7.266  0.145
977  19.703  7.266  0.145
978  19.703  7.283  0.203
979  19.703  7.283  0.203
980  19.703  7.549  0.263
981  19.703  7.549  0.263
982  19.703  7.614  0.323
983  19.703  7.614  0.323
984  19.703  7.530  0.384
985  19.703  7.530  0.384
986  19.703  7.677  0.445
987  19.703  7.677  0.445
988  19.703  7.719  0.506
989  19.703  7.719  0.506
990  19.703  7.868  0.569
991  19.703  7.868  0.569
992  19.703  8.065  0.632
993  19.703  8.065  0.632
994  19.703  8.044  0.697
995  19.703  8.044  0.697
996  0.000  8.117  0.761
997  0.000  8.117  0.761
998  0.000  8.138  0.826
999  0.000  8.138  0.826
1000  0.000  7.340  0.888
1001  0.000  7.340  0.888
1002  0.000  6.082  0.942
1003  0.000  6.082  0.942
1004  0.000  4.353  0.983
1005  0.000  4.353  0.983
1006  0.000  2.978  1.013
1007  0.000  2.978  1.013
1008  0.000  1.450  1.030
1009  0.000  1.450  1.030
1010  0.000  0.508  1.038
1011  0.000  0.508  1.038
1012  0.000 -0.275  1.039
1013  0.000 -0.275  1.039
1014  0.000 -0.397  1.036
1015  0.000 -0.397  1.036
1016  0.000 -0.184  1.034
1017  0.000 -0.184  1.034
1018  0.000  0.050  1.034
1019  0.000  0.050  1.034
1020  0.000  0.093  1.034
1021  0.000  0.093  1.034
1022  0.000  0.070  1.035
1023  0.000  0.070  1.035
1024  0.000  0.006  1.035
1025  0.000  0.006  1.035
1026  0.000 -0.007  1.035
1027  0.000 -0.007  1.035
1028  0.000 -0.034  1.035
1029  0.000 -0.034  1.035
1030  0.000 -0.048  1.035
1031  0.000 -0.048  1.035
1032  0.000 -0.084  1.034
1033  0.000 -0.084  1.034
1034  0.000 -0.045  1.034
1035  0.000 -0.045  1.034
1036  0.000 -0.005  1.033
1037  0.000 -0.005  1.033
1038  0.000  0.013  1.033
1039  0.000  0.013  1.033
1040  0.000  0.027  1.034
1041  0.000  0.027  1.034
1042  0.000  0.011  1.034
1043  0.000  0.011  1.034
1044  0.000  0.031  1.034
1045  0.000  0.031  1.034
1046  0.000 -0.020  1.034
1047  0.000 -0.020  1.034
1048  0.000 -0.012  1.034
1049  0.000 -0.012  1.034
1050  0.000 -0.031  1.034
1051  0.000 -0.031  1.034
1052  0.000  0.001  1.033
1053  0.000  0.001  1.033
1054  0.000  0.018  1.034
1055  0.000  0.018  1.034
1056  0.000  0.009  1.034
1057  0.000  0.009  1.034
1058  0.000  0.011  1.034
1059 -21.870  0.011  1.034
1060 -21.870 -0.033  1.034
1061 -21.870 -0.033  1.034
1062 -21.870 -0.109  1.033
1063 -21.870 -0.109  1.033
1064 -21.870 -1.684  1.026
1065 -21.870 -1.684  1.026
1066 -21.870 -3.005  1.007
1067 -21.870 -3.005  1.007
1068 -21.870 -3.881  0.980
1069 -21.870 -3.881  0.980
1070 -21.870 -4.560  0.946
1071 -21.870 -4.560  0.946
1072 -21.870 -6.057  0.903
1073 -21.870 -6.057  0.903
1074 -21.870 -6.745  0.852
1075 -21.870 -6.745  0.852
1076 -21.870 -6.847  0.798
1077 -21.870 -6.847  0.798
1078 -21.870 -6.871  0.743
1079 -21.870 -6.871  0.743
1080 -21.870 -7.172  0.687
1081 -21.870 -7.172  0.687
1082 -21.870 -7.444  0.628
1083 -21.870 -7.444  0.628
1084 -21.870 -7.473  0.569
1085 -21.870 -7.473  0.569
1086 -21.870 -7.677  0.508
1087 -21.870 -7.677  0.508
1088 -21.870 -7.871  0.446
1089 -21.870 -7.871  0.446
1090 -21.870 -7.853  0.383
1091 -21.870 -7.853  0.383
1092 -21.870 -7.772  0.320
1093 -21.870 -7.772  0.320
1094 -21.870 -7.804  0.258
1095 -21.870 -7.804  0.258
1096 -21.870 -7.966  0.195
1097 -21.870 -7.966  0.195
1098 -21.870 -8.062  0.131
1099 -21.870 -8.062  0.131
1100 -21.870 -8.299  0.065
1101 -21.870 -8.299  0.065
1102 -21.870 -8.396 -0.000
1103 -21.870 -8.396 -0.000
1104 -21.870 -8.636 -0.068
1105 -21.870 -8.636 -0.068
1106 -21.870 -8.955 -0.139
1107 -21.870 -8.955 -0.139
1108 -21.870 -9.142 -0.211
1109 -21.870 -9.142 -0.211
1110 -21.870 -9.077 -0.284
1111 -21.870 -9.077 -0.284
1112 -21.870 -9.044 -0.357
1113 -21.870 -9.044 -0.357
1114 -21.870 -8.956 -0.429
1115 -21.870 -8.956 -0.429
1116 -21.870 -8.867 -0.500
1117 -21.870 -8.867 -0.500
1118 -21.870 -8.980 -0.571
1119 -21.870 -8.980 -0.571
1120 -21.870 -8.937 -0.643
1121 -21.870 -8.937 -0.643
1122  0.000 -8.831 -0.714
1123  0.000 -8.831 -0.714
1124  0.000 -9.016 -0.785
1125  0.000 -9.016 -0.785
1126  0.000 -8.463 -0.855
1127  0.000 -8.463 -0.855
1128  0.000 -6.995 -0.917
1129  0.000 -6.995 -0.917
1130  0.000 -5.909 -0.969
1131  0.000 -5.909 -0.969
1132  0.000 -4.430 -1.011
1133  0.000 -4.430 -1.011
1134  0.000 -3.336 -1.043
1135  0.000 -3.336 -1.043
1136  0.000 -2.212 -1.065
1137  0.000 -2.212 -1.065
1138  0.000 -0.731 -1.077
1139  0.000 -0.731 -1.077
1140  0.000 -0.101 -1.080
1141  0.000 -0.101 -1.080
1142  0.000  0.284 -1.079
1143  0.000  0.284 -1.079
1144  0.000  0.218 -1.077
1145  0.000  0.218 -1.077
1146  0.000  0.060 -1.076
1147  0.000  0.060 -1.076
1148  0.000  0.013 -1.076
1149  0.000  0.013 -1.076
1150  0.000  0.082 -1.075
1151  0.000  0.082 -1.075
1152  0.000  0.082 -1.075
1153  0.000  0.082 -1.075
1154  0.000  0.021 -1.074
1155  0.000  0.021 -1.074
1156  0.000  0.021 -1.074
1157  0.000  0.021 -1.074
1158  0.000  0.028 -1.074
1159  0.000  0.028 -1.074
1160  0.000  0.029 -1.074
1161  0.000  0.029 -1.074
1162  0.000  0.013 -1.074
1163  0.000  0.013 -1.074
1164  0.000  0.011 -1.073
1165  0.000  0.011 -1.073
1166  0.000 -0.032 -1.074
1167  0.000 -0.032 -1.074
1168  0.000 -0.017 -1.074
1169  0.000 -0.017 -1.074
1170  0.000 -0.000 -1.074
1171  0.000 -0.000 -1.074
1172  0.000 -0.005 -1.074
1173  0.000 -0.005 -1.074
1174  0.000  0.023 -1.074
1175  0.000  0.023 -1.074
1176  0.000  0.003 -1.074
1177  0.000  0.003 -1.074
1178  0.000 -0.003 -1.074
1179  0.000 -0.003 -1.074
1180  0.000 -0.021 -1.074
1181  0.000 -0.021 -1.074
1182  0.000  0.018 -1.074
1183  0.000  0.018 -1.074
1184  0.000 -0.015 -1.074
1185  23.849 -0.015 -1.074
1186  23.849 -0.003 -1.074
1187  23.849 -0.003 -1.074
1188  23.849  0.343 -1.073
1189  23.849  0.343 -1.073
1190  23.849  1.218 -1.066
1191  23.849  1.218 -1.066
1192  23.849  1.990 -1.053
1193  23.849  1.990 -1.053
1194  23.849  2.504 -1.035
1195  23.849  2.504 -1.035
1196  23.849  3.457 -1.012
1197  23.849  3.457 -1.012
1198  23.849  4.606 -0.979
1199  23.849  4.606 -0.979
1200  23.849  4.944 -0.941
1201  23.849  4.944 -0.941
1202  23.849  5.850 -0.898
1203  23.849  5.850 -0.898
1204  23.849  6.900 -0.847
1205  23.849  6.900 -0.847
1206  23.849  7.600 -0.789
1207  23.849  7.600 -0.789
1208  23.849  7.605 -0.728
1209  23.849  7.605 -0.728
1210  23.849  7.798 -0.667
1211  23.849  7.798 -0.667
1212  23.849  7.795 -0.604
1213  23.849  7.795 -0.604
1214  23.849  7.772 -0.542
1215  23.849  7.772 -0.542
1216  23.849  7.980 -0.479
1217  23.849  7.980 -0.479
1218  23.849  7.778 -0.416
1219  23.849  7.778 -0.416
1220  23.849  8.151 -0.352
1221  23.849  8.151 -0.352
1222  23.849  8.249 -0.286
1223  23.849  8.249 -0.286
1224  23.849  8.144 -0.221
1225  23.849  8.144 -0.221
1226  23.849  8.443 -0.155
1227  23.849  8.443 -0.155
1228  23.849  8.263 -0.088
1229  23.849  8.263 -0.088
1230  23.849  8.533 -0.021
1231  23.849  8.533 -0.021
1232  23.849  8.609  0.047
1233  23.849  8.609  0.047
1234  23.849  8.631  0.116
1235  23.849  8.631  0.116
1236  23.849  8.730  0.185
1237  23.849  8.730  0.185
1238  23.849  8.906  0.256
1239  23.849  8.906  0.256
1240  23.849  8.914  0.327
1241  23.849  8.914  0.327
1242  23.849  8.985  0.399
1243  23.849  8.985  0.399
1244  23.849  9.110  0.471
1245  23.849  9.110  0.471
1246  23.849  9.194  0.544
1247  23.849  9.194  0.544
1248  23.849  9.466  0.619
1249  23.849  9.466  0.619
1250  23.849  9.644  0.696
1251  23.849  9.644  0.696
1252  0.000  9.638  0.773
1253  0.000  9.638  0.773
1254  0.000  9.847  0.851
1255  0.000  9.847  0.851
1256  0.000  9.287  0.927
1257  0.000  9.287  0.927
1258  0.000  7.825  0.996
1259  0.000  7.825  0.996
1260  0.000  6.546  1.053
1261  0.000  6.546  1.053
1262  0.000  4.727  1.098
1263  0.000  4.727  1.098
1264  0.000  3.392  1.131
1265  0.000  3.392  1.131
1266  0.000  1.752  1.153
1267  0.000  1.752  1.153
1268  0.000  0.565  1.162
1269  0.000  0.565  1.162
1270  0.000 -0.136  1.164
1271  0.000 -0.136  1.164
1272  0.000 -0.458  1.162
1273  0.000 -0.458  1.162
1274  0.000 -0.392  1.158
1275  0.000 -0.392  1.158
1276  0.000 -0.095  1.156
1277  0.000 -0.095  1.156
1278  0.000  0.021  1.156
1279  0.000  0.021  1.156
1280  0.000  0.096  1.157
1281  0.000  0.096  1.157
1282  0.000  0.053  1.157
1283  0.000  0.053  1.157
1284  0.000 -0.028  1.157
1285  0.000 -0.028  1.157
1286  0.000 -0.053  1.157
1287  0.000 -0.053  1.157
1288  0.000 -0.056  1.156
1289  0.000 -0.056  1.156
1290  0.000 -0.093  1.156
1291  0.000 -0.093  1.156
1292  0.000 -0.030  1.155
1293  0.000 -0.030  1.155
1294  0.000  0.014  1.155
1295  0.000  0.014  1.155
1296  0.000  0.007  1.155
1297  0.000  0.007  1.155
1298  0.000  0.021  1.156
1299  0.000  0.021  1.156
1300  0.000  0.013  1.156
1301  0.000  0.013  1.156
1302  0.000 -0.021  1.156
1303  0.000 -0.021  1.156
1304  0.000 -0.028  1.155
1305  0.000 -0.028  1.155
1306  0.000  0.0010  1.155
1307  0.000  0.0010  1.155
1308  0.000 -0.004  1.155
1309  0.000 -0.004  1.155
1310  0.000  0.013  1.155
1311  0.000  0.013  1.155
1312  0.000 -0.019  1.155
1313  0.000 -0.019  1.155
1314  0.000  0.014  1.155
1315 -25.891  0.014  1.155
1316 -25.891 -0.025  1.155
1317 -25.891 -0.025  1.155
1318 -25.891 -0.406  1.154
1319 -25.891 -0.406  1.154
1320 -25.891 -1.757  1.145
1321 -25.891 -1.757  1.145
1322 -25.891 -3.262  1.125
1323 -25.891 -3.262  1.125
1324 -25.891 -3.808  1.097
1325 -25.891 -3.808  1.097
1326 -25.891 -4.465  1.063
1327 -25.891 -4.465  1.063
1328 -25.891 -5.535  1.023
1329 -25.891 -5.535  1.023
1330 -25.891 -6.075  0.977
1331 -25.891 -6.075  0.977
1332 -25.891 -6.667  0.926
1333 -25.891 -6.667  0.926
1334 -25.891 -7.502  0.869
1335 -25.891 -7.502  0.869
1336 -25.891 -8.363  0.806
1337 -25.891 -8.363  0.806
1338 -25.891 -8.716  0.738
1339 -25.891 -8.716  0.738
1340 -25.891 -8.868  0.667
1341 -25.891 -8.868  0.667
1342 -25.891 -9.029  0.595
1343 -25.891 -9.029  0.595
1344 -25.891 -9.197  0.522
1345 -25.891 -9.197  0.522
1346 -25.891 -9.299  0.448
1347 -25.891 -9.299  0.448
1348 -25.891 -9.546  0.373
1349 -25.891 -9.546  0.373
1350 -25.891 -9.418  0.297
1351 -25.891 -9.418  0.297
1352 -25.891 -9.598  0.221
1353 -25.891 -9.598  0.221
1354 -25.891 -9.586  0.144
1355 -25.891 -9.586  0.144
1356 -25.891 -9.834  0.067
1357 -25.891 -9.834  0.067
1358 -25.891 -9.962 -0.011
1359 -25.891 -9.962 -0.011
1360 -25.891 -10.277 -0.092
1361 -25.891 -10.277 -0.092
1362 -25.891 -10.430 -0.175
1363 -25.891 -10.430 -0.175
1364 -25.891 -10.622 -0.260
1365 -25.891 -10.622 -0.260
1366 -25.891 -10.716 -0.345
1367 -25.891 -10.716 -0.345
1368 -25.891 -10.634 -0.430
1369 -25.891 -10.634 -0.430
1370 -25.891 -10.718 -0.516
1371 -25.891 -10.718 -0.516
1372 -25.891 -10.620 -0.601
1373 -25.891 -10.620 -0.601
1374 -25.891 -10.777 -0.687
1375 -25.891 -10.777 -0.687
1376  0.000 -10.660 -0.772
1377  0.000 -10.660 -0.772
1378  0.000 -10.607 -0.857
1379  0.000 -10.607 -0.857
1380  0.000 -9.955 -0.940
1381  0.000 -9.955 -0.940
1382  0.000 -8.520 -1.014
1383  0.000 -8.520 -1.014
1384  0.000 -7.284 -1.077
1385  0.000 -7.284 -1.077
1386  0.000 -6.131 -1.130
1387  0.000 -6.131 -1.130
1388  0.000 -4.711 -1.174
1389  0.000 -4.711 -1.174
1390  0.000 -3.427 -1.206
1391  0.000 -3.427 -1.206
1392  0.000 -1.912 -1.228
1393  0.000 -1.912 -1.228
1394  0.000 -1.006 -1.239
1395  0.000 -1.006 -1.239
1396  0.000 -0.044 -1.244
1397  0.000 -0.044 -1.244
1398  0.000  0.264 -1.243
1399  0.000  0.264 -1.243
1400  0.000  0.323 -1.240
1401  0.000  0.323 -1.240
1402  0.000  0.226 -1.238
1403  0.000  0.226 -1.238
1404  0.000  0.203 -1.237
1405  0.000  0.203 -1.237
1406  0.000  0.121 -1.235
1407  0.000  0.121 -1.235
1408  0.000  0.046 -1.235
1409  0.000  0.046 -1.235
1410  0.000  0.007 -1.234
1411  0.000  0.007 -1.234
1412  0.000 -0.045 -1.235
1413  0.000 -0.045 -1.235
1414  0.000  0.000 -1.235
1415  0.000  0.000 -1.235
1416  0.000 -0.006 -1.235
1417  0.000 -0.006 -1.235
1418  0.000  0.005 -1.235
1419  0.000  0.005 -1.235
1420  0.000 -0.028 -1.235
1421  0.000 -0.028 -1.235
1422  0.000 -0.011 -1.235
1423  0.000 -0.011 -1.235
1424  0.000 -0.004 -1.235
1425  0.000 -0.004 -1.235
1426  0.000 -0.013 -1.235
1427  0.000 -0.013 -1.235
1428  0.000  0.005 -1.235
1429  0.000  0.005 -1.235
1430  0.000  0.005 -1.235
1431  0.000  0.005 -1.235
1432  0.000  0.016 -1.235
1433  0.000  0.016 -1.235
1434  0.000 -0.006 -1.235
1435  0.000 -0.006 -1.235
1436  0.000 -0.026 -1.235
1437  0.000 -0.026 -1.235
1438  0.000 -0.020 -1.235
1439  27.839 -0.020 -1.235
1440  27.839 -0.0010 -1.235
1441  27.839 -0.0010 -1.235
1442  27.839  0.411 -1.234
1443  27.839  0.411 -1.234
1444  27.839  1.389 -1.227
1445  27.839  1.389 -1.227
1446  27.839  2.016 -1.213
1447  27.839  2.016 -1.213
1448  27.839  2.738 -1.194
1449  27.839  2.738 -1.194
1450  27.839  3.658 -1.168
1451  27.839  3.658 -1.168
1452  27.839  4.519 -1.136
1453  27.839  4.519 -1.136
1454  27.839  5.145 -1.097
1455  27.839  5.145 -1.097
1456  27.839  6.312 -1.051
1457  27.839  6.312 -1.051
1458  27.839  6.942 -0.998
1459  27.839  6.942 -0.998
1460  27.839  7.125 -0.942
1461  27.839  7.125 -0.942
1462  27.839  7.814 -0.882
1463  27.839  7.814 -0.882
1464  27.839  8.364 -0.817
1465  27.839  8.364 -0.817
1466  27.839  8.601 -0.750
1467  27.839  8.601 -0.750
1468  27.839  8.847 -0.680
1469  27.839  8.847 -0.680
1470  27.839  9.443 -0.607
1471  27.839  9.443 -0.607
1472  27.839  9.240 -0.532
1473  27.839  9.240 -0.532
1474  27.839  9.559 -0.457
1475  27.839  9.559 -0.457
1476  27.839  9.550 -0.380
1477  27.839  9.550 -0.380
1478  27.839  9.604 -0.304
1479  27.839  9.604 -0.304
1480  27.839  9.725 -0.226
1481  27.839  9.725 -0.226
1482  27.839  9.668 -0.149
1483  27.839  9.668 -0.149
1484  27.839  9.919 -0.070
1485  27.839  9.919 -0.070
1486  27.839  10.089  0.009
1487  27.839  10.089  0.009
1488  27.839  10.380  0.091
1489  27.839  10.380  0.091
1490  27.839  10.505  0.174
1491  27.839  10.505  0.174
1492  27.839  10.612  0.259
1493  27.839  10.612  0.259
1494  27.839  10.673  0.344
1495  27.839  10.673  0.344
1496  27.839  10.774  0.429
1497  27.839  10.774  0.429
1498  27.839  10.932  0.516
1499  27.839  10.932  0.516
1500  27.839  10.871  0.604
1501  27.839  10.871  0.604
1502  27.839  11.143  0.692
1503  27.839  11.143  0.692
1504  0.000  11.155  0.781
1505  0.000  11.155  0.781
1506  0.000  11.289  0.871
1507  0.000  11.289  0.871
1508  0.000  10.462  0.958
1509  0.000  10.462  0.958
1510  0.000  9.153  1.036
1511  0.000  9.153  1.036
1512  0.000  7.552  1.103
1513  0.000  7.552  1.103
1514  0.000  6.522  1.159
1515  0.000  6.522  1.159
1516  0.000  5.021  1.205
1517  0.000  5.021  1.205
1518  0.000  3.772  1.241
1519  0.000  3.772  1.241
1520  0.000  2.634  1.266
1521  0.000  2.634  1.266
1522  0.000  1.208  1.282
1523  0.000  1.208  1.282
1524  0.000  0.142  1.287
1525  0.000  0.142  1.287
1526  0.000 -0.399  1.286
1527  0.000 -0.399  1.286
1528  0.000 -0.464  1.282
1529  0.000 -0.464  1.282
1530  0.000 -0.355  1.279
1531  0.000 -0.355  1.279
1532  0.000 -0.150  1.277
1533  0.000 -0.150  1.277
1534  0.000 -0.005  1.277
1535  0.000 -0.005  1.277
1536  0.000  0.006  1.277
1537  0.000  0.006  1.277
1538  0.000  0.005  1.277
1539  0.000  0.005  1.277
1540  0.000 -0.006  1.277
1541  0.000 -0.006  1.277
1542  0.000 -0.030  1.276
1543  0.000 -0.030  1.276
1544  0.000 -0.005  1.276
1545  0.000 -0.005  1.276
1546  0.000  0.0010  1.276
1547  0.000  0.0010  1.276
1548  0.000  0.007  1.276
1549  0.000  0.007  1.276
1550  0.000  0.022  1.276
1551  0.000  0.022  1.276
1552  0.000 -0.001  1.277
1553  0.000 -0.001  1.277
1554  0.000 -0.006  1.277
1555  0.000 -0.006  1.277
1556  0.000 -0.033  1.276
1557  0.000 -0.033  1.276
1558  0.000  0.013  1.276
1559  0.000  0.013  1.276
1560  0.000 -0.025  1.276
1561  0.000 -0.025  1.276
1562  0.000 -0.015  1.276
1563  0.000 -0.015  1.276
1564  0.000 -0.005  1.276
1565  0.000 -0.005  1.276
1566  0.000  0.016  1.276
1567 -29.850  0.016  1.276
1568 -29.850 -0.015  1.276
1569 -29.850 -0.015  1.276
1570 -29.850 -0.151  1.275
1571 -29.850 -0.151  1.275
1572 -29.850 -1.492  1.269
1573 -29.850 -1.492  1.269
1574 -29.850 -2.129  1.254
1575 -29.850 -2.129  1.254
1576 -29.850 -2.926  1.234
1577 -29.850 -2.926  1.234
1578 -29.850 -4.024  1.206
1579 -29.850 -4.024  1.206
1580 -29.850 -4.578  1.172
1581 -29.850 -4.578  1.172
1582 -29.850 -5.374  1.132
1583 -29.850 -5.374  1.132
1584 -29.850 -6.006  1.087
1585 -29.850 -6.006  1.087
1586 -29.850 -6.757  1.035
1587 -29.850 -6.757  1.035
1588 -29.850 -7.268  0.979
1589 -29.850 -7.268  0.979
1590 -29.850 -8.133  0.918
1591 -29.850 -8.133  0.918
1592 -29.850 -8.977  0.849
1593 -29.850 -8.977  0.849
1594 -29.850 -9.693  0.775
1595 -29.850 -9.693  0.775
1596 -29.850 -10.238  0.695
1597 -29.850 -10.238  0.695
1598 -29.850 -10.106  0.614
1599 -29.850 -10.106  0.614
1600 -29.850 -10.724  0.530
1601 -29.850 -10.724  0.530
1602 -29.850 -10.789  0.444
1603 -29.850 -10.789  0.444
1604 -29.850 -11.150  0.356
1605 -29.850 -11.150  0.356
1606 -29.850 -11.365  0.266
1607 -29.850 -11.365  0.266
1608 -29.850 -11.444  0.175
1609 -29.850 -11.444  0.175
1610 -29.850 -11.618  0.083
1611 -29.850 -11.618  0.083
1612 -29.850 -11.694 -0.009
1613 -29.850 -11.694 -0.009
1614 -29.850 -11.945 -0.104
1615 -29.850 -11.945 -0.104
1616 -29.850 -12.019 -0.200
1617 -29.850 -12.019 -0.200
1618 -29.850 -12.264 -0.297
1619 -29.850 -12.264 -0.297
1620 -29.850 -12.191 -0.395
1621 -29.850 -12.191 -0.395
1622 -29.850 -12.277 -0.493
1623 -29.850 -12.277 -0.493
1624 -29.850 -12.261 -0.591
1625 -29.850 -12.261 -0.591
1626 -29.850 -12.363 -0.689
1627 -29.850 -12.363 -0.689
1628  0.000 -12.329 -0.788
1629  0.000 -12.329 -0.788
1630  0.000 -12.199 -0.886
1631  0.000 -12.199 -0.886
1632  0.000 -11.388 -0.981
1633  0.000 -11.388 -0.981
1634  0.000 -10.357 -1.068
1635  0.000 -10.357 -1.068
1636  0.000 -8.636 -1.144
1637  0.000 -8.636 -1.144
1638  0.000 -7.439 -1.208
1639  0.000 -7.439 -1.208
1640  0.000 -6.237 -1.263
1641  0.000 -6.237 -1.263
1642  0.000 -4.665 -1.306
1643  0.000 -4.665 -1.306
1644  0.000 -3.329 -1.338
1645  0.000 -3.329 -1.338
1646  0.000 -1.873 -1.359
1647  0.000 -1.873 -1.359
1648  0.000 -0.631 -1.369
1649  0.000 -0.631 -1.369
1650  0.000  0.318 -1.370
1651  0.000  0.318 -1.370
1652  0.000  0.508 -1.367
1653  0.000  0.508 -1.367
1654  0.000  0.441 -1.363
1655  0.000  0.441 -1.363
1656  0.000  0.251 -1.360
1657  0.000  0.251 -1.360
1658  0.000  0.197 -1.359
1659  0.000  0.197 -1.359
1660  0.000  0.105 -1.357
1661  0.000  0.105 -1.357
1662  0.000  0.021 -1.357
1663  0.000  0.021 -1.357
1664  0.000 -0.025 -1.357
1665  0.000 -0.025 -1.357
1666  0.000 -0.023 -1.357
1667  0.000 -0.023 -1.357
1668  0.000 -0.021 -1.357
1669  0.000 -0.021 -1.357
1670  0.000 -0.006 -1.357
1671  0.000 -0.006 -1.357
1672  0.000  0.003 -1.357
1673  0.000  0.003 -1.357
1674  0.000  0.006 -1.357
1675  0.000  0.006 -1.357
1676  0.000 -0.043 -1.357
1677  0.000 -0.043 -1.357
1678  0.000 -0.003 -1.358
1679  0.000 -0.003 -1.358
1680  0.000  0.013 -1.358
1681  0.000  0.013 -1.358
1682  0.000 -0.015 -1.358
1683  0.000 -0.015 -1.358
1684  0.000  0.000 -1.358
1685  0.000  0.000 -1.358
1686  0.000  0.041 -1.358
1687  0.000  0.041 -1.358
1688  0.000  0.004 -1.358
1689  0.000  0.004 -1.358
1690  0.000  0.019 -1.358
1691  31.798  0.019 -1.358
1692  31.798  0.000 -1.358
1693  31.798  0.000 -1.358
1694  31.798  0.265 -1.357
1695  31.798  0.265 -1.357
1696  31.798  1.715 -1.349
1697  31.798  1.715 -1.349
1698  31.798  2.398 -1.332
1699  31.798  2.398 -1.332
1700  31.798  2.901 -1.311
1701  31.798  2.901 -1.311
1702  31.798  4.087 -1.283
1703  31.798  4.087 -1.283
1704  31.798  4.783 -1.248
1705  31.798  4.783 -1.248
1706  31.798  5.613 -1.206
1707  31.798  5.613 -1.206
1708  31.798  6.338 -1.158
1709  31.798  6.338 -1.158
1710  31.798  6.909 -1.105
1711  31.798  6.909 -1.105
1712  31.798  7.364 -1.048
1713  31.798  7.364 -1.048
1714  31.798  7.918 -0.987
1715  31.798  7.918 -0.987
1716  31.798  8.448 -0.922
1717  31.798  8.448 -0.922
1718  31.798  8.904 -0.852
1719  31.798  8.904 -0.852
1720  31.798  9.262 -0.779
1721  31.798  9.262 -0.779
1722  31.798  9.532 -0.704
1723  31.798  9.532 -0.704
1724  31.798  9.994 -0.626
1725  31.798  9.994 -0.626
1726  31.798  10.330 -0.545
1727  31.798  10.330 -0.545
1728  31.798  10.594 -0.461
1729  31.798  10.594 -0.461
1730  31.798  10.958 -0.375
1731  31.798  10.958 -0.375
1732  31.798  11.183 -0.286
1733  31.798  11.183 -0.286
1734  31.798  11.440 -0.196
1735  31.798  11.440 -0.196
1736  31.798  11.631 -0.104
1737  31.798  11.631 -0.104
1738  31.798  11.783 -0.0010
1739  31.798  11.783 -0.0010
1740  31.798  12.026  0.084
1741  31.798  12.026  0.084
1742  31.798  12.214  0.181
1743  31.798  12.214  0.181
1744  31.798  12.390  0.279
1745  31.798  12.390  0.279
1746  31.798  12.572  0.379
1747  31.798  12.572  0.379
1748  31.798  12.436  0.479
1749  31.798  12.436  0.479
1750  31.798  12.408  0.578
1751  31.798  12.408  0.578
1752  31.798  12.313  0.677
1753  31.798  12.313  0.677
1754  0.000  12.442  0.776
1755  0.000  12.442  0.776
1756  0.000  12.597  0.876
1757  0.000  12.597  0.876
1758  0.000  11.935  0.975
1759  0.000  11.935  0.975
1760  0.000  10.757  1.065
1761  0.000  10.757  1.065
1762  0.000  9.060  1.145
1763  0.000  9.060  1.145
1764  0.000  7.748  1.212
1765  0.000  7.748  1.212
1766  0.000  6.203  1.268
1767  0.000  6.203  1.268
1768  0.000  4.798  1.312
1769  0.000  4.798  1.312
1770  0.000  3.123  1.343
1771  0.000  3.123  1.343
1772  0.000  2.121  1.364
1773  0.000  2.121  1.364
1774  0.000  0.879  1.376
1775  0.000  0.879  1.376
1776  0.000 -0.117  1.379
1777  0.000 -0.117  1.379
1778  0.000 -0.378  1.377
1779  0.000 -0.378  1.377
1780  0.000 -0.429  1.374
1781  0.000 -0.429  1.374
1782  0.000 -0.271  1.371
1783  0.000 -0.271  1.371
1784  0.000 -0.120  1.370
1785  0.000 -0.120  1.370
1786  0.000 -0.048  1.369
1787  0.000 -0.048  1.369
1788  0.000  0.016  1.369
1789  0.000  0.016  1.369
1790  0.000  0.000  1.369
1791  0.000  0.000  1.369
1792  0.000 -0.022  1.369
1793  0.000 -0.022  1.369
1794  0.000 -0.015  1.369
1795  0.000 -0.015  1.369
1796  0.000 -0.001  1.369
1797  0.000 -0.001  1.369
1798  0.000  0.008  1.369
1799  0.000  0.008  1.369
1800  0.000 -0.011  1.369
1801  0.000 -0.011  1.369
1802  0.000  0.006  1.369
1803  0.000  0.006  1.369
1804  0.000 -0.001  1.369
1805  0.000 -0.001  1.369
1806  0.000  0.004  1.369
1807  0.000  0.004  1.369
1808  0.000 -0.011  1.369
1809  0.000 -0.011  1.369
1810  0.000 -0.008  1.369
1811  0.000 -0.008  1.369
1812  0.000  0.005  1.369
1813  0.000  0.005  1.369
1814  0.000  0.002  1.369
1815  0.000  0.002  1.369
1816  0.000  0.015  1.369
1817 -33.777  0.015  1.369
1818 -33.777 -0.021  1.369
1819 -33.777 -0.021  1.369
1820 -33.777 -0.112  1.368
1821 -33.777 -0.112  1.368
1822 -33.777 -1.738  1.361
1823 -33.777 -1.738  1.361
1824 -33.777 -2.480  1.344
1825 -33.777 -2.480  1.344
1826 -33.777 -3.392  1.320
1827 -33.777 -3.392  1.320
1828 -33.777 -4.437  1.289
1829 -33.777 -4.437  1.289
1830 -33.777 -5.442  1.249
1831 -33.777 -5.442  1.249
1832 -33.777 -6.271  1.203
1833 -33.777 -6.271  1.203
1834 -33.777 -6.808  1.150
1835 -33.777 -6.808  1.150
1836 -33.777 -7.652  1.092
1837 -33.777 -7.652  1.092
1838 -33.777 -8.148  1.029
1839 -33.777 -8.148  1.029
1840 -33.777 -8.821  0.961
1841 -33.777 -8.821  0.961
1842 -33.777 -9.350  0.889
1843 -33.777 -9.350  0.889
1844 -33.777 -10.249  0.810
1845 -33.777 -10.249  0.810
1846 -33.777 -10.885  0.726
1847 -33.777 -10.885  0.726
1848 -33.777 -11.482  0.636
1849 -33.777 -11.482  0.636
1850 -33.777 -11.539  0.544
1851 -33.777 -11.539  0.544
1852 -33.777 -11.833  0.451
1853 -33.777 -11.833  0.451
1854 -33.777 -12.151  0.355
1855 -33.777 -12.151  0.355
1856 -33.777 -12.368  0.257
1857 -33.777 -12.368  0.257
1858 -33.777 -12.569  0.157
1859 -33.777 -12.569  0.157
1860 -33.777 -12.602  0.056
1861 -33.777 -12.602  0.056
1862 -33.777 -12.800 -0.044
1863 -33.777 -12.800 -0.044
1864 -33.777 -12.989 -0.148
1865 -33.777 -12.989 -0.148
1866 -33.777 -13.196 -0.252
1867 -33.777 -13.196 -0.252
1868 -33.777 -13.296 -0.358
1869 -33.777 -13.296 -0.358
1870 -33.777 -13.412 -0.465
1871 -33.777 -13.412 -0.465
1872 -33.777 -13.702 -0.574
1873 -33.777 -13.702 -0.574
1874 -33.777 -13.725 -0.683
1875 -33.777 -13.725 -0.683
1876  0.000 -13.894 -0.794
1877  0.000 -13.894 -0.794
1878  0.000 -13.668 -0.904
1879  0.000 -13.668 -0.904
1880  0.000 -13.059 -1.011
1881  0.000 -13.059 -1.011
1882  0.000 -11.759 -1.110
1883  0.000 -11.759 -1.110
1884  0.000 -10.405 -1.199
1885  0.000 -10.405 -1.199
1886  0.000 -8.685 -1.275
1887  0.000 -8.685 -1.275
1888  0.000 -7.543 -1.340
1889  0.000 -7.543 -1.340
1890  0.000 -5.602 -1.393
1891  0.000 -5.602 -1.393
1892  0.000 -4.073 -1.431
1893  0.000 -4.073 -1.431
1894  0.000 -2.597 -1.458
1895  0.000 -2.597 -1.458
1896  0.000 -0.557 -1.471
1897  0.000 -0.557 -1.471
1898  0.000  0.376 -1.471
1899  0.000  0.376 -1.471
1900  0.000  0.766 -1.467
1901  0.000  0.766 -1.467
1902  0.000  0.802 -1.461
1903  0.000  0.802 -1.461
1904  0.000  0.461 -1.456
1905  0.000  0.461 -1.456
1906  0.000  0.133 -1.453
1907  0.000  0.133 -1.453
1908  0.000  0.041 -1.452
1909  0.000  0.041 -1.452
1910  0.000 -0.058 -1.453
1911  0.000 -0.058 -1.453
1912  0.000 -0.053 -1.453
1913  0.000 -0.053 -1.453
1914  0.000 -0.056 -1.453
1915  0.000 -0.056 -1.453
1916  0.000 -0.086 -1.454
1917  0.000 -0.086 -1.454
1918  0.000  0.0010 -1.454
1919  0.000  0.0010 -1.454
1920  0.000 -0.005 -1.454
1921  0.000 -0.005 -1.454
1922  0.000  0.028 -1.454
1923  0.000  0.028 -1.454
1924  0.000 -0.038 -1.454
1925  0.000 -0.038 -1.454
1926  0.000  0.036 -1.454
1927  0.000  0.036 -1.454
1928  0.000 -0.005 -1.454
1929  0.000 -0.005 -1.454
1930  0.000 -0.018 -1.454
1931  0.000 -0.018 -1.454
1932  0.000  0.0010 -1.454
1933  0.000  0.0010 -1.454
1934  0.000 -0.014 -1.454
1935  0.000 -0.014 -1.454
1936  0.000  0.005 -1.454
1937  0.000  0.005 -1.454
1938  0.000 -0.017 -1.454
1939  35.693 -0.017 -1.454
1940  35.693  0.0010 -1.454
1941  35.693  0.0010 -1.454
1942  35.693  0.425 -1.453
1943  35.693  0.425 -1.453
1944  35.693  1.704 -1.444
1945  35.693  1.704 -1.444
1946  35.693  2.644 -1.427
1947  35.693  2.644 -1.427
1948  35.693  3.192 -1.403
1949  35.693  3.192 -1.403
1950  35.693  4.434 -1.374
1951  35.693  4.434 -1.374
1952  35.693  5.380 -1.335
1953  35.693  5.380 -1.335
1954  35.693  5.998 -1.290
1955  35.693  5.998 -1.290
1956  35.693  6.546 -1.239
1957  35.693  6.546 -1.239
1958  35.693  7.056 -1.185
1959  35.693  7.056 -1.185
1960  35.693  7.722 -1.126
1961  35.693  7.722 -1.126
1962  35.693  8.129 -1.062
1963  35.693  8.129 -1.062
1964  35.693  8.889 -0.994
1965  35.693  8.889 -0.994
1966  35.693  9.079 -0.922
1967  35.693  9.079 -0.922
1968  35.693  9.445 -0.848
1969  35.693  9.445 -0.848
1970  35.693  9.965 -0.771
1971  35.693  9.965 -0.771
1972  35.693  10.230 -0.690
1973  35.693  10.230 -0.690
1974  35.693  10.712 -0.606
1975  35.693  10.712 -0.606
1976  35.693  11.080 -0.519
1977  35.693  11.080 -0.519
1978  35.693  11.709 -0.428
1979  35.693  11.709 -0.428
1980  35.693  11.987 -0.333
1981  35.693  11.987 -0.333
1982  35.693  12.288 -0.236
1983  35.693  12.288 -0.236
1984  35.693  12.536 -0.137
1985  35.693  12.536 -0.137
1986  35.693  12.873 -0.035
1987  35.693  12.873 -0.035
1988  35.693  13.285  0.069
1989  35.693  13.285  0.069
1990  35.693  13.568  0.176
1991  35.693  13.568  0.176
1992  35.693  13.671  0.285
1993  35.693  13.671  0.285
1994  35.693  13.712  0.395
1995  35.693  13.712  0.395
1996  35.693  13.597  0.504
1997  35.693  13.597  0.504
1998  35.693  13.548  0.612
1999  35.693  13.548  0.612
2000  0.000  13.563  0.721
2001  0.000  13.563  0.721
2002  0.000  13.719  0.830
2003  0.000  13.719  0.830
2004  0.000  12.956  0.937
2005  0.000  12.956  0.937
2006  0.000  11.428  1.034
2007  0.000  11.428  1.034
2008  0.000  10.284  1.121
2009  0.000  10.284  1.121
2010  0.000  9.121  1.199
2011  0.000  9.121  1.199
2012  0.000  7.479  1.265
2013  0.000  7.479  1.265
2014  0.000  6.253  1.320
2015  0.000  6.253  1.320
2016  0.000  4.474  1.363
2017  0.000  4.474  1.363
2018  0.000  3.269  1.394
2019  0.000  3.269  1.394
2020  0.000  1.498  1.413
2021  0.000  1.498  1.413
2022  0.000  0.372  1.420
2023  0.000  0.372  1.420
2024  0.000 -0.254  1.421
2025  0.000 -0.254  1.421
2026  0.000 -0.483  1.418
2027  0.000 -0.483  1.418
2028  0.000 -0.386  1.415
2029  0.000 -0.386  1.415
2030  0.000 -0.191  1.412
2031  0.000 -0.191  1.412
2032  0.000 -0.120  1.411
2033  0.000 -0.120  1.411
2034  0.000 -0.026  1.411
2035  0.000 -0.026  1.411
2036  0.000  0.003  1.411
2037  0.000  0.003  1.411
2038  0.000  0.023  1.411
2039  0.000  0.023  1.411
2040  0.000  0.005  1.411
2041  0.000  0.005  1.411
2042  0.000  0.011  1.411
2043  0.000  0.011  1.411
2044  0.000 -0.035  1.411
2045  0.000 -0.035  1.411
2046  0.000  0.019  1.411
2047  0.000  0.019  1.411
2048  0.000 -0.005  1.411
2049  0.000 -0.005  1.411
2050  0.000  0.012  1.411
2051  0.000  0.012  1.411
2052  0.000  0.013  1.411
2053  0.000  0.013  1.411
2054  0.000  0.005  1.411
2055  0.000  0.005  1.411
2056  0.000 -0.000  1.411
2057  0.000 -0.000  1.411
2058  0.000 -0.0010  1.411
2059  0.000 -0.0010  1.411
2060  0.000 -0.014  1.411
2061  0.000 -0.014  1.411
2062  0.000 -0.006  1.411
2063 -37.641 -0.006  1.411
2064 -37.641 -0.019  1.411
2065 -37.641 -0.019  1.411
2066 -37.641 -0.448  1.409
2067 -37.641 -0.448  1.409
2068 -37.641 -1.572  1.401
2069 -37.641 -1.572  1.401
2070 -37.641 -2.260  1.385
2071 -37.641 -2.260  1.385
2072 -37.641 -2.923  1.365
2073 -37.641 -2.923  1.365
2074 -37.641 -4.105  1.336
2075 -37.641 -4.105  1.336
2076 -37.641 -5.181  1.299
2077 -37.641 -5.181  1.299
2078 -37.641 -5.653  1.256
2079 -37.641 -5.653  1.256
2080 -37.641 -6.476  1.207
2081 -37.641 -6.476  1.207
2082 -37.641 -7.351  1.152
2083 -37.641 -7.351  1.152
2084 -37.641 -7.925  1.092
2085 -37.641 -7.925  1.092
2086 -37.641 -8.474  1.026
2087 -37.641 -8.474  1.026
2088 -37.641 -9.060  0.956
2089 -37.641 -9.060  0.956
2090 -37.641 -9.737  0.881
2091 -37.641 -9.737  0.881
2092 -37.641 -10.313  0.801
2093 -37.641 -10.313  0.801
2094 -37.641 -11.322  0.714
2095 -37.641 -11.322  0.714
2096 -37.641 -11.934  0.621
2097 -37.641 -11.934  0.621
2098 -37.641 -12.180  0.525
2099 -37.641 -12.180  0.525
2100 -37.641 -12.455  0.426
2101 -37.641 -12.455  0.426
2102 -37.641 -12.772  0.325
2103 -37.641 -12.772  0.325
2104 -37.641 -13.163  0.221
2105 -37.641 -13.163  0.221
2106 -37.641 -13.293  0.115
2107 -37.641 -13.293  0.115
2108 -37.641 -13.664  0.008
2109 -37.641 -13.664  0.008
2110 -37.641 -13.767 -0.101
2111 -37.641 -13.767 -0.101
2112 -37.641 -14.076 -0.212
2113 -37.641 -14.076 -0.212
2114 -37.641 -14.207 -0.326
2115 -37.641 -14.207 -0.326
2116 -37.641 -14.289 -0.440
2117 -37.641 -14.289 -0.440
2118 -37.641 -14.641 -0.555
2119 -37.641 -14.641 -0.555
2120 -37.641 -14.813 -0.673
2121 -37.641 -14.813 -0.673
2122  0.000 -15.074 -0.793
2123  0.000 -15.074 -0.793
2124  0.000 -14.961 -0.913
2125  0.000 -14.961 -0.913
2126  0.000 -14.208 -1.029
2127  0.000 -14.208 -1.029
2128  0.000 -13.114 -1.139
2129  0.000 -13.114 -1.139
2130  0.000 -11.919 -1.239
2131  0.000 -11.919 -1.239
2132  0.000 -10.368 -1.328
2133  0.000 -10.368 -1.328
2134  0.000 -9.061 -1.406
2135  0.000 -9.061 -1.406
2136  0.000 -7.272 -1.471
2137  0.000 -7.272 -1.471
2138  0.000 -5.753 -1.523
2139  0.000 -5.753 -1.523
2140  0.000 -3.731 -1.561
2141  0.000 -3.731 -1.561
2142  0.000 -2.183 -1.585
2143  0.000 -2.183 -1.585
2144  0.000 -0.957 -1.597
2145  0.000 -0.957 -1.597
2146  0.000  0.103 -1.601
2147  0.000  0.103 -1.601
2148  0.000  0.452 -1.599
2149  0.000  0.452 -1.599
2150  0.000  0.423 -1.595
2151  0.000  0.423 -1.595
2152  0.000  0.295 -1.592
2153  0.000  0.295 -1.592
2154  0.000  0.251 -1.590
2155  0.000  0.251 -1.590
2156  0.000  0.164 -1.588
2157  0.000  0.164 -1.588
2158  0.000  0.083 -1.587
2159  0.000  0.083 -1.587
2160  0.000 -0.025 -1.587
2161  0.000 -0.025 -1.587
2162  0.000 -0.065 -1.587
2163  0.000 -0.065 -1.587
2164  0.000 -0.095 -1.588
2165  0.000 -0.095 -1.588
2166  0.000 -0.018 -1.589
2167  0.000 -0.018 -1.589
2168  0.000 -0.026 -1.589
2169  0.000 -0.026 -1.589
2170  0.000  0.012 -1.589
2171  0.000  0.012 -1.589
2172  0.000  0.026 -1.589
2173  0.000  0.026 -1.589
2174  0.000  0.021 -1.588
2175  0.000  0.021 -1.588
2176  0.000 -0.004 -1.588
2177  0.000 -0.004 -1.588
2178  0.000  0.007 -1.588
2179  0.000  0.007 -1.588
2180  0.000 -0.041 -1.588
2181  0.000 -0.041 -1.588
2182  0.000 -0.020 -1.589
2183  0.000 -0.020 -1.589
2184  0.000  0.001 -1.589
2185  39.557  0.001 -1.589
2186  39.557  0.012 -1.589
2187  39.557  0.012 -1.589
2188  39.557  0.368 -1.587
2189  39.557  0.368 -1.587
2190  39.557  1.906 -1.578
2191  39.557  1.906 -1.578
2192  39.557  3.061 -1.558
2193  39.557  3.061 -1.558
2194  39.557  3.744 -1.531
2195  39.557  3.744 -1.531
2196  39.557  5.172 -1.495
2197  39.557  5.172 -1.495
2198  39.557  6.265 -1.450
2199  39.557  6.265 -1.450
2200  39.557  7.216 -1.396
2201  39.557  7.216 -1.396
2202  39.557  7.740 -1.336
2203  39.557  7.740 -1.336
2204  39.557  8.237 -1.272
2205  39.557  8.237 -1.272
2206  39.557  8.974 -1.203
2207  39.557  8.974 -1.203
2208  39.557  9.351 -1.130
2209  39.557  9.351 -1.130
2210  39.557  9.821 -1.053
2211  39.557  9.821 -1.053
2212  39.557  10.151 -0.973
2213  39.557  10.151 -0.973
2214  39.557  10.761 -0.890
2215  39.557  10.761 -0.890
2216  39.557  11.127 -0.802
2217  39.557  11.127 -0.802
2218  39.557  11.440 -0.712
2219  39.557  11.440 -0.712
2220  39.557  11.946 -0.618
2221  39.557  11.946 -0.618
2222  39.557  12.452 -0.521
2223  39.557  12.452 -0.521
2224  39.557  12.939 -0.419
2225  39.557  12.939 -0.419
2226  39.557  13.253 -0.314
2227  39.557  13.253 -0.314
2228  39.557  13.575 -0.207
2229  39.557  13.575 -0.207
2230  39.557  13.897 -0.097
2231  39.557  13.897 -0.097
2232  39.557  14.341  0.015
2233  39.557  14.341  0.015
2234  39.557  14.401  0.130
2235  39.557  14.401  0.130
2236  39.557  14.587  0.246
2237  39.557  14.587  0.246
2238  39.557  14.682  0.363
2239  39.557  14.682  0.363
2240  39.557  14.768  0.481
2241  39.557  14.768  0.481
2242  39.557  14.795  0.599
2243  39.557  14.795  0.599
2244  0.000  14.783  0.717
2245  0.000  14.783  0.717
2246  0.000  14.913  0.836
2247  0.000  14.913  0.836
2248  0.000  14.185  0.952
2249  0.000  14.185  0.952
2250  0.000  13.215  1.062
2251  0.000  13.215  1.062
2252  0.000  11.752  1.162
2253  0.000  11.752  1.162
2254  0.000  10.433  1.251
2255  0.000  10.433  1.251
2256  0.000  9.033  1.329
2257  0.000  9.033  1.329
2258  0.000  7.673  1.395
2259  0.000  7.673  1.395
2260  0.000  5.793  1.449
2261  0.000  5.793  1.449
2262  0.000  4.354  1.490
2263  0.000  4.354  1.490
2264  0.000  2.987  1.519
2265  0.000  2.987  1.519
2266  0.000  1.258  1.536
2267  0.000  1.258  1.536
2268  0.000  0.470  1.543
2269  0.000  0.470  1.543
2270  0.000 -0.188  1.544
2271  0.000 -0.188  1.544
2272  0.000 -0.281  1.542
2273  0.000 -0.281  1.542
2274  0.000 -0.139  1.541
2275  0.000 -0.139  1.541
2276  0.000 -0.120  1.540
2277  0.000 -0.120  1.540
2278  0.000 -0.167  1.539
2279  0.000 -0.167  1.539
2280  0.000 -0.138  1.537
2281  0.000 -0.138  1.537
2282  0.000 -0.072  1.536
2283  0.000 -0.072  1.536
2284  0.000 -0.009  1.536
2285  0.000 -0.009  1.536
2286  0.000  0.019  1.536
2287  0.000  0.019  1.536
2288  0.000 -0.025  1.536
2289  0.000 -0.025  1.536
2290  0.000 -0.003  1.536
2291  0.000 -0.003  1.536
2292  0.000  0.009  1.536
2293  0.000  0.009  1.536
2294  0.000  0.012  1.536
2295  0.000  0.012  1.536
2296  0.000 -0.008  1.536
2297  0.000 -0.008  1.536
2298  0.000 -0.0010  1.536
2299  0.000 -0.0010  1.536
2300  0.000 -0.026  1.536
2301  0.000 -0.026  1.536
2302  0.000 -0.006  1.536
2303  0.000 -0.006  1.536
2304  0.000 -0.001  1.536
2305  0.000 -0.001  1.536
2306  0.000 -0.000  1.536
2307 -41.474 -0.000  1.536
2308 -41.474  0.008  1.536
2309 -41.474  0.008  1.536
2310 -41.474 -0.156  1.535
2311 -41.474 -0.156  1.535
2312 -41.474 -1.707  1.528
2313 -41.474 -1.707  1.528
2314 -41.474 -2.498  1.511
2315 -41.474 -2.498  1.511
2316 -41.474 -3.301  1.488
2317 -41.474 -3.301  1.488
2318 -41.474 -4.317  1.457
2319 -41.474 -4.317  1.457
2320 -41.474 -5.450  1.418
2321 -41.474 -5.450  1.418
2322 -41.474 -6.185  1.372
2323 -41.474 -6.185  1.372
2324 -41.474 -7.067  1.319
2325 -41.474 -7.067  1.319
2326 -41.474 -7.941  1.259
2327 -41.474 -7.941  1.259
2328 -41.474 -8.824  1.191
2329 -41.474 -8.824  1.191
2330 -41.474 -9.566  1.118
2331 -41.474 -9.566  1.118
2332 -41.474 -10.123  1.039
2333 -41.474 -10.123  1.039
2334 -41.474 -10.744  0.956
2335 -41.474 -10.744  0.956
2336 -41.474 -11.284  0.868
2337 -41.474 -11.284  0.868
2338 -41.474 -12.069  0.774
2339 -41.474 -12.069  0.774
2340 -41.474 -12.817  0.675
2341 -41.474 -12.817  0.675
2342 -41.474 -13.165  0.571
2343 -41.474 -13.165  0.571
2344 -41.474 -13.537  0.464
2345 -41.474 -13.537  0.464
2346 -41.474 -13.973  0.354
2347 -41.474 -13.973  0.354
2348 -41.474 -14.253  0.241
2349 -41.474 -14.253  0.241
2350 -41.474 -14.428  0.126
2351 -41.474 -14.428  0.126
2352 -41.474 -14.773  0.009
2353 -41.474 -14.773  0.009
2354 -41.474 -15.021 -0.109
2355 -41.474 -15.021 -0.109
2356 -41.474 -15.221 -0.230
2357 -41.474 -15.221 -0.230
2358 -41.474 -15.465 -0.353
2359 -41.474 -15.465 -0.353
2360 -41.474 -15.690 -0.477
2361 -41.474 -15.690 -0.477
2362 -41.474 -15.884 -0.603
2363 -41.474 -15.884 -0.603
2364  0.000 -16.084 -0.731
2365  0.000 -16.084 -0.731
2366  0.000 -16.258 -0.861
2367  0.000 -16.258 -0.861
2368  0.000 -15.604 -0.988
2369  0.000 -15.604 -0.988
2370  0.000 -14.460 -1.108
2371  0.000 -14.460 -1.108
2372  0.000 -13.045 -1.218
2373  0.000 -13.045 -1.218
2374  0.000 -11.830 -1.318
2375  0.000 -11.830 -1.318
2376  0.000 -10.138 -1.406
2377  0.000 -10.138 -1.406
2378  0.000 -8.897 -1.482
2379  0.000 -8.897 -1.482
2380  0.000 -7.266 -1.547
2381  0.000 -7.266 -1.547
2382  0.000 -6.055 -1.600
2383  0.000 -6.055 -1.600
2384  0.000 -4.768 -1.643
2385  0.000 -4.768 -1.643
2386  0.000 -2.967 -1.674
2387  0.000 -2.967 -1.674
2388  0.000 -1.701 -1.693
2389  0.000 -1.701 -1.693
2390  0.000 -0.248 -1.701
2391  0.000 -0.248 -1.701
2392  0.000  0.313 -1.700
2393  0.000  0.313 -1.700
2394  0.000  0.568 -1.697
2395  0.000  0.568 -1.697
2396  0.000  0.533 -1.692
2397  0.000  0.533 -1.692
2398  0.000  0.373 -1.689
2399  0.000  0.373 -1.689
2400  0.000  0.220 -1.686
2401  0.000  0.220 -1.686
2402  0.000  0.096 -1.685
2403  0.000  0.096 -1.685
2404  0.000 -0.066 -1.685
2405  0.000 -0.066 -1.685
2406  0.000 -0.099 -1.686
2407  0.000 -0.099 -1.686
2408  0.000 -0.120 -1.687
2409  0.000 -0.120 -1.687
2410  0.000 -0.076 -1.687
2411  0.000 -0.076 -1.687
2412  0.000 -0.073 -1.688
2413  0.000 -0.073 -1.688
2414  0.000  0.013 -1.688
2415  0.000  0.013 -1.688
2416  0.000  0.074 -1.688
2417  0.000  0.074 -1.688
2418  0.000  0.058 -1.687
2419  0.000  0.058 -1.687
2420  0.000 -0.017 -1.687
2421  0.000 -0.017 -1.687
2422  0.000  0.006 -1.687
2423  0.000  0.006 -1.687
2424  0.000  0.001 -1.687
2425  0.000  0.001 -1.687
2426  0.000 -0.026 -1.687
2427  43.359 -0.026 -1.687
2428  43.359  0.009 -1.687
2429  43.359  0.009 -1.687
2430  43.359  0.182 -1.687
2431  43.359  0.182 -1.687
2432  43.359  1.861 -1.678
2433  43.359  1.861 -1.678
2434  43.359  2.368 -1.662
2435  43.359  2.368 -1.662
2436  43.359  3.270 -1.639
2437  43.359  3.270 -1.639
2438  43.359  4.305 -1.609
2439  43.359  4.305 -1.609
2440  43.359  5.523 -1.569
2441  43.359  5.523 -1.569
2442  43.359  6.383 -1.522
2443  43.359  6.383 -1.522
2444  43.359  7.174 -1.467
2445  43.359  7.174 -1.467
2446  43.359  8.127 -1.406
2447  43.359  8.127 -1.406
2448  43.359  8.629 -1.339
2449  43.359  8.629 -1.339
2450  43.359  9.472 -1.267
2451  43.359  9.472 -1.267
2452  43.359  9.752 -1.190
2453  43.359  9.752 -1.190
2454  43.359  10.156 -1.110
2455  43.359  10.156 -1.110
2456  43.359  10.638 -1.027
2457  43.359  10.638 -1.027
2458  43.359  11.058 -0.940
2459  43.359  11.058 -0.940
2460  43.359  11.460 -0.850
2461  43.359  11.460 -0.850
2462  43.359  12.050 -0.756
2463  43.359  12.050 -0.756
2464  43.359  12.595 -0.658
2465  43.359  12.595 -0.658
2466  43.359  12.877 -0.556
2467  43.359  12.877 -0.556
2468  43.359  13.535 -0.450
2469  43.359  13.535 -0.450
2470  43.359  13.847 -0.341
2471  43.359  13.847 -0.341
2472  43.359  14.361 -0.228
2473  43.359  14.361 -0.228
2474  43.359  14.464 -0.112
2475  43.359  14.464 -0.112
2476  43.359  14.933  0.004
2477  43.359  14.933  0.004
2478  43.359  15.258  0.125
2479  43.359  15.258  0.125
2480  43.359  15.454  0.248
2481  43.359  15.454  0.248
2482  43.359  15.572  0.372
2483  43.359  15.572  0.372
2484  43.359  15.566  0.496
2485  43.359  15.566  0.496
2486  43.359  15.751  0.622
2487  43.359  15.751  0.622
2488  0.000  15.777  0.748
2489  0.000  15.777  0.748
2490  0.000  16.022  0.875
2491  0.000  16.022  0.875
2492  0.000  15.217  1.000
2493  0.000  15.217  1.000
2494  0.000  14.027  1.117
2495  0.000  14.027  1.117
2496  0.000  12.777  1.224
2497  0.000  12.777  1.224
2498  0.000  11.612  1.322
2499  0.000  11.612  1.322
2500  0.000  10.014  1.409
2501  0.000  10.014  1.409
2502  0.000  8.823  1.485
2503  0.000  8.823  1.485
2504  0.000  7.348  1.550
2505  0.000  7.348  1.550
2506  0.000  5.364  1.601
2507  0.000  5.364  1.601
2508  0.000  3.911  1.638
2509  0.000  3.911  1.638
2510  0.000  1.944  1.661
2511  0.000  1.944  1.661
2512  0.000  0.777  1.672
2513  0.000  0.777  1.672
2514  0.000 -0.224  1.674
2515  0.000 -0.224  1.674
2516  0.000 -0.568  1.671
2517  0.000 -0.568  1.671
2518  0.000 -0.699  1.666
2519  0.000 -0.699  1.666
2520  0.000 -0.619  1.661
2521  0.000 -0.619  1.661
2522  0.000 -0.377  1.657
2523  0.000 -0.377  1.657
2524  0.000 -0.046  1.655
2525  0.000 -0.046  1.655
2526  0.000  0.072  1.655
2527  0.000  0.072  1.655
2528  0.000  0.152  1.656
2529  0.000  0.152  1.656
2530  0.000  0.115  1.657
2531  0.000  0.115  1.657
2532  0.000  0.062  1.658
2533  0.000  0.062  1.658
2534  0.000 -0.005  1.658
2535  0.000 -0.005  1.658
2536  0.000 -0.007  1.658
2537  0.000 -0.007  1.658
2538  0.000 -0.048  1.658
2539  0.000 -0.048  1.658
2540  0.000 -0.046  1.657
2541  0.000 -0.046  1.657
2542  0.000 -0.001  1.657
2543  0.000 -0.001  1.657
2544  0.000  0.012  1.657
2545  0.000  0.012  1.657
2546  0.000  0.006  1.657
2547  0.000  0.006  1.657
2548  0.000  0.003  1.657
2549  0.000  0.003  1.657
2550  0.000 -0.013  1.657
2551 -45.307 -0.013  1.657
2552 -45.307 -0.000  1.657
2553 -45.307 -0.000  1.657
2554 -45.307 -0.229  1.656
2555 -45.307 -0.229  1.656
2556 -45.307 -1.748  1.648
2557 -45.307 -1.748  1.648
2558 -45.307 -2.180  1.633
2559 -45.307 -2.180  1.633
2560 -45.307 -2.871  1.612
2561 -45.307 -2.871  1.612
2562 -45.307 -4.476  1.583
2563 -45.307 -4.476  1.583
2564 -45.307 -5.308  1.544
2565 -45.307 -5.308  1.544
2566 -45.307 -6.014  1.499
2567 -45.307 -6.014  1.499
2568 -45.307 -6.969  1.447
2569 -45.307 -6.969  1.447
2570 -45.307 -8.075  1.387
2571 -45.307 -8.075  1.387
2572 -45.307 -8.730  1.319
2573 -45.307 -8.730  1.319
2574 -45.307 -9.500  1.246
2575 -45.307 -9.500  1.246
2576 -45.307 -10.376  1.167
2577 -45.307 -10.376  1.167
2578 -45.307 -10.950  1.082
2579 -45.307 -10.950  1.082
2580 -45.307 -11.596  0.991
2581 -45.307 -11.596  0.991
2582 -45.307 -12.154  0.896
2583 -45.307 -12.154  0.896
2584 -45.307 -13.041  0.796
2585 -45.307 -13.041  0.796
2586 -45.307 -13.730  0.688
2587 -45.307 -13.730  0.688
2588 -45.307 -14.427  0.576
2589 -45.307 -14.427  0.576
2590 -45.307 -14.843  0.459
2591 -45.307 -14.843  0.459
2592 -45.307 -15.099  0.339
2593 -45.307 -15.099  0.339
2594 -45.307 -15.660  0.216
2595 -45.307 -15.660  0.216
2596 -45.307 -15.863  0.090
2597 -45.307 -15.863  0.090
2598 -45.307 -16.279 -0.038
2599 -45.307 -16.279 -0.038
2600 -45.307 -16.618 -0.169
2601 -45.307 -16.618 -0.169
2602 -45.307 -16.868 -0.303
2603 -45.307 -16.868 -0.303
2604 -45.307 -17.027 -0.439
2605 -45.307 -17.027 -0.439
2606 -45.307 -17.279 -0.576
2607 -45.307 -17.279 -0.576
2608  0.000 -17.566 -0.715
2609  0.000 -17.566 -0.715
2610  0.000 -17.792 -0.857
2611  0.000 -17.792 -0.857
2612  0.000 -16.740 -0.995
2613  0.000 -16.740 -0.995
2614  0.000 -15.706 -1.125
2615  0.000 -15.706 -1.125
2616  0.000 -14.084 -1.244
2617  0.000 -14.084 -1.244
2618  0.000 -12.816 -1.352
2619  0.000 -12.816 -1.352
2620  0.000 -11.522 -1.449
2621  0.000 -11.522 -1.449
2622  0.000 -9.727 -1.534
2623  0.000 -9.727 -1.534
2624  0.000 -8.232 -1.606
2625  0.000 -8.232 -1.606
2626  0.000 -6.394 -1.664
2627  0.000 -6.394 -1.664
2628  0.000 -4.818 -1.709
2629  0.000 -4.818 -1.709
2630  0.000 -2.594 -1.739
2631  0.000 -2.594 -1.739
2632  0.000 -1.209 -1.754
2633  0.000 -1.209 -1.754
2634  0.000 -0.064 -1.760
2635  0.000 -0.064 -1.760
2636  0.000  0.297 -1.759
2637  0.000  0.297 -1.759
2638  0.000  0.417 -1.756
2639  0.000  0.417 -1.756
2640  0.000  0.354 -1.753
2641  0.000  0.354 -1.753
2642  0.000  0.318 -1.750
2643  0.000  0.318 -1.750
2644  0.000  0.223 -1.748
2645  0.000  0.223 -1.748
2646  0.000  0.133 -1.747
2647  0.000  0.133 -1.747
2648  0.000 -0.008 -1.746
2649  0.000 -0.008 -1.746
2650  0.000 -0.085 -1.747
2651  0.000 -0.085 -1.747
2652  0.000 -0.136 -1.748
2653  0.000 -0.136 -1.748
2654  0.000 -0.105 -1.749
2655  0.000 -0.105 -1.749
2656  0.000 -0.069 -1.749
2657  0.000 -0.069 -1.749
2658  0.000 -0.021 -1.750
2659  0.000 -0.021 -1.750
2660  0.000  0.035 -1.750
2661  0.000  0.035 -1.750
2662  0.000  0.076 -1.749
2663  0.000  0.076 -1.749
2664  0.000  0.057 -1.749
2665  0.000  0.057 -1.749
2666  0.000  0.0100 -1.748
2667  0.000  0.0100 -1.748
2668  0.000  0.0010 -1.747
2669  0.000  0.0010 -1.747
2670  0.000 -0.014 -1.747
2671  47.191 -0.014 -1.747
2672  47.191 -0.017 -1.748
2673  47.191 -0.017 -1.748
2674  47.191  0.279 -1.747
2675  47.191  0.279 -1.747
2676  47.191  2.022 -1.737
2677  47.191  2.022 -1.737
2678  47.191  2.663 -1.719
2679  47.191  2.663 -1.719
2680  47.191  3.109 -1.696
2681  47.191  3.109 -1.696
2682  47.191  4.879 -1.664
2683  47.191  4.879 -1.664
2684  47.191  5.876 -1.621
2685  47.191  5.876 -1.621
2686  47.191  6.696 -1.570
2687  47.191  6.696 -1.570
2688  47.191  7.518 -1.513
2689  47.191  7.518 -1.513
2690  47.191  8.771 -1.448
2691  47.191  8.771 -1.448
2692  47.191  9.243 -1.376
2693  47.191  9.243 -1.376
2694  47.191  9.502 -1.301
2695  47.191  9.502 -1.301
2696  47.191  10.180 -1.222
2697  47.191  10.180 -1.222
2698  47.191  10.616 -1.139
2699  47.191  10.616 -1.139
2700  47.191  11.157 -1.052
2701  47.191  11.157 -1.052
2702  47.191  11.794 -0.960
2703  47.191  11.794 -0.960
2704  47.191  12.412 -0.864
2705  47.191  12.412 -0.864
2706  47.191  12.872 -0.762
2707  47.191  12.872 -0.762
2708  47.191  13.616 -0.657
2709  47.191  13.616 -0.657
2710  47.191  14.069 -0.546
2711  47.191  14.069 -0.546
2712  47.191  14.777 -0.431
2713  47.191  14.777 -0.431
2714  47.191  15.228 -0.311
2715  47.191  15.228 -0.311
2716  47.191  15.589 -0.188
2717  47.191  15.589 -0.188
2718  47.191  16.359 -0.060
2719  47.191  16.359 -0.060
2720  47.191  16.499  0.071
2721  47.191  16.499  0.071
2722  47.191  16.822  0.204
2723  47.191  16.822  0.204
2724  47.191  16.961  0.339
2725  47.191  16.961  0.339
2726  47.191  16.947  0.475
2727  47.191  16.947  0.475
2728  47.191  17.122  0.611
2729  47.191  17.122  0.611
2730  0.000  17.165  0.748
2731  0.000  17.165  0.748
2732  0.000  17.204  0.886
2733  0.000  17.204  0.886
2734  0.000  16.707  1.021
2735  0.000  16.707  1.021
2736  0.000  15.128  1.149
2737  0.000  15.128  1.149
2738  0.000  13.827  1.264
2739  0.000  13.827  1.264
2740  0.000  12.524  1.370
2741  0.000  12.524  1.370
2742  0.000  10.792  1.463
2743  0.000  10.792  1.463
2744  0.000  9.223  1.543
2745  0.000  9.223  1.543
2746  0.000  7.254  1.609
2747  0.000  7.254  1.609
2748  0.000  5.697  1.661
2749  0.000  5.697  1.661
2750  0.000  3.628  1.698
2751  0.000  3.628  1.698
2752  0.000  2.498  1.723
2753  0.000  2.498  1.723
2754  0.000  1.634  1.739
2755  0.000  1.634  1.739
2756  0.000  0.837  1.749
2757  0.000  0.837  1.749
2758  0.000  0.615  1.755
2759  0.000  0.615  1.755
2760  0.000  0.334  1.759
2761  0.000  0.334  1.759
2762  0.000 -0.015  1.760
2763  0.000 -0.015  1.760
2764  0.000 -0.170  1.759
2765  0.000 -0.170  1.759
2766  0.000 -0.181  1.758
2767  0.000 -0.181  1.758
2768  0.000 -0.124  1.757
2769  0.000 -0.124  1.757
2770  0.000  0.008  1.756
2771  0.000  0.008  1.756
2772  0.000  0.062  1.756
2773  0.000  0.062  1.756
2774  0.000  0.115  1.757
2775  0.000  0.115  1.757
2776  0.000  0.070  1.758
2777  0.000  0.070  1.758
2778  0.000  0.030  1.758
2779  0.000  0.030  1.758
2780  0.000 -0.024  1.758
2781  0.000 -0.024  1.758
2782  0.000 -0.006  1.758
2783  0.000 -0.006  1.758
2784  0.000 -0.030  1.758
2785  0.000 -0.030  1.758
2786  0.000 -0.019  1.758
2787  0.000 -0.019  1.758
2788  0.000 -0.018  1.758
2789  0.000 -0.018  1.758
2790  0.000  0.004  1.758
2791  0.000  0.004  1.758
2792  0.000 -0.013  1.758
2793 -49.108 -0.013  1.758
2794 -49.108 -0.003  1.757
2795 -49.108 -0.003  1.757
2796 -49.108 -0.537  1.755
2797 -49.108 -0.537  1.755
2798 -49.108 -1.778  1.746
2799 -49.108 -1.778  1.746
2800 -49.108 -2.400  1.729
2801 -49.108 -2.400  1.729
2802 -49.108 -2.950  1.708
2803 -49.108 -2.950  1.708
2804 -49.108 -3.734  1.681
2805 -49.108 -3.734  1.681
2806 -49.108 -4.749  1.647
2807 -49.108 -4.749  1.647
2808 -49.108 -5.101  1.608
2809 -49.108 -5.101  1.608
2810 -49.108 -6.377  1.562
2811 -49.108 -6.377  1.562
2812 -49.108 -7.023  1.508
2813 -49.108 -7.023  1.508
2814 -49.108 -7.690  1.449
2815 -49.108 -7.690  1.449
2816 -49.108 -9.088  1.382
2817 -49.108 -9.088  1.382
2818 -49.108 -10.044  1.306
2819 -49.108 -10.044  1.306
2820 -49.108 -10.878  1.222
2821 -49.108 -10.878  1.222
2822 -49.108 -11.777  1.131
2823 -49.108 -11.777  1.131
2824 -49.108 -12.533  1.034
2825 -49.108 -12.533  1.034
2826 -49.108 -12.904  0.932
2827 -49.108 -12.904  0.932
2828 -49.108 -13.428  0.827
2829 -49.108 -13.428  0.827
2830 -49.108 -14.535  0.715
2831 -49.108 -14.535  0.715
2832 -49.108 -14.956  0.597
2833 -49.108 -14.956  0.597
2834 -49.108 -15.320  0.476
2835 -49.108 -15.320  0.476
2836 -49.108 -15.712  0.352
2837 -49.108 -15.712  0.352
2838 -49.108 -16.281  0.224
2839 -49.108 -16.281  0.224
2840 -49.108 -16.254  0.094
2841 -49.108 -16.254  0.094
2842 -49.108 -16.897 -0.037
2843 -49.108 -16.897 -0.037
2844 -49.108 -17.079 -0.173
2845 -49.108 -17.079 -0.173
2846 -49.108 -17.432 -0.311
2847 -49.108 -17.432 -0.311
2848 -49.108 -17.695 -0.452
2849 -49.108 -17.695 -0.452
2850 -49.108 -17.888 -0.594
2851 -49.108 -17.888 -0.594
2852  0.000 -18.219 -0.738
2853  0.000 -18.219 -0.738
2854  0.000 -18.385 -0.885
2855  0.000 -18.385 -0.885
2856  0.000 -17.684 -1.029
2857  0.000 -17.684 -1.029
2858  0.000 -16.541 -1.166
2859  0.000 -16.541 -1.166
2860  0.000 -15.398 -1.294
2861  0.000 -15.398 -1.294
2862  0.000 -13.968 -1.411
2863  0.000 -13.968 -1.411
2864  0.000 -12.691 -1.518
2865  0.000 -12.691 -1.518
2866  0.000 -11.069 -1.613
2867  0.000 -11.069 -1.613
2868  0.000 -9.754 -1.696
2869  0.000 -9.754 -1.696
2870  0.000 -8.183 -1.768
2871  0.000 -8.183 -1.768
2872  0.000 -7.006 -1.829
2873  0.000 -7.006 -1.829
2874  0.000 -5.740 -1.880
2875  0.000 -5.740 -1.880
2876  0.000 -4.034 -1.919
2877  0.000 -4.034 -1.919
2878  0.000 -2.718 -1.946
2879  0.000 -2.718 -1.946
2880  0.000 -1.413 -1.962
2881  0.000 -1.413 -1.962
2882  0.000 -0.795 -1.971
2883  0.000 -0.795 -1.971
2884  0.000 -0.312 -1.976
2885  0.000 -0.312 -1.976
2886  0.000 -0.092 -1.977
2887  0.000 -0.092 -1.977
2888  0.000  0.133 -1.977
2889  0.000  0.133 -1.977
2890  0.000  0.252 -1.975
2891  0.000  0.252 -1.975
2892  0.000  0.396 -1.973
2893  0.000  0.396 -1.973
2894  0.000  0.309 -1.970
2895  0.000  0.309 -1.970
2896  0.000  0.224 -1.968
2897  0.000  0.224 -1.968
2898  0.000  0.059 -1.967
2899  0.000  0.059 -1.967
2900  0.000 -0.088 -1.967
2901  0.000 -0.088 -1.967
2902  0.000 -0.154 -1.968
2903  0.000 -0.154 -1.968
2904  0.000 -0.120 -1.969
2905  0.000 -0.120 -1.969
2906  0.000 -0.053 -1.970
2907  0.000 -0.053 -1.970
2908  0.000 -0.045 -1.970
2909  0.000 -0.045 -1.970
2910  0.000  0.026 -1.970
2911  0.000  0.026 -1.970
2912  0.000  0.042 -1.970
2913  0.000  0.042 -1.970
2914  0.000  0.035 -1.969
2915  51.024  0.035 -1.969
2916  51.024  0.065 -1.969
2917  51.024  0.065 -1.969
2918  51.024  0.313 -1.968
2919  51.024  0.313 -1.968
2920  51.024  1.360 -1.961
2921  51.024  1.360 -1.961
2922  51.024  2.150 -1.947
2923  51.024  2.150 -1.947
2924  51.024  2.688 -1.927
2925  51.024  2.688 -1.927
2926  51.024  4.103 -1.900
2927  51.024  4.103 -1.900
2928  51.024  5.171 -1.863
2929  51.024  5.171 -1.863
2930  51.024  6.331 -1.817
2931  51.024  6.331 -1.817
2932  51.024  7.186 -1.763
2933  51.024  7.186 -1.763
2934  51.024  8.173 -1.702
2935  51.024  8.173 -1.702
2936  51.024  9.455 -1.631
2937  51.024  9.455 -1.631
2938  51.024  10.052 -1.553
2939  51.024  10.052 -1.553
2940  51.024  10.944 -1.469
2941  51.024  10.944 -1.469
2942  51.024  11.644 -1.379
2943  51.024  11.644 -1.379
2944  51.024  12.470 -1.282
2945  51.024  12.470 -1.282
2946  51.024  13.029 -1.180
2947  51.024  13.029 -1.180
2948  51.024  13.362 -1.075
2949  51.024  13.362 -1.075
2950  51.024  13.871 -0.966
2951  51.024  13.871 -0.966
2952  51.024  14.436 -0.853
2953  51.024  14.436 -0.853
2954  51.024  15.011 -0.735
2955  51.024  15.011 -0.735
2956  51.024  15.557 -0.613
2957  51.024  15.557 -0.613
2958  51.024  16.322 -0.485
2959  51.024  16.322 -0.485
2960  51.024  16.715 -0.353
2961  51.024  16.715 -0.353
2962  51.024  17.141 -0.217
2963  51.024  17.141 -0.217
2964  51.024  17.531 -0.079
2965  51.024  17.531 -0.079
2966  51.024  17.739  0.061
2967  51.024  17.739  0.061
2968  51.024  18.006  0.204
2969  51.024  18.006  0.204
2970  51.024  18.093  0.349
2971  51.024  18.093  0.349
2972  51.024  18.154  0.494
2973  51.024  18.154  0.494
2974  51.024  18.173  0.639
2975  51.024  18.173  0.639
2976  0.000  18.326  0.785
2977  0.000  18.326  0.785
2978  0.000  18.373  0.932
2979  0.000  18.373  0.932
2980  0.000  17.924  1.077
2981  0.000  17.924  1.077
2982  0.000  16.190  1.213
2983  0.000  16.190  1.213
2984  0.000  14.937  1.338
2985  0.000  14.937  1.338
2986  0.000  13.271  1.451
2987  0.000  13.271  1.451
2988  0.000  12.014  1.552
2989  0.000  12.014  1.552
2990  0.000  10.183  1.641
2991  0.000  10.183  1.641
2992  0.000  8.960  1.717
2993  0.000  8.960  1.717
2994  0.000  7.710  1.784
2995  0.000  7.710  1.784
2996  0.000  5.915  1.838
2997  0.000  5.915  1.838
2998  0.000  4.621  1.881
2999  0.000  4.621  1.881