0  5.235 -0.003 -0.005
1  5.235 -0.003 -0.005
2  5.235 -0.003 -0.005
3  5.235  0.0010 -0.005
4  5.235  0.0010 -0.005
5  5.235  0.097 -0.004
6  5.235  0.097 -0.004
7  5.235  0.222 -0.003
8  5.235  0.222 -0.003
9  5.235  1.096  0.001
10  5.235  1.096  0.001
11  5.235  1.735  0.013
12  5.235  1.735  0.013
13  5.235  2.464  0.029
14  5.235  2.464  0.029
15  5.235  2.399  0.049
16  5.235  2.399  0.049
17  5.235  2.044  0.067
18  5.235  2.044  0.067
19  5.235  1.695  0.082
20  5.235  1.695  0.082
21  5.235  1.709  0.095
22  5.235  1.709  0.095
23  5.235  1.655  0.109
24  5.235  1.655  0.109
25  5.235  1.644  0.122
26  5.235  1.644  0.122
27  5.235  1.883  0.136
28  5.235  1.883  0.136
29  5.235  2.053  0.152
30  5.235  2.053  0.152
31  5.235  2.097  0.168
32  5.235  2.097  0.168
33  5.235  1.876  0.184
34  5.235  1.876  0.184
35  5.235  1.778  0.199
36  5.235  1.778  0.199
37  5.235  1.818  0.213
38  5.235  1.818  0.213
39  5.235  1.903  0.228
40  5.235  1.903  0.228
41  5.235  2.222  0.245
42  5.235  2.222  0.245
43  5.235  2.601  0.264
44  5.235  2.601  0.264
45  5.235  3.035  0.286
46  5.235  3.035  0.286
47  5.235  3.344  0.312
48  5.235  3.344  0.312
49  5.235  3.225  0.338
50  5.235  3.225  0.338
51  5.235  2.937  0.363
52  5.235  2.937  0.363
53  5.235  2.740  0.385
54  5.235  2.740  0.385
55  5.235  2.280  0.405
56  5.235  2.280  0.405
57  5.235  1.892  0.422
58  5.235  1.892  0.422
59  5.235  1.641  0.436
60  5.235  1.641  0.436
61  5.235  1.767  0.450
62  5.235  1.767  0.450
63  5.235  2.024  0.465
64  5.235  2.024  0.465
65  5.235  2.491  0.483
66  5.235  2.491  0.483
67  5.235  2.751  0.504
68  5.235  2.751  0.504
69  5.235  2.349  0.525
70  5.235  2.349  0.525
71  5.235  1.995  0.542
72  5.235  1.995  0.542
73  5.235  1.695  0.557
74  5.235  1.695  0.557
75  5.235  1.701  0.570
76  5.235  1.701  0.570
77  5.235  1.762  0.584
78  5.235  1.762  0.584
79  5.235  2.061  0.599
80  5.235  2.061  0.599
81  5.235  2.248  0.617
82  5.235  2.248  0.617
83  5.235  2.529  0.636
84  5.235  2.529  0.636
85  5.235  2.643  0.656
86  5.235  2.643  0.656
87  5.235  2.690  0.678
88  5.235  2.690  0.678
89  0.000  2.468  0.698
90  0.000  2.468  0.698
91  0.000  2.195  0.717
92  0.000  2.195  0.717
93  0.000  1.399  0.731
94  0.000  1.399  0.731
95  0.000  0.345  0.738
96  0.000  0.345  0.738
97  0.000 -0.801  0.737
98  0.000 -0.801  0.737
99  0.000 -1.068  0.729
100  0.000 -1.068  0.729
101  0.000 -0.765  0.722
102  0.000 -0.765  0.722
103  0.000 -0.176  0.718
104  0.000 -0.176  0.718
105  0.000  0.288  0.719
106  0.000  0.288  0.719
107  0.000  0.413  0.721
108  0.000  0.413  0.721
109  0.000  0.304  0.724
110  0.000  0.304  0.724
111  0.000  0.036  0.726
112  0.000  0.036  0.726
113  0.000 -0.056  0.725
114  0.000 -0.056  0.725
115  0.000 -0.088  0.725
116  0.000 -0.088  0.725
117  0.000 -0.047  0.724
118  0.000 -0.047  0.724
119  0.000 -0.026  0.724
120  0.000 -0.026  0.724
121  0.000 -0.008  0.724
122  0.000 -0.008  0.724
123  0.000  0.0010  0.724
124  0.000  0.0010  0.724
125  0.000  0.0010  0.724
126  0.000  0.0010  0.724
127  0.000 -0.043  0.724
128  0.000 -0.043  0.724
129  0.000  0.001  0.724
130  0.000  0.001  0.724
131  0.000  0.015  0.724
132  0.000  0.015  0.724
133  0.000  0.003  0.724
134  0.000  0.003  0.724
135  0.000  0.002  0.724
136  0.000  0.002  0.724
137  0.000  0.000  0.724
138  0.000  0.000  0.724
139  0.000 -0.013  0.724
140  0.000 -0.013  0.724
141  0.000 -0.036  0.724
142  0.000 -0.036  0.724
143  0.000  0.0010  0.724
144  0.000  0.0010  0.724
145  0.000 -0.015  0.724
146  0.000 -0.015  0.724
147  0.000  0.000  0.723
148  0.000  0.000  0.723
149  0.000 -0.013  0.723
150  0.000 -0.013  0.723
151  0.000  0.013  0.723
152 -7.623  0.013  0.723
153 -7.623 -0.001  0.723
154 -7.623 -0.001  0.723
155 -7.623 -0.032  0.723
156 -7.623 -0.032  0.723
157 -7.623 -1.460  0.717
158 -7.623 -1.460  0.717
159 -7.623 -2.910  0.700
160 -7.623 -2.910  0.700
161 -7.623 -4.169  0.672
162 -7.623 -4.169  0.672
163 -7.623 -4.617  0.636
164 -7.623 -4.617  0.636
165 -7.623 -4.566  0.600
166 -7.623 -4.566  0.600
167 -7.623 -3.625  0.567
168 -7.623 -3.625  0.567
169 -7.623 -2.792  0.541
170 -7.623 -2.792  0.541
171 -7.623 -2.301  0.521
172 -7.623 -2.301  0.521
173 -7.623 -2.223  0.503
174 -7.623 -2.223  0.503
175 -7.623 -2.712  0.483
176 -7.623 -2.712  0.483
177 -7.623 -3.253  0.459
178 -7.623 -3.253  0.459
179 -7.623 -3.925  0.431
180 -7.623 -3.925  0.431
181 -7.623 -4.123  0.399
182 -7.623 -4.123  0.399
183 -7.623 -3.928  0.367
184 -7.623 -3.928  0.367
185 -7.623 -3.526  0.337
186 -7.623 -3.526  0.337
187 -7.623 -3.059  0.310
188 -7.623 -3.059  0.310
189 -7.623 -2.816  0.287
190 -7.623 -2.816  0.287
191 -7.623 -2.761  0.265
192 -7.623 -2.761  0.265
193 -7.623 -3.101  0.241
194 -7.623 -3.101  0.241
195 -7.623 -3.403  0.215
196 -7.623 -3.403  0.215
197 -7.623 -3.477  0.188
198 -7.623 -3.477  0.188
199 -7.623 -3.612  0.159
200 -7.623 -3.612  0.159
201 -7.623 -3.461  0.131
202 -7.623 -3.461  0.131
203 -7.623 -3.003  0.105
204 -7.623 -3.003  0.105
205 -7.623 -2.854  0.082
206 -7.623 -2.854  0.082
207 -7.623 -2.953  0.058
208 -7.623 -2.953  0.058
209 -7.623 -3.086  0.034
210 -7.623 -3.086  0.034
211 -7.623 -3.259  0.009
212 -7.623 -3.259  0.009
213 -7.623 -3.358 -0.017
214 -7.623 -3.358 -0.017
215 -7.623 -3.450 -0.044
216 -7.623 -3.450 -0.044
217 -7.623 -3.405 -0.071
218 -7.623 -3.405 -0.071
219 -7.623 -3.151 -0.097
220 -7.623 -3.151 -0.097
221 -7.623 -2.976 -0.122
222 -7.623 -2.976 -0.122
223 -7.623 -3.054 -0.146
224 -7.623 -3.054 -0.146
225 -7.623 -3.183 -0.171
226 -7.623 -3.183 -0.171
227 -7.623 -3.277 -0.197
228 -7.623 -3.277 -0.197
229 -7.623 -3.386 -0.224
230 -7.623 -3.386 -0.224
231 -7.623 -3.445 -0.251
232 -7.623 -3.445 -0.251
233 -7.623 -3.341 -0.278
234 -7.623 -3.341 -0.278
235 -7.623 -3.227 -0.304
236 -7.623 -3.227 -0.304
237 -7.623 -3.249 -0.330
238 -7.623 -3.249 -0.330
239 -7.623 -3.177 -0.356
240 -7.623 -3.177 -0.356
241 -7.623 -3.161 -0.381
242 -7.623 -3.161 -0.381
243 -7.623 -3.117 -0.406
244 -7.623 -3.117 -0.406
245 -7.623 -3.276 -0.432
246 -7.623 -3.276 -0.432
247 -7.623 -3.358 -0.459
248 -7.623 -3.358 -0.459
249 -7.623 -3.263 -0.485
250 -7.623 -3.263 -0.485
251 -7.623 -3.401 -0.512
252 -7.623 -3.401 -0.512
253 -7.623 -3.392 -0.539
254 -7.623 -3.392 -0.539
255 -7.623 -3.291 -0.566
256 -7.623 -3.291 -0.566
257 -7.623 -3.198 -0.592
258 -7.623 -3.198 -0.592
259 -7.623 -3.231 -0.617
260 -7.623 -3.231 -0.617
261 -7.623 -3.203 -0.643
262 -7.623 -3.203 -0.643
263 -7.623 -3.129 -0.668
264 -7.623 -3.129 -0.668
265 -7.623 -3.172 -0.694
266 -7.623 -3.172 -0.694
267  0.000 -3.426 -0.720
268  0.000 -3.426 -0.720
269  0.000 -3.476 -0.748
270  0.000 -3.476 -0.748
271  0.000 -2.978 -0.774
272  0.000 -2.978 -0.774
273  0.000 -1.356 -0.791
274  0.000 -1.356 -0.791
275  0.000 -0.053 -0.797
276  0.000 -0.053 -0.797
277  0.000  0.972 -0.793
278  0.000  0.972 -0.793
279  0.000  1.174 -0.784
280  0.000  1.174 -0.784
281  0.000  0.706 -0.777
282  0.000  0.706 -0.777
283  0.000  0.127 -0.773
284  0.000  0.127 -0.773
285  0.000 -0.231 -0.774
286  0.000 -0.231 -0.774
287  0.000 -0.421 -0.776
288  0.000 -0.421 -0.776
289  0.000 -0.261 -0.779
290  0.000 -0.261 -0.779
291  0.000 -0.045 -0.780
292  0.000 -0.045 -0.780
293  0.000  0.044 -0.780
294  0.000  0.044 -0.780
295  0.000  0.008 -0.780
296  0.000  0.008 -0.780
297  0.000 -0.015 -0.780
298  0.000 -0.015 -0.780
299  0.000  0.013 -0.780
300  0.000  0.013 -0.780
301  0.000  0.039 -0.780
302  0.000  0.039 -0.780
303  0.000  0.032 -0.780
304  0.000  0.032 -0.780
305  0.000 -0.009 -0.780
306  0.000 -0.009 -0.780
307  0.000 -0.037 -0.780
308  0.000 -0.037 -0.780
309  0.000 -0.0010 -0.780
310  0.000 -0.0010 -0.780
311  0.000 -0.006 -0.780
312  0.000 -0.006 -0.780
313  0.000  0.016 -0.780
314  0.000  0.016 -0.780
315  0.000  0.015 -0.780
316  0.000  0.015 -0.780
317  0.000  0.001 -0.780
318  0.000  0.001 -0.780
319  0.000  0.023 -0.780
320  0.000  0.023 -0.780
321  0.000 -0.008 -0.780
322  0.000 -0.008 -0.780
323  0.000  0.017 -0.780
324  0.000  0.017 -0.780
325  0.000  0.000 -0.780
326  0.000  0.000 -0.780
327  0.000 -0.003 -0.780
328  0.000 -0.003 -0.780
329  0.000  0.011 -0.780
330  10.419  0.011 -0.780
331  10.419  0.006 -0.779
332  10.419  0.006 -0.779
333  10.419  0.172 -0.779
334  10.419  0.172 -0.779
335  10.419  1.535 -0.772
336  10.419  1.535 -0.772
337  10.419  3.705 -0.751
338  10.419  3.705 -0.751
339  10.419  4.980 -0.716
340  10.419  4.980 -0.716
341  10.419  5.724 -0.673
342  10.419  5.724 -0.673
343  10.419  5.489 -0.628
344  10.419  5.489 -0.628
345  10.419  5.112 -0.586
346  10.419  5.112 -0.586
347  10.419  4.378 -0.548
348  10.419  4.378 -0.548
349  10.419  4.188 -0.514
350  10.419  4.188 -0.514
351  10.419  4.220 -0.480
352  10.419  4.220 -0.480
353  10.419  4.242 -0.446
354  10.419  4.242 -0.446
355  10.419  4.497 -0.411
356  10.419  4.497 -0.411
357  10.419  4.555 -0.375
358  10.419  4.555 -0.375
359  10.419  4.571 -0.339
360  10.419  4.571 -0.339
361  10.419  4.501 -0.302
362  10.419  4.501 -0.302
363  10.419  4.353 -0.267
364  10.419  4.353 -0.267
365  10.419  4.239 -0.233
366  10.419  4.239 -0.233
367  10.419  4.322 -0.198
368  10.419  4.322 -0.198
369  10.419  4.267 -0.164
370  10.419  4.267 -0.164
371  10.419  4.358 -0.129
372  10.419  4.358 -0.129
373  10.419  4.383 -0.095
374  10.419  4.383 -0.095
375  10.419  4.232 -0.060
376  10.419  4.232 -0.060
377  10.419  4.248 -0.026
378  10.419  4.248 -0.026
379  10.419  4.314  0.007
380  10.419  4.314  0.007
381  10.419  4.323  0.042
382  10.419  4.323  0.042
383  10.419  4.447  0.077
384  10.419  4.447  0.077
385  10.419  4.328  0.112
386  10.419  4.328  0.112
387  10.419  4.221  0.146
388  10.419  4.221  0.146
389  10.419  4.331  0.180
390  10.419  4.331  0.180
391  10.419  4.422  0.215
392  10.419  4.422  0.215
393  10.419  4.744  0.252
394  10.419  4.744  0.252
395  10.419  4.828  0.290
396  10.419  4.828  0.290
397  10.419  4.737  0.329
398  10.419  4.737  0.329
399  10.419  4.520  0.366
400  10.419  4.520  0.366
401  10.419  4.267  0.401
402  10.419  4.267  0.401
403  10.419  4.281  0.435
404  10.419  4.281  0.435
405  10.419  4.469  0.470
406  10.419  4.469  0.470
407  10.419  4.430  0.506
408  10.419  4.430  0.506
409  10.419  4.363  0.541
410  10.419  4.363  0.541
411  10.419  4.175  0.575
412  10.419  4.175  0.575
413  10.419  4.168  0.608
414  10.419  4.168  0.608
415  10.419  4.539  0.643
416  10.419  4.539  0.643
417  10.419  4.620  0.680
418  10.419  4.620  0.680
419  0.000  4.660  0.717
420  0.000  4.660  0.717
421  0.000  4.607  0.754
422  0.000  4.607  0.754
423  0.000  3.777  0.787
424  0.000  3.777  0.787
425  0.000  1.035  0.807
426  0.000  1.035  0.807
427  0.000 -0.924  0.807
428  0.000 -0.924  0.807
429  0.000 -2.112  0.795
430  0.000 -2.112  0.795
431  0.000 -2.084  0.778
432  0.000 -2.084  0.778
433  0.000 -1.389  0.764
434  0.000 -1.389  0.764
435  0.000  0.057  0.759
436  0.000  0.057  0.759
437  0.000  0.891  0.763
438  0.000  0.891  0.763
439  0.000  1.048  0.771
440  0.000  1.048  0.771
441  0.000  0.664  0.777
442  0.000  0.664  0.777
443  0.000 -0.026  0.780
444  0.000 -0.026  0.780
445  0.000 -0.307  0.779
446  0.000 -0.307  0.779
447  0.000 -0.365  0.776
448  0.000 -0.365  0.776
449  0.000 -0.191  0.774
450  0.000 -0.191  0.774
451  0.000 -0.069  0.773
452  0.000 -0.069  0.773
453  0.000 -0.004  0.772
454  0.000 -0.004  0.772
455  0.000  0.015  0.772
456  0.000  0.015  0.772
457  0.000  0.018  0.773
458  0.000  0.018  0.773
459  0.000  0.0010  0.773
460  0.000  0.0010  0.773
461  0.000  0.0010  0.773
462  0.000  0.0010  0.773
463  0.000  0.0010  0.773
464  0.000  0.0010  0.773
465  0.000 -0.001  0.773
466  0.000 -0.001  0.773
467  0.000  0.001  0.773
468  0.000  0.001  0.773
469  0.000 -0.018  0.773
470  0.000 -0.018  0.773
471  0.000 -0.016  0.773
472  0.000 -0.016  0.773
473  0.000 -0.005  0.773
474  0.000 -0.005  0.773
475  0.000 -0.030  0.772
476  0.000 -0.030  0.772
477  0.000  0.001  0.772
478  0.000  0.001  0.772
479  0.000  0.020  0.772
480  0.000  0.020  0.772
481  0.000 -0.018  0.772
482 -12.807 -0.018  0.772
483 -12.807 -0.016  0.772
484 -12.807 -0.016  0.772
485 -12.807 -0.228  0.771
486 -12.807 -0.228  0.771
487 -12.807 -2.086  0.762
488 -12.807 -2.086  0.762
489 -12.807 -4.727  0.735
490 -12.807 -4.727  0.735
491 -12.807 -6.140  0.691
492 -12.807 -6.140  0.691
493 -12.807 -6.467  0.641
494 -12.807 -6.467  0.641
495 -12.807 -6.565  0.589
496 -12.807 -6.565  0.589
497 -12.807 -5.998  0.539
498 -12.807 -5.998  0.539
499 -12.807 -5.034  0.494
500 -12.807 -5.034  0.494
501 -12.807 -4.704  0.455
502 -12.807 -4.704  0.455
503 -12.807 -4.880  0.417
504 -12.807 -4.880  0.417
505 -12.807 -5.165  0.377
506 -12.807 -5.165  0.377
507 -12.807 -5.515  0.334
508 -12.807 -5.515  0.334
509 -12.807 -5.843  0.289
510 -12.807 -5.843  0.289
511 -12.807 -5.900  0.242
512 -12.807 -5.900  0.242
513 -12.807 -5.920  0.194
514 -12.807 -5.920  0.194
515 -12.807 -5.735  0.148
516 -12.807 -5.735  0.148
517 -12.807 -5.308  0.104
518 -12.807 -5.308  0.104
519 -12.807 -5.050  0.062
520 -12.807 -5.050  0.062
521 -12.807 -4.992  0.022
522 -12.807 -4.992  0.022
523 -12.807 -5.151 -0.018
524 -12.807 -5.151 -0.018
525 -12.807 -5.379 -0.060
526 -12.807 -5.379 -0.060
527 -12.807 -5.523 -0.103
528 -12.807 -5.523 -0.103
529 -12.807 -5.499 -0.147
530 -12.807 -5.499 -0.147
531 -12.807 -5.547 -0.192
532 -12.807 -5.547 -0.192
533 -12.807 -5.479 -0.236
534 -12.807 -5.479 -0.236
535 -12.807 -5.454 -0.279
536 -12.807 -5.454 -0.279
537 -12.807 -5.464 -0.323
538 -12.807 -5.464 -0.323
539 -12.807 -5.464 -0.367
540 -12.807 -5.464 -0.367
541 -12.807 -5.393 -0.410
542 -12.807 -5.393 -0.410
543 -12.807 -5.467 -0.454
544 -12.807 -5.467 -0.454
545 -12.807 -5.490 -0.497
546 -12.807 -5.490 -0.497
547 -12.807 -5.579 -0.542
548 -12.807 -5.579 -0.542
549 -12.807 -5.529 -0.586
550 -12.807 -5.529 -0.586
551 -12.807 -5.526 -0.630
552 -12.807 -5.526 -0.630
553 -12.807 -5.440 -0.674
554 -12.807 -5.440 -0.674
555  0.000 -5.477 -0.718
556  0.000 -5.477 -0.718
557  0.000 -5.583 -0.762
558  0.000 -5.583 -0.762
559  0.000 -4.632 -0.803
560  0.000 -4.632 -0.803
561  0.000 -3.009 -0.834
562  0.000 -3.009 -0.834
563  0.000 -0.765 -0.849
564  0.000 -0.765 -0.849
565  0.000  0.542 -0.850
566  0.000  0.542 -0.850
567  0.000  1.221 -0.843
568  0.000  1.221 -0.843
569  0.000  1.216 -0.833
570  0.000  1.216 -0.833
571  0.000  0.748 -0.825
572  0.000  0.748 -0.825
573  0.000  0.006 -0.822
574  0.000  0.006 -0.822
575  0.000 -0.298 -0.823
576  0.000 -0.298 -0.823
577  0.000 -0.397 -0.826
578  0.000 -0.397 -0.826
579  0.000 -0.380 -0.829
580  0.000 -0.380 -0.829
581  0.000 -0.177 -0.831
582  0.000 -0.177 -0.831
583  0.000  0.025 -0.832
584  0.000  0.025 -0.832
585  0.000  0.055 -0.832
586  0.000  0.055 -0.832
587  0.000  0.121 -0.831
588  0.000  0.121 -0.831
589  0.000  0.106 -0.830
590  0.000  0.106 -0.830
591  0.000  0.058 -0.829
592  0.000  0.058 -0.829
593  0.000  0.013 -0.829
594  0.000  0.013 -0.829
595  0.000 -0.007 -0.829
596  0.000 -0.007 -0.829
597  0.000  0.016 -0.829
598  0.000  0.016 -0.829
599  0.000  0.001 -0.829
600  0.000  0.001 -0.829
601  0.000 -0.036 -0.829
602  0.000 -0.036 -0.829
603  0.000 -0.038 -0.829
604  0.000 -0.038 -0.829
605  0.000 -0.011 -0.829
606  0.000 -0.011 -0.829
607  0.000  0.013 -0.829
608  0.000  0.013 -0.829
609  0.000  0.048 -0.829
610  0.000  0.048 -0.829
611  0.000  0.000 -0.829
612  0.000  0.000 -0.829
613  0.000  0.018 -0.829
614  0.000  0.018 -0.829
615  0.000 -0.033 -0.829
616  0.000 -0.033 -0.829
617  0.000 -0.013 -0.829
618  14.943 -0.013 -0.829
619  14.943  0.013 -0.829
620  14.943  0.013 -0.829
621  14.943  0.146 -0.829
622  14.943  0.146 -0.829
623  14.943  2.276 -0.819
624  14.943  2.276 -0.819
625  14.943  4.326 -0.792
626  14.943  4.326 -0.792
627  14.943  6.029 -0.751
628  14.943  6.029 -0.751
629  14.943  7.169 -0.698
630  14.943  7.169 -0.698
631  14.943  7.077 -0.641
632  14.943  7.077 -0.641
633  14.943  6.495 -0.587
634  14.943  6.495 -0.587
635  14.943  6.199 -0.536
636  14.943  6.199 -0.536
637  14.943  6.071 -0.487
638  14.943  6.071 -0.487
639  14.943  6.153 -0.438
640  14.943  6.153 -0.438
641  14.943  6.197 -0.389
642  14.943  6.197 -0.389
643  14.943  6.320 -0.339
644  14.943  6.320 -0.339
645  14.943  6.317 -0.288
646  14.943  6.317 -0.288
647  14.943  6.366 -0.237
648  14.943  6.366 -0.237
649  14.943  6.348 -0.187
650  14.943  6.348 -0.187
651  14.943  6.229 -0.136
652  14.943  6.229 -0.136
653  14.943  6.150 -0.087
654  14.943  6.150 -0.087
655  14.943  6.122 -0.038
656  14.943  6.122 -0.038
657  14.943  6.191  0.011
658  14.943  6.191  0.011
659  14.943  6.073  0.060
660  14.943  6.073  0.060
661  14.943  6.159  0.109
662  14.943  6.159  0.109
663  14.943  6.399  0.159
664  14.943  6.399  0.159
665  14.943  6.721  0.211
666  14.943  6.721  0.211
667  14.943  6.703  0.265
668  14.943  6.703  0.265
669  14.943  6.536  0.318
670  14.943  6.536  0.318
671  14.943  6.542  0.371
672  14.943  6.542  0.371
673  14.943  6.368  0.422
674  14.943  6.368  0.422
675  14.943  6.125  0.472
676  14.943  6.125  0.472
677  14.943  5.960  0.521
678  14.943  5.960  0.521
679  14.943  6.199  0.569
680  14.943  6.199  0.569
681  14.943  6.342  0.619
682  14.943  6.342  0.619
683  14.943  6.570  0.671
684  14.943  6.570  0.671
685  0.000  6.387  0.723
686  0.000  6.387  0.723
687  0.000  6.476  0.774
688  0.000  6.476  0.774
689  0.000  5.427  0.822
690  0.000  5.427  0.822
691  0.000  3.596  0.858
692  0.000  3.596  0.858
693  0.000  0.937  0.876
694  0.000  0.937  0.876
695  0.000 -0.644  0.877
696  0.000 -0.644  0.877
697  0.000 -1.842  0.867
698  0.000 -1.842  0.867
699  0.000 -1.910  0.852
700  0.000 -1.910  0.852
701  0.000 -1.363  0.839
702  0.000 -1.363  0.839
703  0.000 -0.087  0.834
704  0.000 -0.087  0.834
705  0.000  0.683  0.836
706  0.000  0.683  0.836
707  0.000  0.919  0.842
708  0.000  0.919  0.842
709  0.000  0.550  0.848
710  0.000  0.550  0.848
711  0.000 -0.075  0.850
712  0.000 -0.075  0.850
713  0.000 -0.276  0.849
714  0.000 -0.276  0.849
715  0.000 -0.283  0.846
716  0.000 -0.283  0.846
717  0.000 -0.141  0.845
718  0.000 -0.141  0.845
719  0.000 -0.025  0.844
720  0.000 -0.025  0.844
721  0.000  0.056  0.844
722  0.000  0.056  0.844
723  0.000  0.041  0.845
724  0.000  0.041  0.845
725  0.000  0.026  0.845
726  0.000  0.026  0.845
727  0.000  0.011  0.845
728  0.000  0.011  0.845
729  0.000  0.024  0.845
730  0.000  0.024  0.845
731  0.000  0.007  0.845
732  0.000  0.007  0.845
733  0.000 -0.018  0.845
734  0.000 -0.018  0.845
735  0.000 -0.007  0.845
736  0.000 -0.007  0.845
737  0.000 -0.029  0.845
738  0.000 -0.029  0.845
739  0.000 -0.000  0.845
740  0.000 -0.000  0.845
741  0.000 -0.007  0.845
742  0.000 -0.007  0.845
743  0.000 -0.012  0.845
744  0.000 -0.012  0.845
745  0.000  0.001  0.845
746  0.000  0.001  0.845
747  0.000  0.014  0.845
748 -16.985  0.014  0.845
749 -16.985 -0.017  0.845
750 -16.985 -0.017  0.845
751 -16.985 -0.123  0.844
752 -16.985 -0.123  0.844
753 -16.985 -2.998  0.832
754 -16.985 -2.998  0.832
755 -16.985 -5.093  0.799
756 -16.985 -5.093  0.799
757 -16.985 -6.560  0.753
758 -16.985 -6.560  0.753
759 -16.985 -6.961  0.699
760 -16.985 -6.961  0.699
761 -16.985 -7.477  0.641
762 -16.985 -7.477  0.641
763 -16.985 -7.950  0.579
764 -16.985 -7.950  0.579
765 -16.985 -7.654  0.517
766 -16.985 -7.654  0.517
767 -16.985 -7.211  0.457
768 -16.985 -7.211  0.457
769 -16.985 -7.184  0.400
770 -16.985 -7.184  0.400
771 -16.985 -7.172  0.342
772 -16.985 -7.172  0.342
773 -16.985 -7.197  0.285
774 -16.985 -7.197  0.285
775 -16.985 -7.335  0.227
776 -16.985 -7.335  0.227
777 -16.985 -7.384  0.168
778 -16.985 -7.384  0.168
779 -16.985 -7.395  0.109
780 -16.985 -7.395  0.109
781 -16.985 -7.122  0.051
782 -16.985 -7.122  0.051
783 -16.985 -7.008 -0.005
784 -16.985 -7.008 -0.005
785 -16.985 -7.130 -0.061
786 -16.985 -7.130 -0.061
787 -16.985 -7.067 -0.118
788 -16.985 -7.067 -0.118
789 -16.985 -7.185 -0.175
790 -16.985 -7.185 -0.175
791 -16.985 -7.250 -0.233
792 -16.985 -7.250 -0.233
793 -16.985 -7.295 -0.291
794 -16.985 -7.295 -0.291
795 -16.985 -7.292 -0.350
796 -16.985 -7.292 -0.350
797 -16.985 -7.241 -0.408
798 -16.985 -7.241 -0.408
799 -16.985 -7.262 -0.466
800 -16.985 -7.262 -0.466
801 -16.985 -7.313 -0.524
802 -16.985 -7.313 -0.524
803 -16.985 -7.293 -0.583
804 -16.985 -7.293 -0.583
805 -16.985 -7.288 -0.641
806 -16.985 -7.288 -0.641
807  0.000 -7.106 -0.699
808  0.000 -7.106 -0.699
809  0.000 -7.271 -0.756
810  0.000 -7.271 -0.756
811  0.000 -6.585 -0.811
812  0.000 -6.585 -0.811
813  0.000 -4.381 -0.855
814  0.000 -4.381 -0.855
815  0.000 -2.584 -0.883
816  0.000 -2.584 -0.883
817  0.000 -0.520 -0.896
818  0.000 -0.520 -0.896
819  0.000  0.506 -0.896
820  0.000  0.506 -0.896
821  0.000  0.919 -0.890
822  0.000  0.919 -0.890
823  0.000  0.897 -0.883
824  0.000  0.897 -0.883
825  0.000  0.529 -0.877
826  0.000  0.529 -0.877
827  0.000  0.059 -0.875
828  0.000  0.059 -0.875
829  0.000 -0.166 -0.875
830  0.000 -0.166 -0.875
831  0.000 -0.260 -0.877
832  0.000 -0.260 -0.877
833  0.000 -0.286 -0.879
834  0.000 -0.286 -0.879
835  0.000 -0.164 -0.881
836  0.000 -0.164 -0.881
837  0.000  0.028 -0.881
838  0.000  0.028 -0.881
839  0.000  0.115 -0.881
840  0.000  0.115 -0.881
841  0.000  0.102 -0.880
842  0.000  0.102 -0.880
843  0.000  0.094 -0.879
844  0.000  0.094 -0.879
845  0.000  0.058 -0.878
846  0.000  0.058 -0.878
847  0.000  0.022 -0.878
848  0.000  0.022 -0.878
849  0.000  0.023 -0.878
850  0.000  0.023 -0.878
851  0.000 -0.060 -0.878
852  0.000 -0.060 -0.878
853  0.000  0.031 -0.878
854  0.000  0.031 -0.878
855  0.000 -0.023 -0.878
856  0.000 -0.023 -0.878
857  0.000 -0.031 -0.878
858  0.000 -0.031 -0.878
859  0.000 -0.008 -0.879
860  0.000 -0.008 -0.879
861  0.000  0.003 -0.879
862  0.000  0.003 -0.879
863  0.000  0.012 -0.879
864  0.000  0.012 -0.879
865  0.000  0.025 -0.878
866  0.000  0.025 -0.878
867  0.000 -0.017 -0.878
868  0.000 -0.017 -0.878
869  0.000 -0.016 -0.878
870  18.901 -0.016 -0.878
871  18.901 -0.040 -0.879
872  18.901 -0.040 -0.879
873  18.901  0.418 -0.877
874  18.901  0.418 -0.877
875  18.901  2.377 -0.866
876  18.901  2.377 -0.866
877  18.901  4.917 -0.839
878  18.901  4.917 -0.839
879  18.901  6.178 -0.795
880  18.901  6.178 -0.795
881  18.901  6.746 -0.743
882  18.901  6.746 -0.743
883  18.901  7.240 -0.687
884  18.901  7.240 -0.687
885  18.901  7.417 -0.629
886  18.901  7.417 -0.629
887  18.901  7.642 -0.568
888  18.901  7.642 -0.568
889  18.901  7.674 -0.507
890  18.901  7.674 -0.507
891  18.901  7.740 -0.445
892  18.901  7.740 -0.445
893  18.901  7.866 -0.383
894  18.901  7.866 -0.383
895  18.901  7.986 -0.320
896  18.901  7.986 -0.320
897  18.901  7.924 -0.256
898  18.901  7.924 -0.256
899  18.901  7.922 -0.193
900  18.901  7.922 -0.193
901  18.901  7.938 -0.129
902  18.901  7.938 -0.129
903  18.901  7.801 -0.066
904  18.901  7.801 -0.066
905  18.901  7.877 -0.003
906  18.901  7.877 -0.003
907  18.901  8.134  0.060
908  18.901  8.134  0.060
909  18.901  8.141  0.125
910  18.901  8.141  0.125
911  18.901  8.094  0.190
912  18.901  8.094  0.190
913  18.901  8.223  0.255
914  18.901  8.223  0.255
915  18.901  8.129  0.320
916  18.901  8.129  0.320
917  18.901  7.842  0.384
918  18.901  7.842  0.384
919  18.901  7.996  0.448
920  18.901  7.996  0.448
921  18.901  8.0010  0.512
922  18.901  8.0010  0.512
923  18.901  7.994  0.576
924  18.901  7.994  0.576
925  18.901  7.999  0.640
926  18.901  7.999  0.640
927  0.000  8.143  0.704
928  0.000  8.143  0.704
929  0.000  8.197  0.769
930  0.000  8.197  0.769
931  0.000  7.332  0.832
932  0.000  7.332  0.832
933  0.000  4.706  0.880
934  0.000  4.706  0.880
935  0.000  2.546  0.909
936  0.000  2.546  0.909
937  0.000  0.523  0.921
938  0.000  0.523  0.921
939  0.000 -1.438  0.917
940  0.000 -1.438  0.917
941  0.000 -1.898  0.904
942  0.000 -1.898  0.904
943  0.000 -1.661  0.890
944  0.000 -1.661  0.890
945  0.000 -0.859  0.880
946  0.000 -0.859  0.880
947  0.000  0.401  0.878
948  0.000  0.401  0.878
949  0.000  0.888  0.883
950  0.000  0.888  0.883
951  0.000  0.752  0.890
952  0.000  0.752  0.890
953  0.000  0.368  0.894
954  0.000  0.368  0.894
955  0.000 -0.015  0.896
956  0.000 -0.015  0.896
957  0.000 -0.254  0.894
958  0.000 -0.254  0.894
959  0.000 -0.271  0.892
960  0.000 -0.271  0.892
961  0.000 -0.139  0.891
962  0.000 -0.139  0.891
963  0.000 -0.027  0.890
964  0.000 -0.027  0.890
965  0.000  0.032  0.890
966  0.000  0.032  0.890
967  0.000  0.029  0.890
968  0.000  0.029  0.890
969  0.000  0.024  0.890
970  0.000  0.024  0.890
971  0.000  0.002  0.891
972  0.000  0.002  0.891
973  0.000 -0.013  0.891
974  0.000 -0.013  0.891
975  0.000 -0.021  0.890
976  0.000 -0.021  0.890
977  0.000 -0.003  0.890
978  0.000 -0.003  0.890
979  0.000  0.0010  0.890
980  0.000  0.0010  0.890
981  0.000  0.008  0.890
982  0.000  0.008  0.890
983  0.000  0.036  0.891
984  0.000  0.036  0.891
985  0.000  0.014  0.891
986  0.000  0.014  0.891
987  0.000 -0.028  0.891
988  0.000 -0.028  0.891
989  0.000  0.001  0.891
990 -20.786  0.001  0.891
991 -20.786 -0.002  0.891
992 -20.786 -0.002  0.891
993 -20.786 -0.454  0.889
994 -20.786 -0.454  0.889
995 -20.786 -2.868  0.876
996 -20.786 -2.868  0.876
997 -20.786 -4.588  0.846
998 -20.786 -4.588  0.846
999 -20.786 -6.060  0.803
1000 -20.786 -6.060  0.803
1001 -20.786 -7.150  0.750
1002 -20.786 -7.150  0.750
1003 -20.786 -8.769  0.687
1004 -20.786 -8.769  0.687
1005 -20.786 -9.461  0.614
1006 -20.786 -9.461  0.614
1007 -20.786 -9.485  0.538
1008 -20.786 -9.485  0.538
1009 -20.786 -9.185  0.463
1010 -20.786 -9.185  0.463
1011 -20.786 -8.891  0.391
1012 -20.786 -8.891  0.391
1013 -20.786 -8.856  0.320
1014 -20.786 -8.856  0.320
1015 -20.786 -8.703  0.250
1016 -20.786 -8.703  0.250
1017 -20.786 -8.915  0.179
1018 -20.786 -8.915  0.179
1019 -20.786 -8.948  0.108
1020 -20.786 -8.948  0.108
1021 -20.786 -8.693  0.037
1022 -20.786 -8.693  0.037
1023 -20.786 -8.631 -0.031
1024 -20.786 -8.631 -0.031
1025 -20.786 -8.715 -0.101
1026 -20.786 -8.715 -0.101
1027 -20.786 -8.701 -0.170
1028 -20.786 -8.701 -0.170
1029 -20.786 -8.771 -0.240
1030 -20.786 -8.771 -0.240
1031 -20.786 -8.898 -0.311
1032 -20.786 -8.898 -0.311
1033 -20.786 -8.973 -0.382
1034 -20.786 -8.973 -0.382
1035 -20.786 -8.997 -0.454
1036 -20.786 -8.997 -0.454
1037 -20.786 -8.950 -0.526
1038 -20.786 -8.950 -0.526
1039 -20.786 -8.941 -0.598
1040 -20.786 -8.941 -0.598
1041 -20.786 -8.859 -0.669
1042 -20.786 -8.859 -0.669
1043  0.000 -8.784 -0.739
1044  0.000 -8.784 -0.739
1045  0.000 -8.844 -0.810
1046  0.000 -8.844 -0.810
1047  0.000 -8.097 -0.878
1048  0.000 -8.097 -0.878
1049  0.000 -6.123 -0.935
1050  0.000 -6.123 -0.935
1051  0.000 -4.630 -0.978
1052  0.000 -4.630 -0.978
1053  0.000 -2.829 -1.007
1054  0.000 -2.829 -1.007
1055  0.000 -1.520 -1.025
1056  0.000 -1.520 -1.025
1057  0.000 -0.444 -1.033
1058  0.000 -0.444 -1.033
1059  0.000  0.649 -1.032
1060  0.000  0.649 -1.032
1061  0.000  0.879 -1.026
1062  0.000  0.879 -1.026
1063  0.000  0.688 -1.019
1064  0.000  0.688 -1.019
1065  0.000  0.280 -1.016
1066  0.000  0.280 -1.016
1067  0.000 -0.070 -1.015
1068  0.000 -0.070 -1.015
1069  0.000 -0.177 -1.016
1070  0.000 -0.177 -1.016
1071  0.000 -0.152 -1.017
1072  0.000 -0.152 -1.017
1073  0.000 -0.022 -1.018
1074  0.000 -0.022 -1.018
1075  0.000 -0.005 -1.018
1076  0.000 -0.005 -1.018
1077  0.000 -0.048 -1.018
1078  0.000 -0.048 -1.018
1079  0.000 -0.090 -1.019
1080  0.000 -0.090 -1.019
1081  0.000 -0.028 -1.019
1082  0.000 -0.028 -1.019
1083  0.000  0.044 -1.019
1084  0.000  0.044 -1.019
1085  0.000  0.062 -1.019
1086  0.000  0.062 -1.019
1087  0.000  0.053 -1.018
1088  0.000  0.053 -1.018
1089  0.000  0.063 -1.018
1090  0.000  0.063 -1.018
1091  0.000 -0.006 -1.017
1092  0.000 -0.006 -1.017
1093  0.000 -0.047 -1.018
1094  0.000 -0.047 -1.018
1095  0.000 -0.019 -1.018
1096  0.000 -0.019 -1.018
1097  0.000 -0.031 -1.018
1098  0.000 -0.031 -1.018
1099  0.000  0.014 -1.018
1100  0.000  0.014 -1.018
1101  0.000 -0.021 -1.018
1102  0.000 -0.021 -1.018
1103  0.000  0.008 -1.018
1104  0.000  0.008 -1.018
1105  0.000 -0.032 -1.018
1106  22.608 -0.032 -1.018
1107  22.608 -0.017 -1.019
1108  22.608 -0.017 -1.019
1109  22.608  0.384 -1.017
1110  22.608  0.384 -1.017
1111  22.608  2.346 -1.006
1112  22.608  2.346 -1.006
1113  22.608  4.921 -0.977
1114  22.608  4.921 -0.977
1115  22.608  6.126 -0.933
1116  22.608  6.126 -0.933
1117  22.608  6.786 -0.881
1118  22.608  6.786 -0.881
1119  22.608  7.695 -0.823
1120  22.608  7.695 -0.823
1121  22.608  8.224 -0.760
1122  22.608  8.224 -0.760
1123  22.608  8.814 -0.691
1124  22.608  8.814 -0.691
1125  22.608  8.968 -0.620
1126  22.608  8.968 -0.620
1127  22.608  9.192 -0.548
1128  22.608  9.192 -0.548
1129  22.608  9.389 -0.473
1130  22.608  9.389 -0.473
1131  22.608  9.376 -0.398
1132  22.608  9.376 -0.398
1133  22.608  9.501 -0.323
1134  22.608  9.501 -0.323
1135  22.608  9.504 -0.247
1136  22.608  9.504 -0.247
1137  22.608  9.515 -0.171
1138  22.608  9.515 -0.171
1139  22.608  9.755 -0.094
1140  22.608  9.755 -0.094
1141  22.608  9.721 -0.016
1142  22.608  9.721 -0.016
1143  22.608  9.697  0.061
1144  22.608  9.697  0.061
1145  22.608  9.677  0.138
1146  22.608  9.677  0.138
1147  22.608  9.408  0.215
1148  22.608  9.408  0.215
1149  22.608  9.505  0.290
1150  22.608  9.505  0.290
1151  22.608  9.592  0.367
1152  22.608  9.592  0.367
1153  22.608  9.535  0.443
1154  22.608  9.535  0.443
1155  22.608  9.745  0.521
1156  22.608  9.745  0.521
1157  22.608  9.836  0.599
1158  22.608  9.836  0.599
1159  22.608  9.817  0.677
1160  22.608  9.817  0.677
1161  0.000  9.885  0.756
1162  0.000  9.885  0.756
1163  0.000  9.809  0.835
1164  0.000  9.809  0.835
1165  0.000  8.598  0.909
1166  0.000  8.598  0.909
1167  0.000  6.786  0.970
1168  0.000  6.786  0.970
1169  0.000  4.309  1.015
1170  0.000  4.309  1.015
1171  0.000  2.473  1.042
1172  0.000  2.473  1.042
1173  0.000  0.433  1.053
1174  0.000  0.433  1.053
1175  0.000 -0.592  1.053
1176  0.000 -0.592  1.053
1177  0.000 -1.228  1.045
1178  0.000 -1.228  1.045
1179  0.000 -1.375  1.035
1180  0.000 -1.375  1.035
1181  0.000 -0.915  1.026
1182  0.000 -0.915  1.026
1183  0.000  0.072  1.022
1184  0.000  0.072  1.022
1185  0.000  0.473  1.025
1186  0.000  0.473  1.025
1187  0.000  0.488  1.029
1188  0.000  0.488  1.029
1189  0.000  0.255  1.031
1190  0.000  0.255  1.031
1191  0.000 -0.032  1.032
1192  0.000 -0.032  1.032
1193  0.000 -0.189  1.031
1194  0.000 -0.189  1.031
1195  0.000 -0.081  1.030
1196  0.000 -0.081  1.030
1197  0.000 -0.027  1.030
1198  0.000 -0.027  1.030
1199  0.000  0.016  1.030
1200  0.000  0.016  1.030
1201  0.000  0.068  1.030
1202  0.000  0.068  1.030
1203  0.000  0.065  1.031
1204  0.000  0.065  1.031
1205  0.000 -0.018  1.031
1206  0.000 -0.018  1.031
1207  0.000 -0.042  1.031
1208  0.000 -0.042  1.031
1209  0.000  0.000  1.031
1210  0.000  0.000  1.031
1211  0.000 -0.028  1.030
1212  0.000 -0.028  1.030
1213  0.000  0.014  1.030
1214  0.000  0.014  1.030
1215  0.000 -0.011  1.030
1216  0.000 -0.011  1.030
1217  0.000  0.006  1.030
1218  0.000  0.006  1.030
1219  0.000 -0.005  1.030
1220  0.000 -0.005  1.030
1221  0.000 -0.011  1.030
1222  0.000 -0.011  1.030
1223  0.000  0.012  1.030
1224 -24.462  0.012  1.030
1225 -24.462 -0.011  1.030
1226 -24.462 -0.011  1.030
1227 -24.462 -0.242  1.029
1228 -24.462 -0.242  1.029
1229 -24.462 -2.893  1.017
1230 -24.462 -2.893  1.017
1231 -24.462 -4.142  0.989
1232 -24.462 -4.142  0.989
1233 -24.462 -5.494  0.950
1234 -24.462 -5.494  0.950
1235 -24.462 -6.892  0.901
1236 -24.462 -6.892  0.901
1237 -24.462 -8.580  0.839
1238 -24.462 -8.580  0.839
1239 -24.462 -10.140  0.764
1240 -24.462 -10.140  0.764
1241 -24.462 -10.789  0.680
1242 -24.462 -10.789  0.680
1243 -24.462 -11.179  0.592
1244 -24.462 -11.179  0.592
1245 -24.462 -11.074  0.503
1246 -24.462 -11.074  0.503
1247 -24.462 -10.470  0.417
1248 -24.462 -10.470  0.417
1249 -24.462 -10.379  0.334
1250 -24.462 -10.379  0.334
1251 -24.462 -10.264  0.251
1252 -24.462 -10.264  0.251
1253 -24.462 -10.398  0.168
1254 -24.462 -10.398  0.168
1255 -24.462 -10.438  0.085
1256 -24.462 -10.438  0.085
1257 -24.462 -10.304  0.002
1258 -24.462 -10.304  0.002
1259 -24.462 -10.276 -0.079
1260 -24.462 -10.276 -0.079
1261 -24.462 -10.263 -0.161
1262 -24.462 -10.263 -0.161
1263 -24.462 -10.344 -0.244
1264 -24.462 -10.344 -0.244
1265 -24.462 -10.364 -0.327
1266 -24.462 -10.364 -0.327
1267 -24.462 -10.428 -0.410
1268 -24.462 -10.428 -0.410
1269 -24.462 -10.487 -0.494
1270 -24.462 -10.487 -0.494
1271 -24.462 -10.583 -0.578
1272 -24.462 -10.583 -0.578
1273 -24.462 -10.510 -0.662
1274 -24.462 -10.510 -0.662
1275  0.000 -10.462 -0.746
1276  0.000 -10.462 -0.746
1277  0.000 -10.504 -0.830
1278  0.000 -10.504 -0.830
1279  0.000 -9.754 -0.911
1280  0.000 -9.754 -0.911
1281  0.000 -7.849 -0.981
1282  0.000 -7.849 -0.981
1283  0.000 -6.364 -1.038
1284  0.000 -6.364 -1.038
1285  0.000 -4.599 -1.082
1286  0.000 -4.599 -1.082
1287  0.000 -3.218 -1.113
1288  0.000 -3.218 -1.113
1289  0.000 -1.463 -1.132
1290  0.000 -1.463 -1.132
1291  0.000 -0.290 -1.139
1292  0.000 -0.290 -1.139
1293  0.000  0.552 -1.139
1294  0.000  0.552 -1.139
1295  0.000  0.853 -1.133
1296  0.000  0.853 -1.133
1297  0.000  0.800 -1.126
1298  0.000  0.800 -1.126
1299  0.000  0.372 -1.122
1300  0.000  0.372 -1.122
1301  0.000  0.054 -1.120
1302  0.000  0.054 -1.120
1303  0.000 -0.182 -1.121
1304  0.000 -0.182 -1.121
1305  0.000 -0.199 -1.122
1306  0.000 -0.199 -1.122
1307  0.000 -0.114 -1.123
1308  0.000 -0.114 -1.123
1309  0.000 -0.067 -1.124
1310  0.000 -0.067 -1.124
1311  0.000 -0.035 -1.124
1312  0.000 -0.035 -1.124
1313  0.000  0.021 -1.125
1314  0.000  0.021 -1.125
1315  0.000 -0.025 -1.125
1316  0.000 -0.025 -1.125
1317  0.000  0.006 -1.125
1318  0.000  0.006 -1.125
1319  0.000  0.063 -1.124
1320  0.000  0.063 -1.124
1321  0.000  0.011 -1.124
1322  0.000  0.011 -1.124
1323  0.000  0.019 -1.124
1324  0.000  0.019 -1.124
1325  0.000  0.018 -1.124
1326  0.000  0.018 -1.124
1327  0.000 -0.013 -1.124
1328  0.000 -0.013 -1.124
1329  0.000 -0.007 -1.124
1330  0.000 -0.007 -1.124
1331  0.000 -0.020 -1.124
1332  0.000 -0.020 -1.124
1333  0.000 -0.016 -1.124
1334  0.000 -0.016 -1.124
1335  0.000  0.008 -1.124
1336  0.000  0.008 -1.124
1337  0.000  0.018 -1.124
1338  26.253  0.018 -1.124
1339  26.253  0.029 -1.124
1340  26.253  0.029 -1.124
1341  26.253  0.339 -1.122
1342  26.253  0.339 -1.122
1343  26.253  2.312 -1.112
1344  26.253  2.312 -1.112
1345  26.253  4.835 -1.083
1346  26.253  4.835 -1.083
1347  26.253  5.897 -1.040
1348  26.253  5.897 -1.040
1349  26.253  6.763 -0.990
1350  26.253  6.763 -0.990
1351  26.253  7.599 -0.932
1352  26.253  7.599 -0.932
1353  26.253  8.283 -0.869
1354  26.253  8.283 -0.869
1355  26.253  9.121 -0.799
1356  26.253  9.121 -0.799
1357  26.253  9.702 -0.724
1358  26.253  9.702 -0.724
1359  26.253  10.323 -0.644
1360  26.253  10.323 -0.644
1361  26.253  10.709 -0.559
1362  26.253  10.709 -0.559
1363  26.253  10.986 -0.473
1364  26.253  10.986 -0.473
1365  26.253  11.098 -0.384
1366  26.253  11.098 -0.384
1367  26.253  11.348 -0.294
1368  26.253  11.348 -0.294
1369  26.253  11.279 -0.204
1370  26.253  11.279 -0.204
1371  26.253  11.158 -0.114
1372  26.253  11.158 -0.114
1373  26.253  11.004 -0.026
1374  26.253  11.004 -0.026
1375  26.253  10.911  0.061
1376  26.253  10.911  0.061
1377  26.253  11.002  0.149
1378  26.253  11.002  0.149
1379  26.253  11.026  0.237
1380  26.253  11.026  0.237
1381  26.253  11.253  0.326
1382  26.253  11.253  0.326
1383  26.253  11.342  0.416
1384  26.253  11.342  0.416
1385  26.253  11.429  0.507
1386  26.253  11.429  0.507
1387  26.253  11.393  0.599
1388  26.253  11.393  0.599
1389  26.253  11.232  0.689
1390  26.253  11.232  0.689
1391  0.000  10.959  0.778
1392  0.000  10.959  0.778
1393  0.000  10.909  0.865
1394  0.000  10.909  0.865
1395  0.000  9.659  0.948
1396  0.000  9.659  0.948
1397  0.000  7.997  1.018
1398  0.000  7.997  1.018
1399  0.000  6.048  1.075
1400  0.000  6.048  1.075
1401  0.000  3.696  1.114
1402  0.000  3.696  1.114
1403  0.000  1.859  1.136
1404  0.000  1.859  1.136
1405  0.000  0.047  1.143
1406  0.000  0.047  1.143
1407  0.000 -0.943  1.140
1408  0.000 -0.943  1.140
1409  0.000 -1.263  1.131
1410  0.000 -1.263  1.131
1411  0.000 -1.208  1.121
1412  0.000 -1.208  1.121
1413  0.000 -0.649  1.114
1414  0.000 -0.649  1.114
1415  0.000  0.195  1.112
1416  0.000  0.195  1.112
1417  0.000  0.485  1.115
1418  0.000  0.485  1.115
1419  0.000  0.399  1.118
1420  0.000  0.399  1.118
1421  0.000  0.230  1.121
1422  0.000  0.230  1.121
1423  0.000 -0.025  1.121
1424  0.000 -0.025  1.121
1425  0.000 -0.056  1.121
1426  0.000 -0.056  1.121
1427  0.000 -0.041  1.121
1428  0.000 -0.041  1.121
1429  0.000 -0.039  1.120
1430  0.000 -0.039  1.120
1431  0.000 -0.005  1.120
1432  0.000 -0.005  1.120
1433  0.000 -0.067  1.120
1434  0.000 -0.067  1.120
1435  0.000 -0.032  1.119
1436  0.000 -0.032  1.119
1437  0.000 -0.037  1.119
1438  0.000 -0.037  1.119
1439  0.000 -0.016  1.119
1440  0.000 -0.016  1.119
1441  0.000  0.030  1.119
1442  0.000  0.030  1.119
1443  0.000  0.001  1.119
1444  0.000  0.001  1.119
1445  0.000 -0.015  1.119
1446  0.000 -0.015  1.119
1447  0.000 -0.031  1.119
1448  0.000 -0.031  1.119
1449  0.000  0.003  1.119
1450  0.000  0.003  1.119
1451  0.000 -0.008  1.119
1452  0.000 -0.008  1.119
1453  0.000  0.009  1.119
1454 -28.075  0.009  1.119
1455 -28.075  0.025  1.119
1456 -28.075  0.025  1.119
1457 -28.075 -0.298  1.118
1458 -28.075 -0.298  1.118
1459 -28.075 -2.818  1.105
1460 -28.075 -2.818  1.105
1461 -28.075 -4.300  1.077
1462 -28.075 -4.300  1.077
1463 -28.075 -5.296  1.039
1464 -28.075 -5.296  1.039
1465 -28.075 -7.327  0.988
1466 -28.075 -7.327  0.988
1467 -28.075 -8.714  0.924
1468 -28.075 -8.714  0.924
1469 -28.075 -9.734  0.850
1470 -28.075 -9.734  0.850
1471 -28.075 -10.445  0.769
1472 -28.075 -10.445  0.769
1473 -28.075 -11.673  0.681
1474 -28.075 -11.673  0.681
1475 -28.075 -12.602  0.584
1476 -28.075 -12.602  0.584
1477 -28.075 -12.724  0.482
1478 -28.075 -12.724  0.482
1479 -28.075 -12.266  0.382
1480 -28.075 -12.266  0.382
1481 -28.075 -12.068  0.285
1482 -28.075 -12.068  0.285
1483 -28.075 -11.862  0.189
1484 -28.075 -11.862  0.189
1485 -28.075 -11.930  0.094
1486 -28.075 -11.930  0.094
1487 -28.075 -11.906 -0.000
1488 -28.075 -11.906 -0.000
1489 -28.075 -11.775 -0.095
1490 -28.075 -11.775 -0.095
1491 -28.075 -11.782 -0.189
1492 -28.075 -11.782 -0.189
1493 -28.075 -11.781 -0.283
1494 -28.075 -11.781 -0.283
1495 -28.075 -11.883 -0.378
1496 -28.075 -11.883 -0.378
1497 -28.075 -11.932 -0.473
1498 -28.075 -11.932 -0.473
1499 -28.075 -12.014 -0.569
1500 -28.075 -12.014 -0.569
1501 -28.075 -12.059 -0.665
1502 -28.075 -12.059 -0.665
1503  0.000 -12.066 -0.762
1504  0.000 -12.066 -0.762
1505  0.000 -12.050 -0.858
1506  0.000 -12.050 -0.858
1507  0.000 -11.073 -0.951
1508  0.000 -11.073 -0.951
1509  0.000 -9.282 -1.032
1510  0.000 -9.282 -1.032
1511  0.000 -6.992 -1.097
1512  0.000 -6.992 -1.097
1513  0.000 -5.500 -1.147
1514  0.000 -5.500 -1.147
1515  0.000 -3.593 -1.184
1516  0.000 -3.593 -1.184
1517  0.000 -2.294 -1.207
1518  0.000 -2.294 -1.207
1519  0.000 -1.007 -1.220
1520  0.000 -1.007 -1.220
1521  0.000 -0.085 -1.225
1522  0.000 -0.085 -1.225
1523  0.000  0.356 -1.224
1524  0.000  0.356 -1.224
1525  0.000  0.468 -1.220
1526  0.000  0.468 -1.220
1527  0.000  0.317 -1.217
1528  0.000  0.317 -1.217
1529  0.000  0.163 -1.215
1530  0.000  0.163 -1.215
1531  0.000  0.046 -1.215
1532  0.000  0.046 -1.215
1533  0.000 -0.070 -1.215
1534  0.000 -0.070 -1.215
1535  0.000 -0.130 -1.215
1536  0.000 -0.130 -1.215
1537  0.000 -0.092 -1.216
1538  0.000 -0.092 -1.216
1539  0.000 -0.050 -1.217
1540  0.000 -0.050 -1.217
1541  0.000 -0.026 -1.217
1542  0.000 -0.026 -1.217
1543  0.000 -0.015 -1.217
1544  0.000 -0.015 -1.217
1545  0.000  0.015 -1.217
1546  0.000  0.015 -1.217
1547  0.000 -0.013 -1.217
1548  0.000 -0.013 -1.217
1549  0.000  0.068 -1.217
1550  0.000  0.068 -1.217
1551  0.000  0.070 -1.217
1552  0.000  0.070 -1.217
1553  0.000  0.021 -1.216
1554  0.000  0.021 -1.216
1555  0.000 -0.016 -1.216
1556  0.000 -0.016 -1.216
1557  0.000 -0.064 -1.217
1558  0.000 -0.064 -1.217
1559  0.000 -0.053 -1.217
1560  0.000 -0.053 -1.217
1561  0.000 -0.002 -1.217
1562  0.000 -0.002 -1.217
1563  0.000 -0.006 -1.217
1564  0.000 -0.006 -1.217
1565  0.000  0.024 -1.217
1566  29.834  0.024 -1.217
1567  29.834  0.026 -1.217
1568  29.834  0.026 -1.217
1569  29.834  0.242 -1.216
1570  29.834  0.242 -1.216
1571  29.834  2.990 -1.203
1572  29.834  2.990 -1.203
1573  29.834  4.726 -1.172
1574  29.834  4.726 -1.172
1575  29.834  5.665 -1.130
1576  29.834  5.665 -1.130
1577  29.834  6.340 -1.082
1578  29.834  6.340 -1.082
1579  29.834  7.188 -1.028
1580  29.834  7.188 -1.028
1581  29.834  8.200 -0.967
1582  29.834  8.200 -0.967
1583  29.834  8.978 -0.898
1584  29.834  8.978 -0.898
1585  29.834  9.991 -0.822
1586  29.834  9.991 -0.822
1587  29.834  10.856 -0.739
1588  29.834  10.856 -0.739
1589  29.834  11.638 -0.649
1590  29.834  11.638 -0.649
1591  29.834  12.363 -0.553
1592  29.834  12.363 -0.553
1593  29.834  12.664 -0.453
1594  29.834  12.664 -0.453
1595  29.834  12.715 -0.351
1596  29.834  12.715 -0.351
1597  29.834  12.606 -0.250
1598  29.834  12.606 -0.250
1599  29.834  12.442 -0.150
1600  29.834  12.442 -0.150
1601  29.834  12.436 -0.050
1602  29.834  12.436 -0.050
1603  29.834  12.540  0.049
1604  29.834  12.540  0.049
1605  29.834  12.634  0.150
1606  29.834  12.634  0.150
1607  29.834  12.691  0.251
1608  29.834  12.691  0.251
1609  29.834  12.795  0.353
1610  29.834  12.795  0.353
1611  29.834  12.757  0.455
1612  29.834  12.757  0.455
1613  29.834  12.598  0.556
1614  29.834  12.598  0.556
1615  29.834  12.518  0.657
1616  29.834  12.518  0.657
1617  0.000  12.605  0.757
1618  0.000  12.605  0.757
1619  0.000  12.609  0.858
1620  0.000  12.609  0.858
1621  0.000  11.927  0.956
1622  0.000  11.927  0.956
1623  0.000  9.989  1.044
1624  0.000  9.989  1.044
1625  0.000  8.576  1.118
1626  0.000  8.576  1.118
1627  0.000  6.600  1.179
1628  0.000  6.600  1.179
1629  0.000  5.094  1.226
1630  0.000  5.094  1.226
1631  0.000  3.285  1.259
1632  0.000  3.285  1.259
1633  0.000  1.831  1.280
1634  0.000  1.831  1.280
1635  0.000  0.022  1.289
1636  0.000  0.022  1.289
1637  0.000 -0.679  1.287
1638  0.000 -0.679  1.287
1639  0.000 -1.201  1.279
1640  0.000 -1.201  1.279
1641  0.000 -1.215  1.269
1642  0.000 -1.215  1.269
1643  0.000 -0.865  1.261
1644  0.000 -0.865  1.261
1645  0.000  0.021  1.258
1646  0.000  0.021  1.258
1647  0.000  0.307  1.259
1648  0.000  0.307  1.259
1649  0.000  0.317  1.261
1650  0.000  0.317  1.261
1651  0.000  0.228  1.264
1652  0.000  0.228  1.264
1653  0.000  0.013  1.265
1654  0.000  0.013  1.265
1655  0.000 -0.043  1.265
1656  0.000 -0.043  1.265
1657  0.000 -0.015  1.264
1658  0.000 -0.015  1.264
1659  0.000  0.003  1.264
1660  0.000  0.003  1.264
1661  0.000  0.005  1.264
1662  0.000  0.005  1.264
1663  0.000  0.016  1.264
1664  0.000  0.016  1.264
1665  0.000 -0.011  1.264
1666  0.000 -0.011  1.264
1667  0.000  0.024  1.264
1668  0.000  0.024  1.264
1669  0.000 -0.021  1.264
1670  0.000 -0.021  1.264
1671  0.000  0.004  1.264
1672  0.000  0.004  1.264
1673  0.000  0.006  1.264
1674  0.000  0.006  1.264
1675  0.000 -0.0010  1.264
1676  0.000 -0.0010  1.264
1677  0.000  0.011  1.264
1678  0.000  0.011  1.264
1679  0.000 -0.000  1.264
1680 -31.625 -0.000  1.264
1681 -31.625 -0.000  1.264
1682 -31.625 -0.000  1.264
1683 -31.625 -0.439  1.263
1684 -31.625 -0.439  1.263
1685 -31.625 -1.876  1.253
1686 -31.625 -1.876  1.253
1687 -31.625 -3.218  1.233
1688 -31.625 -3.218  1.233
1689 -31.625 -4.316  1.203
1690 -31.625 -4.316  1.203
1691 -31.625 -6.755  1.159
1692 -31.625 -6.755  1.159
1693 -31.625 -7.928  1.0100
1694 -31.625 -7.928  1.0100
1695 -31.625 -9.091  1.032
1696 -31.625 -9.091  1.032
1697 -31.625 -10.823  0.952
1698 -31.625 -10.823  0.952
1699 -31.625 -11.969  0.861
1700 -31.625 -11.969  0.861
1701 -31.625 -13.025  0.761
1702 -31.625 -13.025  0.761
1703 -31.625 -13.540  0.655
1704 -31.625 -13.540  0.655
1705 -31.625 -13.988  0.545
1706 -31.625 -13.988  0.545
1707 -31.625 -13.781  0.434
1708 -31.625 -13.781  0.434
1709 -31.625 -13.635  0.324
1710 -31.625 -13.635  0.324
1711 -31.625 -13.463  0.215
1712 -31.625 -13.463  0.215
1713 -31.625 -13.451  0.108
1714 -31.625 -13.451  0.108
1715 -31.625 -13.292  0.001
1716 -31.625 -13.292  0.001
1717 -31.625 -13.211 -0.104
1718 -31.625 -13.211 -0.104
1719 -31.625 -13.176 -0.210
1720 -31.625 -13.176 -0.210
1721 -31.625 -13.148 -0.315
1722 -31.625 -13.148 -0.315
1723 -31.625 -13.351 -0.421
1724 -31.625 -13.351 -0.421
1725 -31.625 -13.376 -0.528
1726 -31.625 -13.376 -0.528
1727 -31.625 -13.543 -0.636
1728 -31.625 -13.543 -0.636
1729  0.000 -13.540 -0.744
1730  0.000 -13.540 -0.744
1731  0.000 -13.625 -0.853
1732  0.000 -13.625 -0.853
1733  0.000 -12.442 -0.957
1734  0.000 -12.442 -0.957
1735  0.000 -11.087 -1.051
1736  0.000 -11.087 -1.051
1737  0.000 -9.218 -1.132
1738  0.000 -9.218 -1.132
1739  0.000 -8.017 -1.201
1740  0.000 -8.017 -1.201
1741  0.000 -6.676 -1.260
1742  0.000 -6.676 -1.260
1743  0.000 -4.939 -1.306
1744  0.000 -4.939 -1.306
1745  0.000 -3.611 -1.341
1746  0.000 -3.611 -1.341
1747  0.000 -2.099 -1.364
1748  0.000 -2.099 -1.364
1749  0.000 -1.067 -1.376
1750  0.000 -1.067 -1.376
1751  0.000  0.000 -1.380
1752  0.000  0.000 -1.380
1753  0.000  0.557 -1.378
1754  0.000  0.557 -1.378
1755  0.000  0.908 -1.372
1756  0.000  0.908 -1.372
1757  0.000  0.703 -1.366
1758  0.000  0.703 -1.366
1759  0.000  0.364 -1.362
1760  0.000  0.364 -1.362
1761  0.000 -0.020 -1.360
1762  0.000 -0.020 -1.360
1763  0.000 -0.207 -1.361
1764  0.000 -0.207 -1.361
1765  0.000 -0.231 -1.363
1766  0.000 -0.231 -1.363
1767  0.000 -0.192 -1.365
1768  0.000 -0.192 -1.365
1769  0.000 -0.111 -1.366
1770  0.000 -0.111 -1.366
1771  0.000  0.006 -1.366
1772  0.000  0.006 -1.366
1773  0.000  0.065 -1.366
1774  0.000  0.065 -1.366
1775  0.000  0.013 -1.366
1776  0.000  0.013 -1.366
1777  0.000  0.039 -1.365
1778  0.000  0.039 -1.365
1779  0.000  0.052 -1.365
1780  0.000  0.052 -1.365
1781  0.000  0.043 -1.365
1782  0.000  0.043 -1.365
1783  0.000  0.030 -1.365
1784  0.000  0.030 -1.365
1785  0.000  0.011 -1.364
1786  0.000  0.011 -1.364
1787  0.000 -0.036 -1.364
1788  0.000 -0.036 -1.364
1789  0.000 -0.057 -1.365
1790  0.000 -0.057 -1.365
1791  0.000 -0.035 -1.365
1792  33.384 -0.035 -1.365
1793  33.384 -0.019 -1.365
1794  33.384 -0.019 -1.365
1795  33.384  0.306 -1.364
1796  33.384  0.306 -1.364
1797  33.384  2.942 -1.351
1798  33.384  2.942 -1.351
1799  33.384  4.464 -1.322
1800  33.384  4.464 -1.322
1801  33.384  5.289 -1.283
1802  33.384  5.289 -1.283
1803  33.384  6.096 -1.237
1804  33.384  6.096 -1.237
1805  33.384  6.921 -1.185
1806  33.384  6.921 -1.185
1807  33.384  8.045 -1.125
1808  33.384  8.045 -1.125
1809  33.384  8.908 -1.057
1810  33.384  8.908 -1.057
1811  33.384  10.056 -0.981
1812  33.384  10.056 -0.981
1813  33.384  11.226 -0.896
1814  33.384  11.226 -0.896
1815  33.384  12.164 -0.803
1816  33.384  12.164 -0.803
1817  33.384  13.464 -0.700
1818  33.384  13.464 -0.700
1819  33.384  13.800 -0.591
1820  33.384  13.800 -0.591
1821  33.384  14.121 -0.480
1822  33.384  14.121 -0.480
1823  33.384  14.117 -0.367
1824  33.384  14.117 -0.367
1825  33.384  14.048 -0.254
1826  33.384  14.048 -0.254
1827  33.384  14.083 -0.141
1828  33.384  14.083 -0.141
1829  33.384  14.094 -0.029
1830  33.384  14.094 -0.029
1831  33.384  14.218  0.084
1832  33.384  14.218  0.084
1833  33.384  14.093  0.197
1834  33.384  14.093  0.197
1835  33.384  13.957  0.309
1836  33.384  13.957  0.309
1837  33.384  13.847  0.420
1838  33.384  13.847  0.420
1839  33.384  14.013  0.532
1840  33.384  14.013  0.532
1841  33.384  14.085  0.644
1842  33.384  14.085  0.644
1843  0.000  14.176  0.757
1844  0.000  14.176  0.757
1845  0.000  14.072  0.870
1846  0.000  14.072  0.870
1847  0.000  13.431  0.980
1848  0.000  13.431  0.980
1849  0.000  11.400  1.079
1850  0.000  11.400  1.079
1851  0.000  9.656  1.164
1852  0.000  9.656  1.164
1853  0.000  7.553  1.233
1854  0.000  7.553  1.233
1855  0.000  5.664  1.285
1856  0.000  5.664  1.285
1857  0.000  3.792  1.323
1858  0.000  3.792  1.323
1859  0.000  2.268  1.347
1860  0.000  2.268  1.347
1861  0.000  1.145  1.361
1862  0.000  1.145  1.361
1863  0.000 -0.125  1.365
1864  0.000 -0.125  1.365
1865  0.000 -0.597  1.362
1866  0.000 -0.597  1.362
1867  0.000 -0.749  1.357
1868  0.000 -0.749  1.357
1869  0.000 -0.550  1.352
1870  0.000 -0.550  1.352
1871  0.000 -0.066  1.349
1872  0.000 -0.066  1.349
1873  0.000  0.187  1.350
1874  0.000  0.187  1.350
1875  0.000  0.214  1.351
1876  0.000  0.214  1.351
1877  0.000  0.030  1.352
1878  0.000  0.030  1.352
1879  0.000 -0.105  1.352
1880  0.000 -0.105  1.352
1881  0.000 -0.147  1.351
1882  0.000 -0.147  1.351
1883  0.000 -0.107  1.350
1884  0.000 -0.107  1.350
1885  0.000 -0.038  1.349
1886  0.000 -0.038  1.349
1887  0.000  0.072  1.350
1888  0.000  0.072  1.350
1889  0.000  0.078  1.350
1890  0.000  0.078  1.350
1891  0.000  0.083  1.351
1892  0.000  0.083  1.351
1893  0.000  0.046  1.351
1894  0.000  0.046  1.351
1895  0.000  0.021  1.352
1896  0.000  0.021  1.352
1897  0.000 -0.028  1.352
1898  0.000 -0.028  1.352
1899  0.000 -0.060  1.351
1900  0.000 -0.060  1.351
1901  0.000 -0.034  1.351
1902  0.000 -0.034  1.351
1903  0.000 -0.000  1.351
1904  0.000 -0.000  1.351
1905  0.000  0.032  1.351
1906 -35.175  0.032  1.351
1907 -35.175  0.025  1.351
1908 -35.175  0.025  1.351
1909 -35.175 -0.508  1.349
1910 -35.175 -0.508  1.349
1911 -35.175 -2.751  1.336
1912 -35.175 -2.751  1.336
1913 -35.175 -3.609  1.311
1914 -35.175 -3.609  1.311
1915 -35.175 -4.627  1.278
1916 -35.175 -4.627  1.278
1917 -35.175 -6.483  1.235
1918 -35.175 -6.483  1.235
1919 -35.175 -7.184  1.181
1920 -35.175 -7.184  1.181
1921 -35.175 -8.082  1.120
1922 -35.175 -8.082  1.120
1923 -35.175 -10.056  1.047
1924 -35.175 -10.056  1.047
1925 -35.175 -11.431  0.961
1926 -35.175 -11.431  0.961
1927 -35.175 -12.583  0.865
1928 -35.175 -12.583  0.865
1929 -35.175 -13.258  0.762
1930 -35.175 -13.258  0.762
1931 -35.175 -14.603  0.650
1932 -35.175 -14.603  0.650
1933 -35.175 -15.146  0.531
1934 -35.175 -15.146  0.531
1935 -35.175 -15.159  0.410
1936 -35.175 -15.159  0.410
1937 -35.175 -15.239  0.288
1938 -35.175 -15.239  0.288
1939 -35.175 -15.116  0.167
1940 -35.175 -15.116  0.167
1941 -35.175 -15.149  0.046
1942 -35.175 -15.149  0.046
1943 -35.175 -14.874 -0.073
1944 -35.175 -14.874 -0.073
1945 -35.175 -14.700 -0.191
1946 -35.175 -14.700 -0.191
1947 -35.175 -14.706 -0.309
1948 -35.175 -14.706 -0.309
1949 -35.175 -14.712 -0.427
1950 -35.175 -14.712 -0.427
1951 -35.175 -14.790 -0.545
1952 -35.175 -14.790 -0.545
1953 -35.175 -14.940 -0.664
1954 -35.175 -14.940 -0.664
1955  0.000 -14.999 -0.783
1956  0.000 -14.999 -0.783
1957  0.000 -15.012 -0.903
1958  0.000 -15.012 -0.903
1959  0.000 -13.934 -1.019
1960  0.000 -13.934 -1.019
1961  0.000 -12.728 -1.126
1962  0.000 -12.728 -1.126
1963  0.000 -11.454 -1.223
1964  0.000 -11.454 -1.223
1965  0.000 -9.885 -1.308
1966  0.000 -9.885 -1.308
1967  0.000 -8.639 -1.382
1968  0.000 -8.639 -1.382
1969  0.000 -6.976 -1.445
1970  0.000 -6.976 -1.445
1971  0.000 -5.734 -1.495
1972  0.000 -5.734 -1.495
1973  0.000 -4.085 -1.535
1974  0.000 -4.085 -1.535
1975  0.000 -2.794 -1.562
1976  0.000 -2.794 -1.562
1977  0.000 -1.624 -1.580
1978  0.000 -1.624 -1.580
1979  0.000 -0.266 -1.587
1980  0.000 -0.266 -1.587
1981  0.000  0.557 -1.586
1982  0.000  0.557 -1.586
1983  0.000  1.004 -1.580
1984  0.000  1.004 -1.580
1985  0.000  0.951 -1.572
1986  0.000  0.951 -1.572
1987  0.000  0.540 -1.566
1988  0.000  0.540 -1.566
1989  0.000  0.085 -1.564
1990  0.000  0.085 -1.564
1991  0.000 -0.292 -1.564
1992  0.000 -0.292 -1.564
1993  0.000 -0.358 -1.567
1994  0.000 -0.358 -1.567
1995  0.000 -0.303 -1.570
1996  0.000 -0.303 -1.570
1997  0.000 -0.104 -1.571
1998  0.000 -0.104 -1.571
1999  0.000  0.004 -1.572
2000  0.000  0.004 -1.572
2001  0.000  0.046 -1.571
2002  0.000  0.046 -1.571
2003  0.000  0.050 -1.571
2004  0.000  0.050 -1.571
2005  0.000  0.037 -1.571
2006  0.000  0.037 -1.571
2007  0.000  0.005 -1.570
2008  0.000  0.005 -1.570
2009  0.000  0.056 -1.570
2010  0.000  0.056 -1.570
2011  0.000  0.036 -1.570
2012  0.000  0.036 -1.570
2013  0.000  0.001 -1.570
2014  0.000  0.001 -1.570
2015  0.000 -0.015 -1.570
2016  0.000 -0.015 -1.570
2017  0.000 -0.004 -1.570
2018  36.934 -0.004 -1.570
2019  36.934  0.015 -1.570
2020  36.934  0.015 -1.570
2021  36.934  0.391 -1.568
2022  36.934  0.391 -1.568
2023  36.934  2.160 -1.558
2024  36.934  2.160 -1.558
2025  36.934  3.794 -1.534
2026  36.934  3.794 -1.534
2027  36.934  4.596 -1.501
2028  36.934  4.596 -1.501
2029  36.934  5.570 -1.460
2030  36.934  5.570 -1.460
2031  36.934  6.301 -1.412
2032  36.934  6.301 -1.412
2033  36.934  7.564 -1.357
2034  36.934  7.564 -1.357
2035  36.934  8.497 -1.293
2036  36.934  8.497 -1.293
2037  36.934  9.314 -1.221
2038  36.934  9.314 -1.221
2039  36.934  10.806 -1.141
2040  36.934  10.806 -1.141
2041  36.934  12.188 -1.049
2042  36.934  12.188 -1.049
2043  36.934  13.686 -0.946
2044  36.934  13.686 -0.946
2045  36.934  14.639 -0.832
2046  36.934  14.639 -0.832
2047  36.934  15.446 -0.712
2048  36.934  15.446 -0.712
2049  36.934  15.754 -0.587
2050  36.934  15.754 -0.587
2051  36.934  15.802 -0.461
2052  36.934  15.802 -0.461
2053  36.934  15.684 -0.335
2054  36.934  15.684 -0.335
2055  36.934  15.637 -0.210
2056  36.934  15.637 -0.210
2057  36.934  15.273 -0.086
2058  36.934  15.273 -0.086
2059  36.934  15.232  0.035
2060  36.934  15.232  0.035
2061  36.934  15.336  0.157
2062  36.934  15.336  0.157
2063  36.934  15.453  0.281
2064  36.934  15.453  0.281
2065  36.934  15.564  0.405
2066  36.934  15.564  0.405
2067  36.934  15.501  0.529
2068  36.934  15.501  0.529
2069  36.934  15.471  0.653
2070  36.934  15.471  0.653
2071  0.000  15.428  0.776
2072  0.000  15.428  0.776
2073  0.000  15.320  0.899
2074  0.000  15.320  0.899
2075  0.000  14.154  1.017
2076  0.000  14.154  1.017
2077  0.000  12.805  1.125
2078  0.000  12.805  1.125
2079  0.000  11.107  1.221
2080  0.000  11.107  1.221
2081  0.000  9.781  1.304
2082  0.000  9.781  1.304
2083  0.000  8.443  1.377
2084  0.000  8.443  1.377
2085  0.000  6.708  1.438
2086  0.000  6.708  1.438
2087  0.000  5.302  1.486
2088  0.000  5.302  1.486
2089  0.000  3.643  1.522
2090  0.000  3.643  1.522
2091  0.000  2.424  1.546
2092  0.000  2.424  1.546
2093  0.000  0.891  1.559
2094  0.000  0.891  1.559
2095  0.000 -0.077  1.562
2096  0.000 -0.077  1.562
2097  0.000 -0.602  1.560
2098  0.000 -0.602  1.560
2099  0.000 -0.936  1.554
2100  0.000 -0.936  1.554
2101  0.000 -0.852  1.546
2102  0.000 -0.852  1.546
2103  0.000 -0.278  1.542
2104  0.000 -0.278  1.542
2105  0.000  0.163  1.541
2106  0.000  0.163  1.541
2107  0.000  0.159  1.543
2108  0.000  0.159  1.543
2109  0.000  0.134  1.544
2110  0.000  0.134  1.544
2111  0.000  0.023  1.544
2112  0.000  0.023  1.544
2113  0.000 -0.012  1.545
2114  0.000 -0.012  1.545
2115  0.000  0.004  1.544
2116  0.000  0.004  1.544
2117  0.000 -0.006  1.544
2118  0.000 -0.006  1.544
2119  0.000 -0.006  1.544
2120  0.000 -0.006  1.544
2121  0.000  0.001  1.544
2122  0.000  0.001  1.544
2123  0.000  0.005  1.544
2124  0.000  0.005  1.544
2125  0.000  0.005  1.544
2126  0.000  0.005  1.544
2127  0.000  0.009  1.544
2128  0.000  0.009  1.544
2129  0.000  0.006  1.544
2130  0.000  0.006  1.544
2131  0.000 -0.032  1.544
2132  0.000 -0.032  1.544
2133  0.000 -0.003  1.544
2134 -38.756 -0.003  1.544
2135 -38.756  0.009  1.544
2136 -38.756  0.009  1.544
2137 -38.756 -0.269  1.543
2138 -38.756 -0.269  1.543
2139 -38.756 -1.841  1.535
2140 -38.756 -1.841  1.535
2141 -38.756 -2.452  1.518
2142 -38.756 -2.452  1.518
2143 -38.756 -3.107  1.495
2144 -38.756 -3.107  1.495
2145 -38.756 -5.237  1.462
2146 -38.756 -5.237  1.462
2147 -38.756 -6.087  1.417
2148 -38.756 -6.087  1.417
2149 -38.756 -7.585  1.362
2150 -38.756 -7.585  1.362
2151 -38.756 -8.602  1.297
2152 -38.756 -8.602  1.297
2153 -38.756 -9.902  1.223
2154 -38.756 -9.902  1.223
2155 -38.756 -10.876  1.140
2156 -38.756 -10.876  1.140
2157 -38.756 -12.392  1.047
2158 -38.756 -12.392  1.047
2159 -38.756 -13.979  0.942
2160 -38.756 -13.979  0.942
2161 -38.756 -14.865  0.826
2162 -38.756 -14.865  0.826
2163 -38.756 -15.901  0.703
2164 -38.756 -15.901  0.703
2165 -38.756 -16.446  0.574
2166 -38.756 -16.446  0.574
2167 -38.756 -16.566  0.442
2168 -38.756 -16.566  0.442
2169 -38.756 -16.765  0.308
2170 -38.756 -16.765  0.308
2171 -38.756 -16.679  0.175
2172 -38.756 -16.679  0.175
2173 -38.756 -16.504  0.042
2174 -38.756 -16.504  0.042
2175 -38.756 -16.359 -0.089
2176 -38.756 -16.359 -0.089
2177 -38.756 -16.295 -0.219
2178 -38.756 -16.295 -0.219
2179 -38.756 -16.294 -0.350
2180 -38.756 -16.294 -0.350
2181 -38.756 -16.330 -0.480
2182 -38.756 -16.330 -0.480
2183 -38.756 -16.458 -0.611
2184 -38.756 -16.458 -0.611
2185  0.000 -16.461 -0.743
2186  0.000 -16.461 -0.743
2187  0.000 -16.474 -0.875
2188  0.000 -16.474 -0.875
2189  0.000 -15.804 -1.004
2190  0.000 -15.804 -1.004
2191  0.000 -14.366 -1.125
2192  0.000 -14.366 -1.125
2193  0.000 -12.988 -1.234
2194  0.000 -12.988 -1.234
2195  0.000 -11.419 -1.332
2196  0.000 -11.419 -1.332
2197  0.000 -10.056 -1.417
2198  0.000 -10.056 -1.417
2199  0.000 -8.235 -1.491
2200  0.000 -8.235 -1.491
2201  0.000 -6.942 -1.551
2202  0.000 -6.942 -1.551
2203  0.000 -5.620 -1.602
2204  0.000 -5.620 -1.602
2205  0.000 -3.807 -1.639
2206  0.000 -3.807 -1.639
2207  0.000 -2.393 -1.664
2208  0.000 -2.393 -1.664
2209  0.000 -0.837 -1.677
2210  0.000 -0.837 -1.677
2211  0.000  0.151 -1.680
2212  0.000  0.151 -1.680
2213  0.000  0.868 -1.676
2214  0.000  0.868 -1.676
2215  0.000  1.070 -1.668
2216  0.000  1.070 -1.668
2217  0.000  0.855 -1.660
2218  0.000  0.855 -1.660
2219  0.000  0.248 -1.656
2220  0.000  0.248 -1.656
2221  0.000 -0.045 -1.655
2222  0.000 -0.045 -1.655
2223  0.000 -0.387 -1.657
2224  0.000 -0.387 -1.657
2225  0.000 -0.369 -1.660
2226  0.000 -0.369 -1.660
2227  0.000 -0.134 -1.662
2228  0.000 -0.134 -1.662
2229  0.000 -0.027 -1.662
2230  0.000 -0.027 -1.662
2231  0.000  0.008 -1.662
2232  0.000  0.008 -1.662
2233  0.000  0.057 -1.662
2234  0.000  0.057 -1.662
2235  0.000  0.090 -1.662
2236  0.000  0.090 -1.662
2237  0.000  0.066 -1.661
2238  0.000  0.066 -1.661
2239  0.000  0.040 -1.661
2240  0.000  0.040 -1.661
2241  0.000  0.006 -1.660
2242  0.000  0.006 -1.660
2243  0.000 -0.021 -1.660
2244  0.000 -0.021 -1.660
2245  0.000 -0.028 -1.661
2246  0.000 -0.028 -1.661
2247  0.000 -0.000 -1.661
2248  40.547 -0.000 -1.661
2249  40.547 -0.008 -1.661
2250  40.547 -0.008 -1.661
2251  40.547  0.524 -1.659
2252  40.547  0.524 -1.659
2253  40.547  2.141 -1.648
2254  40.547  2.141 -1.648
2255  40.547  3.746 -1.625
2256  40.547  3.746 -1.625
2257  40.547  4.542 -1.591
2258  40.547  4.542 -1.591
2259  40.547  5.581 -1.552
2260  40.547  5.581 -1.552
2261  40.547  6.343 -1.504
2262  40.547  6.343 -1.504
2263  40.547  7.659 -1.448
2264  40.547  7.659 -1.448
2265  40.547  8.950 -1.382
2266  40.547  8.950 -1.382
2267  40.547  9.991 -1.306
2268  40.547  9.991 -1.306
2269  40.547  11.590 -1.220
2270  40.547  11.590 -1.220
2271  40.547  13.069 -1.121
2272  40.547  13.069 -1.121
2273  40.547  14.804 -1.0010
2274  40.547  14.804 -1.0010
2275  40.547  15.826 -0.887
2276  40.547  15.826 -0.887
2277  40.547  16.593 -0.758
2278  40.547  16.593 -0.758
2279  40.547  17.046 -0.623
2280  40.547  17.046 -0.623
2281  40.547  17.047 -0.487
2282  40.547  17.047 -0.487
2283  40.547  16.845 -0.351
2284  40.547  16.845 -0.351
2285  40.547  16.623 -0.217
2286  40.547  16.623 -0.217
2287  40.547  16.531 -0.085
2288  40.547  16.531 -0.085
2289  40.547  16.675  0.047
2290  40.547  16.675  0.047
2291  40.547  16.744  0.181
2292  40.547  16.744  0.181
2293  40.547  16.715  0.315
2294  40.547  16.715  0.315
2295  40.547  16.802  0.449
2296  40.547  16.802  0.449
2297  40.547  16.822  0.583
2298  40.547  16.822  0.583
2299  0.000  16.757  0.718
2300  0.000  16.757  0.718
2301  0.000  16.543  0.851
2302  0.000  16.543  0.851
2303  0.000  15.673  0.980
2304  0.000  15.673  0.980
2305  0.000  14.379  1.0100
2306  0.000  14.379  1.0100
2307  0.000  12.516  1.208
2308  0.000  12.516  1.208
2309  0.000  11.246  1.303
2310  0.000  11.246  1.303
2311  0.000  9.262  1.385
2312  0.000  9.262  1.385
2313  0.000  7.873  1.453
2314  0.000  7.873  1.453
2315  0.000  6.031  1.509
2316  0.000  6.031  1.509
2317  0.000  4.624  1.551
2318  0.000  4.624  1.551
2319  0.000  3.341  1.583
2320  0.000  3.341  1.583
2321  0.000  1.718  1.604
2322  0.000  1.718  1.604
2323  0.000  0.496  1.612
2324  0.000  0.496  1.612
2325  0.000 -0.660  1.612
2326  0.000 -0.660  1.612
2327  0.000 -1.089  1.605
2328  0.000 -1.089  1.605
2329  0.000 -1.087  1.596
2330  0.000 -1.087  1.596
2331  0.000 -0.584  1.589
2332  0.000 -0.584  1.589
2333  0.000  0.188  1.587
2334  0.000  0.188  1.587
2335  0.000  0.384  1.590
2336  0.000  0.384  1.590
2337  0.000  0.362  1.593
2338  0.000  0.362  1.593
2339  0.000  0.137  1.595
2340  0.000  0.137  1.595
2341  0.000 -0.041  1.595
2342  0.000 -0.041  1.595
2343  0.000 -0.037  1.595
2344  0.000 -0.037  1.595
2345  0.000 -0.012  1.595
2346  0.000 -0.012  1.595
2347  0.000  0.022  1.595
2348  0.000  0.022  1.595
2349  0.000  0.018  1.595
2350  0.000  0.018  1.595
2351  0.000 -0.001  1.595
2352  0.000 -0.001  1.595
2353  0.000 -0.018  1.595
2354  0.000 -0.018  1.595
2355  0.000  0.005  1.595
2356  0.000  0.005  1.595
2357  0.000  0.002  1.595
2358  0.000  0.002  1.595
2359  0.000 -0.011  1.595
2360  0.000 -0.011  1.595
2361  0.000  0.006  1.595
2362 -42.338  0.006  1.595
2363 -42.338  0.011  1.595
2364 -42.338  0.011  1.595
2365 -42.338 -0.203  1.594
2366 -42.338 -0.203  1.594
2367 -42.338 -2.029  1.585
2368 -42.338 -2.029  1.585
2369 -42.338 -2.755  1.566
2370 -42.338 -2.755  1.566
2371 -42.338 -3.702  1.540
2372 -42.338 -3.702  1.540
2373 -42.338 -4.799  1.506
2374 -42.338 -4.799  1.506
2375 -42.338 -6.217  1.462
2376 -42.338 -6.217  1.462
2377 -42.338 -7.167  1.408
2378 -42.338 -7.167  1.408
2379 -42.338 -8.775  1.345
2380 -42.338 -8.775  1.345
2381 -42.338 -9.854  1.270
2382 -42.338 -9.854  1.270
2383 -42.338 -10.974  1.187
2384 -42.338 -10.974  1.187
2385 -42.338 -12.642  1.092
2386 -42.338 -12.642  1.092
2387 -42.338 -13.736  0.987
2388 -42.338 -13.736  0.987
2389 -42.338 -14.968  0.872
2390 -42.338 -14.968  0.872
2391 -42.338 -15.856  0.749
2392 -42.338 -15.856  0.749
2393 -42.338 -16.750  0.618
2394 -42.338 -16.750  0.618
2395 -42.338 -17.458  0.481
2396 -42.338 -17.458  0.481
2397 -42.338 -17.951  0.340
2398 -42.338 -17.951  0.340
2399 -42.338 -18.222  0.195
2400 -42.338 -18.222  0.195
2401 -42.338 -18.076  0.050
2402 -42.338 -18.076  0.050
2403 -42.338 -17.889 -0.093
2404 -42.338 -17.889 -0.093
2405 -42.338 -17.845 -0.236
2406 -42.338 -17.845 -0.236
2407 -42.338 -17.836 -0.379
2408 -42.338 -17.836 -0.379
2409 -42.338 -17.942 -0.522
2410 -42.338 -17.942 -0.522
2411 -42.338 -18.000 -0.666
2412 -42.338 -18.000 -0.666
2413  0.000 -17.934 -0.809
2414  0.000 -17.934 -0.809
2415  0.000 -18.048 -0.953
2416  0.000 -18.048 -0.953
2417  0.000 -17.118 -1.094
2418  0.000 -17.118 -1.094
2419  0.000 -15.952 -1.226
2420  0.000 -15.952 -1.226
2421  0.000 -13.498 -1.344
2422  0.000 -13.498 -1.344
2423  0.000 -11.735 -1.445
2424  0.000 -11.735 -1.445
2425  0.000 -10.051 -1.532
2426  0.000 -10.051 -1.532
2427  0.000 -7.869 -1.604
2428  0.000 -7.869 -1.604
2429  0.000 -5.950 -1.659
2430  0.000 -5.950 -1.659
2431  0.000 -3.556 -1.697
2432  0.000 -3.556 -1.697
2433  0.000 -2.168 -1.720
2434  0.000 -2.168 -1.720
2435  0.000 -0.818 -1.732
2436  0.000 -0.818 -1.732
2437  0.000 -0.446 -1.737
2438  0.000 -0.446 -1.737
2439  0.000 -0.140 -1.739
2440  0.000 -0.140 -1.739
2441  0.000  0.360 -1.738
2442  0.000  0.360 -1.738
2443  0.000  0.607 -1.735
2444  0.000  0.607 -1.735
2445  0.000  0.483 -1.730
2446  0.000  0.483 -1.730
2447  0.000  0.342 -1.727
2448  0.000  0.342 -1.727
2449  0.000  0.096 -1.725
2450  0.000  0.096 -1.725
2451  0.000 -0.098 -1.725
2452  0.000 -0.098 -1.725
2453  0.000 -0.193 -1.726
2454  0.000 -0.193 -1.726
2455  0.000 -0.190 -1.728
2456  0.000 -0.190 -1.728
2457  0.000 -0.134 -1.729
2458  0.000 -0.134 -1.729
2459  0.000 -0.064 -1.730
2460  0.000 -0.064 -1.730
2461  0.000 -0.013 -1.730
2462  0.000 -0.013 -1.730
2463  0.000  0.032 -1.730
2464  0.000  0.032 -1.730
2465  0.000  0.097 -1.730
2466  0.000  0.097 -1.730
2467  0.000  0.114 -1.729
2468  0.000  0.114 -1.729
2469  0.000  0.067 -1.728
2470  0.000  0.067 -1.728
2471  0.000 -0.011 -1.728
2472  0.000 -0.011 -1.728
2473  0.000 -0.041 -1.728
2474  0.000 -0.041 -1.728
2475  0.000 -0.027 -1.728
2476  44.128 -0.027 -1.728
2477  44.128 -0.063 -1.729
2478  44.128 -0.063 -1.729
2479  44.128  0.417 -1.727
2480  44.128  0.417 -1.727
2481  44.128  2.666 -1.715
2482  44.128  2.666 -1.715
2483  44.128  3.875 -1.689
2484  44.128  3.875 -1.689
2485  44.128  5.200 -1.652
2486  44.128  5.200 -1.652
2487  44.128  6.733 -1.605
2488  44.128  6.733 -1.605
2489  44.128  7.127 -1.549
2490  44.128  7.127 -1.549
2491  44.128  8.303 -1.488
2492  44.128  8.303 -1.488
2493  44.128  9.762 -1.415
2494  44.128  9.762 -1.415
2495  44.128  11.002 -1.332
2496  44.128  11.002 -1.332
2497  44.128  12.022 -1.240
2498  44.128  12.022 -1.240
2499  44.128  13.328 -1.139
2500  44.128  13.328 -1.139
2501  44.128  15.331 -1.024
2502  44.128  15.331 -1.024
2503  44.128  16.398 -0.897
2504  44.128  16.398 -0.897
2505  44.128  17.604 -0.761
2506  44.128  17.604 -0.761
2507  44.128  17.957 -0.619
2508  44.128  17.957 -0.619
2509  44.128  17.894 -0.476
2510  44.128  17.894 -0.476
2511  44.128  17.717 -0.333
2512  44.128  17.717 -0.333
2513  44.128  17.558 -0.192
2514  44.128  17.558 -0.192
2515  44.128  17.447 -0.052
2516  44.128  17.447 -0.052
2517  44.128  17.494  0.087
2518  44.128  17.494  0.087
2519  44.128  17.679  0.228
2520  44.128  17.679  0.228
2521  44.128  17.705  0.369
2522  44.128  17.705  0.369
2523  44.128  17.743  0.511
2524  44.128  17.743  0.511
2525  44.128  17.703  0.653
2526  44.128  17.703  0.653
2527  0.000  17.556  0.794
2528  0.000  17.556  0.794
2529  0.000  17.296  0.933
2530  0.000  17.296  0.933
2531  0.000  16.321  1.068
2532  0.000  16.321  1.068
2533  0.000  14.213  1.190
2534  0.000  14.213  1.190
2535  0.000  12.657  1.297
2536  0.000  12.657  1.297
2537  0.000  10.389  1.389
2538  0.000  10.389  1.389
2539  0.000  8.922  1.467
2540  0.000  8.922  1.467
2541  0.000  6.668  1.531
2542  0.000  6.668  1.531
2543  0.000  5.186  1.578
2544  0.000  5.186  1.578
2545  0.000  3.730  1.614
2546  0.000  3.730  1.614
2547  0.000  2.013  1.637
2548  0.000  2.013  1.637
2549  0.000  0.590  1.648
2550  0.000  0.590  1.648
2551  0.000 -0.617  1.647
2552  0.000 -0.617  1.647
2553  0.000 -1.073  1.641
2554  0.000 -1.073  1.641
2555  0.000 -1.213  1.632
2556  0.000 -1.213  1.632
2557  0.000 -0.806  1.623
2558  0.000 -0.806  1.623
2559  0.000 -0.218  1.619
2560  0.000 -0.218  1.619
2561  0.000  0.353  1.620
2562  0.000  0.353  1.620
2563  0.000  0.402  1.623
2564  0.000  0.402  1.623
2565  0.000  0.253  1.626
2566  0.000  0.253  1.626
2567  0.000  0.013  1.627
2568  0.000  0.013  1.627
2569  0.000 -0.038  1.626
2570  0.000 -0.038  1.626
2571  0.000  0.018  1.626
2572  0.000  0.018  1.626
2573  0.000  0.023  1.627
2574  0.000  0.023  1.627
2575  0.000 -0.002  1.627
2576  0.000 -0.002  1.627
2577  0.000 -0.033  1.627
2578  0.000 -0.033  1.627
2579  0.000 -0.026  1.626
2580  0.000 -0.026  1.626
2581  0.000 -0.011  1.626
2582  0.000 -0.011  1.626
2583  0.000  0.005  1.626
2584  0.000  0.005  1.626
2585  0.000 -0.006  1.626
2586  0.000 -0.006  1.626
2587  0.000  0.008  1.626
2588  0.000  0.008  1.626
2589  0.000 -0.017  1.626
2590 -45.919 -0.017  1.626
2591 -45.919  0.001  1.626
2592 -45.919  0.001  1.626
2593 -45.919 -0.608  1.624
2594 -45.919 -0.608  1.624
2595 -45.919 -2.120  1.613
2596 -45.919 -2.120  1.613
2597 -45.919 -3.035  1.592
2598 -45.919 -3.035  1.592
2599 -45.919 -3.909  1.564
2600 -45.919 -3.909  1.564
2601 -45.919 -5.014  1.529
2602 -45.919 -5.014  1.529
2603 -45.919 -6.354  1.483
2604 -45.919 -6.354  1.483
2605 -45.919 -7.365  1.428
2606 -45.919 -7.365  1.428
2607 -45.919 -9.239  1.362
2608 -45.919 -9.239  1.362
2609 -45.919 -10.454  1.283
2610 -45.919 -10.454  1.283
2611 -45.919 -11.726  1.194
2612 -45.919 -11.726  1.194
2613 -45.919 -13.212  1.095
2614 -45.919 -13.212  1.095
2615 -45.919 -14.524  0.983
2616 -45.919 -14.524  0.983
2617 -45.919 -15.586  0.863
2618 -45.919 -15.586  0.863
2619 -45.919 -16.449  0.735
2620 -45.919 -16.449  0.735
2621 -45.919 -17.849  0.598
2622 -45.919 -17.849  0.598
2623 -45.919 -18.561  0.452
2624 -45.919 -18.561  0.452
2625 -45.919 -19.380  0.300
2626 -45.919 -19.380  0.300
2627 -45.919 -19.526  0.145
2628 -45.919 -19.526  0.145
2629 -45.919 -19.518 -0.011
2630 -45.919 -19.518 -0.011
2631 -45.919 -19.400 -0.166
2632 -45.919 -19.400 -0.166
2633 -45.919 -19.446 -0.322
2634 -45.919 -19.446 -0.322
2635 -45.919 -19.344 -0.477
2636 -45.919 -19.344 -0.477
2637 -45.919 -19.632 -0.633
2638 -45.919 -19.632 -0.633
2639  0.000 -19.320 -0.788
2640  0.000 -19.320 -0.788
2641  0.000 -19.490 -0.944
2642  0.000 -19.490 -0.944
2643  0.000 -18.665 -1.096
2644  0.000 -18.665 -1.096
2645  0.000 -17.265 -1.240
2646  0.000 -17.265 -1.240
2647  0.000 -15.285 -1.370
2648  0.000 -15.285 -1.370
2649  0.000 -13.071 -1.484
2650  0.000 -13.071 -1.484
2651  0.000 -11.358 -1.581
2652  0.000 -11.358 -1.581
2653  0.000 -8.886 -1.662
2654  0.000 -8.886 -1.662
2655  0.000 -6.854 -1.725
2656  0.000 -6.854 -1.725
2657  0.000 -4.299 -1.770
2658  0.000 -4.299 -1.770
2659  0.000 -2.785 -1.798
2660  0.000 -2.785 -1.798
2661  0.000 -1.456 -1.815
2662  0.000 -1.456 -1.815
2663  0.000 -0.795 -1.824
2664  0.000 -0.795 -1.824
2665  0.000 -0.463 -1.829
2666  0.000 -0.463 -1.829
2667  0.000 -0.053 -1.831
2668  0.000 -0.053 -1.831
2669  0.000  0.139 -1.831
2670  0.000  0.139 -1.831
2671  0.000  0.344 -1.829
2672  0.000  0.344 -1.829
2673  0.000  0.372 -1.826
2674  0.000  0.372 -1.826
2675  0.000  0.342 -1.823
2676  0.000  0.342 -1.823
2677  0.000  0.116 -1.822
2678  0.000  0.116 -1.822
2679  0.000 -0.015 -1.821
2680  0.000 -0.015 -1.821
2681  0.000 -0.152 -1.822
2682  0.000 -0.152 -1.822
2683  0.000 -0.179 -1.823
2684  0.000 -0.179 -1.823
2685  0.000 -0.159 -1.825
2686  0.000 -0.159 -1.825
2687  0.000 -0.135 -1.826
2688  0.000 -0.135 -1.826
2689  0.000  0.020 -1.826
2690  0.000  0.020 -1.826
2691  0.000  0.052 -1.826
2692  0.000  0.052 -1.826
2693  0.000  0.119 -1.825
2694  0.000  0.119 -1.825
2695  0.000  0.089 -1.824
2696  0.000  0.089 -1.824
2697  0.000  0.083 -1.824
2698  0.000  0.083 -1.824
2699  0.000  0.029 -1.823
2700  0.000  0.029 -1.823
2701  0.000 -0.039 -1.823
2702  47.678 -0.039 -1.823
2703  47.678 -0.050 -1.824
2704  47.678 -0.050 -1.824
2705  47.678  0.447 -1.822
2706  47.678  0.447 -1.822
2707  47.678  2.193 -1.811
2708  47.678  2.193 -1.811
2709  47.678  3.618 -1.788
2710  47.678  3.618 -1.788
2711  47.678  4.759 -1.755
2712  47.678  4.759 -1.755
2713  47.678  5.901 -1.712
2714  47.678  5.901 -1.712
2715  47.678  6.270 -1.663
2716  47.678  6.270 -1.663
2717  47.678  7.919 -1.607
2718  47.678  7.919 -1.607
2719  47.678  9.283 -1.538
2720  47.678  9.283 -1.538
2721  47.678  10.153 -1.460
2722  47.678  10.153 -1.460
2723  47.678  11.121 -1.375
2724  47.678  11.121 -1.375
2725  47.678  12.588 -1.280
2726  47.678  12.588 -1.280
2727  47.678  15.270 -1.169
2728  47.678  15.270 -1.169
2729  47.678  16.831 -1.040
2730  47.678  16.831 -1.040
2731  47.678  17.881 -0.901
2732  47.678  17.881 -0.901
2733  47.678  17.950 -0.758
2734  47.678  17.950 -0.758
2735  47.678  17.983 -0.614
2736  47.678  17.983 -0.614
2737  47.678  18.261 -0.469
2738  47.678  18.261 -0.469
2739  47.678  18.534 -0.322
2740  47.678  18.534 -0.322
2741  47.678  18.653 -0.173
2742  47.678  18.653 -0.173
2743  47.678  18.589 -0.024
2744  47.678  18.589 -0.024
2745  47.678  18.603  0.123
2746  47.678  18.603  0.123
2747  47.678  18.458  0.272
2748  47.678  18.458  0.272
2749  47.678  18.329  0.419
2750  47.678  18.329  0.419
2751  47.678  18.215  0.565
2752  47.678  18.215  0.565
2753  0.000  18.313  0.711
2754  0.000  18.313  0.711
2755  0.000  18.346  0.858
2756  0.000  18.346  0.858
2757  0.000  17.878  1.003
2758  0.000  17.878  1.003
2759  0.000  15.196  1.135
2760  0.000  15.196  1.135
2761  0.000  13.342  1.249
2762  0.000  13.342  1.249
2763  0.000  10.798  1.346
2764  0.000  10.798  1.346
2765  0.000  8.500  1.423
2766  0.000  8.500  1.423
2767  0.000  7.534  1.487
2768  0.000  7.534  1.487
2769  0.000  6.092  1.542
2770  0.000  6.092  1.542
2771  0.000  4.029  1.582
2772  0.000  4.029  1.582
2773  0.000  2.072  1.606
2774  0.000  2.072  1.606
2775  0.000  1.140  1.619
2776  0.000  1.140  1.619
2777  0.000  0.068  1.624
2778  0.000  0.068  1.624
2779  0.000 -0.753  1.621
2780  0.000 -0.753  1.621
2781  0.000 -1.188  1.614
2782  0.000 -1.188  1.614
2783  0.000 -1.056  1.605
2784  0.000 -1.056  1.605
2785  0.000 -0.464  1.599
2786  0.000 -0.464  1.599
2787  0.000  0.210  1.598
2788  0.000  0.210  1.598
2789  0.000  0.300  1.600
2790  0.000  0.300  1.600
2791  0.000  0.213  1.602
2792  0.000  0.213  1.602
2793  0.000  0.102  1.603
2794  0.000  0.102  1.603
2795  0.000 -0.065  1.603
2796  0.000 -0.065  1.603
2797  0.000 -0.060  1.603
2798  0.000 -0.060  1.603
2799  0.000 -0.032  1.602
2800  0.000 -0.032  1.602
2801  0.000 -0.023  1.602
2802  0.000 -0.023  1.602
2803  0.000 -0.020  1.602
2804  0.000 -0.020  1.602
2805  0.000 -0.001  1.602
2806  0.000 -0.001  1.602
2807  0.000  0.022  1.602
2808  0.000  0.022  1.602
2809  0.000 -0.0010  1.602
2810  0.000 -0.0010  1.602
2811  0.000 -0.009  1.602
2812  0.000 -0.009  1.602
2813  0.000  0.009  1.602
2814  0.000  0.009  1.602
2815  0.000 -0.015  1.602
2816 -49.469 -0.015  1.602
2817 -49.469 -0.015  1.602
2818 -49.469 -0.015  1.602
2819 -49.469 -0.811  1.598
2820 -49.469 -0.811  1.598
2821 -49.469 -2.644  1.584
2822 -49.469 -2.644  1.584
2823 -49.469 -3.263  1.560
2824 -49.469 -3.263  1.560
2825 -49.469 -4.415  1.530
2826 -49.469 -4.415  1.530
2827 -49.469 -5.910  1.488
2828 -49.469 -5.910  1.488
2829 -49.469 -6.607  1.438
2830 -49.469 -6.607  1.438
2831 -49.469 -7.574  1.382
2832 -49.469 -7.574  1.382
2833 -49.469 -9.151  1.315
2834 -49.469 -9.151  1.315
2835 -49.469 -9.945  1.238
2836 -49.469 -9.945  1.238
2837 -49.469 -11.563  1.152
2838 -49.469 -11.563  1.152
2839 -49.469 -12.613  1.056
2840 -49.469 -12.613  1.056
2841 -49.469 -13.606  0.951
2842 -49.469 -13.606  0.951
2843 -49.469 -15.095  0.836
2844 -49.469 -15.095  0.836
2845 -49.469 -16.220  0.711
2846 -49.469 -16.220  0.711
2847 -49.469 -17.466  0.576
2848 -49.469 -17.466  0.576
2849 -49.469 -18.393  0.432
2850 -49.469 -18.393  0.432
2851 -49.469 -19.711  0.280
2852 -49.469 -19.711  0.280
2853 -49.469 -19.876  0.122
2854 -49.469 -19.876  0.122
2855 -49.469 -20.275 -0.038
2856 -49.469 -20.275 -0.038
2857 -49.469 -20.112 -0.200
2858 -49.469 -20.112 -0.200
2859 -49.469 -20.501 -0.362
2860 -49.469 -20.501 -0.362
2861 -49.469 -20.303 -0.525
2862 -49.469 -20.303 -0.525
2863 -49.469 -20.532 -0.689
2864 -49.469 -20.532 -0.689
2865  0.000 -20.479 -0.853
2866  0.000 -20.479 -0.853
2867  0.000 -20.413 -1.016
2868  0.000 -20.413 -1.016
2869  0.000 -20.175 -1.179
2870  0.000 -20.175 -1.179
2871  0.000 -18.555 -1.333
2872  0.000 -18.555 -1.333
2873  0.000 -16.567 -1.474
2874  0.000 -16.567 -1.474
2875  0.000 -14.262 -1.597
2876  0.000 -14.262 -1.597
2877  0.000 -12.464 -1.704
2878  0.000 -12.464 -1.704
2879  0.000 -9.796 -1.793
2880  0.000 -9.796 -1.793
2881  0.000 -7.735 -1.863
2882  0.000 -7.735 -1.863
2883  0.000 -4.983 -1.916
2884  0.000 -4.983 -1.916
2885  0.000 -3.304 -1.950
2886  0.000 -3.304 -1.950
2887  0.000 -2.055 -1.971
2888  0.000 -2.055 -1.971
2889  0.000 -1.381 -1.985
2890  0.000 -1.381 -1.985
2891  0.000 -1.107 -1.995
2892  0.000 -1.107 -1.995
2893  0.000 -0.528 -2.002
2894  0.000 -0.528 -2.002
2895  0.000 -0.151 -2.004
2896  0.000 -0.151 -2.004
2897  0.000  0.073 -2.005
2898  0.000  0.073 -2.005
2899  0.000  0.243 -2.003
2900  0.000  0.243 -2.003
2901  0.000  0.312 -2.001
2902  0.000  0.312 -2.001
2903  0.000  0.276 -1.999
2904  0.000  0.276 -1.999
2905  0.000  0.164 -1.997
2906  0.000  0.164 -1.997
2907  0.000 -0.042 -1.997
2908  0.000 -0.042 -1.997
2909  0.000 -0.143 -1.997
2910  0.000 -0.143 -1.997
2911  0.000 -0.169 -1.999
2912  0.000 -0.169 -1.999
2913  0.000 -0.104 -2.000
2914  0.000 -0.104 -2.000
2915  0.000 -0.060 -2.000
2916  0.000 -0.060 -2.000
2917  0.000 -0.012 -2.001
2918  0.000 -0.012 -2.001
2919  0.000  0.035 -2.000
2920  0.000  0.035 -2.000
2921  0.000  0.102 -2.000
2922  0.000  0.102 -2.000
2923  0.000  0.083 -1.999
2924  0.000  0.083 -1.999
2925  0.000  0.083 -1.999
2926  0.000  0.083 -1.999
2927  0.000  0.033 -1.998
2928  51.228  0.033 -1.998
2929  51.228 -0.003 -1.998
2930  51.228 -0.003 -1.998
2931  51.228  0.491 -1.996
2932  51.228  0.491 -1.996
2933  51.228  2.045 -1.986
2934  51.228  2.045 -1.986
2935  51.228  3.534 -1.964
2936  51.228  3.534 -1.964
2937  51.228  4.601 -1.931
2938  51.228  4.601 -1.931
2939  51.228  5.677 -1.890
2940  51.228  5.677 -1.890
2941  51.228  6.259 -1.842
2942  51.228  6.259 -1.842
2943  51.228  7.571 -1.787
2944  51.228  7.571 -1.787
2945  51.228  9.436 -1.719
2946  51.228  9.436 -1.719
2947  51.228  10.129 -1.640
2948  51.228  10.129 -1.640
2949  51.228  11.058 -1.556
2950  51.228  11.058 -1.556
2951  51.228  13.205 -1.459
2952  51.228  13.205 -1.459
2953  51.228  15.739 -1.343
2954  51.228  15.739 -1.343
2955  51.228  16.403 -1.214
2956  51.228  16.403 -1.214
2957  51.228  17.076 -1.081
2958  51.228  17.076 -1.081
2959  51.228  17.643 -0.942
2960  51.228  17.643 -0.942
2961  51.228  18.828 -0.796
2962  51.228  18.828 -0.796
2963  51.228  19.263 -0.644
2964  51.228  19.263 -0.644
2965  51.228  19.739 -0.488
2966  51.228  19.739 -0.488
2967  51.228  19.523 -0.331
2968  51.228  19.523 -0.331
2969  51.228  19.985 -0.173
2970  51.228  19.985 -0.173
2971  51.228  19.271 -0.016
2972  51.228  19.271 -0.016
2973  51.228  19.482  0.138
2974  51.228  19.482  0.138
2975  51.228  19.149  0.293
2976  51.228  19.149  0.293
2977  51.228  19.350  0.447
2978  51.228  19.350  0.447
2979  51.228  19.498  0.602
2980  51.228  19.498  0.602
2981  0.000  19.517  0.758
2982  0.000  19.517  0.758
2983  0.000  19.721  0.915
2984  0.000  19.721  0.915
2985  0.000  19.497  1.072
2986  0.000  19.497  1.072
2987  0.000  18.036  1.222
2988  0.000  18.036  1.222
2989  0.000  15.508  1.357
2990  0.000  15.508  1.357
2991  0.000  13.617  1.473
2992  0.000  13.617  1.473
2993  0.000  11.644  1.574
2994  0.000  11.644  1.574
2995  0.000  9.082  1.657
2996  0.000  9.082  1.657
2997  0.000  7.884  1.725
2998  0.000  7.884  1.725
2999  0.000  6.102  1.781