0  5.235 -0.184 -0.001
1  5.235 -0.184 -0.001
2  5.235 -0.184 -0.001
3  5.235 -0.169 -0.003
4  5.235 -0.169 -0.003
5  5.235  0.329 -0.002
6  5.235  0.329 -0.002
7  5.235  0.971  0.002
8  5.235  0.971  0.002
9  5.235  0.802  0.009
10  5.235  0.802  0.009
11  5.235  0.758  0.016
12  5.235  0.758  0.016
13  5.235  0.836  0.022
14  5.235  0.836  0.022
15  5.235  1.394  0.031
16  5.235  1.394  0.031
17  5.235  3.039  0.049
18  5.235  3.039  0.049
19  5.235  3.723  0.076
20  5.235  3.723  0.076
21  5.235  3.755  0.106
22  5.235  3.755  0.106
23  5.235  2.931  0.132
24  5.235  2.931  0.132
25  5.235  2.305  0.153
26  5.235  2.305  0.153
27  5.235  1.551  0.169
28  5.235  1.551  0.169
29  5.235  1.367  0.180
30  5.235  1.367  0.180
31  5.235  1.690  0.193
32  5.235  1.690  0.193
33  5.235  2.050  0.208
34  5.235  2.050  0.208
35  5.235  2.386  0.225
36  5.235  2.386  0.225
37  5.235  2.631  0.245
38  5.235  2.631  0.245
39  5.235  2.483  0.266
40  5.235  2.483  0.266
41  5.235  2.342  0.285
42  5.235  2.342  0.285
43  5.235  2.274  0.304
44  5.235  2.274  0.304
45  5.235  2.327  0.322
46  5.235  2.327  0.322
47  5.235  2.172  0.340
48  5.235  2.172  0.340
49  5.235  2.008  0.357
50  5.235  2.008  0.357
51  5.235  1.943  0.373
52  5.235  1.943  0.373
53  5.235  2.011  0.388
54  5.235  2.011  0.388
55  5.235  2.203  0.405
56  5.235  2.203  0.405
57  5.235  2.379  0.424
58  5.235  2.379  0.424
59  5.235  2.487  0.443
60  5.235  2.487  0.443
61  5.235  2.433  0.463
62  5.235  2.433  0.463
63  5.235  2.296  0.482
64  5.235  2.296  0.482
65  5.235  2.252  0.500
66  5.235  2.252  0.500
67  5.235  2.258  0.518
68  5.235  2.258  0.518
69  5.235  2.171  0.536
70  5.235  2.171  0.536
71  5.235  2.064  0.553
72  5.235  2.064  0.553
73  5.235  2.047  0.569
74  5.235  2.047  0.569
75  5.235  2.163  0.586
76  5.235  2.163  0.586
77  5.235  2.215  0.603
78  5.235  2.215  0.603
79  5.235  2.306  0.621
80  5.235  2.306  0.621
81  5.235  2.441  0.640
82  5.235  2.441  0.640
83  5.235  2.379  0.660
84  5.235  2.379  0.660
85  5.235  2.369  0.679
86  5.235  2.369  0.679
87  0.000  2.406  0.698
88  0.000  2.406  0.698
89  0.000  2.262  0.717
90  0.000  2.262  0.717
91  0.000  1.458  0.731
92  0.000  1.458  0.731
93  0.000  0.340  0.739
94  0.000  0.340  0.739
95  0.000 -0.552  0.738
96  0.000 -0.552  0.738
97  0.000 -1.062  0.731
98  0.000 -1.062  0.731
99  0.000 -0.849  0.724
100  0.000 -0.849  0.724
101  0.000 -0.156  0.720
102  0.000 -0.156  0.720
103  0.000  0.263  0.720
104  0.000  0.263  0.720
105  0.000  0.385  0.723
106  0.000  0.385  0.723
107  0.000  0.251  0.725
108  0.000  0.251  0.725
109  0.000  0.021  0.726
110  0.000  0.021  0.726
111  0.000 -0.093  0.726
112  0.000 -0.093  0.726
113  0.000 -0.025  0.726
114  0.000 -0.025  0.726
115  0.000 -0.057  0.725
116  0.000 -0.057  0.725
117  0.000 -0.002  0.725
118  0.000 -0.002  0.725
119  0.000 -0.015  0.725
120  0.000 -0.015  0.725
121  0.000  0.035  0.725
122  0.000  0.035  0.725
123  0.000  0.002  0.725
124  0.000  0.002  0.725
125  0.000 -0.020  0.725
126  0.000 -0.020  0.725
127  0.000  0.011  0.725
128  0.000  0.011  0.725
129  0.000 -0.018  0.725
130  0.000 -0.018  0.725
131  0.000 -0.009  0.725
132  0.000 -0.009  0.725
133  0.000  0.025  0.725
134  0.000  0.025  0.725
135  0.000  0.015  0.725
136  0.000  0.015  0.725
137  0.000 -0.023  0.725
138  0.000 -0.023  0.725
139  0.000  0.003  0.725
140  0.000  0.003  0.725
141  0.000 -0.031  0.725
142  0.000 -0.031  0.725
143  0.000 -0.008  0.725
144  0.000 -0.008  0.725
145  0.000 -0.009  0.725
146  0.000 -0.009  0.725
147  0.000  0.015  0.725
148  0.000  0.015  0.725
149  0.000 -0.004  0.725
150 -7.592 -0.004  0.725
151 -7.592 -0.024  0.725
152 -7.592 -0.024  0.725
153 -7.592 -0.086  0.724
154 -7.592 -0.086  0.724
155 -7.592 -1.067  0.720
156 -7.592 -1.067  0.720
157 -7.592 -2.674  0.705
158 -7.592 -2.674  0.705
159 -7.592 -3.676  0.679
160 -7.592 -3.676  0.679
161 -7.592 -4.438  0.647
162 -7.592 -4.438  0.647
163 -7.592 -4.505  0.611
164 -7.592 -4.505  0.611
165 -7.592 -3.878  0.578
166 -7.592 -3.878  0.578
167 -7.592 -3.161  0.549
168 -7.592 -3.161  0.549
169 -7.592 -2.640  0.526
170 -7.592 -2.640  0.526
171 -7.592 -2.403  0.506
172 -7.592 -2.403  0.506
173 -7.592 -2.539  0.486
174 -7.592 -2.539  0.486
175 -7.592 -3.146  0.463
176 -7.592 -3.146  0.463
177 -7.592 -3.477  0.437
178 -7.592 -3.477  0.437
179 -7.592 -3.629  0.409
180 -7.592 -3.629  0.409
181 -7.592 -3.737  0.379
182 -7.592 -3.737  0.379
183 -7.592 -3.494  0.350
184 -7.592 -3.494  0.350
185 -7.592 -3.096  0.324
186 -7.592 -3.096  0.324
187 -7.592 -2.912  0.300
188 -7.592 -2.912  0.300
189 -7.592 -2.968  0.276
190 -7.592 -2.968  0.276
191 -7.592 -3.066  0.252
192 -7.592 -3.066  0.252
193 -7.592 -3.091  0.227
194 -7.592 -3.091  0.227
195 -7.592 -3.232  0.202
196 -7.592 -3.232  0.202
197 -7.592 -3.362  0.176
198 -7.592 -3.362  0.176
199 -7.592 -3.396  0.149
200 -7.592 -3.396  0.149
201 -7.592 -3.301  0.122
202 -7.592 -3.301  0.122
203 -7.592 -3.156  0.096
204 -7.592 -3.156  0.096
205 -7.592 -3.235  0.071
206 -7.592 -3.235  0.071
207 -7.592 -3.237  0.045
208 -7.592 -3.237  0.045
209 -7.592 -3.168  0.019
210 -7.592 -3.168  0.019
211 -7.592 -3.252 -0.006
212 -7.592 -3.252 -0.006
213 -7.592 -3.298 -0.032
214 -7.592 -3.298 -0.032
215 -7.592 -3.369 -0.059
216 -7.592 -3.369 -0.059
217 -7.592 -3.304 -0.085
218 -7.592 -3.304 -0.085
219 -7.592 -3.314 -0.112
220 -7.592 -3.314 -0.112
221 -7.592 -3.222 -0.138
222 -7.592 -3.222 -0.138
223 -7.592 -3.135 -0.163
224 -7.592 -3.135 -0.163
225 -7.592 -3.178 -0.189
226 -7.592 -3.178 -0.189
227 -7.592 -3.273 -0.214
228 -7.592 -3.273 -0.214
229 -7.592 -3.293 -0.241
230 -7.592 -3.293 -0.241
231 -7.592 -3.264 -0.267
232 -7.592 -3.264 -0.267
233 -7.592 -3.352 -0.293
234 -7.592 -3.352 -0.293
235 -7.592 -3.363 -0.320
236 -7.592 -3.363 -0.320
237 -7.592 -3.205 -0.347
238 -7.592 -3.205 -0.347
239 -7.592 -2.994 -0.371
240 -7.592 -2.994 -0.371
241 -7.592 -3.101 -0.396
242 -7.592 -3.101 -0.396
243 -7.592 -3.127 -0.421
244 -7.592 -3.127 -0.421
245 -7.592 -3.203 -0.446
246 -7.592 -3.203 -0.446
247 -7.592 -3.362 -0.472
248 -7.592 -3.362 -0.472
249 -7.592 -3.539 -0.500
250 -7.592 -3.539 -0.500
251 -7.592 -3.490 -0.528
252 -7.592 -3.490 -0.528
253 -7.592 -3.115 -0.554
254 -7.592 -3.115 -0.554
255 -7.592 -2.962 -0.579
256 -7.592 -2.962 -0.579
257 -7.592 -2.910 -0.602
258 -7.592 -2.910 -0.602
259 -7.592 -2.977 -0.626
260 -7.592 -2.977 -0.626
261 -7.592 -3.142 -0.650
262 -7.592 -3.142 -0.650
263 -7.592 -3.524 -0.677
264 -7.592 -3.524 -0.677
265  0.000 -3.732 -0.706
266  0.000 -3.732 -0.706
267  0.000 -3.549 -0.735
268  0.000 -3.549 -0.735
269  0.000 -2.945 -0.761
270  0.000 -2.945 -0.761
271  0.000 -1.668 -0.779
272  0.000 -1.668 -0.779
273  0.000  0.156 -0.786
274  0.000  0.156 -0.786
275  0.000  1.028 -0.781
276  0.000  1.028 -0.781
277  0.000  1.228 -0.772
278  0.000  1.228 -0.772
279  0.000  0.863 -0.763
280  0.000  0.863 -0.763
281  0.000  0.053 -0.760
282  0.000  0.053 -0.760
283  0.000 -0.273 -0.761
284  0.000 -0.273 -0.761
285  0.000 -0.313 -0.763
286  0.000 -0.313 -0.763
287  0.000 -0.272 -0.765
288  0.000 -0.272 -0.765
289  0.000 -0.152 -0.767
290  0.000 -0.152 -0.767
291  0.000  0.026 -0.767
292  0.000  0.026 -0.767
293  0.000 -0.032 -0.768
294  0.000 -0.032 -0.768
295  0.000 -0.023 -0.768
296  0.000 -0.023 -0.768
297  0.000 -0.008 -0.768
298  0.000 -0.008 -0.768
299  0.000 -0.020 -0.768
300  0.000 -0.020 -0.768
301  0.000 -0.008 -0.768
302  0.000 -0.008 -0.768
303  0.000  0.043 -0.768
304  0.000  0.043 -0.768
305  0.000  0.001 -0.768
306  0.000  0.001 -0.768
307  0.000 -0.015 -0.768
308  0.000 -0.015 -0.768
309  0.000 -0.004 -0.768
310  0.000 -0.004 -0.768
311  0.000 -0.026 -0.768
312  0.000 -0.026 -0.768
313  0.000 -0.011 -0.768
314  0.000 -0.011 -0.768
315  0.000  0.0010 -0.768
316  0.000  0.0010 -0.768
317  0.000 -0.015 -0.768
318  0.000 -0.015 -0.768
319  0.000  0.013 -0.768
320  0.000  0.013 -0.768
321  0.000 -0.035 -0.768
322  0.000 -0.035 -0.768
323  0.000 -0.014 -0.769
324  0.000 -0.014 -0.769
325  0.000 -0.030 -0.769
326  0.000 -0.030 -0.769
327  0.000  0.021 -0.769
328  10.388  0.021 -0.769
329  10.388 -0.006 -0.769
330  10.388 -0.006 -0.769
331  10.388  0.070 -0.768
332  10.388  0.070 -0.768
333  10.388  1.705 -0.761
334  10.388  1.705 -0.761
335  10.388  3.477 -0.741
336  10.388  3.477 -0.741
337  10.388  5.301 -0.705
338  10.388  5.301 -0.705
339  10.388  6.041 -0.660
340  10.388  6.041 -0.660
341  10.388  5.569 -0.614
342  10.388  5.569 -0.614
343  10.388  4.823 -0.572
344  10.388  4.823 -0.572
345  10.388  3.787 -0.537
346  10.388  3.787 -0.537
347  10.388  3.396 -0.508
348  10.388  3.396 -0.508
349  10.388  3.648 -0.480
350  10.388  3.648 -0.480
351  10.388  4.270 -0.448
352  10.388  4.270 -0.448
353  10.388  4.614 -0.413
354  10.388  4.614 -0.413
355  10.388  4.989 -0.374
356  10.388  4.989 -0.374
357  10.388  4.853 -0.335
358  10.388  4.853 -0.335
359  10.388  4.551 -0.297
360  10.388  4.551 -0.297
361  10.388  4.340 -0.262
362  10.388  4.340 -0.262
363  10.388  4.204 -0.227
364  10.388  4.204 -0.227
365  10.388  4.200 -0.194
366  10.388  4.200 -0.194
367  10.388  4.375 -0.159
368  10.388  4.375 -0.159
369  10.388  4.393 -0.124
370  10.388  4.393 -0.124
371  10.388  4.525 -0.089
372  10.388  4.525 -0.089
373  10.388  4.622 -0.052
374  10.388  4.622 -0.052
375  10.388  4.546 -0.015
376  10.388  4.546 -0.015
377  10.388  4.549  0.020
378  10.388  4.549  0.020
379  10.388  4.407  0.056
380  10.388  4.407  0.056
381  10.388  4.393  0.091
382  10.388  4.393  0.091
383  10.388  4.334  0.126
384  10.388  4.334  0.126
385  10.388  4.179  0.160
386  10.388  4.179  0.160
387  10.388  4.242  0.194
388  10.388  4.242  0.194
389  10.388  4.298  0.228
390  10.388  4.298  0.228
391  10.388  4.367  0.262
392  10.388  4.367  0.262
393  10.388  4.682  0.299
394  10.388  4.682  0.299
395  10.388  4.549  0.336
396  10.388  4.549  0.336
397  10.388  4.385  0.371
398  10.388  4.385  0.371
399  10.388  4.356  0.406
400  10.388  4.356  0.406
401  10.388  4.318  0.441
402  10.388  4.318  0.441
403  10.388  4.455  0.476
404  10.388  4.455  0.476
405  10.388  4.576  0.512
406  10.388  4.576  0.512
407  10.388  4.482  0.548
408  10.388  4.482  0.548
409  10.388  4.435  0.584
410  10.388  4.435  0.584
411  10.388  4.350  0.619
412  10.388  4.350  0.619
413  10.388  4.469  0.655
414  10.388  4.469  0.655
415  10.388  4.631  0.691
416  10.388  4.631  0.691
417  0.000  4.543  0.728
418  0.000  4.543  0.728
419  0.000  4.419  0.764
420  0.000  4.419  0.764
421  0.000  3.584  0.796
422  0.000  3.584  0.796
423  0.000  2.109  0.819
424  0.000  2.109  0.819
425  0.000  0.161  0.828
426  0.000  0.161  0.828
427  0.000 -0.867  0.825
428  0.000 -0.867  0.825
429  0.000 -1.431  0.816
430  0.000 -1.431  0.816
431  0.000 -1.157  0.805
432  0.000 -1.157  0.805
433  0.000 -0.234  0.800
434  0.000 -0.234  0.800
435  0.000  0.367  0.800
436  0.000  0.367  0.800
437  0.000  0.743  0.805
438  0.000  0.743  0.805
439  0.000  0.609  0.810
440  0.000  0.609  0.810
441  0.000  0.284  0.814
442  0.000  0.284  0.814
443  0.000 -0.177  0.814
444  0.000 -0.177  0.814
445  0.000 -0.255  0.812
446  0.000 -0.255  0.812
447  0.000 -0.223  0.810
448  0.000 -0.223  0.810
449  0.000 -0.144  0.809
450  0.000 -0.144  0.809
451  0.000 -0.016  0.808
452  0.000 -0.016  0.808
453  0.000  0.077  0.809
454  0.000  0.077  0.809
455  0.000  0.080  0.809
456  0.000  0.080  0.809
457  0.000  0.045  0.810
458  0.000  0.045  0.810
459  0.000  0.018  0.810
460  0.000  0.018  0.810
461  0.000 -0.040  0.810
462  0.000 -0.040  0.810
463  0.000 -0.040  0.810
464  0.000 -0.040  0.810
465  0.000  0.002  0.809
466  0.000  0.002  0.809
467  0.000 -0.013  0.809
468  0.000 -0.013  0.809
469  0.000 -0.035  0.809
470  0.000 -0.035  0.809
471  0.000  0.035  0.809
472  0.000  0.035  0.809
473  0.000 -0.005  0.809
474  0.000 -0.005  0.809
475  0.000  0.008  0.809
476  0.000  0.008  0.809
477  0.000  0.006  0.809
478  0.000  0.006  0.809
479  0.000  0.018  0.809
480 -12.775  0.018  0.809
481 -12.775 -0.030  0.809
482 -12.775 -0.030  0.809
483 -12.775 -0.064  0.809
484 -12.775 -0.064  0.809
485 -12.775 -1.810  0.802
486 -12.775 -1.810  0.802
487 -12.775 -3.388  0.781
488 -12.775 -3.388  0.781
489 -12.775 -4.740  0.748
490 -12.775 -4.740  0.748
491 -12.775 -5.384  0.708
492 -12.775 -5.384  0.708
493 -12.775 -5.773  0.663
494 -12.775 -5.773  0.663
495 -12.775 -5.661  0.617
496 -12.775 -5.661  0.617
497 -12.775 -5.448  0.573
498 -12.775 -5.448  0.573
499 -12.775 -5.319  0.530
500 -12.775 -5.319  0.530
501 -12.775 -5.286  0.487
502 -12.775 -5.286  0.487
503 -12.775 -5.306  0.445
504 -12.775 -5.306  0.445
505 -12.775 -5.389  0.402
506 -12.775 -5.389  0.402
507 -12.775 -5.200  0.360
508 -12.775 -5.200  0.360
509 -12.775 -5.393  0.318
510 -12.775 -5.393  0.318
511 -12.775 -5.366  0.274
512 -12.775 -5.366  0.274
513 -12.775 -5.477  0.231
514 -12.775 -5.477  0.231
515 -12.775 -5.468  0.187
516 -12.775 -5.468  0.187
517 -12.775 -5.437  0.144
518 -12.775 -5.437  0.144
519 -12.775 -5.521  0.0100
520 -12.775 -5.521  0.0100
521 -12.775 -5.527  0.056
522 -12.775 -5.527  0.056
523 -12.775 -5.556  0.011
524 -12.775 -5.556  0.011
525 -12.775 -5.518 -0.032
526 -12.775 -5.518 -0.032
527 -12.775 -5.519 -0.076
528 -12.775 -5.519 -0.076
529 -12.775 -5.477 -0.120
530 -12.775 -5.477 -0.120
531 -12.775 -5.447 -0.164
532 -12.775 -5.447 -0.164
533 -12.775 -5.338 -0.207
534 -12.775 -5.338 -0.207
535 -12.775 -5.467 -0.250
536 -12.775 -5.467 -0.250
537 -12.775 -5.364 -0.294
538 -12.775 -5.364 -0.294
539 -12.775 -5.394 -0.337
540 -12.775 -5.394 -0.337
541 -12.775 -5.439 -0.380
542 -12.775 -5.439 -0.380
543 -12.775 -5.446 -0.423
544 -12.775 -5.446 -0.423
545 -12.775 -5.588 -0.468
546 -12.775 -5.588 -0.468
547 -12.775 -5.405 -0.512
548 -12.775 -5.405 -0.512
549 -12.775 -5.246 -0.554
550 -12.775 -5.246 -0.554
551 -12.775 -5.193 -0.596
552 -12.775 -5.193 -0.596
553 -12.775 -5.513 -0.638
554 -12.775 -5.513 -0.638
555 -12.775 -5.646 -0.683
556 -12.775 -5.646 -0.683
557  0.000 -5.695 -0.728
558  0.000 -5.695 -0.728
559  0.000 -5.587 -0.773
560  0.000 -5.587 -0.773
561  0.000 -4.947 -0.815
562  0.000 -4.947 -0.815
563  0.000 -3.135 -0.848
564  0.000 -3.135 -0.848
565  0.000 -1.745 -0.867
566  0.000 -1.745 -0.867
567  0.000 -0.024 -0.874
568  0.000 -0.024 -0.874
569  0.000  0.766 -0.871
570  0.000  0.766 -0.871
571  0.000  1.069 -0.864
572  0.000  1.069 -0.864
573  0.000  0.886 -0.856
574  0.000  0.886 -0.856
575  0.000  0.454 -0.851
576  0.000  0.454 -0.851
577  0.000 -0.080 -0.849
578  0.000 -0.080 -0.849
579  0.000 -0.268 -0.851
580  0.000 -0.268 -0.851
581  0.000 -0.223 -0.853
582  0.000 -0.223 -0.853
583  0.000 -0.160 -0.854
584  0.000 -0.160 -0.854
585  0.000 -0.050 -0.855
586  0.000 -0.050 -0.855
587  0.000  0.005 -0.855
588  0.000  0.005 -0.855
589  0.000  0.016 -0.855
590  0.000  0.016 -0.855
591  0.000 -0.002 -0.855
592  0.000 -0.002 -0.855
593  0.000 -0.020 -0.855
594  0.000 -0.020 -0.855
595  0.000  0.020 -0.855
596  0.000  0.020 -0.855
597  0.000  0.025 -0.855
598  0.000  0.025 -0.855
599  0.000  0.043 -0.855
600  0.000  0.043 -0.855
601  0.000  0.021 -0.855
602  0.000  0.021 -0.855
603  0.000 -0.0010 -0.855
604  0.000 -0.0010 -0.855
605  0.000 -0.003 -0.855
606  0.000 -0.003 -0.855
607  0.000 -0.039 -0.855
608  0.000 -0.039 -0.855
609  0.000 -0.001 -0.855
610  0.000 -0.001 -0.855
611  0.000  0.013 -0.855
612  0.000  0.013 -0.855
613  0.000 -0.023 -0.855
614  0.000 -0.023 -0.855
615  0.000 -0.014 -0.855
616  0.000 -0.014 -0.855
617  0.000 -0.021 -0.855
618  0.000 -0.021 -0.855
619  0.000 -0.007 -0.855
620  14.974 -0.007 -0.855
621  14.974 -0.041 -0.856
622  14.974 -0.041 -0.856
623  14.974  0.356 -0.854
624  14.974  0.356 -0.854
625  14.974  2.007 -0.845
626  14.974  2.007 -0.845
627  14.974  4.149 -0.822
628  14.974  4.149 -0.822
629  14.974  5.143 -0.785
630  14.974  5.143 -0.785
631  14.974  6.140 -0.740
632  14.974  6.140 -0.740
633  14.974  6.977 -0.687
634  14.974  6.977 -0.687
635  14.974  6.821 -0.632
636  14.974  6.821 -0.632
637  14.974  6.332 -0.580
638  14.974  6.332 -0.580
639  14.974  6.062 -0.530
640  14.974  6.062 -0.530
641  14.974  5.994 -0.482
642  14.974  5.994 -0.482
643  14.974  6.186 -0.433
644  14.974  6.186 -0.433
645  14.974  6.338 -0.383
646  14.974  6.338 -0.383
647  14.974  6.531 -0.331
648  14.974  6.531 -0.331
649  14.974  6.597 -0.279
650  14.974  6.597 -0.279
651  14.974  6.593 -0.226
652  14.974  6.593 -0.226
653  14.974  6.508 -0.174
654  14.974  6.508 -0.174
655  14.974  6.474 -0.122
656  14.974  6.474 -0.122
657  14.974  6.365 -0.070
658  14.974  6.365 -0.070
659  14.974  6.389 -0.019
660  14.974  6.389 -0.019
661  14.974  6.323  0.030
662  14.974  6.323  0.030
663  14.974  6.379  0.081
664  14.974  6.379  0.081
665  14.974  6.253  0.132
666  14.974  6.253  0.132
667  14.974  6.284  0.182
668  14.974  6.284  0.182
669  14.974  6.327  0.232
670  14.974  6.327  0.232
671  14.974  6.367  0.283
672  14.974  6.367  0.283
673  14.974  6.362  0.334
674  14.974  6.362  0.334
675  14.974  6.414  0.385
676  14.974  6.414  0.385
677  14.974  6.545  0.437
678  14.974  6.545  0.437
679  14.974  6.494  0.489
680  14.974  6.494  0.489
681  14.974  6.419  0.541
682  14.974  6.419  0.541
683  14.974  6.306  0.592
684  14.974  6.306  0.592
685  14.974  6.543  0.643
686  14.974  6.543  0.643
687  14.974  6.480  0.695
688  14.974  6.480  0.695
689  0.000  6.372  0.747
690  0.000  6.372  0.747
691  0.000  6.259  0.797
692  0.000  6.259  0.797
693  0.000  5.438  0.844
694  0.000  5.438  0.844
695  0.000  3.941  0.881
696  0.000  3.941  0.881
697  0.000  1.802  0.904
698  0.000  1.802  0.904
699  0.000  0.414  0.913
700  0.000  0.414  0.913
701  0.000 -0.686  0.912
702  0.000 -0.686  0.912
703  0.000 -0.875  0.906
704  0.000 -0.875  0.906
705  0.000 -0.799  0.899
706  0.000 -0.799  0.899
707  0.000 -0.333  0.895
708  0.000 -0.333  0.895
709  0.000  0.124  0.894
710  0.000  0.124  0.894
711  0.000  0.407  0.896
712  0.000  0.407  0.896
713  0.000  0.301  0.899
714  0.000  0.301  0.899
715  0.000  0.165  0.901
716  0.000  0.165  0.901
717  0.000 -0.020  0.901
718  0.000 -0.020  0.901
719  0.000 -0.087  0.901
720  0.000 -0.087  0.901
721  0.000 -0.184  0.900
722  0.000 -0.184  0.900
723  0.000 -0.158  0.898
724  0.000 -0.158  0.898
725  0.000 -0.069  0.898
726  0.000 -0.069  0.898
727  0.000  0.019  0.897
728  0.000  0.019  0.897
729  0.000  0.092  0.898
730  0.000  0.092  0.898
731  0.000  0.082  0.898
732  0.000  0.082  0.898
733  0.000  0.041  0.899
734  0.000  0.041  0.899
735  0.000 -0.023  0.899
736  0.000 -0.023  0.899
737  0.000  0.009  0.899
738  0.000  0.009  0.899
739  0.000 -0.041  0.899
740  0.000 -0.041  0.899
741  0.000 -0.021  0.899
742  0.000 -0.021  0.899
743  0.000 -0.003  0.899
744  0.000 -0.003  0.899
745  0.000  0.028  0.899
746  0.000  0.028  0.899
747  0.000  0.008  0.899
748  0.000  0.008  0.899
749  0.000  0.016  0.899
750  0.000  0.016  0.899
751  0.000 -0.009  0.899
752 -17.048 -0.009  0.899
753 -17.048 -0.033  0.899
754 -17.048 -0.033  0.899
755 -17.048 -0.147  0.898
756 -17.048 -0.147  0.898
757 -17.048 -2.331  0.888
758 -17.048 -2.331  0.888
759 -17.048 -3.790  0.864
760 -17.048 -3.790  0.864
761 -17.048 -4.742  0.830
762 -17.048 -4.742  0.830
763 -17.048 -4.852  0.792
764 -17.048 -4.852  0.792
765 -17.048 -5.491  0.751
766 -17.048 -5.491  0.751
767 -17.048 -6.016  0.705
768 -17.048 -6.016  0.705
769 -17.048 -6.394  0.655
770 -17.048 -6.394  0.655
771 -17.048 -7.026  0.602
772 -17.048 -7.026  0.602
773 -17.048 -7.396  0.544
774 -17.048 -7.396  0.544
775 -17.048 -7.404  0.485
776 -17.048 -7.404  0.485
777 -17.048 -7.327  0.426
778 -17.048 -7.327  0.426
779 -17.048 -7.294  0.367
780 -17.048 -7.294  0.367
781 -17.048 -7.131  0.310
782 -17.048 -7.131  0.310
783 -17.048 -7.055  0.253
784 -17.048 -7.055  0.253
785 -17.048 -7.143  0.196
786 -17.048 -7.143  0.196
787 -17.048 -7.226  0.139
788 -17.048 -7.226  0.139
789 -17.048 -7.370  0.080
790 -17.048 -7.370  0.080
791 -17.048 -7.472  0.021
792 -17.048 -7.472  0.021
793 -17.048 -7.347 -0.038
794 -17.048 -7.347 -0.038
795 -17.048 -7.264 -0.096
796 -17.048 -7.264 -0.096
797 -17.048 -7.214 -0.154
798 -17.048 -7.214 -0.154
799 -17.048 -7.124 -0.211
800 -17.048 -7.124 -0.211
801 -17.048 -7.131 -0.268
802 -17.048 -7.131 -0.268
803 -17.048 -7.184 -0.326
804 -17.048 -7.184 -0.326
805 -17.048 -7.221 -0.383
806 -17.048 -7.221 -0.383
807 -17.048 -7.114 -0.440
808 -17.048 -7.114 -0.440
809 -17.048 -7.094 -0.497
810 -17.048 -7.094 -0.497
811 -17.048 -7.297 -0.555
812 -17.048 -7.297 -0.555
813 -17.048 -7.467 -0.614
814 -17.048 -7.467 -0.614
815 -17.048 -7.404 -0.673
816 -17.048 -7.404 -0.673
817  0.000 -7.484 -0.733
818  0.000 -7.484 -0.733
819  0.000 -7.444 -0.793
820  0.000 -7.444 -0.793
821  0.000 -6.827 -0.850
822  0.000 -6.827 -0.850
823  0.000 -5.089 -0.897
824  0.000 -5.089 -0.897
825  0.000 -3.890 -0.933
826  0.000 -3.890 -0.933
827  0.000 -2.203 -0.958
828  0.000 -2.203 -0.958
829  0.000 -0.977 -0.970
830  0.000 -0.977 -0.970
831  0.000  0.281 -0.973
832  0.000  0.281 -0.973
833  0.000  0.768 -0.969
834  0.000  0.768 -0.969
835  0.000  0.875 -0.962
836  0.000  0.875 -0.962
837  0.000  0.612 -0.956
838  0.000  0.612 -0.956
839  0.000  0.219 -0.953
840  0.000  0.219 -0.953
841  0.000 -0.175 -0.953
842  0.000 -0.175 -0.953
843  0.000 -0.228 -0.955
844  0.000 -0.228 -0.955
845  0.000 -0.188 -0.956
846  0.000 -0.188 -0.956
847  0.000 -0.068 -0.957
848  0.000 -0.068 -0.957
849  0.000 -0.020 -0.958
850  0.000 -0.020 -0.958
851  0.000  0.035 -0.958
852  0.000  0.035 -0.958
853  0.000 -0.015 -0.957
854  0.000 -0.015 -0.957
855  0.000  0.032 -0.957
856  0.000  0.032 -0.957
857  0.000  0.009 -0.957
858  0.000  0.009 -0.957
859  0.000  0.031 -0.957
860  0.000  0.031 -0.957
861  0.000  0.025 -0.957
862  0.000  0.025 -0.957
863  0.000  0.019 -0.957
864  0.000  0.019 -0.957
865  0.000  0.018 -0.956
866  0.000  0.018 -0.956
867  0.000 -0.018 -0.956
868  0.000 -0.018 -0.956
869  0.000 -0.006 -0.957
870  0.000 -0.006 -0.957
871  0.000  0.0010 -0.957
872  0.000  0.0010 -0.957
873  0.000  0.023 -0.956
874  0.000  0.023 -0.956
875  0.000 -0.020 -0.956
876  0.000 -0.020 -0.956
877  0.000  0.067 -0.956
878  0.000  0.067 -0.956
879  0.000 -0.006 -0.956
880  19.058 -0.006 -0.956
881  19.058  0.025 -0.956
882  19.058  0.025 -0.956
883  19.058  0.288 -0.955
884  19.058  0.288 -0.955
885  19.058  1.661 -0.947
886  19.058  1.661 -0.947
887  19.058  3.342 -0.927
888  19.058  3.342 -0.927
889  19.058  4.438 -0.896
890  19.058  4.438 -0.896
891  19.058  6.222 -0.853
892  19.058  6.222 -0.853
893  19.058  7.494 -0.798
894  19.058  7.494 -0.798
895  19.058  8.462 -0.734
896  19.058  8.462 -0.734
897  19.058  8.810 -0.665
898  19.058  8.810 -0.665
899  19.058  8.425 -0.596
900  19.058  8.425 -0.596
901  19.058  8.018 -0.531
902  19.058  8.018 -0.531
903  19.058  7.934 -0.467
904  19.058  7.934 -0.467
905  19.058  7.844 -0.404
906  19.058  7.844 -0.404
907  19.058  8.070 -0.340
908  19.058  8.070 -0.340
909  19.058  8.210 -0.274
910  19.058  8.210 -0.274
911  19.058  8.275 -0.208
912  19.058  8.275 -0.208
913  19.058  8.394 -0.142
914  19.058  8.394 -0.142
915  19.058  8.309 -0.075
916  19.058  8.309 -0.075
917  19.058  8.191 -0.009
918  19.058  8.191 -0.009
919  19.058  7.956  0.055
920  19.058  7.956  0.055
921  19.058  7.885  0.118
922  19.058  7.885  0.118
923  19.058  7.818  0.181
924  19.058  7.818  0.181
925  19.058  7.879  0.244
926  19.058  7.879  0.244
927  19.058  7.998  0.307
928  19.058  7.998  0.307
929  19.058  8.176  0.372
930  19.058  8.176  0.372
931  19.058  8.321  0.438
932  19.058  8.321  0.438
933  19.058  8.272  0.504
934  19.058  8.272  0.504
935  19.058  8.277  0.570
936  19.058  8.277  0.570
937  19.058  8.207  0.636
938  19.058  8.207  0.636
939  0.000  8.108  0.702
940  0.000  8.108  0.702
941  0.000  8.094  0.766
942  0.000  8.094  0.766
943  0.000  7.195  0.828
944  0.000  7.195  0.828
945  0.000  5.855  0.880
946  0.000  5.855  0.880
947  0.000  3.638  0.918
948  0.000  3.638  0.918
949  0.000  2.170  0.941
950  0.000  2.170  0.941
951  0.000  0.591  0.952
952  0.000  0.591  0.952
953  0.000 -0.145  0.954
954  0.000 -0.145  0.954
955  0.000 -0.487  0.951
956  0.000 -0.487  0.951
957  0.000 -0.453  0.948
958  0.000 -0.453  0.948
959  0.000 -0.170  0.945
960  0.000 -0.170  0.945
961  0.000  0.085  0.945
962  0.000  0.085  0.945
963  0.000  0.157  0.946
964  0.000  0.157  0.946
965  0.000  0.060  0.947
966  0.000  0.060  0.947
967  0.000 -0.105  0.946
968  0.000 -0.105  0.946
969  0.000 -0.181  0.945
970  0.000 -0.181  0.945
971  0.000 -0.194  0.944
972  0.000 -0.194  0.944
973  0.000 -0.078  0.943
974  0.000 -0.078  0.943
975  0.000  0.062  0.943
976  0.000  0.062  0.943
977  0.000  0.106  0.943
978  0.000  0.106  0.943
979  0.000  0.115  0.944
980  0.000  0.115  0.944
981  0.000  0.083  0.945
982  0.000  0.083  0.945
983  0.000  0.000  0.945
984  0.000  0.000  0.945
985  0.000 -0.050  0.945
986  0.000 -0.050  0.945
987  0.000 -0.062  0.945
988  0.000 -0.062  0.945
989  0.000 -0.043  0.944
990  0.000 -0.043  0.944
991  0.000 -0.036  0.944
992  0.000 -0.036  0.944
993  0.000 -0.030  0.944
994  0.000 -0.030  0.944
995  0.000  0.013  0.943
996  0.000  0.013  0.943
997  0.000  0.000  0.944
998  0.000  0.000  0.944
999  0.000  0.043  0.944
1000  0.000  0.043  0.944
1001  0.000  0.016  0.944
1002 -20.975  0.016  0.944
1003 -20.975  0.003  0.944
1004 -20.975  0.003  0.944
1005 -20.975 -0.174  0.943
1006 -20.975 -0.174  0.943
1007 -20.975 -2.559  0.932
1008 -20.975 -2.559  0.932
1009 -20.975 -3.732  0.907
1010 -20.975 -3.732  0.907
1011 -20.975 -4.442  0.875
1012 -20.975 -4.442  0.875
1013 -20.975 -4.918  0.837
1014 -20.975 -4.918  0.837
1015 -20.975 -5.983  0.793
1016 -20.975 -5.983  0.793
1017 -20.975 -6.690  0.743
1018 -20.975 -6.690  0.743
1019 -20.975 -7.482  0.686
1020 -20.975 -7.482  0.686
1021 -20.975 -8.486  0.622
1022 -20.975 -8.486  0.622
1023 -20.975 -8.636  0.554
1024 -20.975 -8.636  0.554
1025 -20.975 -8.711  0.484
1026 -20.975 -8.711  0.484
1027 -20.975 -8.833  0.414
1028 -20.975 -8.833  0.414
1029 -20.975 -8.856  0.343
1030 -20.975 -8.856  0.343
1031 -20.975 -8.934  0.272
1032 -20.975 -8.934  0.272
1033 -20.975 -8.985  0.201
1034 -20.975 -8.985  0.201
1035 -20.975 -8.984  0.129
1036 -20.975 -8.984  0.129
1037 -20.975 -8.907  0.057
1038 -20.975 -8.907  0.057
1039 -20.975 -8.773 -0.013
1040 -20.975 -8.773 -0.013
1041 -20.975 -8.765 -0.083
1042 -20.975 -8.765 -0.083
1043 -20.975 -8.723 -0.153
1044 -20.975 -8.723 -0.153
1045 -20.975 -8.798 -0.223
1046 -20.975 -8.798 -0.223
1047 -20.975 -8.843 -0.293
1048 -20.975 -8.843 -0.293
1049 -20.975 -8.739 -0.364
1050 -20.975 -8.739 -0.364
1051 -20.975 -8.816 -0.434
1052 -20.975 -8.816 -0.434
1053 -20.975 -8.998 -0.505
1054 -20.975 -8.998 -0.505
1055 -20.975 -9.021 -0.577
1056 -20.975 -9.021 -0.577
1057 -20.975 -9.176 -0.650
1058 -20.975 -9.176 -0.650
1059  0.000 -9.071 -0.723
1060  0.000 -9.071 -0.723
1061  0.000 -8.807 -0.795
1062  0.000 -8.807 -0.795
1063  0.000 -7.986 -0.862
1064  0.000 -7.986 -0.862
1065  0.000 -7.011 -0.922
1066  0.000 -7.011 -0.922
1067  0.000 -5.299 -0.971
1068  0.000 -5.299 -0.971
1069  0.000 -4.165 -1.009
1070  0.000 -4.165 -1.009
1071  0.000 -2.663 -1.036
1072  0.000 -2.663 -1.036
1073  0.000 -1.515 -1.053
1074  0.000 -1.515 -1.053
1075  0.000 -0.396 -1.061
1076  0.000 -0.396 -1.061
1077  0.000  0.412 -1.060
1078  0.000  0.412 -1.060
1079  0.000  0.815 -1.056
1080  0.000  0.815 -1.056
1081  0.000  0.860 -1.049
1082  0.000  0.860 -1.049
1083  0.000  0.536 -1.043
1084  0.000  0.536 -1.043
1085  0.000 -0.012 -1.041
1086  0.000 -0.012 -1.041
1087  0.000 -0.217 -1.042
1088  0.000 -0.217 -1.042
1089  0.000 -0.315 -1.044
1090  0.000 -0.315 -1.044
1091  0.000 -0.211 -1.046
1092  0.000 -0.211 -1.046
1093  0.000 -0.075 -1.047
1094  0.000 -0.075 -1.047
1095  0.000  0.052 -1.048
1096  0.000  0.052 -1.048
1097  0.000  0.015 -1.047
1098  0.000  0.015 -1.047
1099  0.000  0.040 -1.047
1100  0.000  0.040 -1.047
1101  0.000  0.040 -1.047
1102  0.000  0.040 -1.047
1103  0.000  0.093 -1.046
1104  0.000  0.093 -1.046
1105  0.000  0.008 -1.046
1106  0.000  0.008 -1.046
1107  0.000  0.016 -1.046
1108  0.000  0.016 -1.046
1109  0.000 -0.0010 -1.046
1110  0.000 -0.0010 -1.046
1111  0.000 -0.016 -1.046
1112  0.000 -0.016 -1.046
1113  0.000  0.050 -1.046
1114  0.000  0.050 -1.046
1115  0.000 -0.036 -1.046
1116  0.000 -0.036 -1.046
1117  0.000  0.021 -1.046
1118  0.000  0.021 -1.046
1119  0.000  0.003 -1.046
1120  0.000  0.003 -1.046
1121  0.000  0.002 -1.046
1122  22.860  0.002 -1.046
1123  22.860 -0.011 -1.046
1124  22.860 -0.011 -1.046
1125  22.860  0.193 -1.045
1126  22.860  0.193 -1.045
1127  22.860  1.870 -1.037
1128  22.860  1.870 -1.037
1129  22.860  2.913 -1.018
1130  22.860  2.913 -1.018
1131  22.860  4.018 -0.990
1132  22.860  4.018 -0.990
1133  22.860  5.684 -0.951
1134  22.860  5.684 -0.951
1135  22.860  7.276 -0.899
1136  22.860  7.276 -0.899
1137  22.860  8.842 -0.835
1138  22.860  8.842 -0.835
1139  22.860  9.753 -0.760
1140  22.860  9.753 -0.760
1141  22.860  9.940 -0.682
1142  22.860  9.940 -0.682
1143  22.860  9.769 -0.603
1144  22.860  9.769 -0.603
1145  22.860  9.591 -0.525
1146  22.860  9.591 -0.525
1147  22.860  9.531 -0.449
1148  22.860  9.531 -0.449
1149  22.860  9.569 -0.372
1150  22.860  9.569 -0.372
1151  22.860  9.790 -0.295
1152  22.860  9.790 -0.295
1153  22.860  9.947 -0.216
1154  22.860  9.947 -0.216
1155  22.860  10.073 -0.136
1156  22.860  10.073 -0.136
1157  22.860  10.021 -0.056
1158  22.860  10.021 -0.056
1159  22.860  9.766  0.023
1160  22.860  9.766  0.023
1161  22.860  9.514  0.0100
1162  22.860  9.514  0.0100
1163  22.860  9.487  0.176
1164  22.860  9.487  0.176
1165  22.860  9.460  0.252
1166  22.860  9.460  0.252
1167  22.860  9.549  0.328
1168  22.860  9.549  0.328
1169  22.860  9.730  0.405
1170  22.860  9.730  0.405
1171  22.860  9.758  0.483
1172  22.860  9.758  0.483
1173  22.860  9.915  0.561
1174  22.860  9.915  0.561
1175  22.860  9.801  0.640
1176  22.860  9.801  0.640
1177  0.000  9.767  0.718
1178  0.000  9.767  0.718
1179  0.000  9.740  0.796
1180  0.000  9.740  0.796
1181  0.000  9.289  0.873
1182  0.000  9.289  0.873
1183  0.000  7.689  0.941
1184  0.000  7.689  0.941
1185  0.000  6.352  0.997
1186  0.000  6.352  0.997
1187  0.000  4.725  1.041
1188  0.000  4.725  1.041
1189  0.000  3.371  1.073
1190  0.000  3.371  1.073
1191  0.000  1.773  1.094
1192  0.000  1.773  1.094
1193  0.000  0.622  1.104
1194  0.000  0.622  1.104
1195  0.000 -0.114  1.106
1196  0.000 -0.114  1.106
1197  0.000 -0.888  1.102
1198  0.000 -0.888  1.102
1199  0.000 -1.053  1.094
1200  0.000 -1.053  1.094
1201  0.000 -0.688  1.087
1202  0.000 -0.688  1.087
1203  0.000 -0.154  1.083
1204  0.000 -0.154  1.083
1205  0.000  0.288  1.084
1206  0.000  0.288  1.084
1207  0.000  0.339  1.087
1208  0.000  0.339  1.087
1209  0.000  0.220  1.089
1210  0.000  0.220  1.089
1211  0.000 -0.062  1.089
1212  0.000 -0.062  1.089
1213  0.000 -0.165  1.088
1214  0.000 -0.165  1.088
1215  0.000 -0.101  1.087
1216  0.000 -0.101  1.087
1217  0.000 -0.033  1.087
1218  0.000 -0.033  1.087
1219  0.000  0.011  1.087
1220  0.000  0.011  1.087
1221  0.000  0.060  1.087
1222  0.000  0.060  1.087
1223  0.000  0.083  1.088
1224  0.000  0.083  1.088
1225  0.000  0.060  1.088
1226  0.000  0.060  1.088
1227  0.000  0.013  1.089
1228  0.000  0.013  1.089
1229  0.000 -0.017  1.089
1230  0.000 -0.017  1.089
1231  0.000 -0.068  1.088
1232  0.000 -0.068  1.088
1233  0.000 -0.074  1.088
1234  0.000 -0.074  1.088
1235  0.000 -0.018  1.087
1236  0.000 -0.018  1.087
1237  0.000  0.013  1.087
1238  0.000  0.013  1.087
1239  0.000  0.019  1.087
1240 -24.713  0.019  1.087
1241 -24.713  0.025  1.088
1242 -24.713  0.025  1.088
1243 -24.713 -0.318  1.086
1244 -24.713 -0.318  1.086
1245 -24.713 -1.822  1.078
1246 -24.713 -1.822  1.078
1247 -24.713 -3.291  1.057
1248 -24.713 -3.291  1.057
1249 -24.713 -4.372  1.027
1250 -24.713 -4.372  1.027
1251 -24.713 -6.117  0.986
1252 -24.713 -6.117  0.986
1253 -24.713 -7.013  0.934
1254 -24.713 -7.013  0.934
1255 -24.713 -7.637  0.875
1256 -24.713 -7.637  0.875
1257 -24.713 -8.605  0.810
1258 -24.713 -8.605  0.810
1259 -24.713 -9.245  0.739
1260 -24.713 -9.245  0.739
1261 -24.713 -9.752  0.663
1262 -24.713 -9.752  0.663
1263 -24.713 -10.264  0.583
1264 -24.713 -10.264  0.583
1265 -24.713 -10.507  0.500
1266 -24.713 -10.507  0.500
1267 -24.713 -10.684  0.415
1268 -24.713 -10.684  0.415
1269 -24.713 -10.687  0.329
1270 -24.713 -10.687  0.329
1271 -24.713 -10.803  0.243
1272 -24.713 -10.803  0.243
1273 -24.713 -10.619  0.158
1274 -24.713 -10.619  0.158
1275 -24.713 -10.527  0.073
1276 -24.713 -10.527  0.073
1277 -24.713 -10.280 -0.009
1278 -24.713 -10.280 -0.009
1279 -24.713 -10.249 -0.091
1280 -24.713 -10.249 -0.091
1281 -24.713 -10.255 -0.173
1282 -24.713 -10.255 -0.173
1283 -24.713 -10.272 -0.255
1284 -24.713 -10.272 -0.255
1285 -24.713 -10.544 -0.339
1286 -24.713 -10.544 -0.339
1287 -24.713 -10.616 -0.423
1288 -24.713 -10.616 -0.423
1289 -24.713 -10.744 -0.509
1290 -24.713 -10.744 -0.509
1291 -24.713 -10.691 -0.594
1292 -24.713 -10.691 -0.594
1293 -24.713 -10.461 -0.679
1294 -24.713 -10.461 -0.679
1295  0.000 -10.279 -0.762
1296  0.000 -10.279 -0.762
1297  0.000 -10.286 -0.844
1298  0.000 -10.286 -0.844
1299  0.000 -9.450 -0.923
1300  0.000 -9.450 -0.923
1301  0.000 -8.323 -0.994
1302  0.000 -8.323 -0.994
1303  0.000 -6.793 -1.055
1304  0.000 -6.793 -1.055
1305  0.000 -5.578 -1.104
1306  0.000 -5.578 -1.104
1307  0.000 -3.866 -1.142
1308  0.000 -3.866 -1.142
1309  0.000 -2.612 -1.168
1310  0.000 -2.612 -1.168
1311  0.000 -1.305 -1.184
1312  0.000 -1.305 -1.184
1313  0.000 -0.028 -1.189
1314  0.000 -0.028 -1.189
1315  0.000  0.792 -1.186
1316  0.000  0.792 -1.186
1317  0.000  1.182 -1.178
1318  0.000  1.182 -1.178
1319  0.000  1.013 -1.169
1320  0.000  1.013 -1.169
1321  0.000  0.284 -1.164
1322  0.000  0.284 -1.164
1323  0.000 -0.208 -1.164
1324  0.000 -0.208 -1.164
1325  0.000 -0.506 -1.167
1326  0.000 -0.506 -1.167
1327  0.000 -0.429 -1.170
1328  0.000 -0.429 -1.170
1329  0.000 -0.216 -1.173
1330  0.000 -0.216 -1.173
1331  0.000  0.053 -1.173
1332  0.000  0.053 -1.173
1333  0.000  0.159 -1.173
1334  0.000  0.159 -1.173
1335  0.000  0.108 -1.172
1336  0.000  0.108 -1.172
1337  0.000  0.055 -1.171
1338  0.000  0.055 -1.171
1339  0.000 -0.011 -1.171
1340  0.000 -0.011 -1.171
1341  0.000  0.001 -1.171
1342  0.000  0.001 -1.171
1343  0.000  0.020 -1.171
1344  0.000  0.020 -1.171
1345  0.000 -0.015 -1.171
1346  0.000 -0.015 -1.171
1347  0.000 -0.001 -1.171
1348  0.000 -0.001 -1.171
1349  0.000  0.016 -1.171
1350  0.000  0.016 -1.171
1351  0.000  0.013 -1.171
1352  0.000  0.013 -1.171
1353  0.000  0.020 -1.170
1354  0.000  0.020 -1.170
1355  0.000  0.0010 -1.170
1356  0.000  0.0010 -1.170
1357  0.000  0.003 -1.170
1358  26.567  0.003 -1.170
1359  26.567 -0.036 -1.170
1360  26.567 -0.036 -1.170
1361  26.567  0.160 -1.170
1362  26.567  0.160 -1.170
1363  26.567  1.885 -1.162
1364  26.567  1.885 -1.162
1365  26.567  2.706 -1.143
1366  26.567  2.706 -1.143
1367  26.567  4.101 -1.116
1368  26.567  4.101 -1.116
1369  26.567  5.435 -1.078
1370  26.567  5.435 -1.078
1371  26.567  6.474 -1.030
1372  26.567  6.474 -1.030
1373  26.567  7.828 -0.973
1374  26.567  7.828 -0.973
1375  26.567  9.119 -0.905
1376  26.567  9.119 -0.905
1377  26.567  10.685 -0.826
1378  26.567  10.685 -0.826
1379  26.567  11.150 -0.739
1380  26.567  11.150 -0.739
1381  26.567  11.545 -0.648
1382  26.567  11.545 -0.648
1383  26.567  11.540 -0.556
1384  26.567  11.540 -0.556
1385  26.567  11.483 -0.463
1386  26.567  11.483 -0.463
1387  26.567  11.398 -0.372
1388  26.567  11.398 -0.372
1389  26.567  11.418 -0.281
1390  26.567  11.418 -0.281
1391  26.567  11.396 -0.189
1392  26.567  11.396 -0.189
1393  26.567  11.360 -0.098
1394  26.567  11.360 -0.098
1395  26.567  11.209 -0.008
1396  26.567  11.209 -0.008
1397  26.567  11.244  0.081
1398  26.567  11.244  0.081
1399  26.567  11.124  0.170
1400  26.567  11.124  0.170
1401  26.567  11.230  0.260
1402  26.567  11.230  0.260
1403  26.567  11.321  0.350
1404  26.567  11.321  0.350
1405  26.567  11.340  0.440
1406  26.567  11.340  0.440
1407  26.567  11.375  0.531
1408  26.567  11.375  0.531
1409  26.567  11.319  0.622
1410  26.567  11.319  0.622
1411  0.000  11.282  0.713
1412  0.000  11.282  0.713
1413  0.000  11.310  0.803
1414  0.000  11.310  0.803
1415  0.000  10.670  0.891
1416  0.000  10.670  0.891
1417  0.000  9.468  0.971
1418  0.000  9.468  0.971
1419  0.000  7.741  1.040
1420  0.000  7.741  1.040
1421  0.000  6.620  1.098
1422  0.000  6.620  1.098
1423  0.000  4.914  1.144
1424  0.000  4.914  1.144
1425  0.000  3.705  1.178
1426  0.000  3.705  1.178
1427  0.000  2.078  1.201
1428  0.000  2.078  1.201
1429  0.000  1.007  1.214
1430  0.000  1.007  1.214
1431  0.000 -0.0010  1.218
1432  0.000 -0.0010  1.218
1433  0.000 -0.847  1.214
1434  0.000 -0.847  1.214
1435  0.000 -1.018  1.207
1436  0.000 -1.018  1.207
1437  0.000 -0.810  1.200
1438  0.000 -0.810  1.200
1439  0.000 -0.310  1.195
1440  0.000 -0.310  1.195
1441  0.000  0.231  1.195
1442  0.000  0.231  1.195
1443  0.000  0.330  1.197
1444  0.000  0.330  1.197
1445  0.000  0.281  1.199
1446  0.000  0.281  1.199
1447  0.000  0.037  1.201
1448  0.000  0.037  1.201
1449  0.000 -0.079  1.201
1450  0.000 -0.079  1.201
1451  0.000 -0.085  1.200
1452  0.000 -0.085  1.200
1453  0.000 -0.073  1.199
1454  0.000 -0.073  1.199
1455  0.000 -0.005  1.199
1456  0.000 -0.005  1.199
1457  0.000  0.040  1.199
1458  0.000  0.040  1.199
1459  0.000  0.018  1.199
1460  0.000  0.018  1.199
1461  0.000  0.070  1.200
1462  0.000  0.070  1.200
1463  0.000  0.043  1.200
1464  0.000  0.043  1.200
1465  0.000 -0.013  1.200
1466  0.000 -0.013  1.200
1467  0.000 -0.043  1.200
1468  0.000 -0.043  1.200
1469  0.000 -0.018  1.200
1470  0.000 -0.018  1.200
1471  0.000 -0.015  1.200
1472  0.000 -0.015  1.200
1473  0.000 -0.011  1.200
1474 -28.389 -0.011  1.200
1475 -28.389 -0.001  1.199
1476 -28.389 -0.001  1.199
1477 -28.389 -0.107  1.199
1478 -28.389 -0.107  1.199
1479 -28.389 -1.973  1.191
1480 -28.389 -1.973  1.191
1481 -28.389 -2.853  1.171
1482 -28.389 -2.853  1.171
1483 -28.389 -4.291  1.143
1484 -28.389 -4.291  1.143
1485 -28.389 -5.825  1.102
1486 -28.389 -5.825  1.102
1487 -28.389 -7.092  1.051
1488 -28.389 -7.092  1.051
1489 -28.389 -7.753  0.991
1490 -28.389 -7.753  0.991
1491 -28.389 -8.924  0.925
1492 -28.389 -8.924  0.925
1493 -28.389 -10.303  0.848
1494 -28.389 -10.303  0.848
1495 -28.389 -10.936  0.763
1496 -28.389 -10.936  0.763
1497 -28.389 -11.861  0.672
1498 -28.389 -11.861  0.672
1499 -28.389 -12.224  0.575
1500 -28.389 -12.224  0.575
1501 -28.389 -12.481  0.476
1502 -28.389 -12.481  0.476
1503 -28.389 -12.513  0.376
1504 -28.389 -12.513  0.376
1505 -28.389 -12.368  0.277
1506 -28.389 -12.368  0.277
1507 -28.389 -12.118  0.179
1508 -28.389 -12.118  0.179
1509 -28.389 -11.873  0.083
1510 -28.389 -11.873  0.083
1511 -28.389 -11.792 -0.011
1512 -28.389 -11.792 -0.011
1513 -28.389 -11.741 -0.105
1514 -28.389 -11.741 -0.105
1515 -28.389 -11.933 -0.200
1516 -28.389 -11.933 -0.200
1517 -28.389 -11.999 -0.295
1518 -28.389 -11.999 -0.295
1519 -28.389 -12.151 -0.392
1520 -28.389 -12.151 -0.392
1521 -28.389 -12.121 -0.489
1522 -28.389 -12.121 -0.489
1523 -28.389 -11.945 -0.585
1524 -28.389 -11.945 -0.585
1525 -28.389 -11.836 -0.680
1526 -28.389 -11.836 -0.680
1527  0.000 -11.817 -0.775
1528  0.000 -11.817 -0.775
1529  0.000 -11.909 -0.870
1530  0.000 -11.909 -0.870
1531  0.000 -11.385 -0.963
1532  0.000 -11.385 -0.963
1533  0.000 -10.150 -1.050
1534  0.000 -10.150 -1.050
1535  0.000 -8.977 -1.127
1536  0.000 -8.977 -1.127
1537  0.000 -7.860 -1.195
1538  0.000 -7.860 -1.195
1539  0.000 -6.301 -1.251
1540  0.000 -6.301 -1.251
1541  0.000 -5.048 -1.297
1542  0.000 -5.048 -1.297
1543  0.000 -3.312 -1.330
1544  0.000 -3.312 -1.330
1545  0.000 -2.232 -1.352
1546  0.000 -2.232 -1.352
1547  0.000 -0.562 -1.363
1548  0.000 -0.562 -1.363
1549  0.000  0.270 -1.365
1550  0.000  0.270 -1.365
1551  0.000  0.789 -1.360
1552  0.000  0.789 -1.360
1553  0.000  1.007 -1.353
1554  0.000  1.007 -1.353
1555  0.000  0.791 -1.346
1556  0.000  0.791 -1.346
1557  0.000  0.209 -1.342
1558  0.000  0.209 -1.342
1559  0.000 -0.174 -1.342
1560  0.000 -0.174 -1.342
1561  0.000 -0.323 -1.344
1562  0.000 -0.323 -1.344
1563  0.000 -0.298 -1.346
1564  0.000 -0.298 -1.346
1565  0.000 -0.160 -1.348
1566  0.000 -0.160 -1.348
1567  0.000  0.016 -1.349
1568  0.000  0.016 -1.349
1569  0.000  0.012 -1.349
1570  0.000  0.012 -1.349
1571  0.000  0.025 -1.348
1572  0.000  0.025 -1.348
1573  0.000  0.036 -1.348
1574  0.000  0.036 -1.348
1575  0.000  0.073 -1.348
1576  0.000  0.073 -1.348
1577  0.000  0.030 -1.347
1578  0.000  0.030 -1.347
1579  0.000  0.031 -1.347
1580  0.000  0.031 -1.347
1581  0.000 -0.033 -1.347
1582  0.000 -0.033 -1.347
1583  0.000 -0.001 -1.347
1584  0.000 -0.001 -1.347
1585  0.000 -0.032 -1.347
1586  0.000 -0.032 -1.347
1587  0.000  0.030 -1.347
1588  0.000  0.030 -1.347
1589  0.000  0.006 -1.347
1590  30.211  0.006 -1.347
1591  30.211  0.030 -1.347
1592  30.211  0.030 -1.347
1593  30.211  0.147 -1.346
1594  30.211  0.147 -1.346
1595  30.211  1.904 -1.338
1596  30.211  1.904 -1.338
1597  30.211  2.909 -1.319
1598  30.211  2.909 -1.319
1599  30.211  4.320 -1.290
1600  30.211  4.320 -1.290
1601  30.211  5.733 -1.250
1602  30.211  5.733 -1.250
1603  30.211  7.624 -1.196
1604  30.211  7.624 -1.196
1605  30.211  8.651 -1.131
1606  30.211  8.651 -1.131
1607  30.211  10.435 -1.055
1608  30.211  10.435 -1.055
1609  30.211  11.566 -0.967
1610  30.211  11.566 -0.967
1611  30.211  12.474 -0.871
1612  30.211  12.474 -0.871
1613  30.211  12.953 -0.769
1614  30.211  12.953 -0.769
1615  30.211  12.993 -0.665
1616  30.211  12.993 -0.665
1617  30.211  12.917 -0.562
1618  30.211  12.917 -0.562
1619  30.211  12.898 -0.458
1620  30.211  12.898 -0.458
1621  30.211  12.989 -0.355
1622  30.211  12.989 -0.355
1623  30.211  13.085 -0.250
1624  30.211  13.085 -0.250
1625  30.211  12.898 -0.147
1626  30.211  12.898 -0.147
1627  30.211  12.736 -0.044
1628  30.211  12.736 -0.044
1629  30.211  12.671  0.057
1630  30.211  12.671  0.057
1631  30.211  12.736  0.158
1632  30.211  12.736  0.158
1633  30.211  12.795  0.260
1634  30.211  12.795  0.260
1635  30.211  12.879  0.363
1636  30.211  12.879  0.363
1637  30.211  12.902  0.466
1638  30.211  12.902  0.466
1639  30.211  12.890  0.569
1640  30.211  12.890  0.569
1641  30.211  12.887  0.673
1642  30.211  12.887  0.673
1643  0.000  12.853  0.775
1644  0.000  12.853  0.775
1645  0.000  12.819  0.878
1646  0.000  12.819  0.878
1647  0.000  11.969  0.977
1648  0.000  11.969  0.977
1649  0.000  10.484  1.067
1650  0.000  10.484  1.067
1651  0.000  9.337  1.146
1652  0.000  9.337  1.146
1653  0.000  8.216  1.217
1654  0.000  8.216  1.217
1655  0.000  6.535  1.276
1656  0.000  6.535  1.276
1657  0.000  5.368  1.323
1658  0.000  5.368  1.323
1659  0.000  3.722  1.360
1660  0.000  3.722  1.360
1661  0.000  2.583  1.385
1662  0.000  2.583  1.385
1663  0.000  1.048  1.399
1664  0.000  1.048  1.399
1665  0.000  0.121  1.404
1666  0.000  0.121  1.404
1667  0.000 -0.741  1.402
1668  0.000 -0.741  1.402
1669  0.000 -0.951  1.395
1670  0.000 -0.951  1.395
1671  0.000 -0.907  1.388
1672  0.000 -0.907  1.388
1673  0.000 -0.456  1.383
1674  0.000 -0.456  1.383
1675  0.000 -0.000  1.381
1676  0.000 -0.000  1.381
1677  0.000  0.243  1.382
1678  0.000  0.243  1.382
1679  0.000  0.339  1.384
1680  0.000  0.339  1.384
1681  0.000  0.176  1.386
1682  0.000  0.176  1.386
1683  0.000  0.052  1.387
1684  0.000  0.052  1.387
1685  0.000 -0.043  1.387
1686  0.000 -0.043  1.387
1687  0.000 -0.022  1.387
1688  0.000 -0.022  1.387
1689  0.000 -0.071  1.386
1690  0.000 -0.071  1.386
1691  0.000 -0.044  1.386
1692  0.000 -0.044  1.386
1693  0.000 -0.043  1.386
1694  0.000 -0.043  1.386
1695  0.000  0.011  1.385
1696  0.000  0.011  1.385
1697  0.000  0.014  1.386
1698  0.000  0.014  1.386
1699  0.000  0.025  1.386
1700  0.000  0.025  1.386
1701  0.000  0.017  1.386
1702  0.000  0.017  1.386
1703  0.000 -0.017  1.386
1704  0.000 -0.017  1.386
1705  0.000 -0.007  1.386
1706 -32.033 -0.007  1.386
1707 -32.033 -0.030  1.386
1708 -32.033 -0.030  1.386
1709 -32.033 -0.486  1.384
1710 -32.033 -0.486  1.384
1711 -32.033 -1.805  1.374
1712 -32.033 -1.805  1.374
1713 -32.033 -2.792  1.356
1714 -32.033 -2.792  1.356
1715 -32.033 -3.833  1.330
1716 -32.033 -3.833  1.330
1717 -32.033 -5.465  1.292
1718 -32.033 -5.465  1.292
1719 -32.033 -7.057  1.242
1720 -32.033 -7.057  1.242
1721 -32.033 -7.889  1.182
1722 -32.033 -7.889  1.182
1723 -32.033 -9.149  1.114
1724 -32.033 -9.149  1.114
1725 -32.033 -10.307  1.036
1726 -32.033 -10.307  1.036
1727 -32.033 -11.243  0.950
1728 -32.033 -11.243  0.950
1729 -32.033 -12.456  0.855
1730 -32.033 -12.456  0.855
1731 -32.033 -13.268  0.753
1732 -32.033 -13.268  0.753
1733 -32.033 -14.043  0.643
1734 -32.033 -14.043  0.643
1735 -32.033 -14.223  0.530
1736 -32.033 -14.223  0.530
1737 -32.033 -14.147  0.417
1738 -32.033 -14.147  0.417
1739 -32.033 -13.917  0.304
1740 -32.033 -13.917  0.304
1741 -32.033 -13.556  0.194
1742 -32.033 -13.556  0.194
1743 -32.033 -13.430  0.086
1744 -32.033 -13.430  0.086
1745 -32.033 -13.268 -0.020
1746 -32.033 -13.268 -0.020
1747 -32.033 -13.417 -0.126
1748 -32.033 -13.417 -0.126
1749 -32.033 -13.513 -0.234
1750 -32.033 -13.513 -0.234
1751 -32.033 -13.495 -0.342
1752 -32.033 -13.495 -0.342
1753 -32.033 -13.416 -0.450
1754 -32.033 -13.416 -0.450
1755 -32.033 -13.351 -0.557
1756 -32.033 -13.351 -0.557
1757 -32.033 -13.320 -0.663
1758 -32.033 -13.320 -0.663
1759  0.000 -13.407 -0.770
1760  0.000 -13.407 -0.770
1761  0.000 -13.453 -0.878
1762  0.000 -13.453 -0.878
1763  0.000 -12.887 -0.983
1764  0.000 -12.887 -0.983
1765  0.000 -11.095 -1.079
1766  0.000 -11.095 -1.079
1767  0.000 -9.589 -1.162
1768  0.000 -9.589 -1.162
1769  0.000 -7.639 -1.231
1770  0.000 -7.639 -1.231
1771  0.000 -6.097 -1.286
1772  0.000 -6.097 -1.286
1773  0.000 -4.534 -1.328
1774  0.000 -4.534 -1.328
1775  0.000 -2.471 -1.356
1776  0.000 -2.471 -1.356
1777  0.000 -1.157 -1.371
1778  0.000 -1.157 -1.371
1779  0.000  0.033 -1.375
1780  0.000  0.033 -1.375
1781  0.000  0.472 -1.373
1782  0.000  0.472 -1.373
1783  0.000  0.671 -1.369
1784  0.000  0.671 -1.369
1785  0.000  0.535 -1.364
1786  0.000  0.535 -1.364
1787  0.000  0.352 -1.360
1788  0.000  0.352 -1.360
1789  0.000  0.041 -1.359
1790  0.000  0.041 -1.359
1791  0.000 -0.095 -1.359
1792  0.000 -0.095 -1.359
1793  0.000 -0.206 -1.360
1794  0.000 -0.206 -1.360
1795  0.000 -0.179 -1.362
1796  0.000 -0.179 -1.362
1797  0.000 -0.055 -1.363
1798  0.000 -0.055 -1.363
1799  0.000  0.041 -1.363
1800  0.000  0.041 -1.363
1801  0.000  0.109 -1.362
1802  0.000  0.109 -1.362
1803  0.000  0.124 -1.361
1804  0.000  0.124 -1.361
1805  0.000  0.028 -1.360
1806  0.000  0.028 -1.360
1807  0.000 -0.004 -1.360
1808  0.000 -0.004 -1.360
1809  0.000 -0.007 -1.360
1810  0.000 -0.007 -1.360
1811  0.000  0.017 -1.360
1812  0.000  0.017 -1.360
1813  0.000 -0.005 -1.360
1814  0.000 -0.005 -1.360
1815  0.000  0.013 -1.360
1816  0.000  0.013 -1.360
1817  0.000 -0.002 -1.360
1818  0.000 -0.002 -1.360
1819  0.000  0.019 -1.360
1820  0.000  0.019 -1.360
1821  0.000 -0.037 -1.360
1822  33.855 -0.037 -1.360
1823  33.855 -0.011 -1.361
1824  33.855 -0.011 -1.361
1825  33.855  0.578 -1.358
1826  33.855  0.578 -1.358
1827  33.855  2.097 -1.348
1828  33.855  2.097 -1.348
1829  33.855  3.203 -1.326
1830  33.855  3.203 -1.326
1831  33.855  4.391 -1.296
1832  33.855  4.391 -1.296
1833  33.855  5.821 -1.255
1834  33.855  5.821 -1.255
1835  33.855  7.171 -1.203
1836  33.855  7.171 -1.203
1837  33.855  8.309 -1.141
1838  33.855  8.309 -1.141
1839  33.855  10.139 -1.067
1840  33.855  10.139 -1.067
1841  33.855  11.469 -0.981
1842  33.855  11.469 -0.981
1843  33.855  12.880 -0.884
1844  33.855  12.880 -0.884
1845  33.855  13.737 -0.777
1846  33.855  13.737 -0.777
1847  33.855  14.113 -0.666
1848  33.855  14.113 -0.666
1849  33.855  14.354 -0.552
1850  33.855  14.354 -0.552
1851  33.855  14.403 -0.437
1852  33.855  14.403 -0.437
1853  33.855  14.376 -0.322
1854  33.855  14.376 -0.322
1855  33.855  14.383 -0.207
1856  33.855  14.383 -0.207
1857  33.855  14.119 -0.093
1858  33.855  14.119 -0.093
1859  33.855  14.127  0.019
1860  33.855  14.127  0.019
1861  33.855  14.094  0.132
1862  33.855  14.094  0.132
1863  33.855  14.265  0.246
1864  33.855  14.265  0.246
1865  33.855  14.329  0.360
1866  33.855  14.329  0.360
1867  33.855  14.347  0.475
1868  33.855  14.347  0.475
1869  33.855  14.332  0.589
1870  33.855  14.332  0.589
1871  0.000  14.340  0.704
1872  0.000  14.340  0.704
1873  0.000  14.287  0.819
1874  0.000  14.287  0.819
1875  0.000  13.761  0.931
1876  0.000  13.761  0.931
1877  0.000  12.0100  1.034
1878  0.000  12.0100  1.034
1879  0.000  10.848  1.126
1880  0.000  10.848  1.126
1881  0.000  9.240  1.206
1882  0.000  9.240  1.206
1883  0.000  7.926  1.275
1884  0.000  7.926  1.275
1885  0.000  6.249  1.332
1886  0.000  6.249  1.332
1887  0.000  5.014  1.377
1888  0.000  5.014  1.377
1889  0.000  3.438  1.411
1890  0.000  3.438  1.411
1891  0.000  2.222  1.433
1892  0.000  2.222  1.433
1893  0.000  1.175  1.447
1894  0.000  1.175  1.447
1895  0.000  0.021  1.452
1896  0.000  0.021  1.452
1897  0.000 -0.513  1.450
1898  0.000 -0.513  1.450
1899  0.000 -0.844  1.444
1900  0.000 -0.844  1.444
1901  0.000 -0.705  1.438
1902  0.000 -0.705  1.438
1903  0.000 -0.234  1.434
1904  0.000 -0.234  1.434
1905  0.000  0.063  1.434
1906  0.000  0.063  1.434
1907  0.000  0.202  1.435
1908  0.000  0.202  1.435
1909  0.000  0.234  1.437
1910  0.000  0.234  1.437
1911  0.000  0.114  1.438
1912  0.000  0.114  1.438
1913  0.000 -0.031  1.438
1914  0.000 -0.031  1.438
1915  0.000 -0.042  1.438
1916  0.000 -0.042  1.438
1917  0.000 -0.007  1.438
1918  0.000 -0.007  1.438
1919  0.000 -0.0010  1.438
1920  0.000 -0.0010  1.438
1921  0.000 -0.027  1.438
1922  0.000 -0.027  1.438
1923  0.000 -0.008  1.437
1924  0.000 -0.008  1.437
1925  0.000 -0.016  1.437
1926  0.000 -0.016  1.437
1927  0.000  0.008  1.437
1928  0.000  0.008  1.437
1929  0.000 -0.023  1.437
1930  0.000 -0.023  1.437
1931  0.000  0.007  1.437
1932  0.000  0.007  1.437
1933  0.000 -0.016  1.437
1934 -35.615 -0.016  1.437
1935 -35.615  0.009  1.437
1936 -35.615  0.009  1.437
1937 -35.615 -0.399  1.435
1938 -35.615 -0.399  1.435
1939 -35.615 -1.804  1.427
1940 -35.615 -1.804  1.427
1941 -35.615 -3.012  1.407
1942 -35.615 -3.012  1.407
1943 -35.615 -4.187  1.379
1944 -35.615 -4.187  1.379
1945 -35.615 -6.191  1.337
1946 -35.615 -6.191  1.337
1947 -35.615 -7.165  1.284
1948 -35.615 -7.165  1.284
1949 -35.615 -8.287  1.223
1950 -35.615 -8.287  1.223
1951 -35.615 -9.822  1.151
1952 -35.615 -9.822  1.151
1953 -35.615 -10.892  1.068
1954 -35.615 -10.892  1.068
1955 -35.615 -12.247  0.975
1956 -35.615 -12.247  0.975
1957 -35.615 -13.444  0.872
1958 -35.615 -13.444  0.872
1959 -35.615 -14.602  0.760
1960 -35.615 -14.602  0.760
1961 -35.615 -15.018  0.642
1962 -35.615 -15.018  0.642
1963 -35.615 -15.300  0.521
1964 -35.615 -15.300  0.521
1965 -35.615 -15.351  0.398
1966 -35.615 -15.351  0.398
1967 -35.615 -15.286  0.275
1968 -35.615 -15.286  0.275
1969 -35.615 -15.093  0.154
1970 -35.615 -15.093  0.154
1971 -35.615 -14.969  0.034
1972 -35.615 -14.969  0.034
1973 -35.615 -15.015 -0.085
1974 -35.615 -15.015 -0.085
1975 -35.615 -14.839 -0.205
1976 -35.615 -14.839 -0.205
1977 -35.615 -14.690 -0.323
1978 -35.615 -14.690 -0.323
1979 -35.615 -14.635 -0.440
1980 -35.615 -14.635 -0.440
1981 -35.615 -14.745 -0.558
1982 -35.615 -14.745 -0.558
1983 -35.615 -14.790 -0.676
1984 -35.615 -14.790 -0.676
1985  0.000 -14.961 -0.795
1986  0.000 -14.961 -0.795
1987  0.000 -14.886 -0.914
1988  0.000 -14.886 -0.914
1989  0.000 -14.206 -1.031
1990  0.000 -14.206 -1.031
1991  0.000 -11.981 -1.135
1992  0.000 -11.981 -1.135
1993  0.000 -9.823 -1.223
1994  0.000 -9.823 -1.223
1995  0.000 -7.790 -1.293
1996  0.000 -7.790 -1.293
1997  0.000 -5.053 -1.344
1998  0.000 -5.053 -1.344
1999  0.000 -3.368 -1.378
2000  0.000 -3.368 -1.378
2001  0.000 -1.544 -1.398
2002  0.000 -1.544 -1.398
2003  0.000 -1.107 -1.408
2004  0.000 -1.107 -1.408
2005  0.000 -1.060 -1.417
2006  0.000 -1.060 -1.417
2007  0.000 -1.211 -1.426
2008  0.000 -1.211 -1.426
2009  0.000 -1.341 -1.436
2010  0.000 -1.341 -1.436
2011  0.000 -1.121 -1.446
2012  0.000 -1.121 -1.446
2013  0.000 -0.555 -1.453
2014  0.000 -0.555 -1.453
2015  0.000  0.198 -1.454
2016  0.000  0.198 -1.454
2017  0.000  0.463 -1.452
2018  0.000  0.463 -1.452
2019  0.000  0.472 -1.448
2020  0.000  0.472 -1.448
2021  0.000  0.258 -1.445
2022  0.000  0.258 -1.445
2023  0.000 -0.125 -1.444
2024  0.000 -0.125 -1.444
2025  0.000 -0.163 -1.445
2026  0.000 -0.163 -1.445
2027  0.000 -0.123 -1.446
2028  0.000 -0.123 -1.446
2029  0.000 -0.0010 -1.447
2030  0.000 -0.0010 -1.447
2031  0.000  0.069 -1.447
2032  0.000  0.069 -1.447
2033  0.000  0.087 -1.446
2034  0.000  0.087 -1.446
2035  0.000  0.008 -1.446
2036  0.000  0.008 -1.446
2037  0.000 -0.014 -1.446
2038  0.000 -0.014 -1.446
2039  0.000 -0.006 -1.446
2040  0.000 -0.006 -1.446
2041  0.000 -0.036 -1.446
2042  0.000 -0.036 -1.446
2043  0.000 -0.075 -1.446
2044  0.000 -0.075 -1.446
2045  0.000 -0.021 -1.447
2046  0.000 -0.021 -1.447
2047  0.000  0.031 -1.447
2048  37.405  0.031 -1.447
2049  37.405  0.030 -1.447
2050  37.405  0.030 -1.447
2051  37.405  0.802 -1.443
2052  37.405  0.802 -1.443
2053  37.405  3.147 -1.427
2054  37.405  3.147 -1.427
2055  37.405  4.590 -1.396
2056  37.405  4.590 -1.396
2057  37.405  5.342 -1.357
2058  37.405  5.342 -1.357
2059  37.405  6.198 -1.311
2060  37.405  6.198 -1.311
2061  37.405  7.914 -1.254
2062  37.405  7.914 -1.254
2063  37.405  8.809 -1.187
2064  37.405  8.809 -1.187
2065  37.405  10.297 -1.111
2066  37.405  10.297 -1.111
2067  37.405  11.333 -1.024
2068  37.405  11.333 -1.024
2069  37.405  12.582 -0.929
2070  37.405  12.582 -0.929
2071  37.405  13.928 -0.823
2072  37.405  13.928 -0.823
2073  37.405  14.651 -0.708
2074  37.405  14.651 -0.708
2075  37.405  15.287 -0.588
2076  37.405  15.287 -0.588
2077  37.405  15.425 -0.466
2078  37.405  15.425 -0.466
2079  37.405  15.462 -0.342
2080  37.405  15.462 -0.342
2081  37.405  15.462 -0.218
2082  37.405  15.462 -0.218
2083  37.405  15.522 -0.094
2084  37.405  15.522 -0.094
2085  37.405  15.355  0.028
2086  37.405  15.355  0.028
2087  37.405  15.369  0.151
2088  37.405  15.369  0.151
2089  37.405  15.601  0.275
2090  37.405  15.601  0.275
2091  37.405  15.614  0.400
2092  37.405  15.614  0.400
2093  37.405  15.771  0.525
2094  37.405  15.771  0.525
2095  37.405  15.732  0.651
2096  37.405  15.732  0.651
2097  0.000  15.658  0.777
2098  0.000  15.658  0.777
2099  0.000  15.666  0.902
2100  0.000  15.666  0.902
2101  0.000  14.886  1.024
2102  0.000  14.886  1.024
2103  0.000  13.121  1.136
2104  0.000  13.121  1.136
2105  0.000  11.907  1.237
2106  0.000  11.907  1.237
2107  0.000  10.327  1.325
2108  0.000  10.327  1.325
2109  0.000  9.041  1.403
2110  0.000  9.041  1.403
2111  0.000  7.393  1.469
2112  0.000  7.393  1.469
2113  0.000  6.033  1.522
2114  0.000  6.033  1.522
2115  0.000  4.628  1.565
2116  0.000  4.628  1.565
2117  0.000  2.727  1.594
2118  0.000  2.727  1.594
2119  0.000  1.452  1.611
2120  0.000  1.452  1.611
2121  0.000 -0.073  1.617
2122  0.000 -0.073  1.617
2123  0.000 -0.619  1.614
2124  0.000 -0.619  1.614
2125  0.000 -0.936  1.608
2126  0.000 -0.936  1.608
2127  0.000 -0.743  1.601
2128  0.000 -0.743  1.601
2129  0.000 -0.416  1.596
2130  0.000 -0.416  1.596
2131  0.000  0.050  1.595
2132  0.000  0.050  1.595
2133  0.000  0.179  1.596
2134  0.000  0.179  1.596
2135  0.000  0.112  1.597
2136  0.000  0.112  1.597
2137  0.000  0.062  1.598
2138  0.000  0.062  1.598
2139  0.000  0.011  1.598
2140  0.000  0.011  1.598
2141  0.000  0.011  1.598
2142  0.000  0.011  1.598
2143  0.000  0.016  1.598
2144  0.000  0.016  1.598
2145  0.000  0.018  1.598
2146  0.000  0.018  1.598
2147  0.000 -0.008  1.598
2148  0.000 -0.008  1.598
2149  0.000 -0.0010  1.598
2150  0.000 -0.0010  1.598
2151  0.000 -0.025  1.598
2152  0.000 -0.025  1.598
2153  0.000  0.008  1.598
2154  0.000  0.008  1.598
2155  0.000 -0.000  1.598
2156  0.000 -0.000  1.598
2157  0.000 -0.035  1.598
2158  0.000 -0.035  1.598
2159  0.000  0.022  1.598
2160 -39.165  0.022  1.598
2161 -39.165  0.005  1.598
2162 -39.165  0.005  1.598
2163 -39.165 -0.467  1.596
2164 -39.165 -0.467  1.596
2165 -39.165 -1.884  1.587
2166 -39.165 -1.884  1.587
2167 -39.165 -2.906  1.568
2168 -39.165 -2.906  1.568
2169 -39.165 -3.950  1.540
2170 -39.165 -3.950  1.540
2171 -39.165 -5.904  1.501
2172 -39.165 -5.904  1.501
2173 -39.165 -7.026  1.449
2174 -39.165 -7.026  1.449
2175 -39.165 -8.065  1.389
2176 -39.165 -8.065  1.389
2177 -39.165 -9.829  1.317
2178 -39.165 -9.829  1.317
2179 -39.165 -11.078  1.234
2180 -39.165 -11.078  1.234
2181 -39.165 -12.634  1.139
2182 -39.165 -12.634  1.139
2183 -39.165 -14.055  1.032
2184 -39.165 -14.055  1.032
2185 -39.165 -15.347  0.914
2186 -39.165 -15.347  0.914
2187 -39.165 -16.160  0.788
2188 -39.165 -16.160  0.788
2189 -39.165 -16.640  0.657
2190 -39.165 -16.640  0.657
2191 -39.165 -16.935  0.523
2192 -39.165 -16.935  0.523
2193 -39.165 -16.876  0.388
2194 -39.165 -16.876  0.388
2195 -39.165 -16.774  0.253
2196 -39.165 -16.774  0.253
2197 -39.165 -16.697  0.119
2198 -39.165 -16.697  0.119
2199 -39.165 -16.400 -0.012
2200 -39.165 -16.400 -0.012
2201 -39.165 -16.308 -0.143
2202 -39.165 -16.308 -0.143
2203 -39.165 -16.264 -0.273
2204 -39.165 -16.264 -0.273
2205 -39.165 -16.108 -0.403
2206 -39.165 -16.108 -0.403
2207 -39.165 -16.199 -0.532
2208 -39.165 -16.199 -0.532
2209 -39.165 -16.232 -0.662
2210 -39.165 -16.232 -0.662
2211  0.000 -16.221 -0.792
2212  0.000 -16.221 -0.792
2213  0.000 -16.344 -0.922
2214  0.000 -16.344 -0.922
2215  0.000 -15.460 -1.049
2216  0.000 -15.460 -1.049
2217  0.000 -14.155 -1.168
2218  0.000 -14.155 -1.168
2219  0.000 -12.023 -1.272
2220  0.000 -12.023 -1.272
2221  0.000 -10.251 -1.361
2222  0.000 -10.251 -1.361
2223  0.000 -7.939 -1.434
2224  0.000 -7.939 -1.434
2225  0.000 -6.314 -1.491
2226  0.000 -6.314 -1.491
2227  0.000 -3.905 -1.532
2228  0.000 -3.905 -1.532
2229  0.000 -2.270 -1.557
2230  0.000 -2.270 -1.557
2231  0.000 -0.779 -1.570
2232  0.000 -0.779 -1.570
2233  0.000 -0.111 -1.574
2234  0.000 -0.111 -1.574
2235  0.000  0.310 -1.573
2236  0.000  0.310 -1.573
2237  0.000  0.644 -1.569
2238  0.000  0.644 -1.569
2239  0.000  0.642 -1.564
2240  0.000  0.642 -1.564
2241  0.000  0.512 -1.560
2242  0.000  0.512 -1.560
2243  0.000  0.255 -1.557
2244  0.000  0.255 -1.557
2245  0.000 -0.078 -1.556
2246  0.000 -0.078 -1.556
2247  0.000 -0.250 -1.557
2248  0.000 -0.250 -1.557
2249  0.000 -0.280 -1.559
2250  0.000 -0.280 -1.559
2251  0.000 -0.152 -1.561
2252  0.000 -0.152 -1.561
2253  0.000 -0.075 -1.562
2254  0.000 -0.075 -1.562
2255  0.000 -0.003 -1.562
2256  0.000 -0.003 -1.562
2257  0.000  0.002 -1.562
2258  0.000  0.002 -1.562
2259  0.000  0.117 -1.562
2260  0.000  0.117 -1.562
2261  0.000  0.137 -1.561
2262  0.000  0.137 -1.561
2263  0.000  0.154 -1.560
2264  0.000  0.154 -1.560
2265  0.000  0.030 -1.559
2266  0.000  0.030 -1.559
2267  0.000  0.036 -1.559
2268  0.000  0.036 -1.559
2269  0.000 -0.060 -1.559
2270  0.000 -0.060 -1.559
2271  0.000 -0.043 -1.559
2272  0.000 -0.043 -1.559
2273  0.000 -0.013 -1.559
2274  40.955 -0.013 -1.559
2275  40.955  0.013 -1.559
2276  40.955  0.013 -1.559
2277  40.955  0.204 -1.558
2278  40.955  0.204 -1.558
2279  40.955  2.306 -1.548
2280  40.955  2.306 -1.548
2281  40.955  3.485 -1.525
2282  40.955  3.485 -1.525
2283  40.955  5.177 -1.491
2284  40.955  5.177 -1.491
2285  40.955  6.419 -1.444
2286  40.955  6.419 -1.444
2287  40.955  7.322 -1.389
2288  40.955  7.322 -1.389
2289  40.955  8.358 -1.326
2290  40.955  8.358 -1.326
2291  40.955  9.572 -1.255
2292  40.955  9.572 -1.255
2293  40.955  10.814 -1.173
2294  40.955  10.814 -1.173
2295  40.955  11.835 -1.083
2296  40.955  11.835 -1.083
2297  40.955  13.592 -0.981
2298  40.955  13.592 -0.981
2299  40.955  14.773 -0.867
2300  40.955  14.773 -0.867
2301  40.955  15.963 -0.744
2302  40.955  15.963 -0.744
2303  40.955  16.571 -0.614
2304  40.955  16.571 -0.614
2305  40.955  16.964 -0.480
2306  40.955  16.964 -0.480
2307  40.955  17.054 -0.344
2308  40.955  17.054 -0.344
2309  40.955  16.873 -0.208
2310  40.955  16.873 -0.208
2311  40.955  16.679 -0.074
2312  40.955  16.679 -0.074
2313  40.955  16.599  0.058
2314  40.955  16.599  0.058
2315  40.955  16.697  0.191
2316  40.955  16.697  0.191
2317  40.955  16.733  0.325
2318  40.955  16.733  0.325
2319  40.955  16.844  0.459
2320  40.955  16.844  0.459
2321  40.955  16.911  0.594
2322  40.955  16.911  0.594
2323  0.000  16.862  0.729
2324  0.000  16.862  0.729
2325  0.000  16.721  0.864
2326  0.000  16.721  0.864
2327  0.000  16.005  0.995
2328  0.000  16.005  0.995
2329  0.000  14.366  1.116
2330  0.000  14.366  1.116
2331  0.000  13.171  1.226
2332  0.000  13.171  1.226
2333  0.000  11.560  1.325
2334  0.000  11.560  1.325
2335  0.000  10.280  1.413
2336  0.000  10.280  1.413
2337  0.000  9.074  1.490
2338  0.000  9.074  1.490
2339  0.000  7.248  1.555
2340  0.000  7.248  1.555
2341  0.000  5.899  1.608
2342  0.000  5.899  1.608
2343  0.000  4.055  1.648
2344  0.000  4.055  1.648
2345  0.000  2.634  1.674
2346  0.000  2.634  1.674
2347  0.000  1.025  1.689
2348  0.000  1.025  1.689
2349  0.000 -0.015  1.693
2350  0.000 -0.015  1.693
2351  0.000 -0.672  1.690
2352  0.000 -0.672  1.690
2353  0.000 -0.886  1.684
2354  0.000 -0.886  1.684
2355  0.000 -0.602  1.678
2356  0.000 -0.602  1.678
2357  0.000 -0.187  1.675
2358  0.000 -0.187  1.675
2359  0.000  0.060  1.674
2360  0.000  0.060  1.674
2361  0.000  0.142  1.675
2362  0.000  0.142  1.675
2363  0.000  0.099  1.676
2364  0.000  0.099  1.676
2365  0.000  0.023  1.677
2366  0.000  0.023  1.677
2367  0.000 -0.018  1.677
2368  0.000 -0.018  1.677
2369  0.000  0.025  1.677
2370  0.000  0.025  1.677
2371  0.000 -0.006  1.677
2372  0.000 -0.006  1.677
2373  0.000 -0.011  1.677
2374  0.000 -0.011  1.677
2375  0.000 -0.019  1.677
2376  0.000 -0.019  1.677
2377  0.000 -0.016  1.677
2378  0.000 -0.016  1.677
2379  0.000  0.000  1.676
2380  0.000  0.000  1.676
2381  0.000  0.028  1.677
2382  0.000  0.028  1.677
2383  0.000  0.000  1.677
2384  0.000  0.000  1.677
2385  0.000 -0.004  1.677
2386 -42.715 -0.004  1.677
2387 -42.715 -0.040  1.677
2388 -42.715 -0.040  1.677
2389 -42.715 -0.533  1.674
2390 -42.715 -0.533  1.674
2391 -42.715 -1.893  1.665
2392 -42.715 -1.893  1.665
2393 -42.715 -2.733  1.646
2394 -42.715 -2.733  1.646
2395 -42.715 -3.745  1.620
2396 -42.715 -3.745  1.620
2397 -42.715 -5.004  1.585
2398 -42.715 -5.004  1.585
2399 -42.715 -6.533  1.539
2400 -42.715 -6.533  1.539
2401 -42.715 -7.545  1.483
2402 -42.715 -7.545  1.483
2403 -42.715 -8.983  1.417
2404 -42.715 -8.983  1.417
2405 -42.715 -10.182  1.340
2406 -42.715 -10.182  1.340
2407 -42.715 -11.659  1.252
2408 -42.715 -11.659  1.252
2409 -42.715 -13.019  1.154
2410 -42.715 -13.019  1.154
2411 -42.715 -14.299  1.044
2412 -42.715 -14.299  1.044
2413 -42.715 -15.669  0.925
2414 -42.715 -15.669  0.925
2415 -42.715 -16.614  0.795
2416 -42.715 -16.614  0.795
2417 -42.715 -17.465  0.659
2418 -42.715 -17.465  0.659
2419 -42.715 -17.825  0.518
2420 -42.715 -17.825  0.518
2421 -42.715 -17.957  0.375
2422 -42.715 -17.957  0.375
2423 -42.715 -17.888  0.231
2424 -42.715 -17.888  0.231
2425 -42.715 -17.848  0.089
2426 -42.715 -17.848  0.089
2427 -42.715 -17.907 -0.054
2428 -42.715 -17.907 -0.054
2429 -42.715 -17.929 -0.197
2430 -42.715 -17.929 -0.197
2431 -42.715 -18.125 -0.341
2432 -42.715 -18.125 -0.341
2433 -42.715 -18.021 -0.486
2434 -42.715 -18.021 -0.486
2435 -42.715 -18.021 -0.630
2436 -42.715 -18.021 -0.630
2437  0.000 -17.826 -0.773
2438  0.000 -17.826 -0.773
2439  0.000 -17.607 -0.915
2440  0.000 -17.607 -0.915
2441  0.000 -16.340 -1.051
2442  0.000 -16.340 -1.051
2443  0.000 -15.081 -1.177
2444  0.000 -15.081 -1.177
2445  0.000 -12.546 -1.287
2446  0.000 -12.546 -1.287
2447  0.000 -11.062 -1.382
2448  0.000 -11.062 -1.382
2449  0.000 -8.768 -1.461
2450  0.000 -8.768 -1.461
2451  0.000 -7.073 -1.524
2452  0.000 -7.073 -1.524
2453  0.000 -4.445 -1.570
2454  0.000 -4.445 -1.570
2455  0.000 -2.806 -1.599
2456  0.000 -2.806 -1.599
2457  0.000 -1.394 -1.616
2458  0.000 -1.394 -1.616
2459  0.000 -0.375 -1.623
2460  0.000 -0.375 -1.623
2461  0.000  0.087 -1.625
2462  0.000  0.087 -1.625
2463  0.000  0.576 -1.622
2464  0.000  0.576 -1.622
2465  0.000  0.695 -1.617
2466  0.000  0.695 -1.617
2467  0.000  0.468 -1.612
2468  0.000  0.468 -1.612
2469  0.000  0.115 -1.610
2470  0.000  0.115 -1.610
2471  0.000 -0.238 -1.610
2472  0.000 -0.238 -1.610
2473  0.000 -0.521 -1.613
2474  0.000 -0.521 -1.613
2475  0.000 -0.441 -1.617
2476  0.000 -0.441 -1.617
2477  0.000 -0.035 -1.619
2478  0.000 -0.035 -1.619
2479  0.000  0.140 -1.619
2480  0.000  0.140 -1.619
2481  0.000  0.300 -1.617
2482  0.000  0.300 -1.617
2483  0.000  0.283 -1.615
2484  0.000  0.283 -1.615
2485  0.000  0.189 -1.613
2486  0.000  0.189 -1.613
2487  0.000  0.015 -1.612
2488  0.000  0.015 -1.612
2489  0.000 -0.029 -1.612
2490  0.000 -0.029 -1.612
2491  0.000 -0.068 -1.612
2492  0.000 -0.068 -1.612
2493  0.000 -0.077 -1.613
2494  0.000 -0.077 -1.613
2495  0.000 -0.062 -1.613
2496  0.000 -0.062 -1.613
2497  0.000 -0.012 -1.614
2498  0.000 -0.012 -1.614
2499  0.000 -0.026 -1.614
2500  44.505 -0.026 -1.614
2501  44.505  0.000 -1.614
2502  44.505  0.000 -1.614
2503  44.505  0.291 -1.613
2504  44.505  0.291 -1.613
2505  44.505  3.187 -1.599
2506  44.505  3.187 -1.599
2507  44.505  4.225 -1.569
2508  44.505  4.225 -1.569
2509  44.505  5.449 -1.531
2510  44.505  5.449 -1.531
2511  44.505  7.380 -1.479
2512  44.505  7.380 -1.479
2513  44.505  9.372 -1.414
2514  44.505  9.372 -1.414
2515  44.505  10.109 -1.336
2516  44.505  10.109 -1.336
2517  44.505  10.811 -1.252
2518  44.505  10.811 -1.252
2519  44.505  12.380 -1.160
2520  44.505  12.380 -1.160
2521  44.505  13.389 -1.056
2522  44.505  13.389 -1.056
2523  44.505  14.667 -0.944
2524  44.505  14.667 -0.944
2525  44.505  15.403 -0.824
2526  44.505  15.403 -0.824
2527  44.505  16.651 -0.696
2528  44.505  16.651 -0.696
2529  44.505  17.313 -0.560
2530  44.505  17.313 -0.560
2531  44.505  17.773 -0.420
2532  44.505  17.773 -0.420
2533  44.505  18.101 -0.276
2534  44.505  18.101 -0.276
2535  44.505  18.123 -0.131
2536  44.505  18.123 -0.131
2537  44.505  18.070  0.013
2538  44.505  18.070  0.013
2539  44.505  17.860  0.156
2540  44.505  17.860  0.156
2541  44.505  17.807  0.299
2542  44.505  17.807  0.299
2543  44.505  17.977  0.442
2544  44.505  17.977  0.442
2545  44.505  17.991  0.586
2546  44.505  17.991  0.586
2547  0.000  18.053  0.730
2548  0.000  18.053  0.730
2549  0.000  18.071  0.875
2550  0.000  18.071  0.875
2551  0.000  17.216  1.016
2552  0.000  17.216  1.016
2553  0.000  15.849  1.148
2554  0.000  15.849  1.148
2555  0.000  14.136  1.268
2556  0.000  14.136  1.268
2557  0.000  12.867  1.376
2558  0.000  12.867  1.376
2559  0.000  11.377  1.473
2560  0.000  11.377  1.473
2561  0.000  9.500  1.557
2562  0.000  9.500  1.557
2563  0.000  7.981  1.627
2564  0.000  7.981  1.627
2565  0.000  6.005  1.682
2566  0.000  6.005  1.682
2567  0.000  4.585  1.725
2568  0.000  4.585  1.725
2569  0.000  2.683  1.754
2570  0.000  2.683  1.754
2571  0.000  1.281  1.770
2572  0.000  1.281  1.770
2573  0.000  0.178  1.776
2574  0.000  0.178  1.776
2575  0.000 -1.016  1.772
2576  0.000 -1.016  1.772
2577  0.000 -1.287  1.763
2578  0.000 -1.287  1.763
2579  0.000 -0.926  1.754
2580  0.000 -0.926  1.754
2581  0.000 -0.314  1.749
2582  0.000 -0.314  1.749
2583  0.000  0.303  1.749
2584  0.000  0.303  1.749
2585  0.000  0.434  1.752
2586  0.000  0.434  1.752
2587  0.000  0.273  1.755
2588  0.000  0.273  1.755
2589  0.000  0.073  1.756
2590  0.000  0.073  1.756
2591  0.000 -0.050  1.756
2592  0.000 -0.050  1.756
2593  0.000 -0.077  1.756
2594  0.000 -0.077  1.756
2595  0.000 -0.051  1.755
2596  0.000 -0.051  1.755
2597  0.000 -0.0010  1.755
2598  0.000 -0.0010  1.755
2599  0.000  0.005  1.755
2600  0.000  0.005  1.755
2601  0.000 -0.0010  1.755
2602  0.000 -0.0010  1.755
2603  0.000  0.005  1.755
2604  0.000  0.005  1.755
2605  0.000  0.022  1.755
2606  0.000  0.022  1.755
2607  0.000 -0.0010  1.755
2608  0.000 -0.0010  1.755
2609  0.000 -0.009  1.755
2610 -46.233 -0.009  1.755
2611 -46.233 -0.011  1.755
2612 -46.233 -0.011  1.755
2613 -46.233 -0.370  1.754
2614 -46.233 -0.370  1.754
2615 -46.233 -2.183  1.743
2616 -46.233 -2.183  1.743
2617 -46.233 -2.887  1.723
2618 -46.233 -2.887  1.723
2619 -46.233 -3.594  1.697
2620 -46.233 -3.594  1.697
2621 -46.233 -5.623  1.660
2622 -46.233 -5.623  1.660
2623 -46.233 -6.353  1.612
2624 -46.233 -6.353  1.612
2625 -46.233 -8.079  1.555
2626 -46.233 -8.079  1.555
2627 -46.233 -9.288  1.485
2628 -46.233 -9.288  1.485
2629 -46.233 -10.487  1.406
2630 -46.233 -10.487  1.406
2631 -46.233 -11.801  1.317
2632 -46.233 -11.801  1.317
2633 -46.233 -13.288  1.217
2634 -46.233 -13.288  1.217
2635 -46.233 -14.826  1.104
2636 -46.233 -14.826  1.104
2637 -46.233 -15.564  0.982
2638 -46.233 -15.564  0.982
2639 -46.233 -16.740  0.853
2640 -46.233 -16.740  0.853
2641 -46.233 -17.287  0.717
2642 -46.233 -17.287  0.717
2643 -46.233 -17.937  0.576
2644 -46.233 -17.937  0.576
2645 -46.233 -18.518  0.430
2646 -46.233 -18.518  0.430
2647 -46.233 -18.981  0.281
2648 -46.233 -18.981  0.281
2649 -46.233 -19.214  0.128
2650 -46.233 -19.214  0.128
2651 -46.233 -19.570 -0.026
2652 -46.233 -19.570 -0.026
2653 -46.233 -19.435 -0.182
2654 -46.233 -19.435 -0.182
2655 -46.233 -19.539 -0.338
2656 -46.233 -19.539 -0.338
2657 -46.233 -19.282 -0.493
2658 -46.233 -19.282 -0.493
2659 -46.233 -19.027 -0.647
2660 -46.233 -19.027 -0.647
2661  0.000 -18.880 -0.798
2662  0.000 -18.880 -0.798
2663  0.000 -19.035 -0.950
2664  0.000 -19.035 -0.950
2665  0.000 -17.801 -1.097
2666  0.000 -17.801 -1.097
2667  0.000 -15.193 -1.229
2668  0.000 -15.193 -1.229
2669  0.000 -13.219 -1.343
2670  0.000 -13.219 -1.343
2671  0.000 -10.058 -1.436
2672  0.000 -10.058 -1.436
2673  0.000 -7.956 -1.508
2674  0.000 -7.956 -1.508
2675  0.000 -4.981 -1.560
2676  0.000 -4.981 -1.560
2677  0.000 -2.497 -1.590
2678  0.000 -2.497 -1.590
2679  0.000 -0.224 -1.601
2680  0.000 -0.224 -1.601
2681  0.000  1.497 -1.596
2682  0.000  1.497 -1.596
2683  0.000  2.094 -1.581
2684  0.000  2.094 -1.581
2685  0.000  1.805 -1.566
2686  0.000  1.805 -1.566
2687  0.000  0.864 -1.555
2688  0.000  0.864 -1.555
2689  0.000 -0.426 -1.553
2690  0.000 -0.426 -1.553
2691  0.000 -0.877 -1.558
2692  0.000 -0.877 -1.558
2693  0.000 -0.943 -1.566
2694  0.000 -0.943 -1.566
2695  0.000 -0.466 -1.571
2696  0.000 -0.466 -1.571
2697  0.000  0.011 -1.573
2698  0.000  0.011 -1.573
2699  0.000  0.300 -1.572
2700  0.000  0.300 -1.572
2701  0.000  0.277 -1.570
2702  0.000  0.277 -1.570
2703  0.000  0.141 -1.568
2704  0.000  0.141 -1.568
2705  0.000  0.031 -1.567
2706  0.000  0.031 -1.567
2707  0.000 -0.018 -1.567
2708  0.000 -0.018 -1.567
2709  0.000  0.006 -1.567
2710  0.000  0.006 -1.567
2711  0.000 -0.001 -1.567
2712  0.000 -0.001 -1.567
2713  0.000 -0.018 -1.567
2714  0.000 -0.018 -1.567
2715  0.000 -0.000 -1.567
2716  0.000 -0.000 -1.567
2717  0.000  0.001 -1.567
2718  0.000  0.001 -1.567
2719  0.000 -0.015 -1.567
2720  0.000 -0.015 -1.567
2721  0.000 -0.015 -1.568
2722  0.000 -0.015 -1.568
2723  0.000 -0.025 -1.568
2724  48.024 -0.025 -1.568
2725  48.024  0.012 -1.568
2726  48.024  0.012 -1.568
2727  48.024  0.813 -1.564
2728  48.024  0.813 -1.564
2729  48.024  2.922 -1.549
2730  48.024  2.922 -1.549
2731  48.024  3.572 -1.524
2732  48.024  3.572 -1.524
2733  48.024  4.814 -1.490
2734  48.024  4.814 -1.490
2735  48.024  7.978 -1.439
2736  48.024  7.978 -1.439
2737  48.024  9.071 -1.371
2738  48.024  9.071 -1.371
2739  48.024  10.047 -1.294
2740  48.024  10.047 -1.294
2741  48.024  11.744 -1.207
2742  48.024  11.744 -1.207
2743  48.024  13.063 -1.108
2744  48.024  13.063 -1.108
2745  48.024  13.757 -1.000
2746  48.024  13.757 -1.000
2747  48.024  14.585 -0.887
2748  48.024  14.585 -0.887
2749  48.024  15.975 -0.765
2750  48.024  15.975 -0.765
2751  48.024  16.974 -0.633
2752  48.024  16.974 -0.633
2753  48.024  17.643 -0.495
2754  48.024  17.643 -0.495
2755  48.024  18.430 -0.350
2756  48.024  18.430 -0.350
2757  48.024  18.690 -0.202
2758  48.024  18.690 -0.202
2759  48.024  18.868 -0.052
2760  48.024  18.868 -0.052
2761  48.024  18.948  0.099
2762  48.024  18.948  0.099
2763  48.024  18.895  0.250
2764  48.024  18.895  0.250
2765  48.024  18.819  0.401
2766  48.024  18.819  0.401
2767  48.024  18.831  0.552
2768  48.024  18.831  0.552
2769  0.000  18.909  0.703
2770  0.000  18.909  0.703
2771  0.000  18.843  0.854
2772  0.000  18.843  0.854
2773  0.000  17.570  0.999
2774  0.000  17.570  0.999
2775  0.000  16.018  1.134
2776  0.000  16.018  1.134
2777  0.000  13.728  1.253
2778  0.000  13.728  1.253
2779  0.000  11.860  1.355
2780  0.000  11.860  1.355
2781  0.000  10.301  1.444
2782  0.000  10.301  1.444
2783  0.000  7.768  1.516
2784  0.000  7.768  1.516
2785  0.000  6.087  1.571
2786  0.000  6.087  1.571
2787  0.000  4.026  1.612
2788  0.000  4.026  1.612
2789  0.000  2.578  1.638
2790  0.000  2.578  1.638
2791  0.000  0.233  1.649
2792  0.000  0.233  1.649
2793  0.000 -0.813  1.647
2794  0.000 -0.813  1.647
2795  0.000 -1.597  1.637
2796  0.000 -1.597  1.637
2797  0.000 -1.590  1.625
2798  0.000 -1.590  1.625
2799  0.000 -0.897  1.615
2800  0.000 -0.897  1.615
2801  0.000  0.146  1.612
2802  0.000  0.146  1.612
2803  0.000  0.662  1.615
2804  0.000  0.662  1.615
2805  0.000  0.708  1.620
2806  0.000  0.708  1.620
2807  0.000  0.399  1.625
2808  0.000  0.399  1.625
2809  0.000 -0.105  1.626
2810  0.000 -0.105  1.626
2811  0.000 -0.146  1.625
2812  0.000 -0.146  1.625
2813  0.000 -0.191  1.624
2814  0.000 -0.191  1.624
2815  0.000 -0.125  1.622
2816  0.000 -0.125  1.622
2817  0.000 -0.022  1.622
2818  0.000 -0.022  1.622
2819  0.000 -0.048  1.622
2820  0.000 -0.048  1.622
2821  0.000 -0.059  1.621
2822  0.000 -0.059  1.621
2823  0.000 -0.026  1.621
2824  0.000 -0.026  1.621
2825  0.000 -0.009  1.621
2826  0.000 -0.009  1.621
2827  0.000  0.019  1.621
2828  0.000  0.019  1.621
2829  0.000  0.021  1.621
2830  0.000  0.021  1.621
2831  0.000  0.017  1.621
2832 -49.720  0.017  1.621
2833 -49.720 -0.024  1.621
2834 -49.720 -0.024  1.621
2835 -49.720 -0.327  1.620
2836 -49.720 -0.327  1.620
2837 -49.720 -2.473  1.608
2838 -49.720 -2.473  1.608
2839 -49.720 -3.150  1.586
2840 -49.720 -3.150  1.586
2841 -49.720 -3.997  1.557
2842 -49.720 -3.997  1.557
2843 -49.720 -6.264  1.516
2844 -49.720 -6.264  1.516
2845 -49.720 -7.070  1.463
2846 -49.720 -7.070  1.463
2847 -49.720 -8.713  1.400
2848 -49.720 -8.713  1.400
2849 -49.720 -10.400  1.323
2850 -49.720 -10.400  1.323
2851 -49.720 -11.953  1.234
2852 -49.720 -11.953  1.234
2853 -49.720 -13.085  1.134
2854 -49.720 -13.085  1.134
2855 -49.720 -14.148  1.026
2856 -49.720 -14.148  1.026
2857 -49.720 -14.950  0.909
2858 -49.720 -14.950  0.909
2859 -49.720 -15.683  0.787
2860 -49.720 -15.683  0.787
2861 -49.720 -16.710  0.657
2862 -49.720 -16.710  0.657
2863 -49.720 -17.385  0.521
2864 -49.720 -17.385  0.521
2865 -49.720 -18.355  0.378
2866 -49.720 -18.355  0.378
2867 -49.720 -19.134  0.228
2868 -49.720 -19.134  0.228
2869 -49.720 -19.566  0.073
2870 -49.720 -19.566  0.073
2871 -49.720 -20.171 -0.085
2872 -49.720 -20.171 -0.085
2873 -49.720 -20.255 -0.246
2874 -49.720 -20.255 -0.246
2875 -49.720 -20.308 -0.409
2876 -49.720 -20.308 -0.409
2877 -49.720 -20.474 -0.572
2878 -49.720 -20.474 -0.572
2879  0.000 -20.347 -0.735
2880  0.000 -20.347 -0.735
2881  0.000 -20.484 -0.898
2882  0.000 -20.484 -0.898
2883  0.000 -19.343 -1.058
2884  0.000 -19.343 -1.058
2885  0.000 -17.243 -1.204
2886  0.000 -17.243 -1.204
2887  0.000 -14.615 -1.332
2888  0.000 -14.615 -1.332
2889  0.000 -12.000 -1.438
2890  0.000 -12.000 -1.438
2891  0.000 -9.668 -1.525
2892  0.000 -9.668 -1.525
2893  0.000 -6.649 -1.590
2894  0.000 -6.649 -1.590
2895  0.000 -4.199 -1.633
2896  0.000 -4.199 -1.633
2897  0.000 -2.066 -1.658
2898  0.000 -2.066 -1.658
2899  0.000 -1.367 -1.672
2900  0.000 -1.367 -1.672
2901  0.000 -1.533 -1.684
2902  0.000 -1.533 -1.684
2903  0.000 -0.817 -1.693
2904  0.000 -0.817 -1.693
2905  0.000 -0.513 -1.699
2906  0.000 -0.513 -1.699
2907  0.000  0.363 -1.699
2908  0.000  0.363 -1.699
2909  0.000  0.595 -1.695
2910  0.000  0.595 -1.695
2911  0.000  0.498 -1.691
2912  0.000  0.498 -1.691
2913  0.000  0.307 -1.688
2914  0.000  0.307 -1.688
2915  0.000  0.022 -1.686
2916  0.000  0.022 -1.686
2917  0.000 -0.294 -1.687
2918  0.000 -0.294 -1.687
2919  0.000 -0.401 -1.690
2920  0.000 -0.401 -1.690
2921  0.000 -0.237 -1.693
2922  0.000 -0.237 -1.693
2923  0.000  0.066 -1.693
2924  0.000  0.066 -1.693
2925  0.000  0.286 -1.692
2926  0.000  0.286 -1.692
2927  0.000  0.107 -1.690
2928  0.000  0.107 -1.690
2929  0.000  0.112 -1.690
2930  0.000  0.112 -1.690
2931  0.000  0.038 -1.689
2932  0.000  0.038 -1.689
2933  0.000  0.021 -1.689
2934  0.000  0.021 -1.689
2935  0.000  0.020 -1.689
2936  0.000  0.020 -1.689
2937  0.000  0.015 -1.688
2938  0.000  0.015 -1.688
2939  0.000 -0.048 -1.689
2940  0.000 -0.048 -1.689
2941  0.000 -0.075 -1.689
2942  51.448 -0.075 -1.689
2943  51.448 -0.017 -1.689
2944  51.448 -0.017 -1.689
2945  51.448  0.609 -1.687
2946  51.448  0.609 -1.687
2947  51.448  3.132 -1.672
2948  51.448  3.132 -1.672
2949  51.448  4.695 -1.641
2950  51.448  4.695 -1.641
2951  51.448  5.377 -1.600
2952  51.448  5.377 -1.600
2953  51.448  7.418 -1.549
2954  51.448  7.418 -1.549
2955  51.448  8.883 -1.484
2956  51.448  8.883 -1.484
2957  51.448  10.348 -1.407
2958  51.448  10.348 -1.407
2959  51.448  11.316 -1.320
2960  51.448  11.316 -1.320
2961  51.448  13.017 -1.223
2962  51.448  13.017 -1.223
2963  51.448  14.709 -1.112
2964  51.448  14.709 -1.112
2965  51.448  15.315 -0.992
2966  51.448  15.315 -0.992
2967  51.448  15.992 -0.867
2968  51.448  15.992 -0.867
2969  51.448  16.992 -0.735
2970  51.448  16.992 -0.735
2971  51.448  18.366 -0.594
2972  51.448  18.366 -0.594
2973  51.448  18.924 -0.444
2974  51.448  18.924 -0.444
2975  51.448  19.511 -0.291
2976  51.448  19.511 -0.291
2977  51.448  19.861 -0.133
2978  51.448  19.861 -0.133
2979  51.448  19.808  0.025
2980  51.448  19.808  0.025
2981  51.448  19.953  0.184
2982  51.448  19.953  0.184
2983  51.448  19.811  0.343
2984  51.448  19.811  0.343
2985  51.448  19.528  0.500
2986  51.448  19.528  0.500
2987  51.448  19.641  0.657
2988  51.448  19.641  0.657
2989  0.000  19.521  0.813
2990  0.000  19.521  0.813
2991  0.000  19.627  0.970
2992  0.000  19.627  0.970
2993  0.000  18.763  1.123
2994  0.000  18.763  1.123
2995  0.000  17.314  1.268
2996  0.000  17.314  1.268
2997  0.000  15.326  1.398
2998  0.000  15.326  1.398
2999  0.000  13.434  1.513