0  5.235  0.007 -0.001
1  5.235  0.007 -0.001
2  5.235  0.005 -0.001
3  5.235  0.005 -0.001
4  5.235  0.187 -0.000
5  5.235  0.187 -0.000
6  5.235  1.318  0.005
7  5.235  1.318  0.005
8  5.235  2.393  0.020
9  5.235  2.393  0.020
10  5.235  3.422  0.043
11  5.235  3.422  0.043
12  5.235  3.477  0.071
13  5.235  3.477  0.071
14  5.235  3.149  0.097
15  5.235  3.149  0.097
16  5.235  2.350  0.119
17  5.235  2.350  0.119
18  5.235  1.752  0.136
19  5.235  1.752  0.136
20  5.235  1.401  0.148
21  5.235  1.401  0.148
22  5.235  1.514  0.160
23  5.235  1.514  0.160
24  5.235  2.018  0.174
25  5.235  2.018  0.174
26  5.235  2.357  0.192
27  5.235  2.357  0.192
28  5.235  2.508  0.211
29  5.235  2.508  0.211
30  5.235  2.596  0.232
31  5.235  2.596  0.232
32  5.235  2.530  0.252
33  5.235  2.530  0.252
34  5.235  2.482  0.272
35  5.235  2.482  0.272
36  5.235  2.310  0.291
37  5.235  2.310  0.291
38  5.235  2.059  0.309
39  5.235  2.059  0.309
40  5.235  1.905  0.325
41  5.235  1.905  0.325
42  5.235  2.002  0.340
43  5.235  2.002  0.340
44  5.235  2.131  0.357
45  5.235  2.131  0.357
46  5.235  2.292  0.374
47  5.235  2.292  0.374
48  5.235  2.345  0.393
49  5.235  2.345  0.393
50  5.235  2.289  0.412
51  5.235  2.289  0.412
52  5.235  2.348  0.430
53  5.235  2.348  0.430
54  5.235  2.324  0.449
55  5.235  2.324  0.449
56  5.235  2.342  0.467
57  5.235  2.342  0.467
58  5.235  2.309  0.486
59  5.235  2.309  0.486
60  5.235  2.302  0.504
61  5.235  2.302  0.504
62  5.235  2.229  0.523
63  5.235  2.229  0.523
64  5.235  2.255  0.541
65  5.235  2.255  0.541
66  5.235  2.321  0.559
67  5.235  2.321  0.559
68  5.235  2.302  0.577
69  5.235  2.302  0.577
70  5.235  2.126  0.595
71  5.235  2.126  0.595
72  5.235  1.987  0.612
73  5.235  1.987  0.612
74  5.235  2.038  0.628
75  5.235  2.038  0.628
76  5.235  2.269  0.645
77  5.235  2.269  0.645
78  5.235  2.366  0.663
79  5.235  2.366  0.663
80  5.235  2.443  0.683
81  5.235  2.443  0.683
82  0.000  2.457  0.702
83  0.000  2.457  0.702
84  0.000  2.484  0.722
85  0.000  2.484  0.722
86  0.000  2.095  0.740
87  0.000  2.095  0.740
88  0.000  1.099  0.753
89  0.000  1.099  0.753
90  0.000 -0.330  0.756
91  0.000 -0.330  0.756
92  0.000 -0.988  0.751
93  0.000 -0.988  0.751
94  0.000 -1.105  0.743
95  0.000 -1.105  0.743
96  0.000 -0.744  0.735
97  0.000 -0.744  0.735
98  0.000  0.000  0.732
99  0.000  0.000  0.732
100  0.000  0.367  0.734
101  0.000  0.367  0.734
102  0.000  0.506  0.737
103  0.000  0.506  0.737
104  0.000  0.431  0.741
105  0.000  0.431  0.741
106  0.000  0.168  0.743
107  0.000  0.168  0.743
108  0.000 -0.0100  0.744
109  0.000 -0.0100  0.744
110  0.000 -0.174  0.742
111  0.000 -0.174  0.742
112  0.000 -0.160  0.741
113  0.000 -0.160  0.741
114  0.000 -0.112  0.740
115  0.000 -0.112  0.740
116  0.000 -0.000  0.740
117  0.000 -0.000  0.740
118  0.000  0.047  0.740
119  0.000  0.047  0.740
120  0.000  0.061  0.740
121  0.000  0.061  0.740
122  0.000  0.024  0.741
123  0.000  0.024  0.741
124  0.000 -0.006  0.741
125  0.000 -0.006  0.741
126  0.000 -0.001  0.741
127  0.000 -0.001  0.741
128  0.000 -0.019  0.740
129  0.000 -0.019  0.740
130  0.000 -0.004  0.740
131  0.000 -0.004  0.740
132  0.000  0.001  0.740
133  0.000  0.001  0.740
134  0.000  0.0010  0.740
135  0.000  0.0010  0.740
136  0.000  0.011  0.741
137  0.000  0.011  0.741
138  0.000 -0.004  0.741
139  0.000 -0.004  0.741
140  0.000  0.015  0.741
141  0.000  0.015  0.741
142  0.000 -0.006  0.741
143  0.000 -0.006  0.741
144  0.000  0.020  0.741
145 -7.513  0.020  0.741
146 -7.513  0.021  0.741
147 -7.513  0.021  0.741
148 -7.513 -0.040  0.741
149 -7.513 -0.040  0.741
150 -7.513 -1.234  0.736
151 -7.513 -1.234  0.736
152 -7.513 -2.295  0.722
153 -7.513 -2.295  0.722
154 -7.513 -3.360  0.699
155 -7.513 -3.360  0.699
156 -7.513 -3.910  0.670
157 -7.513 -3.910  0.670
158 -7.513 -4.086  0.638
159 -7.513 -4.086  0.638
160 -7.513 -3.749  0.607
161 -7.513 -3.749  0.607
162 -7.513 -3.245  0.579
163 -7.513 -3.245  0.579
164 -7.513 -2.707  0.555
165 -7.513 -2.707  0.555
166 -7.513 -2.599  0.534
167 -7.513 -2.599  0.534
168 -7.513 -2.710  0.512
169 -7.513 -2.710  0.512
170 -7.513 -2.861  0.490
171 -7.513 -2.861  0.490
172 -7.513 -3.153  0.466
173 -7.513 -3.153  0.466
174 -7.513 -3.479  0.439
175 -7.513 -3.479  0.439
176 -7.513 -3.588  0.411
177 -7.513 -3.588  0.411
178 -7.513 -3.440  0.383
179 -7.513 -3.440  0.383
180 -7.513 -3.317  0.356
181 -7.513 -3.317  0.356
182 -7.513 -3.102  0.330
183 -7.513 -3.102  0.330
184 -7.513 -2.949  0.306
185 -7.513 -2.949  0.306
186 -7.513 -2.886  0.283
187 -7.513 -2.886  0.283
188 -7.513 -3.000  0.259
189 -7.513 -3.000  0.259
190 -7.513 -3.223  0.234
191 -7.513 -3.223  0.234
192 -7.513 -3.277  0.208
193 -7.513 -3.277  0.208
194 -7.513 -3.264  0.182
195 -7.513 -3.264  0.182
196 -7.513 -3.322  0.156
197 -7.513 -3.322  0.156
198 -7.513 -3.244  0.130
199 -7.513 -3.244  0.130
200 -7.513 -3.069  0.104
201 -7.513 -3.069  0.104
202 -7.513 -3.006  0.080
203 -7.513 -3.006  0.080
204 -7.513 -3.061  0.056
205 -7.513 -3.061  0.056
206 -7.513 -3.206  0.031
207 -7.513 -3.206  0.031
208 -7.513 -3.187  0.005
209 -7.513 -3.187  0.005
210 -7.513 -3.276 -0.020
211 -7.513 -3.276 -0.020
212 -7.513 -3.388 -0.046
213 -7.513 -3.388 -0.046
214 -7.513 -3.202 -0.073
215 -7.513 -3.202 -0.073
216 -7.513 -3.039 -0.098
217 -7.513 -3.039 -0.098
218 -7.513 -3.004 -0.122
219 -7.513 -3.004 -0.122
220 -7.513 -3.065 -0.146
221 -7.513 -3.065 -0.146
222 -7.513 -3.096 -0.171
223 -7.513 -3.096 -0.171
224 -7.513 -3.197 -0.196
225 -7.513 -3.197 -0.196
226 -7.513 -3.360 -0.222
227 -7.513 -3.360 -0.222
228 -7.513 -3.551 -0.250
229 -7.513 -3.551 -0.250
230 -7.513 -3.339 -0.277
231 -7.513 -3.339 -0.277
232 -7.513 -3.045 -0.303
233 -7.513 -3.045 -0.303
234 -7.513 -2.947 -0.327
235 -7.513 -2.947 -0.327
236 -7.513 -2.955 -0.351
237 -7.513 -2.955 -0.351
238 -7.513 -2.947 -0.374
239 -7.513 -2.947 -0.374
240 -7.513 -3.179 -0.399
241 -7.513 -3.179 -0.399
242 -7.513 -3.472 -0.425
243 -7.513 -3.472 -0.425
244 -7.513 -3.493 -0.453
245 -7.513 -3.493 -0.453
246 -7.513 -3.306 -0.480
247 -7.513 -3.306 -0.480
248 -7.513 -3.160 -0.506
249 -7.513 -3.160 -0.506
250 -7.513 -3.030 -0.531
251 -7.513 -3.030 -0.531
252 -7.513 -2.875 -0.555
253 -7.513 -2.875 -0.555
254 -7.513 -2.963 -0.578
255 -7.513 -2.963 -0.578
256 -7.513 -3.200 -0.603
257 -7.513 -3.200 -0.603
258 -7.513 -3.437 -0.629
259 -7.513 -3.437 -0.629
260 -7.513 -3.490 -0.657
261 -7.513 -3.490 -0.657
262 -7.513 -3.464 -0.685
263 -7.513 -3.464 -0.685
264  0.000 -3.372 -0.712
265  0.000 -3.372 -0.712
266  0.000 -3.193 -0.738
267  0.000 -3.193 -0.738
268  0.000 -2.557 -0.761
269  0.000 -2.557 -0.761
270  0.000 -0.669 -0.774
271  0.000 -0.669 -0.774
272  0.000  0.554 -0.775
273  0.000  0.554 -0.775
274  0.000  1.515 -0.766
275  0.000  1.515 -0.766
276  0.000  1.469 -0.755
277  0.000  1.469 -0.755
278  0.000  0.685 -0.746
279  0.000  0.685 -0.746
280  0.000 -0.110 -0.744
281  0.000 -0.110 -0.744
282  0.000 -0.588 -0.746
283  0.000 -0.588 -0.746
284  0.000 -0.612 -0.751
285  0.000 -0.612 -0.751
286  0.000 -0.409 -0.755
287  0.000 -0.409 -0.755
288  0.000  0.045 -0.757
289  0.000  0.045 -0.757
290  0.000  0.224 -0.756
291  0.000  0.224 -0.756
292  0.000  0.184 -0.754
293  0.000  0.184 -0.754
294  0.000  0.084 -0.753
295  0.000  0.084 -0.753
296  0.000 -0.017 -0.753
297  0.000 -0.017 -0.753
298  0.000 -0.005 -0.753
299  0.000 -0.005 -0.753
300  0.000  0.020 -0.753
301  0.000  0.020 -0.753
302  0.000 -0.013 -0.753
303  0.000 -0.013 -0.753
304  0.000 -0.014 -0.753
305  0.000 -0.014 -0.753
306  0.000  0.003 -0.753
307  0.000  0.003 -0.753
308  0.000  0.016 -0.753
309  0.000  0.016 -0.753
310  0.000 -0.001 -0.753
311  0.000 -0.001 -0.753
312  0.000 -0.001 -0.753
313  0.000 -0.001 -0.753
314  0.000  0.003 -0.753
315  0.000  0.003 -0.753
316  0.000 -0.029 -0.753
317  0.000 -0.029 -0.753
318  0.000  0.014 -0.753
319  0.000  0.014 -0.753
320  0.000  0.008 -0.753
321  0.000  0.008 -0.753
322  0.000 -0.000 -0.753
323  0.000 -0.000 -0.753
324  0.000  0.019 -0.753
325  0.000  0.019 -0.753
326  0.000 -0.008 -0.753
327  10.372 -0.008 -0.753
328  10.372  0.009 -0.753
329  10.372  0.009 -0.753
330  10.372  0.172 -0.752
331  10.372  0.172 -0.752
332  10.372  1.653 -0.745
333  10.372  1.653 -0.745
334  10.372  4.054 -0.722
335  10.372  4.054 -0.722
336  10.372  5.330 -0.684
337  10.372  5.330 -0.684
338  10.372  5.764 -0.640
339  10.372  5.764 -0.640
340  10.372  5.536 -0.595
341  10.372  5.536 -0.595
342  10.372  5.128 -0.552
343  10.372  5.128 -0.552
344  10.372  4.182 -0.515
345  10.372  4.182 -0.515
346  10.372  3.767 -0.483
347  10.372  3.767 -0.483
348  10.372  3.698 -0.453
349  10.372  3.698 -0.453
350  10.372  3.902 -0.423
351  10.372  3.902 -0.423
352  10.372  4.477 -0.389
353  10.372  4.477 -0.389
354  10.372  4.848 -0.352
355  10.372  4.848 -0.352
356  10.372  4.925 -0.313
357  10.372  4.925 -0.313
358  10.372  4.607 -0.275
359  10.372  4.607 -0.275
360  10.372  4.283 -0.239
361  10.372  4.283 -0.239
362  10.372  4.188 -0.205
363  10.372  4.188 -0.205
364  10.372  4.301 -0.171
365  10.372  4.301 -0.171
366  10.372  4.406 -0.136
367  10.372  4.406 -0.136
368  10.372  4.445 -0.101
369  10.372  4.445 -0.101
370  10.372  4.488 -0.065
371  10.372  4.488 -0.065
372  10.372  4.304 -0.030
373  10.372  4.304 -0.030
374  10.372  4.411  0.004
375  10.372  4.411  0.004
376  10.372  4.536  0.040
377  10.372  4.536  0.040
378  10.372  4.562  0.076
379  10.372  4.562  0.076
380  10.372  4.536  0.112
381  10.372  4.536  0.112
382  10.372  4.377  0.148
383  10.372  4.377  0.148
384  10.372  4.195  0.182
385  10.372  4.195  0.182
386  10.372  4.192  0.216
387  10.372  4.192  0.216
388  10.372  4.150  0.249
389  10.372  4.150  0.249
390  10.372  4.293  0.283
391  10.372  4.293  0.283
392  10.372  4.485  0.318
393  10.372  4.485  0.318
394  10.372  4.605  0.354
395  10.372  4.605  0.354
396  10.372  4.652  0.391
397  10.372  4.652  0.391
398  10.372  4.470  0.428
399  10.372  4.470  0.428
400  10.372  4.426  0.464
401  10.372  4.426  0.464
402  10.372  4.434  0.499
403  10.372  4.434  0.499
404  10.372  4.466  0.535
405  10.372  4.466  0.535
406  10.372  4.580  0.571
407  10.372  4.580  0.571
408  10.372  4.591  0.607
409  10.372  4.591  0.607
410  10.372  4.380  0.643
411  10.372  4.380  0.643
412  10.372  4.326  0.678
413  10.372  4.326  0.678
414  0.000  4.321  0.713
415  0.000  4.321  0.713
416  0.000  4.447  0.748
417  0.000  4.447  0.748
418  0.000  3.969  0.782
419  0.000  3.969  0.782
420  0.000  2.641  0.808
421  0.000  2.641  0.808
422  0.000  0.597  0.821
423  0.000  0.597  0.821
424  0.000 -0.599  0.821
425  0.000 -0.599  0.821
426  0.000 -1.307  0.813
427  0.000 -1.307  0.813
428  0.000 -1.281  0.803
429  0.000 -1.281  0.803
430  0.000 -0.740  0.795
431  0.000 -0.740  0.795
432  0.000  0.121  0.792
433  0.000  0.121  0.792
434  0.000  0.563  0.795
435  0.000  0.563  0.795
436  0.000  0.571  0.800
437  0.000  0.571  0.800
438  0.000  0.381  0.803
439  0.000  0.381  0.803
440  0.000  0.027  0.805
441  0.000  0.027  0.805
442  0.000 -0.117  0.805
443  0.000 -0.117  0.805
444  0.000 -0.238  0.803
445  0.000 -0.238  0.803
446  0.000 -0.239  0.801
447  0.000 -0.239  0.801
448  0.000 -0.148  0.800
449  0.000 -0.148  0.800
450  0.000 -0.009  0.799
451  0.000 -0.009  0.799
452  0.000  0.050  0.799
453  0.000  0.050  0.799
454  0.000  0.111  0.800
455  0.000  0.111  0.800
456  0.000  0.085  0.801
457  0.000  0.085  0.801
458  0.000  0.055  0.801
459  0.000  0.055  0.801
460  0.000  0.014  0.802
461  0.000  0.014  0.802
462  0.000 -0.048  0.802
463  0.000 -0.048  0.802
464  0.000 -0.044  0.801
465  0.000 -0.044  0.801
466  0.000 -0.062  0.801
467  0.000 -0.062  0.801
468  0.000  0.0010  0.801
469  0.000  0.0010  0.801
470  0.000  0.020  0.801
471  0.000  0.020  0.801
472  0.000 -0.001  0.801
473  0.000 -0.001  0.801
474  0.000  0.057  0.801
475  0.000  0.057  0.801
476  0.000  0.015  0.801
477 -12.728  0.015  0.801
478 -12.728 -0.006  0.801
479 -12.728 -0.006  0.801
480 -12.728 -0.099  0.801
481 -12.728 -0.099  0.801
482 -12.728 -1.825  0.793
483 -12.728 -1.825  0.793
484 -12.728 -3.179  0.773
485 -12.728 -3.179  0.773
486 -12.728 -3.969  0.745
487 -12.728 -3.969  0.745
488 -12.728 -4.275  0.712
489 -12.728 -4.275  0.712
490 -12.728 -4.464  0.677
491 -12.728 -4.464  0.677
492 -12.728 -4.683  0.640
493 -12.728 -4.683  0.640
494 -12.728 -4.937  0.602
495 -12.728 -4.937  0.602
496 -12.728 -5.222  0.561
497 -12.728 -5.222  0.561
498 -12.728 -5.454  0.518
499 -12.728 -5.454  0.518
500 -12.728 -5.525  0.474
501 -12.728 -5.525  0.474
502 -12.728 -5.529  0.430
503 -12.728 -5.529  0.430
504 -12.728 -5.383  0.386
505 -12.728 -5.383  0.386
506 -12.728 -5.375  0.343
507 -12.728 -5.375  0.343
508 -12.728 -5.273  0.301
509 -12.728 -5.273  0.301
510 -12.728 -5.355  0.258
511 -12.728 -5.355  0.258
512 -12.728 -5.191  0.216
513 -12.728 -5.191  0.216
514 -12.728 -5.237  0.174
515 -12.728 -5.237  0.174
516 -12.728 -5.336  0.132
517 -12.728 -5.336  0.132
518 -12.728 -5.517  0.089
519 -12.728 -5.517  0.089
520 -12.728 -5.560  0.044
521 -12.728 -5.560  0.044
522 -12.728 -5.433  0.000
523 -12.728 -5.433  0.000
524 -12.728 -5.301 -0.042
525 -12.728 -5.301 -0.042
526 -12.728 -5.229 -0.084
527 -12.728 -5.229 -0.084
528 -12.728 -5.443 -0.126
529 -12.728 -5.443 -0.126
530 -12.728 -5.387 -0.170
531 -12.728 -5.387 -0.170
532 -12.728 -5.300 -0.212
533 -12.728 -5.300 -0.212
534 -12.728 -5.208 -0.255
535 -12.728 -5.208 -0.255
536 -12.728 -5.379 -0.297
537 -12.728 -5.379 -0.297
538 -12.728 -5.469 -0.340
539 -12.728 -5.469 -0.340
540 -12.728 -5.495 -0.384
541 -12.728 -5.495 -0.384
542 -12.728 -5.294 -0.427
543 -12.728 -5.294 -0.427
544 -12.728 -5.287 -0.470
545 -12.728 -5.287 -0.470
546 -12.728 -5.454 -0.513
547 -12.728 -5.454 -0.513
548 -12.728 -5.540 -0.557
549 -12.728 -5.540 -0.557
550 -12.728 -5.538 -0.601
551 -12.728 -5.538 -0.601
552 -12.728 -5.372 -0.645
553 -12.728 -5.372 -0.645
554 -12.728 -5.527 -0.688
555 -12.728 -5.527 -0.688
556  0.000 -5.458 -0.732
557  0.000 -5.458 -0.732
558  0.000 -5.556 -0.776
559  0.000 -5.556 -0.776
560  0.000 -4.311 -0.816
561  0.000 -4.311 -0.816
562  0.000 -2.334 -0.842
563  0.000 -2.334 -0.842
564  0.000 -0.438 -0.853
565  0.000 -0.438 -0.853
566  0.000  1.126 -0.851
567  0.000  1.126 -0.851
568  0.000  1.671 -0.839
569  0.000  1.671 -0.839
570  0.000  1.421 -0.827
571  0.000  1.421 -0.827
572  0.000  0.704 -0.818
573  0.000  0.704 -0.818
574  0.000 -0.219 -0.817
575  0.000 -0.219 -0.817
576  0.000 -0.712 -0.820
577  0.000 -0.712 -0.820
578  0.000 -0.694 -0.826
579  0.000 -0.694 -0.826
580  0.000 -0.327 -0.830
581  0.000 -0.327 -0.830
582  0.000 -0.016 -0.831
583  0.000 -0.016 -0.831
584  0.000  0.206 -0.831
585  0.000  0.206 -0.831
586  0.000  0.278 -0.829
587  0.000  0.278 -0.829
588  0.000  0.192 -0.827
589  0.000  0.192 -0.827
590  0.000  0.081 -0.826
591  0.000  0.081 -0.826
592  0.000 -0.015 -0.825
593  0.000 -0.015 -0.825
594  0.000 -0.069 -0.826
595  0.000 -0.069 -0.826
596  0.000 -0.097 -0.826
597  0.000 -0.097 -0.826
598  0.000 -0.072 -0.827
599  0.000 -0.072 -0.827
600  0.000 -0.044 -0.828
601  0.000 -0.044 -0.828
602  0.000  0.020 -0.828
603  0.000  0.020 -0.828
604  0.000  0.046 -0.827
605  0.000  0.046 -0.827
606  0.000  0.040 -0.827
607  0.000  0.040 -0.827
608  0.000  0.007 -0.827
609  0.000  0.007 -0.827
610  0.000 -0.003 -0.827
611  0.000 -0.003 -0.827
612  0.000 -0.005 -0.827
613  0.000 -0.005 -0.827
614  0.000 -0.033 -0.827
615  0.000 -0.033 -0.827
616  0.000 -0.028 -0.827
617  0.000 -0.028 -0.827
618  0.000  0.016 -0.827
619  14.959  0.016 -0.827
620  14.959 -0.018 -0.827
621  14.959 -0.018 -0.827
622  14.959  0.215 -0.827
623  14.959  0.215 -0.827
624  14.959  2.174 -0.817
625  14.959  2.174 -0.817
626  14.959  4.301 -0.791
627  14.959  4.301 -0.791
628  14.959  5.239 -0.753
629  14.959  5.239 -0.753
630  14.959  6.077 -0.708
631  14.959  6.077 -0.708
632  14.959  6.651 -0.657
633  14.959  6.651 -0.657
634  14.959  7.042 -0.602
635  14.959  7.042 -0.602
636  14.959  7.101 -0.545
637  14.959  7.101 -0.545
638  14.959  7.038 -0.489
639  14.959  7.038 -0.489
640  14.959  6.496 -0.435
641  14.959  6.496 -0.435
642  14.959  6.077 -0.384
643  14.959  6.077 -0.384
644  14.959  5.970 -0.336
645  14.959  5.970 -0.336
646  14.959  6.102 -0.288
647  14.959  6.102 -0.288
648  14.959  6.216 -0.239
649  14.959  6.216 -0.239
650  14.959  6.225 -0.189
651  14.959  6.225 -0.189
652  14.959  6.410 -0.138
653  14.959  6.410 -0.138
654  14.959  6.543 -0.086
655  14.959  6.543 -0.086
656  14.959  6.577 -0.034
657  14.959  6.577 -0.034
658  14.959  6.336  0.017
659  14.959  6.336  0.017
660  14.959  6.364  0.067
661  14.959  6.364  0.067
662  14.959  6.387  0.118
663  14.959  6.387  0.118
664  14.959  6.397  0.170
665  14.959  6.397  0.170
666  14.959  6.179  0.220
667  14.959  6.179  0.220
668  14.959  6.208  0.270
669  14.959  6.208  0.270
670  14.959  6.109  0.319
671  14.959  6.109  0.319
672  14.959  6.277  0.368
673  14.959  6.277  0.368
674  14.959  6.379  0.419
675  14.959  6.379  0.419
676  14.959  6.463  0.470
677  14.959  6.463  0.470
678  14.959  6.521  0.522
679  14.959  6.521  0.522
680  14.959  6.537  0.575
681  14.959  6.537  0.575
682  14.959  6.645  0.627
683  14.959  6.645  0.627
684  14.959  6.504  0.680
685  14.959  6.504  0.680
686  0.000  6.372  0.731
687  0.000  6.372  0.731
688  0.000  6.274  0.782
689  0.000  6.274  0.782
690  0.000  5.488  0.829
691  0.000  5.488  0.829
692  0.000  3.834  0.866
693  0.000  3.834  0.866
694  0.000  1.779  0.889
695  0.000  1.779  0.889
696  0.000  0.513  0.898
697  0.000  0.513  0.898
698  0.000 -0.405  0.898
699  0.000 -0.405  0.898
700  0.000 -0.872  0.893
701  0.000 -0.872  0.893
702  0.000 -0.855  0.886
703  0.000 -0.855  0.886
704  0.000 -0.382  0.881
705  0.000 -0.382  0.881
706  0.000  0.080  0.880
707  0.000  0.080  0.880
708  0.000  0.427  0.882
709  0.000  0.427  0.882
710  0.000  0.372  0.885
711  0.000  0.372  0.885
712  0.000  0.273  0.888
713  0.000  0.273  0.888
714  0.000 -0.057  0.889
715  0.000 -0.057  0.889
716  0.000 -0.099  0.888
717  0.000 -0.099  0.888
718  0.000 -0.150  0.887
719  0.000 -0.150  0.887
720  0.000 -0.147  0.886
721  0.000 -0.147  0.886
722  0.000 -0.030  0.885
723  0.000 -0.030  0.885
724  0.000  0.047  0.885
725  0.000  0.047  0.885
726  0.000  0.079  0.886
727  0.000  0.079  0.886
728  0.000  0.099  0.887
729  0.000  0.099  0.887
730  0.000  0.058  0.887
731  0.000  0.058  0.887
732  0.000 -0.036  0.887
733  0.000 -0.036  0.887
734  0.000 -0.062  0.887
735  0.000 -0.062  0.887
736  0.000 -0.048  0.887
737  0.000 -0.048  0.887
738  0.000  0.0010  0.886
739  0.000  0.0010  0.886
740  0.000  0.013  0.886
741  0.000  0.013  0.886
742  0.000 -0.016  0.886
743  0.000 -0.016  0.886
744  0.000  0.008  0.886
745  0.000  0.008  0.886
746  0.000  0.023  0.886
747  0.000  0.023  0.886
748  0.000 -0.026  0.886
749 -17.001 -0.026  0.886
750 -17.001 -0.008  0.886
751 -17.001 -0.008  0.886
752 -17.001 -0.186  0.885
753 -17.001 -0.186  0.885
754 -17.001 -2.451  0.875
755 -17.001 -2.451  0.875
756 -17.001 -3.312  0.852
757 -17.001 -3.312  0.852
758 -17.001 -3.929  0.823
759 -17.001 -3.929  0.823
760 -17.001 -4.556  0.789
761 -17.001 -4.556  0.789
762 -17.001 -5.295  0.750
763 -17.001 -5.295  0.750
764 -17.001 -6.031  0.704
765 -17.001 -6.031  0.704
766 -17.001 -6.417  0.654
767 -17.001 -6.417  0.654
768 -17.001 -7.004  0.601
769 -17.001 -7.004  0.601
770 -17.001 -7.175  0.544
771 -17.001 -7.175  0.544
772 -17.001 -7.263  0.486
773 -17.001 -7.263  0.486
774 -17.001 -7.345  0.428
775 -17.001 -7.345  0.428
776 -17.001 -7.159  0.370
777 -17.001 -7.159  0.370
778 -17.001 -7.052  0.313
779 -17.001 -7.052  0.313
780 -17.001 -7.075  0.256
781 -17.001 -7.075  0.256
782 -17.001 -7.055  0.200
783 -17.001 -7.055  0.200
784 -17.001 -7.122  0.143
785 -17.001 -7.122  0.143
786 -17.001 -7.003  0.087
787 -17.001 -7.003  0.087
788 -17.001 -7.238  0.030
789 -17.001 -7.238  0.030
790 -17.001 -7.121 -0.027
791 -17.001 -7.121 -0.027
792 -17.001 -7.117 -0.084
793 -17.001 -7.117 -0.084
794 -17.001 -7.197 -0.141
795 -17.001 -7.197 -0.141
796 -17.001 -7.194 -0.198
797 -17.001 -7.194 -0.198
798 -17.001 -7.130 -0.256
799 -17.001 -7.130 -0.256
800 -17.001 -7.068 -0.313
801 -17.001 -7.068 -0.313
802 -17.001 -7.264 -0.370
803 -17.001 -7.264 -0.370
804 -17.001 -7.364 -0.428
805 -17.001 -7.364 -0.428
806 -17.001 -7.363 -0.487
807 -17.001 -7.363 -0.487
808 -17.001 -7.420 -0.546
809 -17.001 -7.420 -0.546
810 -17.001 -7.352 -0.606
811 -17.001 -7.352 -0.606
812 -17.001 -7.223 -0.664
813 -17.001 -7.223 -0.664
814  0.000 -7.177 -0.721
815  0.000 -7.177 -0.721
816  0.000 -7.186 -0.779
817  0.000 -7.186 -0.779
818  0.000 -6.583 -0.834
819  0.000 -6.583 -0.834
820  0.000 -4.663 -0.879
821  0.000 -4.663 -0.879
822  0.000 -3.011 -0.909
823  0.000 -3.011 -0.909
824  0.000 -0.822 -0.925
825  0.000 -0.822 -0.925
826  0.000  0.585 -0.926
827  0.000  0.585 -0.926
828  0.000  1.278 -0.918
829  0.000  1.278 -0.918
830  0.000  1.283 -0.908
831  0.000  1.283 -0.908
832  0.000  0.896 -0.899
833  0.000  0.896 -0.899
834  0.000  0.063 -0.895
835  0.000  0.063 -0.895
836  0.000 -0.320 -0.896
837  0.000 -0.320 -0.896
838  0.000 -0.468 -0.899
839  0.000 -0.468 -0.899
840  0.000 -0.370 -0.903
841  0.000 -0.370 -0.903
842  0.000 -0.083 -0.905
843  0.000 -0.083 -0.905
844  0.000  0.133 -0.904
845  0.000  0.133 -0.904
846  0.000  0.178 -0.903
847  0.000  0.178 -0.903
848  0.000  0.053 -0.902
849  0.000  0.053 -0.902
850  0.000  0.036 -0.902
851  0.000  0.036 -0.902
852  0.000  0.009 -0.902
853  0.000  0.009 -0.902
854  0.000  0.003 -0.902
855  0.000  0.003 -0.902
856  0.000  0.022 -0.902
857  0.000  0.022 -0.902
858  0.000 -0.0010 -0.902
859  0.000 -0.0010 -0.902
860  0.000  0.001 -0.902
861  0.000  0.001 -0.902
862  0.000 -0.008 -0.902
863  0.000 -0.008 -0.902
864  0.000  0.003 -0.902
865  0.000  0.003 -0.902
866  0.000 -0.003 -0.902
867  0.000 -0.003 -0.902
868  0.000  0.0010 -0.902
869  0.000  0.0010 -0.902
870  0.000  0.021 -0.901
871  0.000  0.021 -0.901
872  0.000  0.013 -0.901
873  0.000  0.013 -0.901
874  0.000  0.0010 -0.901
875  0.000  0.0010 -0.901
876  0.000 -0.000 -0.901
877  19.011 -0.000 -0.901
878  19.011 -0.019 -0.901
879  19.011 -0.019 -0.901
880  19.011  0.293 -0.900
881  19.011  0.293 -0.900
882  19.011  2.299 -0.890
883  19.011  2.299 -0.890
884  19.011  4.776 -0.862
885  19.011  4.776 -0.862
886  19.011  5.892 -0.819
887  19.011  5.892 -0.819
888  19.011  7.278 -0.766
889  19.011  7.278 -0.766
890  19.011  8.159 -0.704
891  19.011  8.159 -0.704
892  19.011  8.849 -0.636
893  19.011  8.849 -0.636
894  19.011  9.019 -0.565
895  19.011  9.019 -0.565
896  19.011  8.732 -0.494
897  19.011  8.732 -0.494
898  19.011  8.449 -0.425
899  19.011  8.449 -0.425
900  19.011  8.031 -0.359
901  19.011  8.031 -0.359
902  19.011  7.725 -0.296
903  19.011  7.725 -0.296
904  19.011  7.859 -0.234
905  19.011  7.859 -0.234
906  19.011  7.864 -0.171
907  19.011  7.864 -0.171
908  19.011  7.829 -0.108
909  19.011  7.829 -0.108
910  19.011  8.050 -0.045
911  19.011  8.050 -0.045
912  19.011  8.197  0.019
913  19.011  8.197  0.019
914  19.011  8.096  0.085
915  19.011  8.096  0.085
916  19.011  8.208  0.150
917  19.011  8.208  0.150
918  19.011  8.182  0.215
919  19.011  8.182  0.215
920  19.011  8.038  0.280
921  19.011  8.038  0.280
922  19.011  7.829  0.344
923  19.011  7.829  0.344
924  19.011  7.806  0.406
925  19.011  7.806  0.406
926  19.011  7.881  0.469
927  19.011  7.881  0.469
928  19.011  8.019  0.533
929  19.011  8.019  0.533
930  19.011  8.207  0.597
931  19.011  8.207  0.597
932  19.011  8.290  0.663
933  19.011  8.290  0.663
934  0.000  8.323  0.730
935  0.000  8.323  0.730
936  0.000  8.132  0.796
937  0.000  8.132  0.796
938  0.000  7.446  0.858
939  0.000  7.446  0.858
940  0.000  5.235  0.909
941  0.000  5.235  0.909
942  0.000  3.754  0.945
943  0.000  3.754  0.945
944  0.000  1.801  0.967
945  0.000  1.801  0.967
946  0.000  0.416  0.976
947  0.000  0.416  0.976
948  0.000 -0.692  0.975
949  0.000 -0.692  0.975
950  0.000 -1.077  0.968
951  0.000 -1.077  0.968
952  0.000 -1.092  0.960
953  0.000 -1.092  0.960
954  0.000 -0.572  0.953
955  0.000 -0.572  0.953
956  0.000 -0.013  0.951
957  0.000 -0.013  0.951
958  0.000  0.386  0.952
959  0.000  0.386  0.952
960  0.000  0.445  0.956
961  0.000  0.445  0.956
962  0.000  0.215  0.958
963  0.000  0.215  0.958
964  0.000 -0.004  0.959
965  0.000 -0.004  0.959
966  0.000 -0.127  0.959
967  0.000 -0.127  0.959
968  0.000 -0.104  0.958
969  0.000 -0.104  0.958
970  0.000 -0.110  0.957
971  0.000 -0.110  0.957
972  0.000 -0.060  0.956
973  0.000 -0.060  0.956
974  0.000 -0.026  0.956
975  0.000 -0.026  0.956
976  0.000  0.081  0.956
977  0.000  0.081  0.956
978  0.000  0.102  0.957
979  0.000  0.102  0.957
980  0.000  0.092  0.957
981  0.000  0.092  0.957
982  0.000 -0.024  0.958
983  0.000 -0.024  0.958
984  0.000 -0.027  0.957
985  0.000 -0.027  0.957
986  0.000 -0.036  0.957
987  0.000 -0.036  0.957
988  0.000 -0.038  0.957
989  0.000 -0.038  0.957
990  0.000  0.001  0.957
991  0.000  0.001  0.957
992  0.000  0.001  0.957
993  0.000  0.001  0.957
994  0.000  0.014  0.957
995  0.000  0.014  0.957
996  0.000  0.012  0.957
997 -20.896  0.012  0.957
998 -20.896 -0.007  0.957
999 -20.896 -0.007  0.957
1000 -20.896 -0.348  0.956
1001 -20.896 -0.348  0.956
1002 -20.896 -2.124  0.946
1003 -20.896 -2.124  0.946
1004 -20.896 -3.295  0.924
1005 -20.896 -3.295  0.924
1006 -20.896 -4.047  0.895
1007 -20.896 -4.047  0.895
1008 -20.896 -4.864  0.859
1009 -20.896 -4.864  0.859
1010 -20.896 -6.046  0.815
1011 -20.896 -6.046  0.815
1012 -20.896 -6.701  0.764
1013 -20.896 -6.701  0.764
1014 -20.896 -7.646  0.707
1015 -20.896 -7.646  0.707
1016 -20.896 -8.344  0.643
1017 -20.896 -8.344  0.643
1018 -20.896 -8.750  0.575
1019 -20.896 -8.750  0.575
1020 -20.896 -8.956  0.504
1021 -20.896 -8.956  0.504
1022 -20.896 -9.081  0.432
1023 -20.896 -9.081  0.432
1024 -20.896 -8.956  0.360
1025 -20.896 -8.956  0.360
1026 -20.896 -8.842  0.288
1027 -20.896 -8.842  0.288
1028 -20.896 -8.789  0.218
1029 -20.896 -8.789  0.218
1030 -20.896 -8.599  0.148
1031 -20.896 -8.599  0.148
1032 -20.896 -8.574  0.080
1033 -20.896 -8.574  0.080
1034 -20.896 -8.691  0.0010
1035 -20.896 -8.691  0.0010
1036 -20.896 -8.764 -0.058
1037 -20.896 -8.764 -0.058
1038 -20.896 -8.754 -0.128
1039 -20.896 -8.754 -0.128
1040 -20.896 -8.859 -0.199
1041 -20.896 -8.859 -0.199
1042 -20.896 -9.029 -0.270
1043 -20.896 -9.029 -0.270
1044 -20.896 -9.121 -0.343
1045 -20.896 -9.121 -0.343
1046 -20.896 -9.048 -0.416
1047 -20.896 -9.048 -0.416
1048 -20.896 -8.973 -0.488
1049 -20.896 -8.973 -0.488
1050 -20.896 -8.898 -0.559
1051 -20.896 -8.898 -0.559
1052 -20.896 -8.869 -0.630
1053 -20.896 -8.869 -0.630
1054  0.000 -8.859 -0.701
1055  0.000 -8.859 -0.701
1056  0.000 -8.772 -0.772
1057  0.000 -8.772 -0.772
1058  0.000 -8.102 -0.839
1059  0.000 -8.102 -0.839
1060  0.000 -5.962 -0.896
1061  0.000 -5.962 -0.896
1062  0.000 -4.088 -0.936
1063  0.000 -4.088 -0.936
1064  0.000 -1.458 -0.958
1065  0.000 -1.458 -0.958
1066  0.000  0.001 -0.964
1067  0.000  0.001 -0.964
1068  0.000  0.679 -0.961
1069  0.000  0.679 -0.961
1070  0.000  0.806 -0.955
1071  0.000  0.806 -0.955
1072  0.000  0.485 -0.950
1073  0.000  0.485 -0.950
1074  0.000  0.200 -0.947
1075  0.000  0.200 -0.947
1076  0.000  0.225 -0.946
1077  0.000  0.225 -0.946
1078  0.000  0.111 -0.944
1079  0.000  0.111 -0.944
1080  0.000 -0.014 -0.944
1081  0.000 -0.014 -0.944
1082  0.000 -0.119 -0.944
1083  0.000 -0.119 -0.944
1084  0.000 -0.201 -0.946
1085  0.000 -0.201 -0.946
1086  0.000 -0.103 -0.947
1087  0.000 -0.103 -0.947
1088  0.000 -0.018 -0.947
1089  0.000 -0.018 -0.947
1090  0.000  0.043 -0.947
1091  0.000  0.043 -0.947
1092  0.000  0.018 -0.947
1093  0.000  0.018 -0.947
1094  0.000  0.024 -0.947
1095  0.000  0.024 -0.947
1096  0.000  0.097 -0.946
1097  0.000  0.097 -0.946
1098  0.000  0.053 -0.946
1099  0.000  0.053 -0.946
1100  0.000  0.036 -0.945
1101  0.000  0.036 -0.945
1102  0.000 -0.016 -0.945
1103  0.000 -0.016 -0.945
1104  0.000  0.013 -0.945
1105  0.000  0.013 -0.945
1106  0.000 -0.041 -0.945
1107  0.000 -0.041 -0.945
1108  0.000 -0.000 -0.946
1109  0.000 -0.000 -0.946
1110  0.000  0.030 -0.945
1111  0.000  0.030 -0.945
1112  0.000  0.0010 -0.945
1113  0.000  0.0010 -0.945
1114  0.000  0.018 -0.945
1115  0.000  0.018 -0.945
1116  0.000  0.006 -0.945
1117  22.781  0.006 -0.945
1118  22.781 -0.043 -0.945
1119  22.781 -0.043 -0.945
1120  22.781  0.424 -0.944
1121  22.781  0.424 -0.944
1122  22.781  2.148 -0.933
1123  22.781  2.148 -0.933
1124  22.781  3.947 -0.909
1125  22.781  3.947 -0.909
1126  22.781  4.937 -0.873
1127  22.781  4.937 -0.873
1128  22.781  6.509 -0.828
1129  22.781  6.509 -0.828
1130  22.781  8.614 -0.767
1131  22.781  8.614 -0.767
1132  22.781  9.536 -0.695
1133  22.781  9.536 -0.695
1134  22.781  9.860 -0.617
1135  22.781  9.860 -0.617
1136  22.781  9.947 -0.538
1137  22.781  9.947 -0.538
1138  22.781  9.912 -0.458
1139  22.781  9.912 -0.458
1140  22.781  9.983 -0.379
1141  22.781  9.983 -0.379
1142  22.781  9.801 -0.300
1143  22.781  9.801 -0.300
1144  22.781  9.710 -0.222
1145  22.781  9.710 -0.222
1146  22.781  9.616 -0.144
1147  22.781  9.616 -0.144
1148  22.781  9.435 -0.068
1149  22.781  9.435 -0.068
1150  22.781  9.510  0.007
1151  22.781  9.510  0.007
1152  22.781  9.599  0.083
1153  22.781  9.599  0.083
1154  22.781  9.554  0.160
1155  22.781  9.554  0.160
1156  22.781  9.645  0.237
1157  22.781  9.645  0.237
1158  22.781  9.548  0.313
1159  22.781  9.548  0.313
1160  22.781  9.561  0.390
1161  22.781  9.561  0.390
1162  22.781  9.576  0.466
1163  22.781  9.576  0.466
1164  22.781  9.629  0.543
1165  22.781  9.629  0.543
1166  22.781  9.663  0.620
1167  22.781  9.663  0.620
1168  0.000  9.765  0.698
1169  0.000  9.765  0.698
1170  0.000  9.794  0.776
1171  0.000  9.794  0.776
1172  0.000  8.809  0.851
1173  0.000  8.809  0.851
1174  0.000  7.225  0.915
1175  0.000  7.225  0.915
1176  0.000  5.264  0.965
1177  0.000  5.264  0.965
1178  0.000  3.621  1.000
1179  0.000  3.621  1.000
1180  0.000  1.648  1.021
1181  0.000  1.648  1.021
1182  0.000  0.639  1.031
1183  0.000  0.639  1.031
1184  0.000 -0.485  1.031
1185  0.000 -0.485  1.031
1186  0.000 -0.934  1.026
1187  0.000 -0.934  1.026
1188  0.000 -1.111  1.017
1189  0.000 -1.111  1.017
1190  0.000 -0.627  1.0010
1191  0.000 -0.627  1.0010
1192  0.000 -0.067  1.008
1193  0.000 -0.067  1.008
1194  0.000  0.381  1.009
1195  0.000  0.381  1.009
1196  0.000  0.362  1.012
1197  0.000  0.362  1.012
1198  0.000  0.140  1.014
1199  0.000  0.140  1.014
1200  0.000  0.011  1.014
1201  0.000  0.011  1.014
1202  0.000 -0.087  1.014
1203  0.000 -0.087  1.014
1204  0.000 -0.051  1.014
1205  0.000 -0.051  1.014
1206  0.000 -0.020  1.013
1207  0.000 -0.020  1.013
1208  0.000 -0.024  1.013
1209  0.000 -0.024  1.013
1210  0.000  0.023  1.013
1211  0.000  0.023  1.013
1212  0.000  0.068  1.014
1213  0.000  0.068  1.014
1214  0.000  0.031  1.014
1215  0.000  0.031  1.014
1216  0.000 -0.001  1.014
1217  0.000 -0.001  1.014
1218  0.000 -0.014  1.014
1219  0.000 -0.014  1.014
1220  0.000 -0.001  1.014
1221  0.000 -0.001  1.014
1222  0.000 -0.035  1.014
1223  0.000 -0.035  1.014
1224  0.000 -0.016  1.014
1225  0.000 -0.016  1.014
1226  0.000  0.011  1.014
1227  0.000  0.011  1.014
1228  0.000  0.020  1.014
1229  0.000  0.020  1.014
1230  0.000  0.015  1.014
1231 -24.572  0.015  1.014
1232 -24.572 -0.002  1.014
1233 -24.572 -0.002  1.014
1234 -24.572 -0.135  1.013
1235 -24.572 -0.135  1.013
1236 -24.572 -2.250  1.004
1237 -24.572 -2.250  1.004
1238 -24.572 -3.171  0.982
1239 -24.572 -3.171  0.982
1240 -24.572 -4.054  0.953
1241 -24.572 -4.054  0.953
1242 -24.572 -5.168  0.916
1243 -24.572 -5.168  0.916
1244 -24.572 -6.285  0.870
1245 -24.572 -6.285  0.870
1246 -24.572 -7.043  0.817
1247 -24.572 -7.043  0.817
1248 -24.572 -7.768  0.758
1249 -24.572 -7.768  0.758
1250 -24.572 -8.837  0.691
1251 -24.572 -8.837  0.691
1252 -24.572 -9.534  0.618
1253 -24.572 -9.534  0.618
1254 -24.572 -10.078  0.539
1255 -24.572 -10.078  0.539
1256 -24.572 -10.477  0.457
1257 -24.572 -10.477  0.457
1258 -24.572 -10.724  0.372
1259 -24.572 -10.724  0.372
1260 -24.572 -10.633  0.287
1261 -24.572 -10.633  0.287
1262 -24.572 -10.565  0.202
1263 -24.572 -10.565  0.202
1264 -24.572 -10.349  0.119
1265 -24.572 -10.349  0.119
1266 -24.572 -10.327  0.036
1267 -24.572 -10.327  0.036
1268 -24.572 -10.365 -0.046
1269 -24.572 -10.365 -0.046
1270 -24.572 -10.403 -0.129
1271 -24.572 -10.403 -0.129
1272 -24.572 -10.482 -0.213
1273 -24.572 -10.482 -0.213
1274 -24.572 -10.493 -0.296
1275 -24.572 -10.493 -0.296
1276 -24.572 -10.475 -0.380
1277 -24.572 -10.475 -0.380
1278 -24.572 -10.542 -0.464
1279 -24.572 -10.542 -0.464
1280 -24.572 -10.485 -0.549
1281 -24.572 -10.485 -0.549
1282 -24.572 -10.320 -0.632
1283 -24.572 -10.320 -0.632
1284  0.000 -10.426 -0.715
1285  0.000 -10.426 -0.715
1286  0.000 -10.377 -0.798
1287  0.000 -10.377 -0.798
1288  0.000 -9.386 -0.877
1289  0.000 -9.386 -0.877
1290  0.000 -7.409 -0.944
1291  0.000 -7.409 -0.944
1292  0.000 -4.220 -0.991
1293  0.000 -4.220 -0.991
1294  0.000 -2.060 -1.016
1295  0.000 -2.060 -1.016
1296  0.000 -0.300 -1.025
1297  0.000 -0.300 -1.025
1298  0.000  0.107 -1.026
1299  0.000  0.107 -1.026
1300  0.000 -0.206 -1.026
1301  0.000 -0.206 -1.026
1302  0.000 -0.198 -1.028
1303  0.000 -0.198 -1.028
1304  0.000 -0.296 -1.030
1305  0.000 -0.296 -1.030
1306  0.000 -0.285 -1.033
1307  0.000 -0.285 -1.033
1308  0.000 -0.155 -1.034
1309  0.000 -0.155 -1.034
1310  0.000 -0.005 -1.035
1311  0.000 -0.005 -1.035
1312  0.000  0.088 -1.035
1313  0.000  0.088 -1.035
1314  0.000  0.091 -1.034
1315  0.000  0.091 -1.034
1316  0.000  0.075 -1.033
1317  0.000  0.075 -1.033
1318  0.000 -0.016 -1.033
1319  0.000 -0.016 -1.033
1320  0.000 -0.028 -1.033
1321  0.000 -0.028 -1.033
1322  0.000 -0.015 -1.034
1323  0.000 -0.015 -1.034
1324  0.000 -0.060 -1.034
1325  0.000 -0.060 -1.034
1326  0.000  0.003 -1.034
1327  0.000  0.003 -1.034
1328  0.000  0.049 -1.034
1329  0.000  0.049 -1.034
1330  0.000  0.105 -1.033
1331  0.000  0.105 -1.033
1332  0.000  0.116 -1.032
1333  0.000  0.116 -1.032
1334  0.000  0.106 -1.031
1335  0.000  0.106 -1.031
1336  0.000  0.034 -1.031
1337  0.000  0.034 -1.031
1338  0.000 -0.045 -1.031
1339  0.000 -0.045 -1.031
1340  0.000 -0.104 -1.032
1341  0.000 -0.104 -1.032
1342  0.000 -0.074 -1.032
1343  0.000 -0.074 -1.032
1344  0.000 -0.050 -1.033
1345  0.000 -0.050 -1.033
1346  0.000  0.024 -1.033
1347  26.394  0.024 -1.033
1348  26.394  0.014 -1.033
1349  26.394  0.014 -1.033
1350  26.394  0.183 -1.032
1351  26.394  0.183 -1.032
1352  26.394  2.637 -1.021
1353  26.394  2.637 -1.021
1354  26.394  4.267 -0.993
1355  26.394  4.267 -0.993
1356  26.394  5.933 -0.952
1357  26.394  5.933 -0.952
1358  26.394  7.142 -0.900
1359  26.394  7.142 -0.900
1360  26.394  8.590 -0.837
1361  26.394  8.590 -0.837
1362  26.394  9.244 -0.766
1363  26.394  9.244 -0.766
1364  26.394  10.095 -0.688
1365  26.394  10.095 -0.688
1366  26.394  10.856 -0.604
1367  26.394  10.856 -0.604
1368  26.394  11.275 -0.516
1369  26.394  11.275 -0.516
1370  26.394  11.351 -0.425
1371  26.394  11.351 -0.425
1372  26.394  11.403 -0.334
1373  26.394  11.403 -0.334
1374  26.394  11.274 -0.244
1375  26.394  11.274 -0.244
1376  26.394  11.208 -0.154
1377  26.394  11.208 -0.154
1378  26.394  11.197 -0.064
1379  26.394  11.197 -0.064
1380  26.394  11.064  0.024
1381  26.394  11.064  0.024
1382  26.394  11.158  0.113
1383  26.394  11.158  0.113
1384  26.394  11.068  0.202
1385  26.394  11.068  0.202
1386  26.394  11.191  0.291
1387  26.394  11.191  0.291
1388  26.394  11.125  0.380
1389  26.394  11.125  0.380
1390  26.394  11.011  0.469
1391  26.394  11.011  0.469
1392  26.394  11.053  0.557
1393  26.394  11.053  0.557
1394  26.394  11.096  0.645
1395  26.394  11.096  0.645
1396  0.000  11.178  0.735
1397  0.000  11.178  0.735
1398  0.000  11.338  0.825
1399  0.000  11.338  0.825
1400  0.000  10.369  0.911
1401  0.000  10.369  0.911
1402  0.000  8.207  0.986
1403  0.000  8.207  0.986
1404  0.000  6.669  1.045
1405  0.000  6.669  1.045
1406  0.000  4.496  1.090
1407  0.000  4.496  1.090
1408  0.000  3.041  1.120
1409  0.000  3.041  1.120
1410  0.000  1.886  1.140
1411  0.000  1.886  1.140
1412  0.000  0.309  1.149
1413  0.000  0.309  1.149
1414  0.000 -0.441  1.148
1415  0.000 -0.441  1.148
1416  0.000 -1.005  1.142
1417  0.000 -1.005  1.142
1418  0.000 -1.070  1.134
1419  0.000 -1.070  1.134
1420  0.000 -0.505  1.128
1421  0.000 -0.505  1.128
1422  0.000  0.006  1.126
1423  0.000  0.006  1.126
1424  0.000  0.329  1.127
1425  0.000  0.329  1.127
1426  0.000  0.317  1.130
1427  0.000  0.317  1.130
1428  0.000  0.315  1.132
1429  0.000  0.315  1.132
1430  0.000  0.052  1.134
1431  0.000  0.052  1.134
1432  0.000 -0.057  1.134
1433  0.000 -0.057  1.134
1434  0.000 -0.084  1.133
1435  0.000 -0.084  1.133
1436  0.000 -0.105  1.132
1437  0.000 -0.105  1.132
1438  0.000 -0.060  1.131
1439  0.000 -0.060  1.131
1440  0.000 -0.018  1.131
1441  0.000 -0.018  1.131
1442  0.000  0.035  1.131
1443  0.000  0.035  1.131
1444  0.000 -0.035  1.131
1445  0.000 -0.035  1.131
1446  0.000  0.023  1.131
1447  0.000  0.023  1.131
1448  0.000  0.001  1.131
1449  0.000  0.001  1.131
1450  0.000 -0.001  1.131
1451  0.000 -0.001  1.131
1452  0.000  0.008  1.131
1453  0.000  0.008  1.131
1454  0.000  0.018  1.131
1455  0.000  0.018  1.131
1456  0.000 -0.006  1.131
1457  0.000 -0.006  1.131
1458  0.000 -0.015  1.131
1459 -28.153 -0.015  1.131
1460 -28.153 -0.022  1.131
1461 -28.153 -0.022  1.131
1462 -28.153 -0.517  1.129
1463 -28.153 -0.517  1.129
1464 -28.153 -2.160  1.118
1465 -28.153 -2.160  1.118
1466 -28.153 -3.252  1.097
1467 -28.153 -3.252  1.097
1468 -28.153 -3.966  1.068
1469 -28.153 -3.966  1.068
1470 -28.153 -5.208  1.031
1471 -28.153 -5.208  1.031
1472 -28.153 -6.403  0.985
1473 -28.153 -6.403  0.985
1474 -28.153 -7.186  0.930
1475 -28.153 -7.186  0.930
1476 -28.153 -8.357  0.868
1477 -28.153 -8.357  0.868
1478 -28.153 -9.344  0.797
1479 -28.153 -9.344  0.797
1480 -28.153 -10.220  0.719
1481 -28.153 -10.220  0.719
1482 -28.153 -11.210  0.633
1483 -28.153 -11.210  0.633
1484 -28.153 -11.966  0.541
1485 -28.153 -11.966  0.541
1486 -28.153 -12.535  0.443
1487 -28.153 -12.535  0.443
1488 -28.153 -12.437  0.343
1489 -28.153 -12.437  0.343
1490 -28.153 -12.293  0.244
1491 -28.153 -12.293  0.244
1492 -28.153 -12.082  0.146
1493 -28.153 -12.082  0.146
1494 -28.153 -11.931  0.050
1495 -28.153 -11.931  0.050
1496 -28.153 -11.863 -0.044
1497 -28.153 -11.863 -0.044
1498 -28.153 -11.798 -0.139
1499 -28.153 -11.798 -0.139
1500 -28.153 -11.810 -0.233
1501 -28.153 -11.810 -0.233
1502 -28.153 -11.777 -0.327
1503 -28.153 -11.777 -0.327
1504 -28.153 -11.751 -0.422
1505 -28.153 -11.751 -0.422
1506 -28.153 -11.870 -0.516
1507 -28.153 -11.870 -0.516
1508 -28.153 -11.969 -0.611
1509 -28.153 -11.969 -0.611
1510  0.000 -12.101 -0.708
1511  0.000 -12.101 -0.708
1512  0.000 -11.912 -0.804
1513  0.000 -11.912 -0.804
1514  0.000 -10.880 -0.895
1515  0.000 -10.880 -0.895
1516  0.000 -9.304 -0.976
1517  0.000 -9.304 -0.976
1518  0.000 -6.378 -1.039
1519  0.000 -6.378 -1.039
1520  0.000 -4.333 -1.081
1521  0.000 -4.333 -1.081
1522  0.000 -2.091 -1.107
1523  0.000 -2.091 -1.107
1524  0.000 -1.117 -1.120
1525  0.000 -1.117 -1.120
1526  0.000 -0.813 -1.128
1527  0.000 -0.813 -1.128
1528  0.000 -1.006 -1.135
1529  0.000 -1.006 -1.135
1530  0.000 -1.374 -1.144
1531  0.000 -1.374 -1.144
1532  0.000 -1.753 -1.157
1533  0.000 -1.753 -1.157
1534  0.000 -1.612 -1.170
1535  0.000 -1.612 -1.170
1536  0.000 -1.043 -1.181
1537  0.000 -1.043 -1.181
1538  0.000 -0.365 -1.187
1539  0.000 -0.365 -1.187
1540  0.000  0.454 -1.186
1541  0.000  0.454 -1.186
1542  0.000  0.722 -1.182
1543  0.000  0.722 -1.182
1544  0.000  0.584 -1.176
1545  0.000  0.584 -1.176
1546  0.000  0.076 -1.174
1547  0.000  0.076 -1.174
1548  0.000 -0.146 -1.174
1549  0.000 -0.146 -1.174
1550  0.000 -0.172 -1.175
1551  0.000 -0.172 -1.175
1552  0.000 -0.119 -1.177
1553  0.000 -0.119 -1.177
1554  0.000  0.027 -1.177
1555  0.000  0.027 -1.177
1556  0.000  0.022 -1.177
1557  0.000  0.022 -1.177
1558  0.000  0.024 -1.177
1559  0.000  0.024 -1.177
1560  0.000  0.021 -1.176
1561  0.000  0.021 -1.176
1562  0.000 -0.005 -1.176
1563  0.000 -0.005 -1.176
1564  0.000  0.001 -1.176
1565  0.000  0.001 -1.176
1566  0.000 -0.037 -1.176
1567  0.000 -0.037 -1.176
1568  0.000 -0.0010 -1.177
1569  0.000 -0.0010 -1.177
1570  0.000 -0.005 -1.177
1571  0.000 -0.005 -1.177
1572  0.000  0.008 -1.177
1573  29.944  0.008 -1.177
1574  29.944 -0.0010 -1.177
1575  29.944 -0.0010 -1.177
1576  29.944  0.166 -1.176
1577  29.944  0.166 -1.176
1578  29.944  3.161 -1.163
1579  29.944  3.161 -1.163
1580  29.944  5.612 -1.128
1581  29.944  5.612 -1.128
1582  29.944  7.493 -1.075
1583  29.944  7.493 -1.075
1584  29.944  8.703 -1.0010
1585  29.944  8.703 -1.0010
1586  29.944  9.860 -0.936
1587  29.944  9.860 -0.936
1588  29.944  10.555 -0.854
1589  29.944  10.555 -0.854
1590  29.944  10.914 -0.769
1591  29.944  10.914 -0.769
1592  29.944  11.392 -0.679
1593  29.944  11.392 -0.679
1594  29.944  11.726 -0.587
1595  29.944  11.726 -0.587
1596  29.944  12.166 -0.491
1597  29.944  12.166 -0.491
1598  29.944  12.177 -0.394
1599  29.944  12.177 -0.394
1600  29.944  12.339 -0.296
1601  29.944  12.339 -0.296
1602  29.944  12.407 -0.197
1603  29.944  12.407 -0.197
1604  29.944  12.545 -0.097
1605  29.944  12.545 -0.097
1606  29.944  12.694  0.003
1607  29.944  12.694  0.003
1608  29.944  12.713  0.105
1609  29.944  12.713  0.105
1610  29.944  12.652  0.206
1611  29.944  12.652  0.206
1612  29.944  12.621  0.307
1613  29.944  12.621  0.307
1614  29.944  12.575  0.408
1615  29.944  12.575  0.408
1616  29.944  12.419  0.508
1617  29.944  12.419  0.508
1618  29.944  12.442  0.607
1619  29.944  12.442  0.607
1620  0.000  12.465  0.707
1621  0.000  12.465  0.707
1622  0.000  12.643  0.807
1623  0.000  12.643  0.807
1624  0.000  11.646  0.905
1625  0.000  11.646  0.905
1626  0.000  10.101  0.991
1627  0.000  10.101  0.991
1628  0.000  7.948  1.064
1629  0.000  7.948  1.064
1630  0.000  6.466  1.121
1631  0.000  6.466  1.121
1632  0.000  4.688  1.166
1633  0.000  4.688  1.166
1634  0.000  2.727  1.196
1635  0.000  2.727  1.196
1636  0.000  1.273  1.212
1637  0.000  1.273  1.212
1638  0.000 -0.208  1.216
1639  0.000 -0.208  1.216
1640  0.000 -0.936  1.211
1641  0.000 -0.936  1.211
1642  0.000 -1.265  1.203
1643  0.000 -1.265  1.203
1644  0.000 -1.001  1.193
1645  0.000 -1.001  1.193
1646  0.000 -0.060  1.188
1647  0.000 -0.060  1.188
1648  0.000  0.246  1.189
1649  0.000  0.246  1.189
1650  0.000  0.306  1.191
1651  0.000  0.306  1.191
1652  0.000  0.064  1.192
1653  0.000  0.064  1.192
1654  0.000  0.034  1.193
1655  0.000  0.034  1.193
1656  0.000 -0.041  1.193
1657  0.000 -0.041  1.193
1658  0.000 -0.015  1.192
1659  0.000 -0.015  1.192
1660  0.000  0.084  1.193
1661  0.000  0.084  1.193
1662  0.000  0.090  1.193
1663  0.000  0.090  1.193
1664  0.000  0.072  1.194
1665  0.000  0.072  1.194
1666  0.000 -0.008  1.194
1667  0.000 -0.008  1.194
1668  0.000 -0.045  1.194
1669  0.000 -0.045  1.194
1670  0.000 -0.062  1.194
1671  0.000 -0.062  1.194
1672  0.000 -0.024  1.193
1673  0.000 -0.024  1.193
1674  0.000 -0.006  1.193
1675  0.000 -0.006  1.193
1676  0.000 -0.027  1.193
1677  0.000 -0.027  1.193
1678  0.000 -0.011  1.193
1679  0.000 -0.011  1.193
1680  0.000  0.000  1.193
1681  0.000  0.000  1.193
1682  0.000 -0.026  1.193
1683 -31.672 -0.026  1.193
1684 -31.672  0.000  1.193
1685 -31.672  0.000  1.193
1686 -31.672 -0.275  1.192
1687 -31.672 -0.275  1.192
1688 -31.672 -2.651  1.180
1689 -31.672 -2.651  1.180
1690 -31.672 -3.384  1.156
1691 -31.672 -3.384  1.156
1692 -31.672 -4.161  1.126
1693 -31.672 -4.161  1.126
1694 -31.672 -5.725  1.086
1695 -31.672 -5.725  1.086
1696 -31.672 -6.899  1.036
1697 -31.672 -6.899  1.036
1698 -31.672 -7.863  0.976
1699 -31.672 -7.863  0.976
1700 -31.672 -8.851  0.910
1701 -31.672 -8.851  0.910
1702 -31.672 -10.519  0.832
1703 -31.672 -10.519  0.832
1704 -31.672 -11.526  0.744
1705 -31.672 -11.526  0.744
1706 -31.672 -12.436  0.648
1707 -31.672 -12.436  0.648
1708 -31.672 -13.198  0.546
1709 -31.672 -13.198  0.546
1710 -31.672 -13.627  0.438
1711 -31.672 -13.627  0.438
1712 -31.672 -13.840  0.328
1713 -31.672 -13.840  0.328
1714 -31.672 -13.864  0.218
1715 -31.672 -13.864  0.218
1716 -31.672 -13.643  0.108
1717 -31.672 -13.643  0.108
1718 -31.672 -13.434 -0.000
1719 -31.672 -13.434 -0.000
1720 -31.672 -13.274 -0.107
1721 -31.672 -13.274 -0.107
1722 -31.672 -13.158 -0.213
1723 -31.672 -13.158 -0.213
1724 -31.672 -13.162 -0.318
1725 -31.672 -13.162 -0.318
1726 -31.672 -13.244 -0.423
1727 -31.672 -13.244 -0.423
1728 -31.672 -13.438 -0.530
1729 -31.672 -13.438 -0.530
1730 -31.672 -13.391 -0.638
1731 -31.672 -13.391 -0.638
1732  0.000 -13.466 -0.745
1733  0.000 -13.466 -0.745
1734  0.000 -13.518 -0.853
1735  0.000 -13.518 -0.853
1736  0.000 -12.635 -0.958
1737  0.000 -12.635 -0.958
1738  0.000 -11.252 -1.053
1739  0.000 -11.252 -1.053
1740  0.000 -9.284 -1.135
1741  0.000 -9.284 -1.135
1742  0.000 -7.763 -1.203
1743  0.000 -7.763 -1.203
1744  0.000 -5.819 -1.258
1745  0.000 -5.819 -1.258
1746  0.000 -4.144 -1.298
1747  0.000 -4.144 -1.298
1748  0.000 -1.958 -1.322
1749  0.000 -1.958 -1.322
1750  0.000 -0.826 -1.333
1751  0.000 -0.826 -1.333
1752  0.000 -0.090 -1.337
1753  0.000 -0.090 -1.337
1754  0.000  0.449 -1.335
1755  0.000  0.449 -1.335
1756  0.000  0.636 -1.331
1757  0.000  0.636 -1.331
1758  0.000  0.495 -1.327
1759  0.000  0.495 -1.327
1760  0.000  0.282 -1.323
1761  0.000  0.282 -1.323
1762  0.000  0.045 -1.322
1763  0.000  0.045 -1.322
1764  0.000 -0.132 -1.322
1765  0.000 -0.132 -1.322
1766  0.000 -0.268 -1.324
1767  0.000 -0.268 -1.324
1768  0.000 -0.209 -1.326
1769  0.000 -0.209 -1.326
1770  0.000 -0.081 -1.327
1771  0.000 -0.081 -1.327
1772  0.000  0.029 -1.327
1773  0.000  0.029 -1.327
1774  0.000  0.017 -1.327
1775  0.000  0.017 -1.327
1776  0.000  0.050 -1.327
1777  0.000  0.050 -1.327
1778  0.000  0.092 -1.326
1779  0.000  0.092 -1.326
1780  0.000  0.082 -1.326
1781  0.000  0.082 -1.326
1782  0.000  0.061 -1.325
1783  0.000  0.061 -1.325
1784  0.000  0.028 -1.325
1785  0.000  0.028 -1.325
1786  0.000 -0.043 -1.325
1787  0.000 -0.043 -1.325
1788  0.000 -0.040 -1.325
1789  0.000 -0.040 -1.325
1790  0.000  0.0010 -1.325
1791  0.000  0.0010 -1.325
1792  0.000 -0.038 -1.325
1793  0.000 -0.038 -1.325
1794  0.000 -0.006 -1.326
1795  33.431 -0.006 -1.326
1796  33.431  0.000 -1.326
1797  33.431  0.000 -1.326
1798  33.431  0.229 -1.325
1799  33.431  0.229 -1.325
1800  33.431  2.556 -1.314
1801  33.431  2.556 -1.314
1802  33.431  3.940 -1.288
1803  33.431  3.940 -1.288
1804  33.431  5.791 -1.249
1805  33.431  5.791 -1.249
1806  33.431  7.735 -1.195
1807  33.431  7.735 -1.195
1808  33.431  9.950 -1.124
1809  33.431  9.950 -1.124
1810  33.431  11.019 -1.040
1811  33.431  11.019 -1.040
1812  33.431  11.736 -0.949
1813  33.431  11.736 -0.949
1814  33.431  12.372 -0.852
1815  33.431  12.372 -0.852
1816  33.431  12.647 -0.752
1817  33.431  12.647 -0.752
1818  33.431  13.156 -0.649
1819  33.431  13.156 -0.649
1820  33.431  13.344 -0.543
1821  33.431  13.344 -0.543
1822  33.431  13.451 -0.436
1823  33.431  13.451 -0.436
1824  33.431  13.679 -0.327
1825  33.431  13.679 -0.327
1826  33.431  13.684 -0.218
1827  33.431  13.684 -0.218
1828  33.431  13.927 -0.108
1829  33.431  13.927 -0.108
1830  33.431  13.997  0.003
1831  33.431  13.997  0.003
1832  33.431  14.055  0.115
1833  33.431  14.055  0.115
1834  33.431  13.978  0.228
1835  33.431  13.978  0.228
1836  33.431  14.008  0.339
1837  33.431  14.008  0.339
1838  33.431  13.815  0.451
1839  33.431  13.815  0.451
1840  33.431  13.785  0.561
1841  33.431  13.785  0.561
1842  33.431  13.829  0.672
1843  33.431  13.829  0.672
1844  0.000  14.023  0.783
1845  0.000  14.023  0.783
1846  0.000  14.034  0.895
1847  0.000  14.034  0.895
1848  0.000  13.077  1.004
1849  0.000  13.077  1.004
1850  0.000  10.954  1.0100
1851  0.000  10.954  1.0100
1852  0.000  8.953  1.180
1853  0.000  8.953  1.180
1854  0.000  7.105  1.244
1855  0.000  7.105  1.244
1856  0.000  4.735  1.291
1857  0.000  4.735  1.291
1858  0.000  3.497  1.324
1859  0.000  3.497  1.324
1860  0.000  1.442  1.344
1861  0.000  1.442  1.344
1862  0.000  0.538  1.352
1863  0.000  0.538  1.352
1864  0.000 -0.239  1.353
1865  0.000 -0.239  1.353
1866  0.000 -0.422  1.350
1867  0.000 -0.422  1.350
1868  0.000 -0.224  1.348
1869  0.000 -0.224  1.348
1870  0.000  0.053  1.347
1871  0.000  0.053  1.347
1872  0.000  0.243  1.348
1873  0.000  0.243  1.348
1874  0.000  0.212  1.350
1875  0.000  0.212  1.350
1876  0.000  0.048  1.351
1877  0.000  0.048  1.351
1878  0.000 -0.152  1.351
1879  0.000 -0.152  1.351
1880  0.000 -0.111  1.350
1881  0.000 -0.111  1.350
1882  0.000 -0.105  1.349
1883  0.000 -0.105  1.349
1884  0.000 -0.070  1.348
1885  0.000 -0.070  1.348
1886  0.000 -0.058  1.347
1887  0.000 -0.058  1.347
1888  0.000 -0.035  1.347
1889  0.000 -0.035  1.347
1890  0.000 -0.0010  1.347
1891  0.000 -0.0010  1.347
1892  0.000  0.019  1.347
1893  0.000  0.019  1.347
1894  0.000  0.058  1.347
1895  0.000  0.058  1.347
1896  0.000  0.077  1.348
1897  0.000  0.077  1.348
1898  0.000  0.036  1.348
1899  0.000  0.036  1.348
1900  0.000 -0.011  1.348
1901  0.000 -0.011  1.348
1902  0.000  0.000  1.348
1903  0.000  0.000  1.348
1904  0.000 -0.038  1.348
1905  0.000 -0.038  1.348
1906  0.000 -0.024  1.348
1907 -35.191 -0.024  1.348
1908 -35.191 -0.015  1.348
1909 -35.191 -0.015  1.348
1910 -35.191 -0.610  1.345
1911 -35.191 -0.610  1.345
1912 -35.191 -2.631  1.332
1913 -35.191 -2.631  1.332
1914 -35.191 -3.527  1.308
1915 -35.191 -3.527  1.308
1916 -35.191 -4.607  1.275
1917 -35.191 -4.607  1.275
1918 -35.191 -5.894  1.233
1919 -35.191 -5.894  1.233
1920 -35.191 -7.096  1.181
1921 -35.191 -7.096  1.181
1922 -35.191 -7.955  1.121
1923 -35.191 -7.955  1.121
1924 -35.191 -9.389  1.052
1925 -35.191 -9.389  1.052
1926 -35.191 -10.494  0.972
1927 -35.191 -10.494  0.972
1928 -35.191 -11.944  0.884
1929 -35.191 -11.944  0.884
1930 -35.191 -13.083  0.784
1931 -35.191 -13.083  0.784
1932 -35.191 -14.210  0.675
1933 -35.191 -14.210  0.675
1934 -35.191 -15.040  0.558
1935 -35.191 -15.040  0.558
1936 -35.191 -15.365  0.436
1937 -35.191 -15.365  0.436
1938 -35.191 -15.482  0.313
1939 -35.191 -15.482  0.313
1940 -35.191 -15.354  0.189
1941 -35.191 -15.354  0.189
1942 -35.191 -15.050  0.068
1943 -35.191 -15.050  0.068
1944 -35.191 -14.761 -0.051
1945 -35.191 -14.761 -0.051
1946 -35.191 -14.676 -0.168
1947 -35.191 -14.676 -0.168
1948 -35.191 -14.637 -0.286
1949 -35.191 -14.637 -0.286
1950 -35.191 -14.772 -0.403
1951 -35.191 -14.772 -0.403
1952 -35.191 -14.821 -0.522
1953 -35.191 -14.821 -0.522
1954 -35.191 -14.978 -0.641
1955 -35.191 -14.978 -0.641
1956  0.000 -15.059 -0.761
1957  0.000 -15.059 -0.761
1958  0.000 -15.019 -0.881
1959  0.000 -15.019 -0.881
1960  0.000 -14.387 -0.999
1961  0.000 -14.387 -0.999
1962  0.000 -12.872 -1.108
1963  0.000 -12.872 -1.108
1964  0.000 -11.349 -1.205
1965  0.000 -11.349 -1.205
1966  0.000 -9.736 -1.289
1967  0.000 -9.736 -1.289
1968  0.000 -8.367 -1.362
1969  0.000 -8.367 -1.362
1970  0.000 -6.545 -1.421
1971  0.000 -6.545 -1.421
1972  0.000 -5.102 -1.468
1973  0.000 -5.102 -1.468
1974  0.000 -3.792 -1.503
1975  0.000 -3.792 -1.503
1976  0.000 -2.024 -1.527
1977  0.000 -2.024 -1.527
1978  0.000 -1.043 -1.539
1979  0.000 -1.043 -1.539
1980  0.000 -0.140 -1.544
1981  0.000 -0.140 -1.544
1982  0.000  0.218 -1.543
1983  0.000  0.218 -1.543
1984  0.000  0.457 -1.541
1985  0.000  0.457 -1.541
1986  0.000  0.409 -1.537
1987  0.000  0.409 -1.537
1988  0.000  0.374 -1.534
1989  0.000  0.374 -1.534
1990  0.000  0.156 -1.532
1991  0.000  0.156 -1.532
1992  0.000 -0.070 -1.532
1993  0.000 -0.070 -1.532
1994  0.000 -0.288 -1.533
1995  0.000 -0.288 -1.533
1996  0.000 -0.236 -1.535
1997  0.000 -0.236 -1.535
1998  0.000 -0.086 -1.536
1999  0.000 -0.086 -1.536
2000  0.000  0.034 -1.537
2001  0.000  0.034 -1.537
2002  0.000  0.125 -1.536
2003  0.000  0.125 -1.536
2004  0.000  0.132 -1.535
2005  0.000  0.132 -1.535
2006  0.000  0.075 -1.534
2007  0.000  0.075 -1.534
2008  0.000  0.060 -1.534
2009  0.000  0.060 -1.534
2010  0.000  0.033 -1.533
2011  0.000  0.033 -1.533
2012  0.000 -0.025 -1.533
2013  0.000 -0.025 -1.533
2014  0.000 -0.035 -1.533
2015  0.000 -0.035 -1.533
2016  0.000 -0.006 -1.534
2017  0.000 -0.006 -1.534
2018  0.000 -0.043 -1.534
2019  36.950 -0.043 -1.534
2020  36.950  0.014 -1.534
2021  36.950  0.014 -1.534
2022  36.950  0.417 -1.532
2023  36.950  0.417 -1.532
2024  36.950  1.798 -1.523
2025  36.950  1.798 -1.523
2026  36.950  2.993 -1.504
2027  36.950  2.993 -1.504
2028  36.950  4.327 -1.475
2029  36.950  4.327 -1.475
2030  36.950  7.025 -1.429
2031  36.950  7.025 -1.429
2032  36.950  9.136 -1.365
2033  36.950  9.136 -1.365
2034  36.950  10.276 -1.287
2035  36.950  10.276 -1.287
2036  36.950  11.900 -1.198
2037  36.950  11.900 -1.198
2038  36.950  12.596 -1.0100
2039  36.950  12.596 -1.0100
2040  36.950  13.244 -0.997
2041  36.950  13.244 -0.997
2042  36.950  13.695 -0.889
2043  36.950  13.695 -0.889
2044  36.950  14.172 -0.778
2045  36.950  14.172 -0.778
2046  36.950  14.310 -0.664
2047  36.950  14.310 -0.664
2048  36.950  14.566 -0.548
2049  36.950  14.566 -0.548
2050  36.950  14.796 -0.431
2051  36.950  14.796 -0.431
2052  36.950  15.063 -0.311
2053  36.950  15.063 -0.311
2054  36.950  15.195 -0.190
2055  36.950  15.195 -0.190
2056  36.950  15.227 -0.069
2057  36.950  15.227 -0.069
2058  36.950  15.173  0.052
2059  36.950  15.173  0.052
2060  36.950  15.052  0.173
2061  36.950  15.052  0.173
2062  36.950  14.941  0.293
2063  36.950  14.941  0.293
2064  36.950  14.874  0.412
2065  36.950  14.874  0.412
2066  36.950  15.050  0.532
2067  36.950  15.050  0.532
2068  36.950  15.104  0.652
2069  36.950  15.104  0.652
2070  0.000  15.274  0.774
2071  0.000  15.274  0.774
2072  0.000  15.398  0.897
2073  0.000  15.398  0.897
2074  0.000  14.108  1.015
2075  0.000  14.108  1.015
2076  0.000  12.640  1.121
2077  0.000  12.640  1.121
2078  0.000  10.873  1.215
2079  0.000  10.873  1.215
2080  0.000  9.139  1.295
2081  0.000  9.139  1.295
2082  0.000  7.397  1.361
2083  0.000  7.397  1.361
2084  0.000  6.173  1.416
2085  0.000  6.173  1.416
2086  0.000  3.924  1.456
2087  0.000  3.924  1.456
2088  0.000  2.431  1.481
2089  0.000  2.431  1.481
2090  0.000  0.871  1.495
2091  0.000  0.871  1.495
2092  0.000 -0.354  1.497
2093  0.000 -0.354  1.497
2094  0.000 -0.909  1.492
2095  0.000 -0.909  1.492
2096  0.000 -1.217  1.483
2097  0.000 -1.217  1.483
2098  0.000 -0.907  1.475
2099  0.000 -0.907  1.475
2100  0.000 -0.127  1.471
2101  0.000 -0.127  1.471
2102  0.000  0.179  1.471
2103  0.000  0.179  1.471
2104  0.000  0.362  1.473
2105  0.000  0.362  1.473
2106  0.000  0.309  1.476
2107  0.000  0.309  1.476
2108  0.000  0.079  1.477
2109  0.000  0.079  1.477
2110  0.000 -0.073  1.477
2111  0.000 -0.073  1.477
2112  0.000 -0.028  1.477
2113  0.000 -0.028  1.477
2114  0.000 -0.005  1.477
2115  0.000 -0.005  1.477
2116  0.000  0.0010  1.477
2117  0.000  0.0010  1.477
2118  0.000 -0.044  1.477
2119  0.000 -0.044  1.477
2120  0.000 -0.045  1.476
2121  0.000 -0.045  1.476
2122  0.000 -0.025  1.476
2123  0.000 -0.025  1.476
2124  0.000  0.052  1.476
2125  0.000  0.052  1.476
2126  0.000  0.008  1.476
2127  0.000  0.008  1.476
2128  0.000 -0.019  1.476
2129  0.000 -0.019  1.476
2130  0.000 -0.013  1.476
2131  0.000 -0.013  1.476
2132  0.000  0.008  1.476
2133 -38.741  0.008  1.476
2134 -38.741  0.000  1.476
2135 -38.741  0.000  1.476
2136 -38.741 -0.793  1.475
2137 -38.741 -0.793  1.475
2138 -38.741 -2.715  1.461
2139 -38.741 -2.715  1.461
2140 -38.741 -3.593  1.436
2141 -38.741 -3.593  1.436
2142 -38.741 -4.840  1.402
2143 -38.741 -4.840  1.402
2144 -38.741 -6.201  1.358
2145 -38.741 -6.201  1.358
2146 -38.741 -7.176  1.305
2147 -38.741 -7.176  1.305
2148 -38.741 -7.839  1.245
2149 -38.741 -7.839  1.245
2150 -38.741 -9.123  1.177
2151 -38.741 -9.123  1.177
2152 -38.741 -10.037  1.0100
2153 -38.741 -10.037  1.0100
2154 -38.741 -10.582  1.018
2155 -38.741 -10.582  1.018
2156 -38.741 -12.058  0.927
2157 -38.741 -12.058  0.927
2158 -38.741 -13.110  0.826
2159 -38.741 -13.110  0.826
2160 -38.741 -14.530  0.716
2161 -38.741 -14.530  0.716
2162 -38.741 -15.150  0.597
2163 -38.741 -15.150  0.597
2164 -38.741 -15.843  0.473
2165 -38.741 -15.843  0.473
2166 -38.741 -16.262  0.345
2167 -38.741 -16.262  0.345
2168 -38.741 -16.472  0.214
2169 -38.741 -16.472  0.214
2170 -38.741 -16.646  0.081
2171 -38.741 -16.646  0.081
2172 -38.741 -16.512 -0.050
2173 -38.741 -16.512 -0.050
2174 -38.741 -16.461 -0.182
2175 -38.741 -16.461 -0.182
2176 -38.741 -16.415 -0.314
2177 -38.741 -16.415 -0.314
2178 -38.741 -16.309 -0.445
2179 -38.741 -16.309 -0.445
2180 -38.741 -16.361 -0.575
2181 -38.741 -16.361 -0.575
2182  0.000 -16.414 -0.706
2183  0.000 -16.414 -0.706
2184  0.000 -16.498 -0.838
2185  0.000 -16.498 -0.838
2186  0.000 -15.673 -0.967
2187  0.000 -15.673 -0.967
2188  0.000 -14.070 -1.086
2189  0.000 -14.070 -1.086
2190  0.000 -12.570 -1.192
2191  0.000 -12.570 -1.192
2192  0.000 -10.766 -1.286
2193  0.000 -10.766 -1.286
2194  0.000 -9.353 -1.366
2195  0.000 -9.353 -1.366
2196  0.000 -7.783 -1.435
2197  0.000 -7.783 -1.435
2198  0.000 -5.702 -1.489
2199  0.000 -5.702 -1.489
2200  0.000 -4.306 -1.529
2201  0.000 -4.306 -1.529
2202  0.000 -2.406 -1.555
2203  0.000 -2.406 -1.555
2204  0.000 -1.243 -1.570
2205  0.000 -1.243 -1.570
2206  0.000 -0.278 -1.576
2207  0.000 -0.278 -1.576
2208  0.000  0.095 -1.577
2209  0.000  0.095 -1.577
2210  0.000  0.316 -1.575
2211  0.000  0.316 -1.575
2212  0.000  0.402 -1.572
2213  0.000  0.402 -1.572
2214  0.000  0.380 -1.569
2215  0.000  0.380 -1.569
2216  0.000  0.219 -1.567
2217  0.000  0.219 -1.567
2218  0.000  0.005 -1.566
2219  0.000  0.005 -1.566
2220  0.000 -0.231 -1.567
2221  0.000 -0.231 -1.567
2222  0.000 -0.269 -1.569
2223  0.000 -0.269 -1.569
2224  0.000 -0.085 -1.570
2225  0.000 -0.085 -1.570
2226  0.000  0.043 -1.570
2227  0.000  0.043 -1.570
2228  0.000  0.126 -1.570
2229  0.000  0.126 -1.570
2230  0.000  0.089 -1.569
2231  0.000  0.089 -1.569
2232  0.000  0.108 -1.568
2233  0.000  0.108 -1.568
2234  0.000  0.032 -1.568
2235  0.000  0.032 -1.568
2236  0.000  0.0010 -1.567
2237  0.000  0.0010 -1.567
2238  0.000  0.036 -1.567
2239  0.000  0.036 -1.567
2240  0.000  0.004 -1.567
2241  0.000  0.004 -1.567
2242  0.000 -0.016 -1.567
2243  0.000 -0.016 -1.567
2244  0.000 -0.035 -1.567
2245  40.500 -0.035 -1.567
2246  40.500 -0.023 -1.567
2247  40.500 -0.023 -1.567
2248  40.500  0.518 -1.566
2249  40.500  0.518 -1.566
2250  40.500  1.960 -1.556
2251  40.500  1.960 -1.556
2252  40.500  3.049 -1.536
2253  40.500  3.049 -1.536
2254  40.500  4.408 -1.506
2255  40.500  4.408 -1.506
2256  40.500  6.357 -1.463
2257  40.500  6.357 -1.463
2258  40.500  8.916 -1.402
2259  40.500  8.916 -1.402
2260  40.500  9.714 -1.327
2261  40.500  9.714 -1.327
2262  40.500  11.227 -1.243
2263  40.500  11.227 -1.243
2264  40.500  12.353 -1.149
2265  40.500  12.353 -1.149
2266  40.500  13.767 -1.044
2267  40.500  13.767 -1.044
2268  40.500  14.635 -0.931
2269  40.500  14.635 -0.931
2270  40.500  15.105 -0.812
2271  40.500  15.105 -0.812
2272  40.500  15.710 -0.689
2273  40.500  15.710 -0.689
2274  40.500  15.952 -0.562
2275  40.500  15.952 -0.562
2276  40.500  16.220 -0.433
2277  40.500  16.220 -0.433
2278  40.500  16.248 -0.303
2279  40.500  16.248 -0.303
2280  40.500  16.161 -0.174
2281  40.500  16.161 -0.174
2282  40.500  16.033 -0.045
2283  40.500  16.033 -0.045
2284  40.500  15.863  0.082
2285  40.500  15.863  0.082
2286  40.500  15.837  0.209
2287  40.500  15.837  0.209
2288  40.500  15.797  0.335
2289  40.500  15.797  0.335
2290  40.500  15.871  0.462
2291  40.500  15.871  0.462
2292  40.500  16.145  0.590
2293  40.500  16.145  0.590
2294  0.000  16.291  0.720
2295  0.000  16.291  0.720
2296  0.000  16.250  0.850
2297  0.000  16.250  0.850
2298  0.000  15.510  0.977
2299  0.000  15.510  0.977
2300  0.000  13.911  1.095
2301  0.000  13.911  1.095
2302  0.000  11.859  1.198
2303  0.000  11.859  1.198
2304  0.000  10.013  1.285
2305  0.000  10.013  1.285
2306  0.000  8.117  1.358
2307  0.000  8.117  1.358
2308  0.000  6.261  1.415
2309  0.000  6.261  1.415
2310  0.000  4.659  1.459
2311  0.000  4.659  1.459
2312  0.000  2.758  1.489
2313  0.000  2.758  1.489
2314  0.000  1.128  1.504
2315  0.000  1.128  1.504
2316  0.000 -0.201  1.508
2317  0.000 -0.201  1.508
2318  0.000 -1.260  1.502
2319  0.000 -1.260  1.502
2320  0.000 -1.515  1.491
2321  0.000 -1.515  1.491
2322  0.000 -1.042  1.481
2323  0.000 -1.042  1.481
2324  0.000 -0.325  1.475
2325  0.000 -0.325  1.475
2326  0.000  0.374  1.475
2327  0.000  0.374  1.475
2328  0.000  0.540  1.479
2329  0.000  0.540  1.479
2330  0.000  0.352  1.483
2331  0.000  0.352  1.483
2332  0.000  0.052  1.484
2333  0.000  0.052  1.484
2334  0.000 -0.050  1.484
2335  0.000 -0.050  1.484
2336  0.000 -0.036  1.484
2337  0.000 -0.036  1.484
2338  0.000 -0.027  1.484
2339  0.000 -0.027  1.484
2340  0.000 -0.015  1.483
2341  0.000 -0.015  1.483
2342  0.000  0.001  1.483
2343  0.000  0.001  1.483
2344  0.000 -0.023  1.483
2345  0.000 -0.023  1.483
2346  0.000  0.001  1.483
2347  0.000  0.001  1.483
2348  0.000  0.003  1.483
2349  0.000  0.003  1.483
2350  0.000 -0.004  1.483
2351  0.000 -0.004  1.483
2352  0.000 -0.009  1.483
2353  0.000 -0.009  1.483
2354  0.000  0.001  1.483
2355  0.000  0.001  1.483
2356  0.000 -0.040  1.483
2357 -42.259 -0.040  1.483
2358 -42.259  0.006  1.483
2359 -42.259  0.006  1.483
2360 -42.259 -0.471  1.481
2361 -42.259 -0.471  1.481
2362 -42.259 -2.387  1.470
2363 -42.259 -2.387  1.470
2364 -42.259 -3.333  1.447
2365 -42.259 -3.333  1.447
2366 -42.259 -4.569  1.415
2367 -42.259 -4.569  1.415
2368 -42.259 -6.276  1.372
2369 -42.259 -6.276  1.372
2370 -42.259 -6.980  1.319
2371 -42.259 -6.980  1.319
2372 -42.259 -8.075  1.258
2373 -42.259 -8.075  1.258
2374 -42.259 -9.086  1.190
2375 -42.259 -9.086  1.190
2376 -42.259 -10.186  1.113
2377 -42.259 -10.186  1.113
2378 -42.259 -11.115  1.028
2379 -42.259 -11.115  1.028
2380 -42.259 -12.099  0.935
2381 -42.259 -12.099  0.935
2382 -42.259 -13.479  0.832
2383 -42.259 -13.479  0.832
2384 -42.259 -14.608  0.720
2385 -42.259 -14.608  0.720
2386 -42.259 -15.825  0.598
2387 -42.259 -15.825  0.598
2388 -42.259 -16.712  0.468
2389 -42.259 -16.712  0.468
2390 -42.259 -17.465  0.331
2391 -42.259 -17.465  0.331
2392 -42.259 -17.855  0.190
2393 -42.259 -17.855  0.190
2394 -42.259 -18.039  0.047
2395 -42.259 -18.039  0.047
2396 -42.259 -18.065 -0.097
2397 -42.259 -18.065 -0.097
2398 -42.259 -17.927 -0.241
2399 -42.259 -17.927 -0.241
2400 -42.259 -17.924 -0.384
2401 -42.259 -17.924 -0.384
2402 -42.259 -17.939 -0.528
2403 -42.259 -17.939 -0.528
2404 -42.259 -18.026 -0.672
2405 -42.259 -18.026 -0.672
2406  0.000 -18.160 -0.816
2407  0.000 -18.160 -0.816
2408  0.000 -17.998 -0.961
2409  0.000 -17.998 -0.961
2410  0.000 -17.022 -1.101
2411  0.000 -17.022 -1.101
2412  0.000 -15.760 -1.232
2413  0.000 -15.760 -1.232
2414  0.000 -13.954 -1.351
2415  0.000 -13.954 -1.351
2416  0.000 -12.665 -1.458
2417  0.000 -12.665 -1.458
2418  0.000 -10.779 -1.553
2419  0.000 -10.779 -1.553
2420  0.000 -9.344 -1.634
2421  0.000 -9.344 -1.634
2422  0.000 -7.870 -1.703
2423  0.000 -7.870 -1.703
2424  0.000 -5.877 -1.758
2425  0.000 -5.877 -1.758
2426  0.000 -4.310 -1.798
2427  0.000 -4.310 -1.798
2428  0.000 -2.403 -1.825
2429  0.000 -2.403 -1.825
2430  0.000 -1.429 -1.841
2431  0.000 -1.429 -1.841
2432  0.000 -0.618 -1.849
2433  0.000 -0.618 -1.849
2434  0.000 -0.234 -1.852
2435  0.000 -0.234 -1.852
2436  0.000  0.055 -1.853
2437  0.000  0.055 -1.853
2438  0.000  0.280 -1.851
2439  0.000  0.280 -1.851
2440  0.000  0.412 -1.849
2441  0.000  0.412 -1.849
2442  0.000  0.279 -1.846
2443  0.000  0.279 -1.846
2444  0.000  0.102 -1.844
2445  0.000  0.102 -1.844
2446  0.000 -0.038 -1.844
2447  0.000 -0.038 -1.844
2448  0.000 -0.105 -1.845
2449  0.000 -0.105 -1.845
2450  0.000 -0.104 -1.846
2451  0.000 -0.104 -1.846
2452  0.000 -0.111 -1.846
2453  0.000 -0.111 -1.846
2454  0.000 -0.099 -1.847
2455  0.000 -0.099 -1.847
2456  0.000 -0.067 -1.848
2457  0.000 -0.067 -1.848
2458  0.000  0.046 -1.848
2459  0.000  0.046 -1.848
2460  0.000  0.153 -1.847
2461  0.000  0.153 -1.847
2462  0.000  0.115 -1.846
2463  0.000  0.115 -1.846
2464  0.000  0.068 -1.845
2465  0.000  0.068 -1.845
2466  0.000  0.016 -1.845
2467  0.000  0.016 -1.845
2468  0.000 -0.000 -1.845
2469  44.018 -0.000 -1.845
2470  44.018 -0.043 -1.845
2471  44.018 -0.043 -1.845
2472  44.018  0.231 -1.844
2473  44.018  0.231 -1.844
2474  44.018  2.077 -1.835
2475  44.018  2.077 -1.835
2476  44.018  2.745 -1.816
2477  44.018  2.745 -1.816
2478  44.018  3.815 -1.790
2479  44.018  3.815 -1.790
2480  44.018  6.464 -1.749
2481  44.018  6.464 -1.749
2482  44.018  8.104 -1.690
2483  44.018  8.104 -1.690
2484  44.018  9.501 -1.620
2485  44.018  9.501 -1.620
2486  44.018  10.626 -1.539
2487  44.018  10.626 -1.539
2488  44.018  12.351 -1.447
2489  44.018  12.351 -1.447
2490  44.018  13.600 -1.344
2491  44.018  13.600 -1.344
2492  44.018  14.889 -1.231
2493  44.018  14.889 -1.231
2494  44.018  15.915 -1.108
2495  44.018  15.915 -1.108
2496  44.018  16.568 -0.978
2497  44.018  16.568 -0.978
2498  44.018  17.256 -0.842
2499  44.018  17.256 -0.842
2500  44.018  17.375 -0.704
2501  44.018  17.375 -0.704
2502  44.018  17.417 -0.565
2503  44.018  17.417 -0.565
2504  44.018  17.195 -0.426
2505  44.018  17.195 -0.426
2506  44.018  16.957 -0.290
2507  44.018  16.957 -0.290
2508  44.018  16.743 -0.155
2509  44.018  16.743 -0.155
2510  44.018  16.536 -0.022
2511  44.018  16.536 -0.022
2512  44.018  16.546  0.110
2513  44.018  16.546  0.110
2514  44.018  16.687  0.243
2515  44.018  16.687  0.243
2516  44.018  16.823  0.377
2517  44.018  16.823  0.377
2518  44.018  17.000  0.512
2519  44.018  17.000  0.512
2520  44.018  17.054  0.648
2521  44.018  17.054  0.648
2522  0.000  16.957  0.784
2523  0.000  16.957  0.784
2524  0.000  17.005  0.920
2525  0.000  17.005  0.920
2526  0.000  16.096  1.052
2527  0.000  16.096  1.052
2528  0.000  14.651  1.175
2529  0.000  14.651  1.175
2530  0.000  11.772  1.281
2531  0.000  11.772  1.281
2532  0.000  10.029  1.368
2533  0.000  10.029  1.368
2534  0.000  7.221  1.437
2535  0.000  7.221  1.437
2536  0.000  5.458  1.488
2537  0.000  5.458  1.488
2538  0.000  3.704  1.525
2539  0.000  3.704  1.525
2540  0.000  2.055  1.548
2541  0.000  2.055  1.548
2542  0.000  0.680  1.559
2543  0.000  0.680  1.559
2544  0.000 -0.136  1.561
2545  0.000 -0.136  1.561
2546  0.000 -0.283  1.559
2547  0.000 -0.283  1.559
2548  0.000 -0.219  1.557
2549  0.000 -0.219  1.557
2550  0.000 -0.115  1.556
2551  0.000 -0.115  1.556
2552  0.000 -0.014  1.555
2553  0.000 -0.014  1.555
2554  0.000 -0.040  1.555
2555  0.000 -0.040  1.555
2556  0.000 -0.133  1.554
2557  0.000 -0.133  1.554
2558  0.000 -0.220  1.553
2559  0.000 -0.220  1.553
2560  0.000 -0.187  1.551
2561  0.000 -0.187  1.551
2562  0.000 -0.070  1.550
2563  0.000 -0.070  1.550
2564  0.000 -0.039  1.550
2565  0.000 -0.039  1.550
2566  0.000  0.033  1.550
2567  0.000  0.033  1.550
2568  0.000  0.042  1.550
2569  0.000  0.042  1.550
2570  0.000  0.083  1.551
2571  0.000  0.083  1.551
2572  0.000  0.114  1.551
2573  0.000  0.114  1.551
2574  0.000  0.063  1.552
2575  0.000  0.063  1.552
2576  0.000  0.019  1.552
2577  0.000  0.019  1.552
2578  0.000 -0.050  1.552
2579  0.000 -0.050  1.552
2580  0.000 -0.001  1.552
2581  0.000 -0.001  1.552
2582  0.000 -0.049  1.552
2583  0.000 -0.049  1.552
2584  0.000 -0.008  1.552
2585 -45.841 -0.008  1.552
2586 -45.841  0.003  1.552
2587 -45.841  0.003  1.552
2588 -45.841 -0.246  1.551
2589 -45.841 -0.246  1.551
2590 -45.841 -2.921  1.538
2591 -45.841 -2.921  1.538
2592 -45.841 -3.593  1.512
2593 -45.841 -3.593  1.512
2594 -45.841 -4.928  1.478
2595 -45.841 -4.928  1.478
2596 -45.841 -6.310  1.433
2597 -45.841 -6.310  1.433
2598 -45.841 -7.198  1.379
2599 -45.841 -7.198  1.379
2600 -45.841 -8.762  1.315
2601 -45.841 -8.762  1.315
2602 -45.841 -9.788  1.241
2603 -45.841 -9.788  1.241
2604 -45.841 -10.934  1.158
2605 -45.841 -10.934  1.158
2606 -45.841 -11.701  1.067
2607 -45.841 -11.701  1.067
2608 -45.841 -13.142  0.968
2609 -45.841 -13.142  0.968
2610 -45.841 -13.855  0.860
2611 -45.841 -13.855  0.860
2612 -45.841 -14.550  0.746
2613 -45.841 -14.550  0.746
2614 -45.841 -15.866  0.625
2615 -45.841 -15.866  0.625
2616 -45.841 -17.058  0.493
2617 -45.841 -17.058  0.493
2618 -45.841 -18.160  0.352
2619 -45.841 -18.160  0.352
2620 -45.841 -18.911  0.204
2621 -45.841 -18.911  0.204
2622 -45.841 -19.420  0.050
2623 -45.841 -19.420  0.050
2624 -45.841 -19.496 -0.104
2625 -45.841 -19.496 -0.104
2626 -45.841 -19.542 -0.260
2627 -45.841 -19.542 -0.260
2628 -45.841 -19.546 -0.417
2629 -45.841 -19.546 -0.417
2630 -45.841 -19.583 -0.573
2631 -45.841 -19.583 -0.573
2632  0.000 -19.539 -0.730
2633  0.000 -19.539 -0.730
2634  0.000 -19.692 -0.887
2635  0.000 -19.692 -0.887
2636  0.000 -18.684 -1.040
2637  0.000 -18.684 -1.040
2638  0.000 -17.252 -1.184
2639  0.000 -17.252 -1.184
2640  0.000 -15.108 -1.313
2641  0.000 -15.108 -1.313
2642  0.000 -13.727 -1.429
2643  0.000 -13.727 -1.429
2644  0.000 -12.157 -1.532
2645  0.000 -12.157 -1.532
2646  0.000 -9.752 -1.620
2647  0.000 -9.752 -1.620
2648  0.000 -8.038 -1.691
2649  0.000 -8.038 -1.691
2650  0.000 -5.927 -1.747
2651  0.000 -5.927 -1.747
2652  0.000 -4.158 -1.787
2653  0.000 -4.158 -1.787
2654  0.000 -2.183 -1.813
2655  0.000 -2.183 -1.813
2656  0.000 -1.349 -1.827
2657  0.000 -1.349 -1.827
2658  0.000 -0.844 -1.836
2659  0.000 -0.844 -1.836
2660  0.000 -0.599 -1.841
2661  0.000 -0.599 -1.841
2662  0.000 -0.223 -1.845
2663  0.000 -0.223 -1.845
2664  0.000  0.302 -1.844
2665  0.000  0.302 -1.844
2666  0.000  0.436 -1.841
2667  0.000  0.436 -1.841
2668  0.000  0.401 -1.838
2669  0.000  0.401 -1.838
2670  0.000  0.342 -1.835
2671  0.000  0.342 -1.835
2672  0.000  0.139 -1.833
2673  0.000  0.139 -1.833
2674  0.000 -0.055 -1.833
2675  0.000 -0.055 -1.833
2676  0.000 -0.132 -1.834
2677  0.000 -0.132 -1.834
2678  0.000 -0.224 -1.835
2679  0.000 -0.224 -1.835
2680  0.000 -0.193 -1.837
2681  0.000 -0.193 -1.837
2682  0.000 -0.021 -1.837
2683  0.000 -0.021 -1.837
2684  0.000  0.087 -1.837
2685  0.000  0.087 -1.837
2686  0.000  0.141 -1.836
2687  0.000  0.141 -1.836
2688  0.000  0.107 -1.835
2689  0.000  0.107 -1.835
2690  0.000  0.092 -1.835
2691  0.000  0.092 -1.835
2692  0.000  0.009 -1.834
2693  0.000  0.009 -1.834
2694  0.000 -0.039 -1.834
2695  47.568 -0.039 -1.834
2696  47.568 -0.059 -1.835
2697  47.568 -0.059 -1.835
2698  47.568  0.404 -1.833
2699  47.568  0.404 -1.833
2700  47.568  2.668 -1.823
2701  47.568  2.668 -1.823
2702  47.568  3.821 -1.797
2703  47.568  3.821 -1.797
2704  47.568  5.103 -1.761
2705  47.568  5.103 -1.761
2706  47.568  7.067 -1.713
2707  47.568  7.067 -1.713
2708  47.568  8.453 -1.651
2709  47.568  8.453 -1.651
2710  47.568  9.980 -1.577
2711  47.568  9.980 -1.577
2712  47.568  11.273 -1.492
2713  47.568  11.273 -1.492
2714  47.568  12.855 -1.395
2715  47.568  12.855 -1.395
2716  47.568  13.961 -1.288
2717  47.568  13.961 -1.288
2718  47.568  15.259 -1.171
2719  47.568  15.259 -1.171
2720  47.568  16.810 -1.043
2721  47.568  16.810 -1.043
2722  47.568  17.496 -0.906
2723  47.568  17.496 -0.906
2724  47.568  18.350 -0.762
2725  47.568  18.350 -0.762
2726  47.568  18.361 -0.615
2727  47.568  18.361 -0.615
2728  47.568  18.303 -0.469
2729  47.568  18.303 -0.469
2730  47.568  18.119 -0.323
2731  47.568  18.119 -0.323
2732  47.568  17.978 -0.179
2733  47.568  17.978 -0.179
2734  47.568  18.080 -0.034
2735  47.568  18.080 -0.034
2736  47.568  18.247  0.110
2737  47.568  18.247  0.110
2738  47.568  18.266  0.256
2739  47.568  18.266  0.256
2740  47.568  18.230  0.402
2741  47.568  18.230  0.402
2742  47.568  18.386  0.548
2743  47.568  18.386  0.548
2744  47.568  18.465  0.696
2745  47.568  18.465  0.696
2746  0.000  18.716  0.845
2747  0.000  18.716  0.845
2748  0.000  18.816  0.995
2749  0.000  18.816  0.995
2750  0.000  18.031  1.142
2751  0.000  18.031  1.142
2752  0.000  15.886  1.278
2753  0.000  15.886  1.278
2754  0.000  14.261  1.398
2755  0.000  14.261  1.398
2756  0.000  12.189  1.504
2757  0.000  12.189  1.504
2758  0.000  10.680  1.596
2759  0.000  10.680  1.596
2760  0.000  9.046  1.675
2761  0.000  9.046  1.675
2762  0.000  6.778  1.738
2763  0.000  6.778  1.738
2764  0.000  5.074  1.785
2765  0.000  5.074  1.785
2766  0.000  2.704  1.816
2767  0.000  2.704  1.816
2768  0.000  0.837  1.831
2769  0.000  0.837  1.831
2770  0.000 -0.166  1.833
2771  0.000 -0.166  1.833
2772  0.000 -0.132  1.832
2773  0.000 -0.132  1.832
2774  0.000 -0.354  1.830
2775  0.000 -0.354  1.830
2776  0.000 -0.339  1.828
2777  0.000 -0.339  1.828
2778  0.000 -0.115  1.826
2779  0.000 -0.115  1.826
2780  0.000  0.017  1.825
2781  0.000  0.017  1.825
2782  0.000  0.078  1.826
2783  0.000  0.078  1.826
2784  0.000  0.067  1.826
2785  0.000  0.067  1.826
2786  0.000  0.043  1.827
2787  0.000  0.043  1.827
2788  0.000 -0.038  1.827
2789  0.000 -0.038  1.827
2790  0.000 -0.112  1.826
2791  0.000 -0.112  1.826
2792  0.000 -0.086  1.825
2793  0.000 -0.086  1.825
2794  0.000 -0.058  1.825
2795  0.000 -0.058  1.825
2796  0.000  0.015  1.825
2797  0.000  0.015  1.825
2798  0.000  0.078  1.825
2799  0.000  0.078  1.825
2800  0.000  0.047  1.825
2801  0.000  0.047  1.825
2802  0.000  0.016  1.826
2803  0.000  0.016  1.826
2804  0.000  0.023  1.826
2805  0.000  0.023  1.826
2806  0.000 -0.015  1.826
2807  0.000 -0.015  1.826
2808  0.000 -0.044  1.826
2809 -49.359 -0.044  1.826
2810 -49.359 -0.037  1.825
2811 -49.359 -0.037  1.825
2812 -49.359 -0.781  1.822
2813 -49.359 -0.781  1.822
2814 -49.359 -2.658  1.808
2815 -49.359 -2.658  1.808
2816 -49.359 -3.872  1.782
2817 -49.359 -3.872  1.782
2818 -49.359 -4.785  1.748
2819 -49.359 -4.785  1.748
2820 -49.359 -6.636  1.702
2821 -49.359 -6.636  1.702
2822 -49.359 -7.740  1.644
2823 -49.359 -7.740  1.644
2824 -49.359 -8.355  1.580
2825 -49.359 -8.355  1.580
2826 -49.359 -10.518  1.505
2827 -49.359 -10.518  1.505
2828 -49.359 -10.978  1.419
2829 -49.359 -10.978  1.419
2830 -49.359 -12.332  1.325
2831 -49.359 -12.332  1.325
2832 -49.359 -13.213  1.223
2833 -49.359 -13.213  1.223
2834 -49.359 -14.056  1.114
2835 -49.359 -14.056  1.114
2836 -49.359 -14.960  0.998
2837 -49.359 -14.960  0.998
2838 -49.359 -15.777  0.875
2839 -49.359 -15.777  0.875
2840 -49.359 -16.954  0.744
2841 -49.359 -16.954  0.744
2842 -49.359 -17.460  0.606
2843 -49.359 -17.460  0.606
2844 -49.359 -18.996  0.461
2845 -49.359 -18.996  0.461
2846 -49.359 -19.645  0.306
2847 -49.359 -19.645  0.306
2848 -49.359 -20.094  0.147
2849 -49.359 -20.094  0.147
2850 -49.359 -20.339 -0.014
2851 -49.359 -20.339 -0.014
2852 -49.359 -20.115 -0.176
2853 -49.359 -20.115 -0.176
2854 -49.359 -20.476 -0.338
2855 -49.359 -20.476 -0.338
2856 -49.359 -20.189 -0.501
2857 -49.359 -20.189 -0.501
2858 -49.359 -20.402 -0.663
2859 -49.359 -20.402 -0.663
2860  0.000 -20.199 -0.825
2861  0.000 -20.199 -0.825
2862  0.000 -20.486 -0.988
2863  0.000 -20.486 -0.988
2864  0.000 -19.825 -1.149
2865  0.000 -19.825 -1.149
2866  0.000 -18.630 -1.303
2867  0.000 -18.630 -1.303
2868  0.000 -16.519 -1.444
2869  0.000 -16.519 -1.444
2870  0.000 -15.006 -1.570
2871  0.000 -15.006 -1.570
2872  0.000 -13.179 -1.683
2873  0.000 -13.179 -1.683
2874  0.000 -11.496 -1.781
2875  0.000 -11.496 -1.781
2876  0.000 -9.397 -1.865
2877  0.000 -9.397 -1.865
2878  0.000 -7.837 -1.934
2879  0.000 -7.837 -1.934
2880  0.000 -6.144 -1.990
2881  0.000 -6.144 -1.990
2882  0.000 -3.868 -2.030
2883  0.000 -3.868 -2.030
2884  0.000 -2.636 -2.056
2885  0.000 -2.636 -2.056
2886  0.000 -1.276 -2.071
2887  0.000 -1.276 -2.071
2888  0.000 -0.693 -2.079
2889  0.000 -0.693 -2.079
2890  0.000 -0.143 -2.083
2891  0.000 -0.143 -2.083
2892  0.000  0.132 -2.083
2893  0.000  0.132 -2.083
2894  0.000  0.308 -2.081
2895  0.000  0.308 -2.081
2896  0.000  0.434 -2.078
2897  0.000  0.434 -2.078
2898  0.000  0.332 -2.075
2899  0.000  0.332 -2.075
2900  0.000 -0.001 -2.074
2901  0.000 -0.001 -2.074
2902  0.000 -0.156 -2.074
2903  0.000 -0.156 -2.074
2904  0.000 -0.313 -2.076
2905  0.000 -0.313 -2.076
2906  0.000 -0.183 -2.078
2907  0.000 -0.183 -2.078
2908  0.000  0.104 -2.079
2909  0.000  0.104 -2.079
2910  0.000  0.122 -2.078
2911  0.000  0.122 -2.078
2912  0.000  0.147 -2.077
2913  0.000  0.147 -2.077
2914  0.000  0.149 -2.076
2915  0.000  0.149 -2.076
2916  0.000  0.122 -2.075
2917  0.000  0.122 -2.075
2918  0.000  0.028 -2.074
2919  0.000  0.028 -2.074
2920  0.000 -0.046 -2.074
2921  0.000 -0.046 -2.074
2922  0.000 -0.086 -2.075
2923  51.150 -0.086 -2.075
2924  51.150 -0.058 -2.075
2925  51.150 -0.058 -2.075
2926  51.150  0.201 -2.075
2927  51.150  0.201 -2.075
2928  51.150  2.243 -2.065
2929  51.150  2.243 -2.065
2930  51.150  3.121 -2.044
2931  51.150  3.121 -2.044
2932  51.150  5.061 -2.011
2933  51.150  5.061 -2.011
2934  51.150  7.233 -1.962
2935  51.150  7.233 -1.962
2936  51.150  8.654 -1.898
2937  51.150  8.654 -1.898
2938  51.150  9.882 -1.824
2939  51.150  9.882 -1.824
2940  51.150  11.476 -1.739
2941  51.150  11.476 -1.739
2942  51.150  13.015 -1.641
2943  51.150  13.015 -1.641
2944  51.150  13.794 -1.533
2945  51.150  13.794 -1.533
2946  51.150  15.074 -1.418
2947  51.150  15.074 -1.418
2948  51.150  16.445 -1.292
2949  51.150  16.445 -1.292
2950  51.150  17.349 -1.157
2951  51.150  17.349 -1.157
2952  51.150  17.722 -1.016
2953  51.150  17.722 -1.016
2954  51.150  18.169 -0.873
2955  51.150  18.169 -0.873
2956  51.150  18.947 -0.724
2957  51.150  18.947 -0.724
2958  51.150  19.223 -0.572
2959  51.150  19.223 -0.572
2960  51.150  19.931 -0.415
2961  51.150  19.931 -0.415
2962  51.150  19.874 -0.256
2963  51.150  19.874 -0.256
2964  51.150  20.153 -0.096
2965  51.150  20.153 -0.096
2966  51.150  19.979  0.064
2967  51.150  19.979  0.064
2968  51.150  20.089  0.224
2969  51.150  20.089  0.224
2970  51.150  19.519  0.383
2971  51.150  19.519  0.383
2972  51.150  19.921  0.540
2973  51.150  19.921  0.540
2974  0.000  19.725  0.699
2975  0.000  19.725  0.699
2976  0.000  20.354  0.859
2977  0.000  20.354  0.859
2978  0.000  19.395  1.018
2979  0.000  19.395  1.018
2980  0.000  18.212  1.169
2981  0.000  18.212  1.169
2982  0.000  16.344  1.309
2983  0.000  16.344  1.309
2984  0.000  15.096  1.435
2985  0.000  15.096  1.435
2986  0.000  13.662  1.550
2987  0.000  13.662  1.550
2988  0.000  11.816  1.652
2989  0.000  11.816  1.652
2990  0.000  10.510  1.741
2991  0.000  10.510  1.741
2992  0.000  8.419  1.817
2993  0.000  8.419  1.817
2994  0.000  7.350  1.880
2995  0.000  7.350  1.880
2996  0.000  5.259  1.930
2997  0.000  5.259  1.930
2998  0.000  3.688  1.966
2999  0.000  3.688  1.966