0  5.235  0.008 -0.009
1  5.235  0.008 -0.009
2  5.235 -0.007 -0.009
3  5.235 -0.007 -0.009
4  5.235  0.062 -0.009
5  5.235  0.062 -0.009
6  5.235  0.184 -0.008
7  5.235  0.184 -0.008
8  5.235  0.463 -0.005
9  5.235  0.463 -0.005
10  5.235  1.199  0.000
11  5.235  1.199  0.000
12  5.235  2.159  0.014
13  5.235  2.159  0.014
14  5.235  2.518  0.033
15  5.235  2.518  0.033
16  5.235  2.594  0.053
17  5.235  2.594  0.053
18  5.235  2.552  0.074
19  5.235  2.552  0.074
20  5.235  2.561  0.094
21  5.235  2.561  0.094
22  5.235  2.485  0.114
23  5.235  2.485  0.114
24  5.235  2.547  0.134
25  5.235  2.547  0.134
26  5.235  2.654  0.155
27  5.235  2.654  0.155
28  5.235  2.629  0.176
29  5.235  2.629  0.176
30  5.235  2.643  0.197
31  5.235  2.643  0.197
32  5.235  2.696  0.219
33  5.235  2.696  0.219
34  5.235  2.576  0.240
35  5.235  2.576  0.240
36  5.235  2.386  0.260
37  5.235  2.386  0.260
38  5.235  2.024  0.278
39  5.235  2.024  0.278
40  5.235  1.851  0.293
41  5.235  1.851  0.293
42  5.235  1.824  0.308
43  5.235  1.824  0.308
44  5.235  2.137  0.324
45  5.235  2.137  0.324
46  5.235  2.309  0.342
47  5.235  2.309  0.342
48  5.235  2.503  0.361
49  5.235  2.503  0.361
50  5.235  2.501  0.381
51  5.235  2.501  0.381
52  5.235  2.389  0.400
53  5.235  2.389  0.400
54  5.235  2.347  0.419
55  5.235  2.347  0.419
56  5.235  2.267  0.438
57  5.235  2.267  0.438
58  5.235  2.077  0.455
59  5.235  2.077  0.455
60  5.235  2.002  0.472
61  5.235  2.002  0.472
62  5.235  2.000  0.488
63  5.235  2.000  0.488
64  5.235  2.128  0.504
65  5.235  2.128  0.504
66  5.235  2.282  0.522
67  5.235  2.282  0.522
68  5.235  2.279  0.540
69  5.235  2.279  0.540
70  5.235  2.284  0.558
71  5.235  2.284  0.558
72  5.235  2.266  0.576
73  5.235  2.266  0.576
74  5.235  2.277  0.595
75  5.235  2.277  0.595
76  5.235  2.270  0.613
77  5.235  2.270  0.613
78  5.235  2.217  0.631
79  5.235  2.217  0.631
80  5.235  2.235  0.649
81  5.235  2.235  0.649
82  5.235  2.218  0.666
83  5.235  2.218  0.666
84  5.235  2.110  0.684
85  5.235  2.110  0.684
86  0.000  2.289  0.701
87  0.000  2.289  0.701
88  0.000  2.361  0.720
89  0.000  2.361  0.720
90  0.000  1.742  0.736
91  0.000  1.742  0.736
92  0.000  0.615  0.746
93  0.000  0.615  0.746
94  0.000 -0.579  0.746
95  0.000 -0.579  0.746
96  0.000 -1.008  0.740
97  0.000 -1.008  0.740
98  0.000 -0.958  0.732
99  0.000 -0.958  0.732
100  0.000 -0.388  0.726
101  0.000 -0.388  0.726
102  0.000  0.090  0.725
103  0.000  0.090  0.725
104  0.000  0.342  0.727
105  0.000  0.342  0.727
106  0.000  0.298  0.729
107  0.000  0.298  0.729
108  0.000  0.087  0.731
109  0.000  0.087  0.731
110  0.000 -0.003  0.731
111  0.000 -0.003  0.731
112  0.000 -0.029  0.731
113  0.000 -0.029  0.731
114  0.000  0.023  0.731
115  0.000  0.023  0.731
116  0.000  0.015  0.731
117  0.000  0.015  0.731
118  0.000 -0.038  0.731
119  0.000 -0.038  0.731
120  0.000 -0.026  0.731
121  0.000 -0.026  0.731
122  0.000 -0.039  0.731
123  0.000 -0.039  0.731
124  0.000 -0.002  0.731
125  0.000 -0.002  0.731
126  0.000  0.006  0.731
127  0.000  0.006  0.731
128  0.000  0.011  0.731
129  0.000  0.011  0.731
130  0.000  0.019  0.731
131  0.000  0.019  0.731
132  0.000 -0.005  0.731
133  0.000 -0.005  0.731
134  0.000 -0.030  0.731
135  0.000 -0.030  0.731
136  0.000  0.015  0.731
137  0.000  0.015  0.731
138  0.000 -0.032  0.731
139  0.000 -0.032  0.731
140  0.000  0.018  0.730
141  0.000  0.018  0.730
142  0.000 -0.000  0.731
143  0.000 -0.000  0.731
144  0.000  0.043  0.731
145  0.000  0.043  0.731
146  0.000 -0.020  0.731
147  0.000 -0.020  0.731
148  0.000  0.000  0.731
149 -7.576  0.000  0.731
150 -7.576  0.001  0.731
151 -7.576  0.001  0.731
152 -7.576 -0.030  0.731
153 -7.576 -0.030  0.731
154 -7.576 -1.386  0.725
155 -7.576 -1.386  0.725
156 -7.576 -2.765  0.708
157 -7.576 -2.765  0.708
158 -7.576 -3.842  0.682
159 -7.576 -3.842  0.682
160 -7.576 -4.530  0.648
161 -7.576 -4.530  0.648
162 -7.576 -4.393  0.613
163 -7.576 -4.393  0.613
164 -7.576 -3.633  0.581
165 -7.576 -3.633  0.581
166 -7.576 -3.044  0.554
167 -7.576 -3.044  0.554
168 -7.576 -2.561  0.531
169 -7.576 -2.561  0.531
170 -7.576 -2.465  0.511
171 -7.576 -2.465  0.511
172 -7.576 -2.811  0.491
173 -7.576 -2.811  0.491
174 -7.576 -3.193  0.467
175 -7.576 -3.193  0.467
176 -7.576 -3.357  0.441
177 -7.576 -3.357  0.441
178 -7.576 -3.463  0.413
179 -7.576 -3.463  0.413
180 -7.576 -3.536  0.385
181 -7.576 -3.536  0.385
182 -7.576 -3.445  0.357
183 -7.576 -3.445  0.357
184 -7.576 -3.207  0.331
185 -7.576 -3.207  0.331
186 -7.576 -3.124  0.306
187 -7.576 -3.124  0.306
188 -7.576 -3.064  0.281
189 -7.576 -3.064  0.281
190 -7.576 -3.067  0.256
191 -7.576 -3.067  0.256
192 -7.576 -3.054  0.232
193 -7.576 -3.054  0.232
194 -7.576 -3.063  0.207
195 -7.576 -3.063  0.207
196 -7.576 -3.247  0.182
197 -7.576 -3.247  0.182
198 -7.576 -3.305  0.156
199 -7.576 -3.305  0.156
200 -7.576 -3.275  0.129
201 -7.576 -3.275  0.129
202 -7.576 -3.363  0.103
203 -7.576 -3.363  0.103
204 -7.576 -3.408  0.076
205 -7.576 -3.408  0.076
206 -7.576 -3.217  0.049
207 -7.576 -3.217  0.049
208 -7.576 -3.071  0.024
209 -7.576 -3.071  0.024
210 -7.576 -3.102 -0.000
211 -7.576 -3.102 -0.000
212 -7.576 -3.139 -0.024
213 -7.576 -3.139 -0.024
214 -7.576 -3.166 -0.050
215 -7.576 -3.166 -0.050
216 -7.576 -3.203 -0.075
217 -7.576 -3.203 -0.075
218 -7.576 -3.419 -0.102
219 -7.576 -3.419 -0.102
220 -7.576 -3.496 -0.129
221 -7.576 -3.496 -0.129
222 -7.576 -3.345 -0.157
223 -7.576 -3.345 -0.157
224 -7.576 -3.136 -0.183
225 -7.576 -3.136 -0.183
226 -7.576 -3.093 -0.208
227 -7.576 -3.093 -0.208
228 -7.576 -2.980 -0.232
229 -7.576 -2.980 -0.232
230 -7.576 -3.114 -0.256
231 -7.576 -3.114 -0.256
232 -7.576 -3.390 -0.282
233 -7.576 -3.390 -0.282
234 -7.576 -3.567 -0.310
235 -7.576 -3.567 -0.310
236 -7.576 -3.504 -0.338
237 -7.576 -3.504 -0.338
238 -7.576 -3.392 -0.366
239 -7.576 -3.392 -0.366
240 -7.576 -3.270 -0.393
241 -7.576 -3.270 -0.393
242 -7.576 -3.001 -0.418
243 -7.576 -3.001 -0.418
244 -7.576 -3.043 -0.442
245 -7.576 -3.043 -0.442
246 -7.576 -3.190 -0.467
247 -7.576 -3.190 -0.467
248 -7.576 -3.381 -0.493
249 -7.576 -3.381 -0.493
250 -7.576 -3.380 -0.520
251 -7.576 -3.380 -0.520
252 -7.576 -3.326 -0.547
253 -7.576 -3.326 -0.547
254 -7.576 -3.289 -0.573
255 -7.576 -3.289 -0.573
256 -7.576 -3.187 -0.599
257 -7.576 -3.187 -0.599
258 -7.576 -2.971 -0.624
259 -7.576 -2.971 -0.624
260 -7.576 -3.057 -0.648
261 -7.576 -3.057 -0.648
262 -7.576 -3.154 -0.673
263 -7.576 -3.154 -0.673
264  0.000 -3.335 -0.699
265  0.000 -3.335 -0.699
266  0.000 -3.346 -0.725
267  0.000 -3.346 -0.725
268  0.000 -2.934 -0.750
269  0.000 -2.934 -0.750
270  0.000 -1.508 -0.768
271  0.000 -1.508 -0.768
272  0.000 -0.390 -0.776
273  0.000 -0.390 -0.776
274  0.000  0.654 -0.775
275  0.000  0.654 -0.775
276  0.000  0.980 -0.768
277  0.000  0.980 -0.768
278  0.000  0.876 -0.761
279  0.000  0.876 -0.761
280  0.000  0.335 -0.756
281  0.000  0.335 -0.756
282  0.000 -0.044 -0.755
283  0.000 -0.044 -0.755
284  0.000 -0.246 -0.756
285  0.000 -0.246 -0.756
286  0.000 -0.283 -0.758
287  0.000 -0.283 -0.758
288  0.000 -0.154 -0.760
289  0.000 -0.154 -0.760
290  0.000 -0.071 -0.761
291  0.000 -0.071 -0.761
292  0.000  0.026 -0.761
293  0.000  0.026 -0.761
294  0.000  0.068 -0.761
295  0.000  0.068 -0.761
296  0.000 -0.0010 -0.760
297  0.000 -0.0010 -0.760
298  0.000  0.018 -0.760
299  0.000  0.018 -0.760
300  0.000 -0.009 -0.760
301  0.000 -0.009 -0.760
302  0.000 -0.000 -0.760
303  0.000 -0.000 -0.760
304  0.000  0.011 -0.760
305  0.000  0.011 -0.760
306  0.000  0.007 -0.760
307  0.000  0.007 -0.760
308  0.000  0.026 -0.760
309  0.000  0.026 -0.760
310  0.000 -0.0010 -0.760
311  0.000 -0.0010 -0.760
312  0.000  0.007 -0.760
313  0.000  0.007 -0.760
314  0.000 -0.016 -0.760
315  0.000 -0.016 -0.760
316  0.000 -0.003 -0.760
317  0.000 -0.003 -0.760
318  0.000  0.018 -0.760
319  0.000  0.018 -0.760
320  0.000 -0.000 -0.760
321  0.000 -0.000 -0.760
322  0.000  0.016 -0.760
323  0.000  0.016 -0.760
324  0.000  0.015 -0.760
325  0.000  0.015 -0.760
326  0.000  0.001 -0.760
327  10.372  0.001 -0.760
328  10.372 -0.011 -0.760
329  10.372 -0.011 -0.760
330  10.372  0.174 -0.759
331  10.372  0.174 -0.759
332  10.372  1.474 -0.753
333  10.372  1.474 -0.753
334  10.372  3.051 -0.734
335  10.372  3.051 -0.734
336  10.372  3.854 -0.707
337  10.372  3.854 -0.707
338  10.372  4.624 -0.673
339  10.372  4.624 -0.673
340  10.372  4.903 -0.635
341  10.372  4.903 -0.635
342  10.372  4.861 -0.596
343  10.372  4.861 -0.596
344  10.372  4.618 -0.558
345  10.372  4.618 -0.558
346  10.372  4.387 -0.522
347  10.372  4.387 -0.522
348  10.372  4.281 -0.487
349  10.372  4.281 -0.487
350  10.372  4.301 -0.453
351  10.372  4.301 -0.453
352  10.372  4.294 -0.418
353  10.372  4.294 -0.418
354  10.372  4.360 -0.384
355  10.372  4.360 -0.384
356  10.372  4.447 -0.349
357  10.372  4.447 -0.349
358  10.372  4.561 -0.312
359  10.372  4.561 -0.312
360  10.372  4.769 -0.275
361  10.372  4.769 -0.275
362  10.372  4.613 -0.238
363  10.372  4.613 -0.238
364  10.372  4.507 -0.201
365  10.372  4.507 -0.201
366  10.372  4.333 -0.166
367  10.372  4.333 -0.166
368  10.372  4.306 -0.131
369  10.372  4.306 -0.131
370  10.372  4.448 -0.096
371  10.372  4.448 -0.096
372  10.372  4.567 -0.060
373  10.372  4.567 -0.060
374  10.372  4.556 -0.024
375  10.372  4.556 -0.024
376  10.372  4.537  0.012
377  10.372  4.537  0.012
378  10.372  4.293  0.047
379  10.372  4.293  0.047
380  10.372  4.263  0.081
381  10.372  4.263  0.081
382  10.372  4.340  0.116
383  10.372  4.340  0.116
384  10.372  4.385  0.150
385  10.372  4.385  0.150
386  10.372  4.453  0.186
387  10.372  4.453  0.186
388  10.372  4.464  0.221
389  10.372  4.464  0.221
390  10.372  4.358  0.257
391  10.372  4.358  0.257
392  10.372  4.330  0.292
393  10.372  4.330  0.292
394  10.372  4.413  0.327
395  10.372  4.413  0.327
396  10.372  4.423  0.362
397  10.372  4.423  0.362
398  10.372  4.500  0.398
399  10.372  4.500  0.398
400  10.372  4.412  0.433
401  10.372  4.412  0.433
402  10.372  4.403  0.468
403  10.372  4.403  0.468
404  10.372  4.401  0.504
405  10.372  4.401  0.504
406  10.372  4.299  0.538
407  10.372  4.299  0.538
408  10.372  4.301  0.573
409  10.372  4.301  0.573
410  10.372  4.394  0.608
411  10.372  4.394  0.608
412  10.372  4.405  0.643
413  10.372  4.405  0.643
414  10.372  4.604  0.679
415  10.372  4.604  0.679
416  0.000  4.511  0.715
417  0.000  4.511  0.715
418  0.000  4.357  0.751
419  0.000  4.357  0.751
420  0.000  3.751  0.783
421  0.000  3.751  0.783
422  0.000  2.102  0.807
423  0.000  2.102  0.807
424  0.000  0.792  0.818
425  0.000  0.792  0.818
426  0.000 -0.234  0.821
427  0.000 -0.234  0.821
428  0.000 -0.940  0.816
429  0.000 -0.940  0.816
430  0.000 -1.048  0.808
431  0.000 -1.048  0.808
432  0.000 -0.613  0.801
433  0.000 -0.613  0.801
434  0.000 -0.062  0.799
435  0.000 -0.062  0.799
436  0.000  0.416  0.800
437  0.000  0.416  0.800
438  0.000  0.443  0.803
439  0.000  0.443  0.803
440  0.000  0.344  0.807
441  0.000  0.344  0.807
442  0.000 -0.004  0.808
443  0.000 -0.004  0.808
444  0.000 -0.043  0.808
445  0.000 -0.043  0.808
446  0.000 -0.019  0.807
447  0.000 -0.019  0.807
448  0.000 -0.045  0.807
449  0.000 -0.045  0.807
450  0.000 -0.028  0.807
451  0.000 -0.028  0.807
452  0.000 -0.017  0.807
453  0.000 -0.017  0.807
454  0.000 -0.0010  0.806
455  0.000 -0.0010  0.806
456  0.000  0.0010  0.806
457  0.000  0.0010  0.806
458  0.000  0.008  0.807
459  0.000  0.008  0.807
460  0.000 -0.015  0.806
461  0.000 -0.015  0.806
462  0.000 -0.043  0.806
463  0.000 -0.043  0.806
464  0.000 -0.013  0.806
465  0.000 -0.013  0.806
466  0.000  0.005  0.806
467  0.000  0.005  0.806
468  0.000 -0.016  0.806
469  0.000 -0.016  0.806
470  0.000  0.015  0.806
471  0.000  0.015  0.806
472  0.000 -0.008  0.806
473  0.000 -0.008  0.806
474  0.000 -0.003  0.806
475  0.000 -0.003  0.806
476  0.000 -0.033  0.806
477  0.000 -0.033  0.806
478  0.000  0.002  0.806
479 -12.760  0.002  0.806
480 -12.760 -0.013  0.806
481 -12.760 -0.013  0.806
482 -12.760 -0.298  0.804
483 -12.760 -0.298  0.804
484 -12.760 -1.738  0.796
485 -12.760 -1.738  0.796
486 -12.760 -3.162  0.777
487 -12.760 -3.162  0.777
488 -12.760 -4.297  0.747
489 -12.760 -4.297  0.747
490 -12.760 -4.744  0.711
491 -12.760 -4.744  0.711
492 -12.760 -5.474  0.670
493 -12.760 -5.474  0.670
494 -12.760 -5.697  0.625
495 -12.760 -5.697  0.625
496 -12.760 -5.768  0.579
497 -12.760 -5.768  0.579
498 -12.760 -5.690  0.533
499 -12.760 -5.690  0.533
500 -12.760 -5.544  0.488
501 -12.760 -5.544  0.488
502 -12.760 -5.259  0.445
503 -12.760 -5.259  0.445
504 -12.760 -5.144  0.404
505 -12.760 -5.144  0.404
506 -12.760 -5.099  0.363
507 -12.760 -5.099  0.363
508 -12.760 -5.338  0.321
509 -12.760 -5.338  0.321
510 -12.760 -5.331  0.278
511 -12.760 -5.331  0.278
512 -12.760 -5.479  0.235
513 -12.760 -5.479  0.235
514 -12.760 -5.492  0.191
515 -12.760 -5.492  0.191
516 -12.760 -5.528  0.147
517 -12.760 -5.528  0.147
518 -12.760 -5.490  0.103
519 -12.760 -5.490  0.103
520 -12.760 -5.378  0.059
521 -12.760 -5.378  0.059
522 -12.760 -5.395  0.016
523 -12.760 -5.395  0.016
524 -12.760 -5.388 -0.026
525 -12.760 -5.388 -0.026
526 -12.760 -5.538 -0.070
527 -12.760 -5.538 -0.070
528 -12.760 -5.507 -0.114
529 -12.760 -5.507 -0.114
530 -12.760 -5.447 -0.158
531 -12.760 -5.447 -0.158
532 -12.760 -5.278 -0.200
533 -12.760 -5.278 -0.200
534 -12.760 -5.481 -0.244
535 -12.760 -5.481 -0.244
536 -12.760 -5.576 -0.288
537 -12.760 -5.576 -0.288
538 -12.760 -5.627 -0.333
539 -12.760 -5.627 -0.333
540 -12.760 -5.481 -0.377
541 -12.760 -5.481 -0.377
542 -12.760 -5.474 -0.421
543 -12.760 -5.474 -0.421
544 -12.760 -5.523 -0.465
545 -12.760 -5.523 -0.465
546 -12.760 -5.425 -0.509
547 -12.760 -5.425 -0.509
548 -12.760 -5.353 -0.552
549 -12.760 -5.353 -0.552
550 -12.760 -5.218 -0.594
551 -12.760 -5.218 -0.594
552 -12.760 -5.371 -0.636
553 -12.760 -5.371 -0.636
554 -12.760 -5.400 -0.679
555 -12.760 -5.400 -0.679
556  0.000 -5.429 -0.723
557  0.000 -5.429 -0.723
558  0.000 -5.437 -0.766
559  0.000 -5.437 -0.766
560  0.000 -4.954 -0.808
561  0.000 -4.954 -0.808
562  0.000 -3.588 -0.842
563  0.000 -3.588 -0.842
564  0.000 -2.540 -0.867
565  0.000 -2.540 -0.867
566  0.000 -1.141 -0.881
567  0.000 -1.141 -0.881
568  0.000 -0.073 -0.886
569  0.000 -0.073 -0.886
570  0.000  0.768 -0.883
571  0.000  0.768 -0.883
572  0.000  1.013 -0.876
573  0.000  1.013 -0.876
574  0.000  0.886 -0.869
575  0.000  0.886 -0.869
576  0.000  0.378 -0.864
577  0.000  0.378 -0.864
578  0.000  0.008 -0.862
579  0.000  0.008 -0.862
580  0.000 -0.271 -0.863
581  0.000 -0.271 -0.863
582  0.000 -0.354 -0.866
583  0.000 -0.354 -0.866
584  0.000 -0.206 -0.868
585  0.000 -0.206 -0.868
586  0.000  0.004 -0.869
587  0.000  0.004 -0.869
588  0.000  0.036 -0.868
589  0.000  0.036 -0.868
590  0.000  0.060 -0.868
591  0.000  0.060 -0.868
592  0.000  0.056 -0.868
593  0.000  0.056 -0.868
594  0.000  0.003 -0.867
595  0.000  0.003 -0.867
596  0.000 -0.001 -0.867
597  0.000 -0.001 -0.867
598  0.000  0.003 -0.867
599  0.000  0.003 -0.867
600  0.000 -0.008 -0.867
601  0.000 -0.008 -0.867
602  0.000  0.035 -0.867
603  0.000  0.035 -0.867
604  0.000 -0.008 -0.867
605  0.000 -0.008 -0.867
606  0.000  0.043 -0.867
607  0.000  0.043 -0.867
608  0.000 -0.003 -0.867
609  0.000 -0.003 -0.867
610  0.000 -0.004 -0.867
611  0.000 -0.004 -0.867
612  0.000  0.013 -0.867
613  0.000  0.013 -0.867
614  0.000 -0.008 -0.867
615  0.000 -0.008 -0.867
616  0.000  0.042 -0.867
617  0.000  0.042 -0.867
618  0.000 -0.003 -0.866
619  14.959 -0.003 -0.866
620  14.959  0.028 -0.866
621  14.959  0.028 -0.866
622  14.959  0.200 -0.865
623  14.959  0.200 -0.865
624  14.959  1.374 -0.859
625  14.959  1.374 -0.859
626  14.959  2.668 -0.843
627  14.959  2.668 -0.843
628  14.959  3.385 -0.819
629  14.959  3.385 -0.819
630  14.959  4.772 -0.786
631  14.959  4.772 -0.786
632  14.959  5.793 -0.744
633  14.959  5.793 -0.744
634  14.959  6.201 -0.696
635  14.959  6.201 -0.696
636  14.959  6.672 -0.644
637  14.959  6.672 -0.644
638  14.959  6.787 -0.591
639  14.959  6.787 -0.591
640  14.959  6.830 -0.536
641  14.959  6.830 -0.536
642  14.959  6.637 -0.482
643  14.959  6.637 -0.482
644  14.959  6.377 -0.430
645  14.959  6.377 -0.430
646  14.959  6.352 -0.379
647  14.959  6.352 -0.379
648  14.959  6.261 -0.329
649  14.959  6.261 -0.329
650  14.959  6.283 -0.279
651  14.959  6.283 -0.279
652  14.959  6.291 -0.228
653  14.959  6.291 -0.228
654  14.959  6.535 -0.177
655  14.959  6.535 -0.177
656  14.959  6.684 -0.124
657  14.959  6.684 -0.124
658  14.959  6.599 -0.071
659  14.959  6.599 -0.071
660  14.959  6.350 -0.019
661  14.959  6.350 -0.019
662  14.959  6.293  0.030
663  14.959  6.293  0.030
664  14.959  6.258  0.081
665  14.959  6.258  0.081
666  14.959  6.228  0.131
667  14.959  6.228  0.131
668  14.959  6.119  0.180
669  14.959  6.119  0.180
670  14.959  6.263  0.230
671  14.959  6.263  0.230
672  14.959  6.413  0.280
673  14.959  6.413  0.280
674  14.959  6.459  0.332
675  14.959  6.459  0.332
676  14.959  6.449  0.383
677  14.959  6.449  0.383
678  14.959  6.341  0.435
679  14.959  6.341  0.435
680  14.959  6.336  0.485
681  14.959  6.336  0.485
682  14.959  6.277  0.536
683  14.959  6.277  0.536
684  14.959  6.330  0.586
685  14.959  6.330  0.586
686  14.959  6.291  0.637
687  14.959  6.291  0.637
688  14.959  6.318  0.687
689  14.959  6.318  0.687
690  0.000  6.367  0.738
691  0.000  6.367  0.738
692  0.000  6.513  0.789
693  0.000  6.513  0.789
694  0.000  6.002  0.839
695  0.000  6.002  0.839
696  0.000  4.476  0.881
697  0.000  4.476  0.881
698  0.000  3.143  0.912
699  0.000  3.143  0.912
700  0.000  1.549  0.931
701  0.000  1.549  0.931
702  0.000  0.440  0.939
703  0.000  0.440  0.939
704  0.000 -0.537  0.938
705  0.000 -0.537  0.938
706  0.000 -0.928  0.932
707  0.000 -0.928  0.932
708  0.000 -0.879  0.925
709  0.000 -0.879  0.925
710  0.000 -0.382  0.920
711  0.000 -0.382  0.920
712  0.000  0.059  0.919
713  0.000  0.059  0.919
714  0.000  0.161  0.920
715  0.000  0.161  0.920
716  0.000  0.103  0.921
717  0.000  0.103  0.921
718  0.000  0.030  0.921
719  0.000  0.030  0.921
720  0.000  0.024  0.921
721  0.000  0.024  0.921
722  0.000  0.032  0.922
723  0.000  0.032  0.922
724  0.000  0.004  0.922
725  0.000  0.004  0.922
726  0.000  0.008  0.922
727  0.000  0.008  0.922
728  0.000 -0.030  0.922
729  0.000 -0.030  0.922
730  0.000 -0.001  0.922
731  0.000 -0.001  0.922
732  0.000 -0.0010  0.922
733  0.000 -0.0010  0.922
734  0.000  0.023  0.922
735  0.000  0.023  0.922
736  0.000  0.0010  0.922
737  0.000  0.0010  0.922
738  0.000  0.013  0.922
739  0.000  0.013  0.922
740  0.000  0.001  0.922
741  0.000  0.001  0.922
742  0.000 -0.022  0.922
743  0.000 -0.022  0.922
744  0.000 -0.0010  0.922
745  0.000 -0.0010  0.922
746  0.000 -0.021  0.922
747  0.000 -0.021  0.922
748  0.000  0.007  0.921
749  0.000  0.007  0.921
750  0.000  0.015  0.922
751  0.000  0.015  0.922
752  0.000  0.001  0.922
753 -17.064  0.001  0.922
754 -17.064  0.015  0.922
755 -17.064  0.015  0.922
756 -17.064 -0.209  0.921
757 -17.064 -0.209  0.921
758 -17.064 -1.700  0.913
759 -17.064 -1.700  0.913
760 -17.064 -2.821  0.895
761 -17.064 -2.821  0.895
762 -17.064 -3.510  0.870
763 -17.064 -3.510  0.870
764 -17.064 -4.678  0.837
765 -17.064 -4.678  0.837
766 -17.064 -5.508  0.796
767 -17.064 -5.508  0.796
768 -17.064 -6.222  0.749
769 -17.064 -6.222  0.749
770 -17.064 -6.944  0.697
771 -17.064 -6.944  0.697
772 -17.064 -7.345  0.640
773 -17.064 -7.345  0.640
774 -17.064 -7.564  0.580
775 -17.064 -7.564  0.580
776 -17.064 -7.535  0.520
777 -17.064 -7.535  0.520
778 -17.064 -7.335  0.460
779 -17.064 -7.335  0.460
780 -17.064 -7.275  0.402
781 -17.064 -7.275  0.402
782 -17.064 -7.031  0.344
783 -17.064 -7.031  0.344
784 -17.064 -6.976  0.288
785 -17.064 -6.976  0.288
786 -17.064 -7.006  0.232
787 -17.064 -7.006  0.232
788 -17.064 -7.112  0.176
789 -17.064 -7.112  0.176
790 -17.064 -7.299  0.118
791 -17.064 -7.299  0.118
792 -17.064 -7.395  0.060
793 -17.064 -7.395  0.060
794 -17.064 -7.542  0.000
795 -17.064 -7.542  0.000
796 -17.064 -7.335 -0.059
797 -17.064 -7.335 -0.059
798 -17.064 -7.144 -0.117
799 -17.064 -7.144 -0.117
800 -17.064 -7.204 -0.174
801 -17.064 -7.204 -0.174
802 -17.064 -7.289 -0.232
803 -17.064 -7.289 -0.232
804 -17.064 -7.318 -0.291
805 -17.064 -7.318 -0.291
806 -17.064 -7.368 -0.349
807 -17.064 -7.368 -0.349
808 -17.064 -7.317 -0.408
809 -17.064 -7.317 -0.408
810 -17.064 -7.184 -0.466
811 -17.064 -7.184 -0.466
812 -17.064 -7.140 -0.523
813 -17.064 -7.140 -0.523
814 -17.064 -7.146 -0.581
815 -17.064 -7.146 -0.581
816 -17.064 -7.263 -0.638
817 -17.064 -7.263 -0.638
818 -17.064 -7.190 -0.696
819 -17.064 -7.190 -0.696
820  0.000 -7.283 -0.754
821  0.000 -7.283 -0.754
822  0.000 -7.231 -0.812
823  0.000 -7.231 -0.812
824  0.000 -6.498 -0.867
825  0.000 -6.498 -0.867
826  0.000 -5.555 -0.915
827  0.000 -5.555 -0.915
828  0.000 -4.674 -0.956
829  0.000 -4.674 -0.956
830  0.000 -3.384 -0.988
831  0.000 -3.384 -0.988
832  0.000 -2.396 -1.011
833  0.000 -2.396 -1.011
834  0.000 -1.206 -1.026
835  0.000 -1.206 -1.026
836  0.000 -0.275 -1.032
837  0.000 -0.275 -1.032
838  0.000  0.333 -1.032
839  0.000  0.333 -1.032
840  0.000  0.486 -1.028
841  0.000  0.486 -1.028
842  0.000  0.491 -1.024
843  0.000  0.491 -1.024
844  0.000  0.228 -1.021
845  0.000  0.228 -1.021
846  0.000  0.073 -1.020
847  0.000  0.073 -1.020
848  0.000 -0.020 -1.020
849  0.000 -0.020 -1.020
850  0.000 -0.036 -1.020
851  0.000 -0.036 -1.020
852  0.000 -0.048 -1.021
853  0.000 -0.048 -1.021
854  0.000  0.000 -1.021
855  0.000  0.000 -1.021
856  0.000  0.003 -1.021
857  0.000  0.003 -1.021
858  0.000 -0.002 -1.021
859  0.000 -0.002 -1.021
860  0.000 -0.013 -1.021
861  0.000 -0.013 -1.021
862  0.000 -0.028 -1.021
863  0.000 -0.028 -1.021
864  0.000 -0.011 -1.021
865  0.000 -0.011 -1.021
866  0.000  0.001 -1.021
867  0.000  0.001 -1.021
868  0.000  0.019 -1.021
869  0.000  0.019 -1.021
870  0.000 -0.006 -1.021
871  0.000 -0.006 -1.021
872  0.000  0.025 -1.021
873  0.000  0.025 -1.021
874  0.000 -0.0010 -1.021
875  0.000 -0.0010 -1.021
876  0.000 -0.024 -1.021
877  0.000 -0.024 -1.021
878  0.000 -0.018 -1.021
879  0.000 -0.018 -1.021
880  0.000  0.006 -1.021
881  0.000  0.006 -1.021
882  0.000 -0.016 -1.021
883  19.106 -0.016 -1.021
884  19.106  0.025 -1.021
885  19.106  0.025 -1.021
886  19.106  0.199 -1.020
887  19.106  0.199 -1.020
888  19.106  1.043 -1.015
889  19.106  1.043 -1.015
890  19.106  2.062 -1.003
891  19.106  2.062 -1.003
892  19.106  2.674 -0.984
893  19.106  2.674 -0.984
894  19.106  3.878 -0.958
895  19.106  3.878 -0.958
896  19.106  4.907 -0.923
897  19.106  4.907 -0.923
898  19.106  6.210 -0.878
899  19.106  6.210 -0.878
900  19.106  7.051 -0.825
901  19.106  7.051 -0.825
902  19.106  7.773 -0.766
903  19.106  7.773 -0.766
904  19.106  8.734 -0.700
905  19.106  8.734 -0.700
906  19.106  9.035 -0.629
907  19.106  9.035 -0.629
908  19.106  8.797 -0.557
909  19.106  8.797 -0.557
910  19.106  8.588 -0.488
911  19.106  8.588 -0.488
912  19.106  8.087 -0.421
913  19.106  8.087 -0.421
914  19.106  7.850 -0.357
915  19.106  7.850 -0.357
916  19.106  7.968 -0.294
917  19.106  7.968 -0.294
918  19.106  8.084 -0.230
919  19.106  8.084 -0.230
920  19.106  8.067 -0.165
921  19.106  8.067 -0.165
922  19.106  8.182 -0.0100
923  19.106  8.182 -0.0100
924  19.106  8.218 -0.035
925  19.106  8.218 -0.035
926  19.106  8.074  0.029
927  19.106  8.074  0.029
928  19.106  8.081  0.094
929  19.106  8.081  0.094
930  19.106  8.060  0.159
931  19.106  8.060  0.159
932  19.106  8.084  0.223
933  19.106  8.084  0.223
934  19.106  8.059  0.288
935  19.106  8.059  0.288
936  19.106  8.038  0.352
937  19.106  8.038  0.352
938  19.106  8.049  0.417
939  19.106  8.049  0.417
940  19.106  8.069  0.481
941  19.106  8.069  0.481
942  19.106  8.096  0.546
943  19.106  8.096  0.546
944  19.106  8.161  0.611
945  19.106  8.161  0.611
946  19.106  8.245  0.676
947  19.106  8.245  0.676
948  0.000  8.205  0.742
949  0.000  8.205  0.742
950  0.000  8.240  0.808
951  0.000  8.240  0.808
952  0.000  7.429  0.871
953  0.000  7.429  0.871
954  0.000  5.846  0.924
955  0.000  5.846  0.924
956  0.000  4.427  0.965
957  0.000  4.427  0.965
958  0.000  2.525  0.993
959  0.000  2.525  0.993
960  0.000  1.223  1.008
961  0.000  1.223  1.008
962  0.000  0.524  1.015
963  0.000  0.524  1.015
964  0.000 -0.438  1.015
965  0.000 -0.438  1.015
966  0.000 -0.876  1.0010
967  0.000 -0.876  1.0010
968  0.000 -0.815  1.003
969  0.000 -0.815  1.003
970  0.000 -0.420  0.998
971  0.000 -0.420  0.998
972  0.000  0.053  0.997
973  0.000  0.053  0.997
974  0.000  0.194  0.998
975  0.000  0.194  0.998
976  0.000  0.187  0.999
977  0.000  0.187  0.999
978  0.000  0.041  1.000
979  0.000  0.041  1.000
980  0.000  0.0010  1.000
981  0.000  0.0010  1.000
982  0.000  0.033  1.000
983  0.000  0.033  1.000
984  0.000  0.038  1.001
985  0.000  0.038  1.001
986  0.000 -0.011  1.001
987  0.000 -0.011  1.001
988  0.000 -0.007  1.001
989  0.000 -0.007  1.001
990  0.000 -0.008  1.001
991  0.000 -0.008  1.001
992  0.000 -0.016  1.000
993  0.000 -0.016  1.000
994  0.000  0.026  1.001
995  0.000  0.026  1.001
996  0.000 -0.014  1.001
997  0.000 -0.014  1.001
998  0.000 -0.006  1.000
999  0.000 -0.006  1.000
1000  0.000  0.015  1.001
1001  0.000  0.015  1.001
1002  0.000 -0.005  1.001
1003  0.000 -0.005  1.001
1004  0.000  0.013  1.001
1005  0.000  0.013  1.001
1006  0.000 -0.009  1.001
1007  0.000 -0.009  1.001
1008  0.000  0.006  1.001
1009  0.000  0.006  1.001
1010  0.000 -0.035  1.000
1011 -21.116 -0.035  1.000
1012 -21.116 -0.002  1.000
1013 -21.116 -0.002  1.000
1014 -21.116 -0.345  0.999
1015 -21.116 -0.345  0.999
1016 -21.116 -1.835  0.990
1017 -21.116 -1.835  0.990
1018 -21.116 -2.726  0.972
1019 -21.116 -2.726  0.972
1020 -21.116 -3.238  0.948
1021 -21.116 -3.238  0.948
1022 -21.116 -4.169  0.918
1023 -21.116 -4.169  0.918
1024 -21.116 -5.415  0.880
1025 -21.116 -5.415  0.880
1026 -21.116 -6.195  0.834
1027 -21.116 -6.195  0.834
1028 -21.116 -7.256  0.780
1029 -21.116 -7.256  0.780
1030 -21.116 -7.955  0.719
1031 -21.116 -7.955  0.719
1032 -21.116 -8.645  0.653
1033 -21.116 -8.645  0.653
1034 -21.116 -8.980  0.582
1035 -21.116 -8.980  0.582
1036 -21.116 -9.102  0.510
1037 -21.116 -9.102  0.510
1038 -21.116 -9.178  0.437
1039 -21.116 -9.178  0.437
1040 -21.116 -9.088  0.364
1041 -21.116 -9.088  0.364
1042 -21.116 -8.886  0.292
1043 -21.116 -8.886  0.292
1044 -21.116 -8.898  0.220
1045 -21.116 -8.898  0.220
1046 -21.116 -8.842  0.150
1047 -21.116 -8.842  0.150
1048 -21.116 -8.816  0.079
1049 -21.116 -8.816  0.079
1050 -21.116 -9.023  0.008
1051 -21.116 -9.023  0.008
1052 -21.116 -9.034 -0.064
1053 -21.116 -9.034 -0.064
1054 -21.116 -9.032 -0.136
1055 -21.116 -9.032 -0.136
1056 -21.116 -9.071 -0.208
1057 -21.116 -9.071 -0.208
1058 -21.116 -9.015 -0.281
1059 -21.116 -9.015 -0.281
1060 -21.116 -8.987 -0.353
1061 -21.116 -8.987 -0.353
1062 -21.116 -8.899 -0.424
1063 -21.116 -8.899 -0.424
1064 -21.116 -8.720 -0.495
1065 -21.116 -8.720 -0.495
1066 -21.116 -8.860 -0.565
1067 -21.116 -8.860 -0.565
1068 -21.116 -8.937 -0.636
1069 -21.116 -8.937 -0.636
1070  0.000 -8.982 -0.708
1071  0.000 -8.982 -0.708
1072  0.000 -8.921 -0.780
1073  0.000 -8.921 -0.780
1074  0.000 -8.093 -0.848
1075  0.000 -8.093 -0.848
1076  0.000 -7.090 -0.908
1077  0.000 -7.090 -0.908
1078  0.000 -5.761 -0.959
1079  0.000 -5.761 -0.959
1080  0.000 -4.733 -1.001
1081  0.000 -4.733 -1.001
1082  0.000 -3.682 -1.035
1083  0.000 -3.682 -1.035
1084  0.000 -2.383 -1.059
1085  0.000 -2.383 -1.059
1086  0.000 -1.342 -1.074
1087  0.000 -1.342 -1.074
1088  0.000 -0.233 -1.080
1089  0.000 -0.233 -1.080
1090  0.000  0.317 -1.080
1091  0.000  0.317 -1.080
1092  0.000  0.619 -1.076
1093  0.000  0.619 -1.076
1094  0.000  0.545 -1.072
1095  0.000  0.545 -1.072
1096  0.000  0.336 -1.068
1097  0.000  0.336 -1.068
1098  0.000  0.023 -1.067
1099  0.000  0.023 -1.067
1100  0.000 -0.020 -1.067
1101  0.000 -0.020 -1.067
1102  0.000 -0.007 -1.067
1103  0.000 -0.007 -1.067
1104  0.000  0.001 -1.067
1105  0.000  0.001 -1.067
1106  0.000  0.013 -1.067
1107  0.000  0.013 -1.067
1108  0.000 -0.013 -1.067
1109  0.000 -0.013 -1.067
1110  0.000 -0.016 -1.067
1111  0.000 -0.016 -1.067
1112  0.000 -0.023 -1.067
1113  0.000 -0.023 -1.067
1114  0.000  0.041 -1.067
1115  0.000  0.041 -1.067
1116  0.000 -0.030 -1.067
1117  0.000 -0.030 -1.067
1118  0.000 -0.000 -1.067
1119  0.000 -0.000 -1.067
1120  0.000  0.008 -1.067
1121  0.000  0.008 -1.067
1122  0.000  0.014 -1.067
1123  0.000  0.014 -1.067
1124  0.000  0.008 -1.067
1125  0.000  0.008 -1.067
1126  0.000  0.008 -1.067
1127  0.000  0.008 -1.067
1128  0.000 -0.003 -1.067
1129  0.000 -0.003 -1.067
1130  0.000 -0.018 -1.067
1131  0.000 -0.018 -1.067
1132  0.000  0.003 -1.067
1133  23.033  0.003 -1.067
1134  23.033  0.000 -1.067
1135  23.033  0.000 -1.067
1136  23.033  0.172 -1.066
1137  23.033  0.172 -1.066
1138  23.033  1.475 -1.061
1139  23.033  1.475 -1.061
1140  23.033  2.106 -1.047
1141  23.033  2.106 -1.047
1142  23.033  2.636 -1.028
1143  23.033  2.636 -1.028
1144  23.033  4.049 -1.001
1145  23.033  4.049 -1.001
1146  23.033  5.121 -0.964
1147  23.033  5.121 -0.964
1148  23.033  6.358 -0.918
1149  23.033  6.358 -0.918
1150  23.033  7.740 -0.862
1151  23.033  7.740 -0.862
1152  23.033  9.825 -0.792
1153  23.033  9.825 -0.792
1154  23.033  10.824 -0.709
1155  23.033  10.824 -0.709
1156  23.033  11.158 -0.621
1157  23.033  11.158 -0.621
1158  23.033  10.876 -0.533
1159  23.033  10.876 -0.533
1160  23.033  10.312 -0.448
1161  23.033  10.312 -0.448
1162  23.033  9.802 -0.368
1163  23.033  9.802 -0.368
1164  23.033  9.425 -0.291
1165  23.033  9.425 -0.291
1166  23.033  9.462 -0.215
1167  23.033  9.462 -0.215
1168  23.033  9.494 -0.139
1169  23.033  9.494 -0.139
1170  23.033  9.543 -0.063
1171  23.033  9.543 -0.063
1172  23.033  9.783  0.013
1173  23.033  9.783  0.013
1174  23.033  9.874  0.092
1175  23.033  9.874  0.092
1176  23.033  9.899  0.171
1177  23.033  9.899  0.171
1178  23.033  9.817  0.250
1179  23.033  9.817  0.250
1180  23.033  9.759  0.328
1181  23.033  9.759  0.328
1182  23.033  9.626  0.406
1183  23.033  9.626  0.406
1184  23.033  9.690  0.483
1185  23.033  9.690  0.483
1186  23.033  9.793  0.561
1187  23.033  9.793  0.561
1188  23.033  9.824  0.639
1189  23.033  9.824  0.639
1190  0.000  9.942  0.718
1191  0.000  9.942  0.718
1192  0.000  9.853  0.797
1193  0.000  9.853  0.797
1194  0.000  8.835  0.872
1195  0.000  8.835  0.872
1196  0.000  7.268  0.937
1197  0.000  7.268  0.937
1198  0.000  5.667  0.988
1199  0.000  5.667  0.988
1200  0.000  3.482  1.025
1201  0.000  3.482  1.025
1202  0.000  1.919  1.047
1203  0.000  1.919  1.047
1204  0.000  0.401  1.056
1205  0.000  0.401  1.056
1206  0.000 -0.233  1.057
1207  0.000 -0.233  1.057
1208  0.000 -0.549  1.053
1209  0.000 -0.549  1.053
1210  0.000 -0.517  1.049
1211  0.000 -0.517  1.049
1212  0.000 -0.300  1.046
1213  0.000 -0.300  1.046
1214  0.000  0.000  1.044
1215  0.000  0.000  1.044
1216  0.000  0.142  1.045
1217  0.000  0.142  1.045
1218  0.000  0.179  1.046
1219  0.000  0.179  1.046
1220  0.000  0.121  1.047
1221  0.000  0.121  1.047
1222  0.000 -0.063  1.048
1223  0.000 -0.063  1.048
1224  0.000 -0.117  1.047
1225  0.000 -0.117  1.047
1226  0.000 -0.109  1.046
1227  0.000 -0.109  1.046
1228  0.000 -0.015  1.045
1229  0.000 -0.015  1.045
1230  0.000 -0.008  1.045
1231  0.000 -0.008  1.045
1232  0.000  0.035  1.045
1233  0.000  0.035  1.045
1234  0.000  0.028  1.046
1235  0.000  0.028  1.046
1236  0.000  0.045  1.046
1237  0.000  0.045  1.046
1238  0.000  0.043  1.046
1239  0.000  0.043  1.046
1240  0.000 -0.018  1.046
1241  0.000 -0.018  1.046
1242  0.000  0.011  1.046
1243  0.000  0.011  1.046
1244  0.000 -0.032  1.046
1245  0.000 -0.032  1.046
1246  0.000 -0.015  1.046
1247  0.000 -0.015  1.046
1248  0.000  0.020  1.046
1249  0.000  0.020  1.046
1250  0.000  0.003  1.046
1251  0.000  0.003  1.046
1252  0.000 -0.018  1.046
1253 -24.918 -0.018  1.046
1254 -24.918  0.008  1.046
1255 -24.918  0.008  1.046
1256 -24.918 -0.250  1.045
1257 -24.918 -0.250  1.045
1258 -24.918 -2.204  1.035
1259 -24.918 -2.204  1.035
1260 -24.918 -3.320  1.013
1261 -24.918 -3.320  1.013
1262 -24.918 -4.121  0.984
1263 -24.918 -4.121  0.984
1264 -24.918 -5.533  0.945
1265 -24.918 -5.533  0.945
1266 -24.918 -6.520  0.897
1267 -24.918 -6.520  0.897
1268 -24.918 -7.427  0.841
1269 -24.918 -7.427  0.841
1270 -24.918 -8.045  0.779
1271 -24.918 -8.045  0.779
1272 -24.918 -8.854  0.711
1273 -24.918 -8.854  0.711
1274 -24.918 -9.532  0.638
1275 -24.918 -9.532  0.638
1276 -24.918 -9.924  0.560
1277 -24.918 -9.924  0.560
1278 -24.918 -10.497  0.478
1279 -24.918 -10.497  0.478
1280 -24.918 -10.779  0.393
1281 -24.918 -10.779  0.393
1282 -24.918 -10.784  0.307
1283 -24.918 -10.784  0.307
1284 -24.918 -10.747  0.221
1285 -24.918 -10.747  0.221
1286 -24.918 -10.555  0.136
1287 -24.918 -10.555  0.136
1288 -24.918 -10.549  0.051
1289 -24.918 -10.549  0.051
1290 -24.918 -10.502 -0.032
1291 -24.918 -10.502 -0.032
1292 -24.918 -10.500 -0.116
1293 -24.918 -10.500 -0.116
1294 -24.918 -10.516 -0.200
1295 -24.918 -10.516 -0.200
1296 -24.918 -10.507 -0.284
1297 -24.918 -10.507 -0.284
1298 -24.918 -10.489 -0.368
1299 -24.918 -10.489 -0.368
1300 -24.918 -10.460 -0.452
1301 -24.918 -10.460 -0.452
1302 -24.918 -10.509 -0.536
1303 -24.918 -10.509 -0.536
1304 -24.918 -10.490 -0.620
1305 -24.918 -10.490 -0.620
1306  0.000 -10.586 -0.704
1307  0.000 -10.586 -0.704
1308  0.000 -10.492 -0.788
1309  0.000 -10.492 -0.788
1310  0.000 -9.442 -0.868
1311  0.000 -9.442 -0.868
1312  0.000 -8.055 -0.938
1313  0.000 -8.055 -0.938
1314  0.000 -5.777 -0.994
1315  0.000 -5.777 -0.994
1316  0.000 -4.340 -1.034
1317  0.000 -4.340 -1.034
1318  0.000 -3.128 -1.064
1319  0.000 -3.128 -1.064
1320  0.000 -1.789 -1.084
1321  0.000 -1.789 -1.084
1322  0.000 -0.963 -1.095
1323  0.000 -0.963 -1.095
1324  0.000 -0.255 -1.099
1325  0.000 -0.255 -1.099
1326  0.000  0.050 -1.0100
1327  0.000  0.050 -1.0100
1328  0.000  0.120 -1.0100
1329  0.000  0.120 -1.0100
1330  0.000  0.137 -1.099
1331  0.000  0.137 -1.099
1332  0.000  0.112 -1.098
1333  0.000  0.112 -1.098
1334  0.000  0.113 -1.097
1335  0.000  0.113 -1.097
1336  0.000  0.075 -1.096
1337  0.000  0.075 -1.096
1338  0.000  0.005 -1.096
1339  0.000  0.005 -1.096
1340  0.000 -0.020 -1.096
1341  0.000 -0.020 -1.096
1342  0.000 -0.026 -1.096
1343  0.000 -0.026 -1.096
1344  0.000 -0.028 -1.096
1345  0.000 -0.028 -1.096
1346  0.000 -0.020 -1.096
1347  0.000 -0.020 -1.096
1348  0.000 -0.005 -1.096
1349  0.000 -0.005 -1.096
1350  0.000  0.030 -1.096
1351  0.000  0.030 -1.096
1352  0.000  0.008 -1.096
1353  0.000  0.008 -1.096
1354  0.000 -0.009 -1.096
1355  0.000 -0.009 -1.096
1356  0.000 -0.013 -1.096
1357  0.000 -0.013 -1.096
1358  0.000 -0.001 -1.096
1359  0.000 -0.001 -1.096
1360  0.000  0.003 -1.096
1361  0.000  0.003 -1.096
1362  0.000  0.016 -1.096
1363  0.000  0.016 -1.096
1364  0.000  0.013 -1.096
1365  0.000  0.013 -1.096
1366  0.000 -0.018 -1.096
1367  0.000 -0.018 -1.096
1368  0.000  0.000 -1.096
1369  26.740  0.000 -1.096
1370  26.740  0.005 -1.096
1371  26.740  0.005 -1.096
1372  26.740  0.224 -1.095
1373  26.740  0.224 -1.095
1374  26.740  1.802 -1.087
1375  26.740  1.802 -1.087
1376  26.740  2.608 -1.069
1377  26.740  2.608 -1.069
1378  26.740  3.362 -1.045
1379  26.740  3.362 -1.045
1380  26.740  5.135 -1.011
1381  26.740  5.135 -1.011
1382  26.740  6.340 -0.966
1383  26.740  6.340 -0.966
1384  26.740  7.938 -0.908
1385  26.740  7.938 -0.908
1386  26.740  9.377 -0.839
1387  26.740  9.377 -0.839
1388  26.740  11.200 -0.757
1389  26.740  11.200 -0.757
1390  26.740  12.029 -0.664
1391  26.740  12.029 -0.664
1392  26.740  12.278 -0.567
1393  26.740  12.278 -0.567
1394  26.740  12.0100 -0.469
1395  26.740  12.0100 -0.469
1396  26.740  11.774 -0.374
1397  26.740  11.774 -0.374
1398  26.740  11.292 -0.281
1399  26.740  11.292 -0.281
1400  26.740  11.125 -0.192
1401  26.740  11.125 -0.192
1402  26.740  11.089 -0.103
1403  26.740  11.089 -0.103
1404  26.740  11.269 -0.013
1405  26.740  11.269 -0.013
1406  26.740  11.345  0.076
1407  26.740  11.345  0.076
1408  26.740  11.445  0.167
1409  26.740  11.445  0.167
1410  26.740  11.398  0.259
1411  26.740  11.398  0.259
1412  26.740  11.283  0.349
1413  26.740  11.283  0.349
1414  26.740  11.318  0.440
1415  26.740  11.318  0.440
1416  26.740  11.378  0.530
1417  26.740  11.378  0.530
1418  26.740  11.451  0.622
1419  26.740  11.451  0.622
1420  0.000  11.410  0.713
1421  0.000  11.410  0.713
1422  0.000  11.419  0.805
1423  0.000  11.419  0.805
1424  0.000  10.640  0.893
1425  0.000  10.640  0.893
1426  0.000  8.567  0.970
1427  0.000  8.567  0.970
1428  0.000  6.945  1.032
1429  0.000  6.945  1.032
1430  0.000  5.087  1.080
1431  0.000  5.087  1.080
1432  0.000  3.529  1.114
1433  0.000  3.529  1.114
1434  0.000  1.970  1.136
1435  0.000  1.970  1.136
1436  0.000  1.065  1.149
1437  0.000  1.065  1.149
1438  0.000  0.499  1.155
1439  0.000  0.499  1.155
1440  0.000  0.046  1.157
1441  0.000  0.046  1.157
1442  0.000  0.018  1.157
1443  0.000  0.018  1.157
1444  0.000  0.095  1.158
1445  0.000  0.095  1.158
1446  0.000  0.077  1.158
1447  0.000  0.077  1.158
1448  0.000 -0.050  1.159
1449  0.000 -0.050  1.159
1450  0.000 -0.194  1.158
1451  0.000 -0.194  1.158
1452  0.000 -0.256  1.156
1453  0.000 -0.256  1.156
1454  0.000 -0.218  1.154
1455  0.000 -0.218  1.154
1456  0.000 -0.118  1.153
1457  0.000 -0.118  1.153
1458  0.000 -0.072  1.152
1459  0.000 -0.072  1.152
1460  0.000 -0.023  1.151
1461  0.000 -0.023  1.151
1462  0.000  0.092  1.152
1463  0.000  0.092  1.152
1464  0.000  0.117  1.152
1465  0.000  0.117  1.152
1466  0.000  0.075  1.153
1467  0.000  0.075  1.153
1468  0.000  0.044  1.154
1469  0.000  0.044  1.154
1470  0.000  0.023  1.154
1471  0.000  0.023  1.154
1472  0.000 -0.048  1.154
1473  0.000 -0.048  1.154
1474  0.000 -0.029  1.154
1475  0.000 -0.029  1.154
1476  0.000 -0.0010  1.153
1477  0.000 -0.0010  1.153
1478  0.000  0.015  1.153
1479  0.000  0.015  1.153
1480  0.000 -0.001  1.154
1481  0.000 -0.001  1.154
1482  0.000  0.033  1.154
1483 -28.530  0.033  1.154
1484 -28.530  0.011  1.154
1485 -28.530  0.011  1.154
1486 -28.530 -0.396  1.152
1487 -28.530 -0.396  1.152
1488 -28.530 -2.441  1.141
1489 -28.530 -2.441  1.141
1490 -28.530 -3.452  1.117
1491 -28.530 -3.452  1.117
1492 -28.530 -4.020  1.087
1493 -28.530 -4.020  1.087
1494 -28.530 -5.386  1.050
1495 -28.530 -5.386  1.050
1496 -28.530 -6.313  1.003
1497 -28.530 -6.313  1.003
1498 -28.530 -6.879  0.950
1499 -28.530 -6.879  0.950
1500 -28.530 -7.919  0.891
1501 -28.530 -7.919  0.891
1502 -28.530 -9.037  0.823
1503 -28.530 -9.037  0.823
1504 -28.530 -10.045  0.747
1505 -28.530 -10.045  0.747
1506 -28.530 -10.633  0.664
1507 -28.530 -10.633  0.664
1508 -28.530 -11.531  0.576
1509 -28.530 -11.531  0.576
1510 -28.530 -11.949  0.482
1511 -28.530 -11.949  0.482
1512 -28.530 -12.221  0.385
1513 -28.530 -12.221  0.385
1514 -28.530 -12.352  0.287
1515 -28.530 -12.352  0.287
1516 -28.530 -12.427  0.187
1517 -28.530 -12.427  0.187
1518 -28.530 -12.198  0.089
1519 -28.530 -12.198  0.089
1520 -28.530 -12.041 -0.007
1521 -28.530 -12.041 -0.007
1522 -28.530 -11.934 -0.103
1523 -28.530 -11.934 -0.103
1524 -28.530 -11.904 -0.198
1525 -28.530 -11.904 -0.198
1526 -28.530 -11.870 -0.293
1527 -28.530 -11.870 -0.293
1528 -28.530 -11.915 -0.388
1529 -28.530 -11.915 -0.388
1530 -28.530 -11.986 -0.484
1531 -28.530 -11.986 -0.484
1532 -28.530 -11.965 -0.580
1533 -28.530 -11.965 -0.580
1534 -28.530 -11.928 -0.675
1535 -28.530 -11.928 -0.675
1536  0.000 -11.843 -0.771
1537  0.000 -11.843 -0.771
1538  0.000 -11.892 -0.866
1539  0.000 -11.892 -0.866
1540  0.000 -11.169 -0.958
1541  0.000 -11.169 -0.958
1542  0.000 -8.864 -1.038
1543  0.000 -8.864 -1.038
1544  0.000 -7.301 -1.103
1545  0.000 -7.301 -1.103
1546  0.000 -5.600 -1.154
1547  0.000 -5.600 -1.154
1548  0.000 -4.138 -1.193
1549  0.000 -4.138 -1.193
1550  0.000 -2.290 -1.219
1551  0.000 -2.290 -1.219
1552  0.000 -1.210 -1.233
1553  0.000 -1.210 -1.233
1554  0.000 -0.432 -1.240
1555  0.000 -0.432 -1.240
1556  0.000 -0.251 -1.243
1557  0.000 -0.251 -1.243
1558  0.000 -0.216 -1.245
1559  0.000 -0.216 -1.245
1560  0.000 -0.133 -1.246
1561  0.000 -0.133 -1.246
1562  0.000 -0.065 -1.247
1563  0.000 -0.065 -1.247
1564  0.000  0.025 -1.247
1565  0.000  0.025 -1.247
1566  0.000  0.046 -1.247
1567  0.000  0.046 -1.247
1568  0.000 -0.001 -1.247
1569  0.000 -0.001 -1.247
1570  0.000  0.003 -1.247
1571  0.000  0.003 -1.247
1572  0.000 -0.027 -1.247
1573  0.000 -0.027 -1.247
1574  0.000 -0.026 -1.247
1575  0.000 -0.026 -1.247
1576  0.000  0.005 -1.247
1577  0.000  0.005 -1.247
1578  0.000  0.0010 -1.247
1579  0.000  0.0010 -1.247
1580  0.000 -0.005 -1.247
1581  0.000 -0.005 -1.247
1582  0.000  0.009 -1.247
1583  0.000  0.009 -1.247
1584  0.000  0.033 -1.247
1585  0.000  0.033 -1.247
1586  0.000  0.0010 -1.247
1587  0.000  0.0010 -1.247
1588  0.000  0.009 -1.246
1589  0.000  0.009 -1.246
1590  0.000 -0.020 -1.246
1591  0.000 -0.020 -1.246
1592  0.000 -0.023 -1.247
1593  0.000 -0.023 -1.247
1594  0.000 -0.014 -1.247
1595  0.000 -0.014 -1.247
1596  0.000  0.020 -1.247
1597  0.000  0.020 -1.247
1598  0.000  0.003 -1.247
1599  30.353  0.003 -1.247
1600  30.353  0.008 -1.247
1601  30.353  0.008 -1.247
1602  30.353  0.358 -1.245
1603  30.353  0.358 -1.245
1604  30.353  1.778 -1.237
1605  30.353  1.778 -1.237
1606  30.353  3.062 -1.217
1607  30.353  3.062 -1.217
1608  30.353  3.791 -1.190
1609  30.353  3.791 -1.190
1610  30.353  5.232 -1.154
1611  30.353  5.232 -1.154
1612  30.353  6.308 -1.108
1613  30.353  6.308 -1.108
1614  30.353  7.140 -1.054
1615  30.353  7.140 -1.054
1616  30.353  8.694 -0.990
1617  30.353  8.694 -0.990
1618  30.353  10.192 -0.915
1619  30.353  10.192 -0.915
1620  30.353  11.820 -0.827
1621  30.353  11.820 -0.827
1622  30.353  12.844 -0.728
1623  30.353  12.844 -0.728
1624  30.353  13.243 -0.624
1625  30.353  13.243 -0.624
1626  30.353  13.133 -0.518
1627  30.353  13.133 -0.518
1628  30.353  12.857 -0.414
1629  30.353  12.857 -0.414
1630  30.353  12.674 -0.312
1631  30.353  12.674 -0.312
1632  30.353  12.595 -0.211
1633  30.353  12.595 -0.211
1634  30.353  12.541 -0.110
1635  30.353  12.541 -0.110
1636  30.353  12.658 -0.009
1637  30.353  12.658 -0.009
1638  30.353  12.733  0.091
1639  30.353  12.733  0.091
1640  30.353  12.686  0.193
1641  30.353  12.686  0.193
1642  30.353  12.687  0.294
1643  30.353  12.687  0.294
1644  30.353  12.691  0.396
1645  30.353  12.691  0.396
1646  30.353  12.583  0.497
1647  30.353  12.583  0.497
1648  30.353  12.596  0.598
1649  30.353  12.596  0.598
1650  0.000  12.491  0.698
1651  0.000  12.491  0.698
1652  0.000  12.273  0.797
1653  0.000  12.273  0.797
1654  0.000  11.207  0.891
1655  0.000  11.207  0.891
1656  0.000  9.205  0.973
1657  0.000  9.205  0.973
1658  0.000  7.652  1.040
1659  0.000  7.652  1.040
1660  0.000  6.069  1.095
1661  0.000  6.069  1.095
1662  0.000  3.946  1.135
1663  0.000  3.946  1.135
1664  0.000  2.455  1.161
1665  0.000  2.455  1.161
1666  0.000  0.565  1.173
1667  0.000  0.565  1.173
1668  0.000 -0.302  1.174
1669  0.000 -0.302  1.174
1670  0.000 -1.033  1.168
1671  0.000 -1.033  1.168
1672  0.000 -1.168  1.160
1673  0.000 -1.168  1.160
1674  0.000 -0.829  1.152
1675  0.000 -0.829  1.152
1676  0.000 -0.122  1.148
1677  0.000 -0.122  1.148
1678  0.000  0.296  1.149
1679  0.000  0.296  1.149
1680  0.000  0.417  1.151
1681  0.000  0.417  1.151
1682  0.000  0.214  1.154
1683  0.000  0.214  1.154
1684  0.000 -0.064  1.155
1685  0.000 -0.064  1.155
1686  0.000 -0.113  1.154
1687  0.000 -0.113  1.154
1688  0.000 -0.030  1.153
1689  0.000 -0.030  1.153
1690  0.000  0.036  1.153
1691  0.000  0.036  1.153
1692  0.000  0.020  1.154
1693  0.000  0.020  1.154
1694  0.000  0.0010  1.154
1695  0.000  0.0010  1.154
1696  0.000  0.012  1.154
1697  0.000  0.012  1.154
1698  0.000  0.023  1.154
1699  0.000  0.023  1.154
1700  0.000  0.020  1.154
1701  0.000  0.020  1.154
1702  0.000  0.000  1.154
1703  0.000  0.000  1.154
1704  0.000 -0.001  1.154
1705  0.000 -0.001  1.154
1706  0.000  0.007  1.154
1707  0.000  0.007  1.154
1708  0.000 -0.000  1.154
1709  0.000 -0.000  1.154
1710  0.000 -0.002  1.154
1711  0.000 -0.002  1.154
1712  0.000 -0.008  1.154
1713 -32.143 -0.008  1.154
1714 -32.143 -0.021  1.154
1715 -32.143 -0.021  1.154
1716 -32.143 -0.561  1.152
1717 -32.143 -0.561  1.152
1718 -32.143 -2.483  1.139
1719 -32.143 -2.483  1.139
1720 -32.143 -3.403  1.116
1721 -32.143 -3.403  1.116
1722 -32.143 -4.242  1.085
1723 -32.143 -4.242  1.085
1724 -32.143 -5.680  1.046
1725 -32.143 -5.680  1.046
1726 -32.143 -7.008  0.995
1727 -32.143 -7.008  0.995
1728 -32.143 -7.899  0.935
1729 -32.143 -7.899  0.935
1730 -32.143 -9.321  0.866
1731 -32.143 -9.321  0.866
1732 -32.143 -10.327  0.788
1733 -32.143 -10.327  0.788
1734 -32.143 -10.986  0.703
1735 -32.143 -10.986  0.703
1736 -32.143 -11.980  0.611
1737 -32.143 -11.980  0.611
1738 -32.143 -12.749  0.512
1739 -32.143 -12.749  0.512
1740 -32.143 -13.456  0.407
1741 -32.143 -13.456  0.407
1742 -32.143 -13.790  0.298
1743 -32.143 -13.790  0.298
1744 -32.143 -14.070  0.186
1745 -32.143 -14.070  0.186
1746 -32.143 -13.983  0.074
1747 -32.143 -13.983  0.074
1748 -32.143 -13.914 -0.036
1749 -32.143 -13.914 -0.036
1750 -32.143 -13.708 -0.147
1751 -32.143 -13.708 -0.147
1752 -32.143 -13.523 -0.256
1753 -32.143 -13.523 -0.256
1754 -32.143 -13.384 -0.363
1755 -32.143 -13.384 -0.363
1756 -32.143 -13.330 -0.470
1757 -32.143 -13.330 -0.470
1758 -32.143 -13.231 -0.576
1759 -32.143 -13.231 -0.576
1760 -32.143 -13.216 -0.682
1761 -32.143 -13.216 -0.682
1762  0.000 -13.142 -0.788
1763  0.000 -13.142 -0.788
1764  0.000 -13.288 -0.893
1765  0.000 -13.288 -0.893
1766  0.000 -12.268 -0.996
1767  0.000 -12.268 -0.996
1768  0.000 -9.200 -1.082
1769  0.000 -9.200 -1.082
1770  0.000 -6.937 -1.146
1771  0.000 -6.937 -1.146
1772  0.000 -4.408 -1.191
1773  0.000 -4.408 -1.191
1774  0.000 -2.834 -1.220
1775  0.000 -2.834 -1.220
1776  0.000 -1.410 -1.237
1777  0.000 -1.410 -1.237
1778  0.000 -0.912 -1.247
1779  0.000 -0.912 -1.247
1780  0.000 -0.584 -1.253
1781  0.000 -0.584 -1.253
1782  0.000 -0.679 -1.258
1783  0.000 -0.679 -1.258
1784  0.000 -0.798 -1.264
1785  0.000 -0.798 -1.264
1786  0.000 -0.638 -1.269
1787  0.000 -0.638 -1.269
1788  0.000 -0.324 -1.273
1789  0.000 -0.324 -1.273
1790  0.000 -0.025 -1.275
1791  0.000 -0.025 -1.275
1792  0.000  0.077 -1.274
1793  0.000  0.077 -1.274
1794  0.000  0.110 -1.274
1795  0.000  0.110 -1.274
1796  0.000  0.039 -1.273
1797  0.000  0.039 -1.273
1798  0.000 -0.002 -1.273
1799  0.000 -0.002 -1.273
1800  0.000 -0.027 -1.273
1801  0.000 -0.027 -1.273
1802  0.000 -0.009 -1.273
1803  0.000 -0.009 -1.273
1804  0.000  0.061 -1.273
1805  0.000  0.061 -1.273
1806  0.000  0.009 -1.273
1807  0.000  0.009 -1.273
1808  0.000  0.040 -1.273
1809  0.000  0.040 -1.273
1810  0.000  0.003 -1.272
1811  0.000  0.003 -1.272
1812  0.000  0.027 -1.272
1813  0.000  0.027 -1.272
1814  0.000 -0.027 -1.272
1815  0.000 -0.027 -1.272
1816  0.000  0.003 -1.272
1817  0.000  0.003 -1.272
1818  0.000  0.006 -1.272
1819  0.000  0.006 -1.272
1820  0.000  0.005 -1.272
1821  0.000  0.005 -1.272
1822  0.000  0.000 -1.272
1823  0.000  0.000 -1.272
1824  0.000 -0.006 -1.272
1825  33.903 -0.006 -1.272
1826  33.903  0.008 -1.272
1827  33.903  0.008 -1.272
1828  33.903  0.411 -1.271
1829  33.903  0.411 -1.271
1830  33.903  2.258 -1.260
1831  33.903  2.258 -1.260
1832  33.903  3.489 -1.237
1833  33.903  3.489 -1.237
1834  33.903  4.203 -1.206
1835  33.903  4.203 -1.206
1836  33.903  5.601 -1.168
1837  33.903  5.601 -1.168
1838  33.903  6.860 -1.119
1839  33.903  6.860 -1.119
1840  33.903  7.719 -1.061
1841  33.903  7.719 -1.061
1842  33.903  9.108 -0.993
1843  33.903  9.108 -0.993
1844  33.903  10.601 -0.914
1845  33.903  10.601 -0.914
1846  33.903  12.461 -0.822
1847  33.903  12.461 -0.822
1848  33.903  13.701 -0.717
1849  33.903  13.701 -0.717
1850  33.903  14.308 -0.605
1851  33.903  14.308 -0.605
1852  33.903  14.228 -0.491
1853  33.903  14.228 -0.491
1854  33.903  14.117 -0.378
1855  33.903  14.117 -0.378
1856  33.903  13.925 -0.266
1857  33.903  13.925 -0.266
1858  33.903  13.864 -0.155
1859  33.903  13.864 -0.155
1860  33.903  14.002 -0.043
1861  33.903  14.002 -0.043
1862  33.903  14.075  0.068
1863  33.903  14.075  0.068
1864  33.903  14.109  0.181
1865  33.903  14.109  0.181
1866  33.903  14.260  0.294
1867  33.903  14.260  0.294
1868  33.903  14.362  0.409
1869  33.903  14.362  0.409
1870  33.903  14.505  0.524
1871  33.903  14.505  0.524
1872  33.903  14.381  0.640
1873  33.903  14.381  0.640
1874  0.000  14.194  0.754
1875  0.000  14.194  0.754
1876  0.000  13.956  0.867
1877  0.000  13.956  0.867
1878  0.000  12.988  0.975
1879  0.000  12.988  0.975
1880  0.000  11.726  1.074
1881  0.000  11.726  1.074
1882  0.000  10.441  1.162
1883  0.000  10.441  1.162
1884  0.000  8.783  1.239
1885  0.000  8.783  1.239
1886  0.000  7.413  1.304
1887  0.000  7.413  1.304
1888  0.000  5.830  1.357
1889  0.000  5.830  1.357
1890  0.000  4.497  1.398
1891  0.000  4.497  1.398
1892  0.000  2.842  1.428
1893  0.000  2.842  1.428
1894  0.000  1.589  1.445
1895  0.000  1.589  1.445
1896  0.000  0.132  1.453
1897  0.000  0.132  1.453
1898  0.000 -0.771  1.451
1899  0.000 -0.771  1.451
1900  0.000 -1.122  1.443
1901  0.000 -1.122  1.443
1902  0.000 -1.008  1.435
1903  0.000 -1.008  1.435
1904  0.000 -0.542  1.429
1905  0.000 -0.542  1.429
1906  0.000  0.128  1.427
1907  0.000  0.128  1.427
1908  0.000  0.359  1.429
1909  0.000  0.359  1.429
1910  0.000  0.274  1.431
1911  0.000  0.274  1.431
1912  0.000  0.099  1.433
1913  0.000  0.099  1.433
1914  0.000 -0.058  1.433
1915  0.000 -0.058  1.433
1916  0.000 -0.075  1.433
1917  0.000 -0.075  1.433
1918  0.000 -0.057  1.432
1919  0.000 -0.057  1.432
1920  0.000 -0.015  1.432
1921  0.000 -0.015  1.432
1922  0.000  0.020  1.432
1923  0.000  0.020  1.432
1924  0.000  0.052  1.432
1925  0.000  0.052  1.432
1926  0.000  0.057  1.432
1927  0.000  0.057  1.432
1928  0.000  0.060  1.433
1929  0.000  0.060  1.433
1930  0.000 -0.016  1.433
1931  0.000 -0.016  1.433
1932  0.000 -0.040  1.433
1933  0.000 -0.040  1.433
1934  0.000 -0.065  1.432
1935  0.000 -0.065  1.432
1936  0.000  0.003  1.432
1937 -35.662  0.003  1.432
1938 -35.662  0.008  1.432
1939 -35.662  0.008  1.432
1940 -35.662 -0.360  1.431
1941 -35.662 -0.360  1.431
1942 -35.662 -1.803  1.422
1943 -35.662 -1.803  1.422
1944 -35.662 -3.313  1.402
1945 -35.662 -3.313  1.402
1946 -35.662 -4.276  1.371
1947 -35.662 -4.276  1.371
1948 -35.662 -5.868  1.331
1949 -35.662 -5.868  1.331
1950 -35.662 -7.222  1.278
1951 -35.662 -7.222  1.278
1952 -35.662 -8.541  1.215
1953 -35.662 -8.541  1.215
1954 -35.662 -9.752  1.142
1955 -35.662 -9.752  1.142
1956 -35.662 -10.669  1.060
1957 -35.662 -10.669  1.060
1958 -35.662 -11.956  0.970
1959 -35.662 -11.956  0.970
1960 -35.662 -12.597  0.872
1961 -35.662 -12.597  0.872
1962 -35.662 -13.510  0.767
1963 -35.662 -13.510  0.767
1964 -35.662 -14.184  0.657
1965 -35.662 -14.184  0.657
1966 -35.662 -15.022  0.540
1967 -35.662 -15.022  0.540
1968 -35.662 -15.458  0.418
1969 -35.662 -15.458  0.418
1970 -35.662 -15.586  0.294
1971 -35.662 -15.586  0.294
1972 -35.662 -15.547  0.169
1973 -35.662 -15.547  0.169
1974 -35.662 -15.366  0.046
1975 -35.662 -15.366  0.046
1976 -35.662 -15.196 -0.076
1977 -35.662 -15.196 -0.076
1978 -35.662 -15.061 -0.197
1979 -35.662 -15.061 -0.197
1980 -35.662 -14.907 -0.317
1981 -35.662 -14.907 -0.317
1982 -35.662 -14.789 -0.435
1983 -35.662 -14.789 -0.435
1984 -35.662 -14.673 -0.553
1985 -35.662 -14.673 -0.553
1986 -35.662 -14.796 -0.671
1987 -35.662 -14.796 -0.671
1988  0.000 -14.885 -0.790
1989  0.000 -14.885 -0.790
1990  0.000 -15.114 -0.910
1991  0.000 -15.114 -0.910
1992  0.000 -14.313 -1.028
1993  0.000 -14.313 -1.028
1994  0.000 -12.257 -1.134
1995  0.000 -12.257 -1.134
1996  0.000 -10.778 -1.226
1997  0.000 -10.778 -1.226
1998  0.000 -8.840 -1.304
1999  0.000 -8.840 -1.304
2000  0.000 -7.546 -1.370
2001  0.000 -7.546 -1.370
2002  0.000 -6.304 -1.425
2003  0.000 -6.304 -1.425
2004  0.000 -4.578 -1.469
2005  0.000 -4.578 -1.469
2006  0.000 -3.271 -1.500
2007  0.000 -3.271 -1.500
2008  0.000 -1.553 -1.520
2009  0.000 -1.553 -1.520
2010  0.000 -0.520 -1.528
2011  0.000 -0.520 -1.528
2012  0.000  0.495 -1.528
2013  0.000  0.495 -1.528
2014  0.000  0.963 -1.522
2015  0.000  0.963 -1.522
2016  0.000  0.991 -1.514
2017  0.000  0.991 -1.514
2018  0.000  0.590 -1.508
2019  0.000  0.590 -1.508
2020  0.000  0.255 -1.505
2021  0.000  0.255 -1.505
2022  0.000 -0.114 -1.504
2023  0.000 -0.114 -1.504
2024  0.000 -0.216 -1.505
2025  0.000 -0.216 -1.505
2026  0.000 -0.209 -1.507
2027  0.000 -0.209 -1.507
2028  0.000 -0.085 -1.508
2029  0.000 -0.085 -1.508
2030  0.000 -0.004 -1.509
2031  0.000 -0.004 -1.509
2032  0.000  0.070 -1.508
2033  0.000  0.070 -1.508
2034  0.000  0.026 -1.508
2035  0.000  0.026 -1.508
2036  0.000  0.045 -1.508
2037  0.000  0.045 -1.508
2038  0.000  0.024 -1.507
2039  0.000  0.024 -1.507
2040  0.000  0.021 -1.507
2041  0.000  0.021 -1.507
2042  0.000  0.000 -1.507
2043  0.000  0.000 -1.507
2044  0.000 -0.004 -1.507
2045  0.000 -0.004 -1.507
2046  0.000 -0.011 -1.507
2047  0.000 -0.011 -1.507
2048  0.000 -0.015 -1.507
2049  0.000 -0.015 -1.507
2050  0.000  0.015 -1.507
2051  37.453  0.015 -1.507
2052  37.453 -0.016 -1.507
2053  37.453 -0.016 -1.507
2054  37.453  0.503 -1.506
2055  37.453  0.503 -1.506
2056  37.453  2.428 -1.494
2057  37.453  2.428 -1.494
2058  37.453  4.069 -1.468
2059  37.453  4.069 -1.468
2060  37.453  4.989 -1.432
2061  37.453  4.989 -1.432
2062  37.453  5.889 -1.388
2063  37.453  5.889 -1.388
2064  37.453  7.368 -1.335
2065  37.453  7.368 -1.335
2066  37.453  8.216 -1.273
2067  37.453  8.216 -1.273
2068  37.453  9.143 -1.203
2069  37.453  9.143 -1.203
2070  37.453  10.254 -1.126
2071  37.453  10.254 -1.126
2072  37.453  11.966 -1.037
2073  37.453  11.966 -1.037
2074  37.453  13.408 -0.935
2075  37.453  13.408 -0.935
2076  37.453  14.476 -0.824
2077  37.453  14.476 -0.824
2078  37.453  15.368 -0.704
2079  37.453  15.368 -0.704
2080  37.453  15.596 -0.581
2081  37.453  15.596 -0.581
2082  37.453  15.492 -0.456
2083  37.453  15.492 -0.456
2084  37.453  15.311 -0.333
2085  37.453  15.311 -0.333
2086  37.453  15.166 -0.211
2087  37.453  15.166 -0.211
2088  37.453  15.122 -0.090
2089  37.453  15.122 -0.090
2090  37.453  15.109  0.030
2091  37.453  15.109  0.030
2092  37.453  15.109  0.151
2093  37.453  15.109  0.151
2094  37.453  15.285  0.273
2095  37.453  15.285  0.273
2096  37.453  15.361  0.395
2097  37.453  15.361  0.395
2098  37.453  15.375  0.518
2099  37.453  15.375  0.518
2100  37.453  15.290  0.641
2101  37.453  15.290  0.641
2102  0.000  15.162  0.763
2103  0.000  15.162  0.763
2104  0.000  14.960  0.883
2105  0.000  14.960  0.883
2106  0.000  14.033  0.999
2107  0.000  14.033  0.999
2108  0.000  13.074  1.107
2109  0.000  13.074  1.107
2110  0.000  11.229  1.205
2111  0.000  11.229  1.205
2112  0.000  10.041  1.290
2113  0.000  10.041  1.290
2114  0.000  8.498  1.364
2115  0.000  8.498  1.364
2116  0.000  7.093  1.426
2117  0.000  7.093  1.426
2118  0.000  5.565  1.477
2119  0.000  5.565  1.477
2120  0.000  4.382  1.517
2121  0.000  4.382  1.517
2122  0.000  3.193  1.547
2123  0.000  3.193  1.547
2124  0.000  1.774  1.567
2125  0.000  1.774  1.567
2126  0.000  0.884  1.577
2127  0.000  0.884  1.577
2128  0.000  0.103  1.581
2129  0.000  0.103  1.581
2130  0.000 -0.241  1.581
2131  0.000 -0.241  1.581
2132  0.000 -0.468  1.578
2133  0.000 -0.468  1.578
2134  0.000 -0.364  1.575
2135  0.000 -0.364  1.575
2136  0.000 -0.167  1.573
2137  0.000 -0.167  1.573
2138  0.000 -0.082  1.572
2139  0.000 -0.082  1.572
2140  0.000  0.055  1.571
2141  0.000  0.055  1.571
2142  0.000  0.072  1.572
2143  0.000  0.072  1.572
2144  0.000  0.096  1.573
2145  0.000  0.096  1.573
2146  0.000  0.038  1.573
2147  0.000  0.038  1.573
2148  0.000  0.000  1.573
2149  0.000  0.000  1.573
2150  0.000 -0.008  1.573
2151  0.000 -0.008  1.573
2152  0.000 -0.024  1.573
2153  0.000 -0.024  1.573
2154  0.000 -0.058  1.573
2155  0.000 -0.058  1.573
2156  0.000 -0.058  1.572
2157  0.000 -0.058  1.572
2158  0.000 -0.004  1.572
2159  0.000 -0.004  1.572
2160  0.000 -0.005  1.572
2161  0.000 -0.005  1.572
2162  0.000  0.025  1.572
2163  0.000  0.025  1.572
2164  0.000  0.013  1.572
2165 -39.243  0.013  1.572
2166 -39.243  0.033  1.573
2167 -39.243  0.033  1.573
2168 -39.243 -0.180  1.572
2169 -39.243 -0.180  1.572
2170 -39.243 -1.829  1.564
2171 -39.243 -1.829  1.564
2172 -39.243 -2.693  1.546
2173 -39.243 -2.693  1.546
2174 -39.243 -3.955  1.519
2175 -39.243 -3.955  1.519
2176 -39.243 -5.630  1.481
2177 -39.243 -5.630  1.481
2178 -39.243 -6.987  1.432
2179 -39.243 -6.987  1.432
2180 -39.243 -8.264  1.371
2181 -39.243 -8.264  1.371
2182 -39.243 -9.468  1.300
2183 -39.243 -9.468  1.300
2184 -39.243 -11.058  1.218
2185 -39.243 -11.058  1.218
2186 -39.243 -12.039  1.125
2187 -39.243 -12.039  1.125
2188 -39.243 -13.641  1.023
2189 -39.243 -13.641  1.023
2190 -39.243 -14.488  0.910
2191 -39.243 -14.488  0.910
2192 -39.243 -15.527  0.790
2193 -39.243 -15.527  0.790
2194 -39.243 -16.291  0.663
2195 -39.243 -16.291  0.663
2196 -39.243 -16.805  0.531
2197 -39.243 -16.805  0.531
2198 -39.243 -17.113  0.395
2199 -39.243 -17.113  0.395
2200 -39.243 -17.091  0.258
2201 -39.243 -17.091  0.258
2202 -39.243 -16.856  0.122
2203 -39.243 -16.856  0.122
2204 -39.243 -16.669 -0.011
2205 -39.243 -16.669 -0.011
2206 -39.243 -16.584 -0.144
2207 -39.243 -16.584 -0.144
2208 -39.243 -16.430 -0.276
2209 -39.243 -16.430 -0.276
2210 -39.243 -16.346 -0.407
2211 -39.243 -16.346 -0.407
2212 -39.243 -16.322 -0.538
2213 -39.243 -16.322 -0.538
2214 -39.243 -16.490 -0.669
2215 -39.243 -16.490 -0.669
2216  0.000 -16.580 -0.801
2217  0.000 -16.580 -0.801
2218  0.000 -16.671 -0.934
2219  0.000 -16.671 -0.934
2220  0.000 -15.633 -1.063
2221  0.000 -15.633 -1.063
2222  0.000 -14.169 -1.183
2223  0.000 -14.169 -1.183
2224  0.000 -12.501 -1.289
2225  0.000 -12.501 -1.289
2226  0.000 -10.504 -1.381
2227  0.000 -10.504 -1.381
2228  0.000 -9.086 -1.460
2229  0.000 -9.086 -1.460
2230  0.000 -6.932 -1.524
2231  0.000 -6.932 -1.524
2232  0.000 -5.275 -1.573
2233  0.000 -5.275 -1.573
2234  0.000 -3.584 -1.608
2235  0.000 -3.584 -1.608
2236  0.000 -2.482 -1.632
2237  0.000 -2.482 -1.632
2238  0.000 -1.566 -1.649
2239  0.000 -1.566 -1.649
2240  0.000 -0.822 -1.658
2241  0.000 -0.822 -1.658
2242  0.000 -0.459 -1.663
2243  0.000 -0.459 -1.663
2244  0.000  0.051 -1.665
2245  0.000  0.051 -1.665
2246  0.000  0.288 -1.664
2247  0.000  0.288 -1.664
2248  0.000  0.424 -1.661
2249  0.000  0.424 -1.661
2250  0.000  0.429 -1.657
2251  0.000  0.429 -1.657
2252  0.000  0.310 -1.654
2253  0.000  0.310 -1.654
2254  0.000  0.154 -1.652
2255  0.000  0.154 -1.652
2256  0.000 -0.055 -1.652
2257  0.000 -0.055 -1.652
2258  0.000 -0.170 -1.653
2259  0.000 -0.170 -1.653
2260  0.000 -0.169 -1.654
2261  0.000 -0.169 -1.654
2262  0.000 -0.109 -1.655
2263  0.000 -0.109 -1.655
2264  0.000 -0.096 -1.656
2265  0.000 -0.096 -1.656
2266  0.000  0.067 -1.656
2267  0.000  0.067 -1.656
2268  0.000  0.063 -1.656
2269  0.000  0.063 -1.656
2270  0.000  0.095 -1.655
2271  0.000  0.095 -1.655
2272  0.000  0.034 -1.655
2273  0.000  0.034 -1.655
2274  0.000  0.023 -1.654
2275  0.000  0.023 -1.654
2276  0.000 -0.017 -1.654
2277  0.000 -0.017 -1.654
2278  0.000 -0.017 -1.655
2279  41.034 -0.017 -1.655
2280  41.034  0.008 -1.655
2281  41.034  0.008 -1.655
2282  41.034  0.363 -1.653
2283  41.034  0.363 -1.653
2284  41.034  1.822 -1.644
2285  41.034  1.822 -1.644
2286  41.034  3.667 -1.622
2287  41.034  3.667 -1.622
2288  41.034  4.507 -1.590
2289  41.034  4.507 -1.590
2290  41.034  5.844 -1.548
2291  41.034  5.844 -1.548
2292  41.034  6.597 -1.499
2293  41.034  6.597 -1.499
2294  41.034  8.069 -1.440
2295  41.034  8.069 -1.440
2296  41.034  8.786 -1.372
2297  41.034  8.786 -1.372
2298  41.034  9.426 -1.300
2299  41.034  9.426 -1.300
2300  41.034  10.930 -1.218
2301  41.034  10.930 -1.218
2302  41.034  12.916 -1.123
2303  41.034  12.916 -1.123
2304  41.034  14.614 -1.013
2305  41.034  14.614 -1.013
2306  41.034  15.546 -0.892
2307  41.034  15.546 -0.892
2308  41.034  16.459 -0.764
2309  41.034  16.459 -0.764
2310  41.034  16.898 -0.631
2311  41.034  16.898 -0.631
2312  41.034  17.021 -0.495
2313  41.034  17.021 -0.495
2314  41.034  16.898 -0.359
2315  41.034  16.898 -0.359
2316  41.034  16.693 -0.225
2317  41.034  16.693 -0.225
2318  41.034  16.437 -0.092
2319  41.034  16.437 -0.092
2320  41.034  16.405  0.038
2321  41.034  16.405  0.038
2322  41.034  16.489  0.169
2323  41.034  16.489  0.169
2324  41.034  16.539  0.302
2325  41.034  16.539  0.302
2326  41.034  16.501  0.434
2327  41.034  16.501  0.434
2328  41.034  16.435  0.566
2329  41.034  16.435  0.566
2330  41.034  16.248  0.696
2331  41.034  16.248  0.696
2332  0.000  16.190  0.826
2333  0.000  16.190  0.826
2334  0.000  16.101  0.955
2335  0.000  16.101  0.955
2336  0.000  15.252  1.081
2337  0.000  15.252  1.081
2338  0.000  13.402  1.195
2339  0.000  13.402  1.195
2340  0.000  11.638  1.295
2341  0.000  11.638  1.295
2342  0.000  10.286  1.383
2343  0.000  10.286  1.383
2344  0.000  8.698  1.459
2345  0.000  8.698  1.459
2346  0.000  7.099  1.522
2347  0.000  7.099  1.522
2348  0.000  5.574  1.573
2349  0.000  5.574  1.573
2350  0.000  3.761  1.610
2351  0.000  3.761  1.610
2352  0.000  2.486  1.635
2353  0.000  2.486  1.635
2354  0.000  0.994  1.649
2355  0.000  0.994  1.649
2356  0.000 -0.194  1.652
2357  0.000 -0.194  1.652
2358  0.000 -0.689  1.649
2359  0.000 -0.689  1.649
2360  0.000 -0.949  1.642
2361  0.000 -0.949  1.642
2362  0.000 -0.651  1.636
2363  0.000 -0.651  1.636
2364  0.000 -0.127  1.633
2365  0.000 -0.127  1.633
2366  0.000  0.174  1.633
2367  0.000  0.174  1.633
2368  0.000  0.291  1.635
2369  0.000  0.291  1.635
2370  0.000  0.187  1.637
2371  0.000  0.187  1.637
2372  0.000  0.0010  1.638
2373  0.000  0.0010  1.638
2374  0.000 -0.140  1.637
2375  0.000 -0.140  1.637
2376  0.000 -0.088  1.636
2377  0.000 -0.088  1.636
2378  0.000 -0.039  1.636
2379  0.000 -0.039  1.636
2380  0.000  0.011  1.635
2381  0.000  0.011  1.635
2382  0.000  0.050  1.636
2383  0.000  0.050  1.636
2384  0.000  0.032  1.636
2385  0.000  0.032  1.636
2386  0.000  0.046  1.636
2387  0.000  0.046  1.636
2388  0.000  0.009  1.636
2389  0.000  0.009  1.636
2390  0.000 -0.016  1.636
2391  0.000 -0.016  1.636
2392  0.000 -0.023  1.636
2393  0.000 -0.023  1.636
2394  0.000 -0.035  1.636
2395 -42.856 -0.035  1.636
2396 -42.856 -0.028  1.636
2397 -42.856 -0.028  1.636
2398 -42.856 -0.320  1.634
2399 -42.856 -0.320  1.634
2400 -42.856 -1.991  1.625
2401 -42.856 -1.991  1.625
2402 -42.856 -2.372  1.608
2403 -42.856 -2.372  1.608
2404 -42.856 -3.310  1.585
2405 -42.856 -3.310  1.585
2406 -42.856 -4.769  1.553
2407 -42.856 -4.769  1.553
2408 -42.856 -5.825  1.510
2409 -42.856 -5.825  1.510
2410 -42.856 -6.903  1.459
2411 -42.856 -6.903  1.459
2412 -42.856 -8.159  1.399
2413 -42.856 -8.159  1.399
2414 -42.856 -9.841  1.327
2415 -42.856 -9.841  1.327
2416 -42.856 -10.537  1.245
2417 -42.856 -10.537  1.245
2418 -42.856 -11.646  1.157
2419 -42.856 -11.646  1.157
2420 -42.856 -12.833  1.059
2421 -42.856 -12.833  1.059
2422 -42.856 -14.040  0.951
2423 -42.856 -14.040  0.951
2424 -42.856 -15.428  0.833
2425 -42.856 -15.428  0.833
2426 -42.856 -16.792  0.705
2427 -42.856 -16.792  0.705
2428 -42.856 -18.135  0.565
2429 -42.856 -18.135  0.565
2430 -42.856 -18.595  0.418
2431 -42.856 -18.595  0.418
2432 -42.856 -18.704  0.269
2433 -42.856 -18.704  0.269
2434 -42.856 -18.545  0.120
2435 -42.856 -18.545  0.120
2436 -42.856 -18.318 -0.027
2437 -42.856 -18.318 -0.027
2438 -42.856 -18.174 -0.173
2439 -42.856 -18.174 -0.173
2440 -42.856 -18.090 -0.318
2441 -42.856 -18.090 -0.318
2442 -42.856 -17.976 -0.462
2443 -42.856 -17.976 -0.462
2444 -42.856 -18.155 -0.607
2445 -42.856 -18.155 -0.607
2446  0.000 -18.353 -0.753
2447  0.000 -18.353 -0.753
2448  0.000 -18.433 -0.900
2449  0.000 -18.433 -0.900
2450  0.000 -17.662 -1.044
2451  0.000 -17.662 -1.044
2452  0.000 -15.821 -1.178
2453  0.000 -15.821 -1.178
2454  0.000 -14.022 -1.297
2455  0.000 -14.022 -1.297
2456  0.000 -12.059 -1.402
2457  0.000 -12.059 -1.402
2458  0.000 -10.615 -1.492
2459  0.000 -10.615 -1.492
2460  0.000 -8.412 -1.569
2461  0.000 -8.412 -1.569
2462  0.000 -6.929 -1.630
2463  0.000 -6.929 -1.630
2464  0.000 -5.603 -1.680
2465  0.000 -5.603 -1.680
2466  0.000 -3.514 -1.717
2467  0.000 -3.514 -1.717
2468  0.000 -2.326 -1.740
2469  0.000 -2.326 -1.740
2470  0.000 -1.199 -1.754
2471  0.000 -1.199 -1.754
2472  0.000 -0.636 -1.761
2473  0.000 -0.636 -1.761
2474  0.000 -0.244 -1.765
2475  0.000 -0.244 -1.765
2476  0.000  0.142 -1.765
2477  0.000  0.142 -1.765
2478  0.000  0.336 -1.763
2479  0.000  0.336 -1.763
2480  0.000  0.396 -1.760
2481  0.000  0.396 -1.760
2482  0.000  0.351 -1.757
2483  0.000  0.351 -1.757
2484  0.000  0.230 -1.755
2485  0.000  0.230 -1.755
2486  0.000  0.080 -1.754
2487  0.000  0.080 -1.754
2488  0.000 -0.093 -1.754
2489  0.000 -0.093 -1.754
2490  0.000 -0.142 -1.755
2491  0.000 -0.142 -1.755
2492  0.000 -0.197 -1.756
2493  0.000 -0.197 -1.756
2494  0.000 -0.140 -1.758
2495  0.000 -0.140 -1.758
2496  0.000 -0.036 -1.758
2497  0.000 -0.036 -1.758
2498  0.000  0.043 -1.758
2499  0.000  0.043 -1.758
2500  0.000  0.091 -1.758
2501  0.000  0.091 -1.758
2502  0.000  0.090 -1.757
2503  0.000  0.090 -1.757
2504  0.000  0.048 -1.756
2505  0.000  0.048 -1.756
2506  0.000  0.009 -1.756
2507  0.000  0.009 -1.756
2508  0.000 -0.0010 -1.756
2509  44.647 -0.0010 -1.756
2510  44.647 -0.048 -1.756
2511  44.647 -0.048 -1.756
2512  44.647  0.511 -1.755
2513  44.647  0.511 -1.755
2514  44.647  1.902 -1.745
2515  44.647  1.902 -1.745
2516  44.647  3.645 -1.723
2517  44.647  3.645 -1.723
2518  44.647  4.490 -1.690
2519  44.647  4.490 -1.690
2520  44.647  5.822 -1.650
2521  44.647  5.822 -1.650
2522  44.647  6.656 -1.600
2523  44.647  6.656 -1.600
2524  44.647  7.794 -1.542
2525  44.647  7.794 -1.542
2526  44.647  8.866 -1.475
2527  44.647  8.866 -1.475
2528  44.647  9.836 -1.401
2529  44.647  9.836 -1.401
2530  44.647  11.935 -1.313
2531  44.647  11.935 -1.313
2532  44.647  13.669 -1.211
2533  44.647  13.669 -1.211
2534  44.647  15.192 -1.096
2535  44.647  15.192 -1.096
2536  44.647  16.082 -0.970
2537  44.647  16.082 -0.970
2538  44.647  17.138 -0.838
2539  44.647  17.138 -0.838
2540  44.647  18.080 -0.697
2541  44.647  18.080 -0.697
2542  44.647  18.154 -0.552
2543  44.647  18.154 -0.552
2544  44.647  18.119 -0.407
2545  44.647  18.119 -0.407
2546  44.647  17.817 -0.263
2547  44.647  17.817 -0.263
2548  44.647  17.846 -0.120
2549  44.647  17.846 -0.120
2550  44.647  17.741  0.021
2551  44.647  17.741  0.021
2552  44.647  17.677  0.163
2553  44.647  17.677  0.163
2554  44.647  17.548  0.304
2555  44.647  17.548  0.304
2556  44.647  17.452  0.444
2557  44.647  17.452  0.444
2558  44.647  17.421  0.583
2559  44.647  17.421  0.583
2560  0.000  17.257  0.722
2561  0.000  17.257  0.722
2562  0.000  17.343  0.860
2563  0.000  17.343  0.860
2564  0.000  15.951  0.993
2565  0.000  15.951  0.993
2566  0.000  14.223  1.114
2567  0.000  14.223  1.114
2568  0.000  12.324  1.220
2569  0.000  12.324  1.220
2570  0.000  10.499  1.312
2571  0.000  10.499  1.312
2572  0.000  8.676  1.388
2573  0.000  8.676  1.388
2574  0.000  7.063  1.451
2575  0.000  7.063  1.451
2576  0.000  4.873  1.499
2577  0.000  4.873  1.499
2578  0.000  3.643  1.533
2579  0.000  3.643  1.533
2580  0.000  2.652  1.558
2581  0.000  2.652  1.558
2582  0.000  0.426  1.571
2583  0.000  0.426  1.571
2584  0.000 -0.618  1.570
2585  0.000 -0.618  1.570
2586  0.000 -0.819  1.564
2587  0.000 -0.819  1.564
2588  0.000 -0.632  1.558
2589  0.000 -0.632  1.558
2590  0.000 -0.183  1.555
2591  0.000 -0.183  1.555
2592  0.000  0.114  1.555
2593  0.000  0.114  1.555
2594  0.000  0.163  1.556
2595  0.000  0.163  1.556
2596  0.000  0.095  1.557
2597  0.000  0.095  1.557
2598  0.000  0.025  1.557
2599  0.000  0.025  1.557
2600  0.000 -0.073  1.557
2601  0.000 -0.073  1.557
2602  0.000 -0.134  1.556
2603  0.000 -0.134  1.556
2604  0.000 -0.076  1.555
2605  0.000 -0.076  1.555
2606  0.000 -0.052  1.555
2607  0.000 -0.052  1.555
2608  0.000 -0.003  1.555
2609  0.000 -0.003  1.555
2610  0.000  0.053  1.555
2611  0.000  0.053  1.555
2612  0.000  0.055  1.555
2613  0.000  0.055  1.555
2614  0.000  0.041  1.556
2615  0.000  0.041  1.556
2616  0.000  0.006  1.556
2617  0.000  0.006  1.556
2618  0.000 -0.064  1.556
2619  0.000 -0.064  1.556
2620  0.000 -0.036  1.555
2621  0.000 -0.036  1.555
2622  0.000 -0.020  1.555
2623 -46.437 -0.020  1.555
2624 -46.437  0.009  1.555
2625 -46.437  0.009  1.555
2626 -46.437 -0.194  1.554
2627 -46.437 -0.194  1.554
2628 -46.437 -2.534  1.543
2629 -46.437 -2.534  1.543
2630 -46.437 -3.0100  1.521
2631 -46.437 -3.0100  1.521
2632 -46.437 -3.689  1.494
2633 -46.437 -3.689  1.494
2634 -46.437 -5.238  1.458
2635 -46.437 -5.238  1.458
2636 -46.437 -6.154  1.412
2637 -46.437 -6.154  1.412
2638 -46.437 -6.770  1.361
2639 -46.437 -6.770  1.361
2640 -46.437 -8.139  1.301
2641 -46.437 -8.139  1.301
2642 -46.437 -9.427  1.231
2643 -46.437 -9.427  1.231
2644 -46.437 -10.484  1.151
2645 -46.437 -10.484  1.151
2646 -46.437 -11.486  1.063
2647 -46.437 -11.486  1.063
2648 -46.437 -12.331  0.968
2649 -46.437 -12.331  0.968
2650 -46.437 -13.488  0.865
2651 -46.437 -13.488  0.865
2652 -46.437 -14.384  0.753
2653 -46.437 -14.384  0.753
2654 -46.437 -15.807  0.632
2655 -46.437 -15.807  0.632
2656 -46.437 -17.158  0.501
2657 -46.437 -17.158  0.501
2658 -46.437 -18.405  0.358
2659 -46.437 -18.405  0.358
2660 -46.437 -19.452  0.207
2661 -46.437 -19.452  0.207
2662 -46.437 -19.598  0.051
2663 -46.437 -19.598  0.051
2664 -46.437 -19.837 -0.106
2665 -46.437 -19.837 -0.106
2666 -46.437 -19.665 -0.264
2667 -46.437 -19.665 -0.264
2668 -46.437 -19.426 -0.420
2669 -46.437 -19.426 -0.420
2670 -46.437 -19.531 -0.576
2671 -46.437 -19.531 -0.576
2672  0.000 -19.633 -0.733
2673  0.000 -19.633 -0.733
2674  0.000 -19.891 -0.891
2675  0.000 -19.891 -0.891
2676  0.000 -19.071 -1.047
2677  0.000 -19.071 -1.047
2678  0.000 -17.190 -1.192
2679  0.000 -17.190 -1.192
2680  0.000 -15.455 -1.323
2681  0.000 -15.455 -1.323
2682  0.000 -13.526 -1.438
2683  0.000 -13.526 -1.438
2684  0.000 -11.932 -1.540
2685  0.000 -11.932 -1.540
2686  0.000 -10.314 -1.629
2687  0.000 -10.314 -1.629
2688  0.000 -8.283 -1.704
2689  0.000 -8.283 -1.704
2690  0.000 -6.736 -1.764
2691  0.000 -6.736 -1.764
2692  0.000 -4.361 -1.808
2693  0.000 -4.361 -1.808
2694  0.000 -2.895 -1.837
2695  0.000 -2.895 -1.837
2696  0.000 -1.403 -1.854
2697  0.000 -1.403 -1.854
2698  0.000 -1.099 -1.864
2699  0.000 -1.099 -1.864
2700  0.000 -1.143 -1.873
2701  0.000 -1.143 -1.873
2702  0.000 -1.425 -1.884
2703  0.000 -1.425 -1.884
2704  0.000 -1.560 -1.896
2705  0.000 -1.560 -1.896
2706  0.000 -1.079 -1.906
2707  0.000 -1.079 -1.906
2708  0.000 -0.394 -1.912
2709  0.000 -0.394 -1.912
2710  0.000  0.319 -1.912
2711  0.000  0.319 -1.912
2712  0.000  0.594 -1.909
2713  0.000  0.594 -1.909
2714  0.000  0.589 -1.904
2715  0.000  0.589 -1.904
2716  0.000  0.317 -1.900
2717  0.000  0.317 -1.900
2718  0.000  0.057 -1.899
2719  0.000  0.057 -1.899
2720  0.000 -0.166 -1.899
2721  0.000 -0.166 -1.899
2722  0.000 -0.210 -1.901
2723  0.000 -0.210 -1.901
2724  0.000 -0.125 -1.902
2725  0.000 -0.125 -1.902
2726  0.000 -0.060 -1.903
2727  0.000 -0.060 -1.903
2728  0.000 -0.001 -1.903
2729  0.000 -0.001 -1.903
2730  0.000  0.020 -1.903
2731  0.000  0.020 -1.903
2732  0.000  0.031 -1.903
2733  0.000  0.031 -1.903
2734  0.000  0.008 -1.903
2735  48.197  0.008 -1.903
2736  48.197  0.020 -1.902
2737  48.197  0.020 -1.902
2738  48.197  0.662 -1.900
2739  48.197  0.662 -1.900
2740  48.197  2.342 -1.888
2741  48.197  2.342 -1.888
2742  48.197  4.233 -1.861
2743  48.197  4.233 -1.861
2744  48.197  5.142 -1.824
2745  48.197  5.142 -1.824
2746  48.197  6.085 -1.779
2747  48.197  6.085 -1.779
2748  48.197  7.126 -1.726
2749  48.197  7.126 -1.726
2750  48.197  8.226 -1.665
2751  48.197  8.226 -1.665
2752  48.197  9.218 -1.595
2753  48.197  9.218 -1.595
2754  48.197  10.944 -1.514
2755  48.197  10.944 -1.514
2756  48.197  12.644 -1.420
2757  48.197  12.644 -1.420
2758  48.197  14.204 -1.312
2759  48.197  14.204 -1.312
2760  48.197  15.353 -1.194
2761  48.197  15.353 -1.194
2762  48.197  17.134 -1.064
2763  48.197  17.134 -1.064
2764  48.197  18.071 -0.923
2765  48.197  18.071 -0.923
2766  48.197  18.388 -0.778
2767  48.197  18.388 -0.778
2768  48.197  18.592 -0.630
2769  48.197  18.592 -0.630
2770  48.197  18.485 -0.481
2771  48.197  18.485 -0.481
2772  48.197  18.621 -0.333
2773  48.197  18.621 -0.333
2774  48.197  18.516 -0.184
2775  48.197  18.516 -0.184
2776  48.197  18.259 -0.037
2777  48.197  18.259 -0.037
2778  48.197  18.293  0.108
2779  48.197  18.293  0.108
2780  48.197  18.063  0.253
2781  48.197  18.063  0.253
2782  48.197  18.062  0.398
2783  48.197  18.062  0.398
2784  48.197  18.024  0.542
2785  48.197  18.024  0.542
2786  48.197  18.0100  0.687
2787  48.197  18.0100  0.687
2788  0.000  18.219  0.832
2789  0.000  18.219  0.832
2790  0.000  18.503  0.979
2791  0.000  18.503  0.979
2792  0.000  17.551  1.123
2793  0.000  17.551  1.123
2794  0.000  14.799  1.252
2795  0.000  14.799  1.252
2796  0.000  13.243  1.365
2797  0.000  13.243  1.365
2798  0.000  9.935  1.457
2799  0.000  9.935  1.457
2800  0.000  8.634  1.532
2801  0.000  8.634  1.532
2802  0.000  7.091  1.595
2803  0.000  7.091  1.595
2804  0.000  5.076  1.644
2805  0.000  5.076  1.644
2806  0.000  3.317  1.678
2807  0.000  3.317  1.678
2808  0.000  1.738  1.698
2809  0.000  1.738  1.698
2810  0.000  0.992  1.709
2811  0.000  0.992  1.709
2812  0.000 -0.493  1.711
2813  0.000 -0.493  1.711
2814  0.000 -1.0100  1.705
2815  0.000 -1.0100  1.705
2816  0.000 -0.962  1.696
2817  0.000 -0.962  1.696
2818  0.000 -0.596  1.690
2819  0.000 -0.596  1.690
2820  0.000 -0.160  1.687
2821  0.000 -0.160  1.687
2822  0.000  0.239  1.687
2823  0.000  0.239  1.687
2824  0.000  0.342  1.690
2825  0.000  0.342  1.690
2826  0.000  0.238  1.692
2827  0.000  0.238  1.692
2828  0.000  0.053  1.693
2829  0.000  0.053  1.693
2830  0.000 -0.082  1.693
2831  0.000 -0.082  1.693
2832  0.000 -0.114  1.692
2833  0.000 -0.114  1.692
2834  0.000 -0.045  1.692
2835  0.000 -0.045  1.692
2836  0.000  0.022  1.692
2837  0.000  0.022  1.692
2838  0.000  0.053  1.692
2839  0.000  0.053  1.692
2840  0.000  0.003  1.692
2841  0.000  0.003  1.692
2842  0.000  0.006  1.692
2843  0.000  0.006  1.692
2844  0.000  0.016  1.692
2845  0.000  0.016  1.692
2846  0.000  0.016  1.692
2847  0.000  0.016  1.692
2848  0.000 -0.018  1.692
2849  0.000 -0.018  1.692
2850  0.000 -0.020  1.692
2851 -50.019 -0.020  1.692
2852 -50.019  0.000  1.692
2853 -50.019  0.000  1.692
2854 -50.019 -0.780  1.689
2855 -50.019 -0.780  1.689
2856 -50.019 -3.116  1.673
2857 -50.019 -3.116  1.673
2858 -50.019 -4.528  1.643
2859 -50.019 -4.528  1.643
2860 -50.019 -5.518  1.603
2861 -50.019 -5.518  1.603
2862 -50.019 -7.293  1.551
2863 -50.019 -7.293  1.551
2864 -50.019 -8.034  1.490
2865 -50.019 -8.034  1.490
2866 -50.019 -8.559  1.424
2867 -50.019 -8.559  1.424
2868 -50.019 -10.085  1.349
2869 -50.019 -10.085  1.349
2870 -50.019 -10.657  1.266
2871 -50.019 -10.657  1.266
2872 -50.019 -11.278  1.178
2873 -50.019 -11.278  1.178
2874 -50.019 -12.516  1.083
2875 -50.019 -12.516  1.083
2876 -50.019 -13.456  0.979
2877 -50.019 -13.456  0.979
2878 -50.019 -14.306  0.868
2879 -50.019 -14.306  0.868
2880 -50.019 -14.941  0.751
2881 -50.019 -14.941  0.751
2882 -50.019 -16.354  0.626
2883 -50.019 -16.354  0.626
2884 -50.019 -17.114  0.492
2885 -50.019 -17.114  0.492
2886 -50.019 -18.610  0.349
2887 -50.019 -18.610  0.349
2888 -50.019 -19.767  0.196
2889 -50.019 -19.767  0.196
2890 -50.019 -20.174  0.036
2891 -50.019 -20.174  0.036
2892 -50.019 -20.517 -0.126
2893 -50.019 -20.517 -0.126
2894 -50.019 -20.500 -0.290
2895 -50.019 -20.500 -0.290
2896 -50.019 -20.464 -0.454
2897 -50.019 -20.464 -0.454
2898 -50.019 -20.375 -0.617
2899 -50.019 -20.375 -0.617
2900  0.000 -20.369 -0.780
2901  0.000 -20.369 -0.780
2902  0.000 -20.232 -0.942
2903  0.000 -20.232 -0.942
2904  0.000 -19.860 -1.103
2905  0.000 -19.860 -1.103
2906  0.000 -18.199 -1.255
2907  0.000 -18.199 -1.255
2908  0.000 -16.729 -1.395
2909  0.000 -16.729 -1.395
2910  0.000 -14.882 -1.521
2911  0.000 -14.882 -1.521
2912  0.000 -13.322 -1.634
2913  0.000 -13.322 -1.634
2914  0.000 -11.289 -1.732
2915  0.000 -11.289 -1.732
2916  0.000 -9.558 -1.816
2917  0.000 -9.558 -1.816
2918  0.000 -7.540 -1.884
2919  0.000 -7.540 -1.884
2920  0.000 -5.970 -1.938
2921  0.000 -5.970 -1.938
2922  0.000 -4.055 -1.978
2923  0.000 -4.055 -1.978
2924  0.000 -2.222 -2.003
2925  0.000 -2.222 -2.003
2926  0.000 -1.035 -2.017
2927  0.000 -1.035 -2.017
2928  0.000 -0.469 -2.023
2929  0.000 -0.469 -2.023
2930  0.000 -0.497 -2.026
2931  0.000 -0.497 -2.026
2932  0.000 -0.606 -2.031
2933  0.000 -0.606 -2.031
2934  0.000 -0.592 -2.036
2935  0.000 -0.592 -2.036
2936  0.000 -0.279 -2.040
2937  0.000 -0.279 -2.040
2938  0.000  0.061 -2.041
2939  0.000  0.061 -2.041
2940  0.000  0.351 -2.039
2941  0.000  0.351 -2.039
2942  0.000  0.439 -2.036
2943  0.000  0.439 -2.036
2944  0.000  0.292 -2.033
2945  0.000  0.292 -2.033
2946  0.000  0.021 -2.032
2947  0.000  0.021 -2.032
2948  0.000 -0.112 -2.032
2949  0.000 -0.112 -2.032
2950  0.000 -0.089 -2.033
2951  0.000 -0.089 -2.033
2952  0.000 -0.069 -2.034
2953  0.000 -0.069 -2.034
2954  0.000 -0.054 -2.034
2955  0.000 -0.054 -2.034
2956  0.000 -0.019 -2.034
2957  0.000 -0.019 -2.034
2958  0.000  0.047 -2.034
2959  0.000  0.047 -2.034
2960  0.000 -0.000 -2.034
2961  0.000 -0.000 -2.034
2962  0.000  0.028 -2.034
2963  51.778  0.028 -2.034
2964  51.778  0.029 -2.034
2965  51.778  0.029 -2.034
2966  51.778  0.506 -2.032
2967  51.778  0.506 -2.032
2968  51.778  3.076 -2.017
2969  51.778  3.076 -2.017
2970  51.778  4.731 -1.986
2971  51.778  4.731 -1.986
2972  51.778  5.482 -1.945
2973  51.778  5.482 -1.945
2974  51.778  7.015 -1.895
2975  51.778  7.015 -1.895
2976  51.778  8.173 -1.834
2977  51.778  8.173 -1.834
2978  51.778  9.598 -1.763
2979  51.778  9.598 -1.763
2980  51.778  11.015 -1.681
2981  51.778  11.015 -1.681
2982  51.778  12.995 -1.585
2983  51.778  12.995 -1.585
2984  51.778  14.626 -1.474
2985  51.778  14.626 -1.474
2986  51.778  15.811 -1.353
2987  51.778  15.811 -1.353
2988  51.778  16.462 -1.223
2989  51.778  16.462 -1.223
2990  51.778  17.433 -1.088
2991  51.778  17.433 -1.088
2992  51.778  18.258 -0.945
2993  51.778  18.258 -0.945
2994  51.778  18.651 -0.797
2995  51.778  18.651 -0.797
2996  51.778  19.439 -0.645
2997  51.778  19.439 -0.645
2998  51.778  19.421 -0.490
2999  51.778  19.421 -0.490